<?xml version='1.0' encoding='UTF-8'?>
<GateDocument version="3">
<!-- The document's features-->

<GateDocumentFeatures>
<Feature>
  <Name className="java.lang.String">safe.asname.annotator4</Name>
  <Value className="java.lang.String">lh4</Value>
</Feature>
<Feature>
  <Name className="java.lang.String">safe.asname.annotator5</Name>
  <Value className="java.lang.String">lh38</Value>
</Feature>
<Feature>
  <Name className="java.lang.String">corpusname</Name>
  <Value className="java.lang.String">C0504</Value>
</Feature>
<Feature>
  <Name className="java.lang.String">safe.asname.annotator1</Name>
  <Value className="java.lang.String">lh1</Value>
</Feature>
<Feature>
  <Name className="java.lang.String">safe.asname.annotator2</Name>
  <Value className="java.lang.String">lh44</Value>
</Feature>
<Feature>
  <Name className="java.lang.String">safe.asname.annotator3</Name>
  <Value className="java.lang.String">lh40</Value>
</Feature>
</GateDocumentFeatures>
<!-- The document content area with serialized nodes -->

<TextWithNodes><Node id="0"/>2<Node id="1"/>-<Node id="2"/>Nitrodiphenylamine<Node id="20"/> <Node id="21"/>,<Node id="22"/> <Node id="23"/>also<Node id="27"/> <Node id="28"/>called<Node id="34"/> <Node id="35"/>NDPA<Node id="39"/> <Node id="40"/>,<Node id="41"/> <Node id="42"/>2<Node id="43"/>-<Node id="44"/>NDPA<Node id="48"/> <Node id="49"/>,<Node id="50"/> <Node id="51"/>2<Node id="52"/>NO<Node id="54"/>2<Node id="55"/>DPA<Node id="58"/> <Node id="59"/>,<Node id="60"/> <Node id="61"/>Sudan<Node id="66"/> <Node id="67"/>Yellow<Node id="73"/> <Node id="74"/>1339<Node id="78"/> <Node id="79"/>,<Node id="80"/> <Node id="81"/>C<Node id="82"/>.<Node id="83"/>I<Node id="84"/>.<Node id="85"/> <Node id="86"/>10335<Node id="91"/> <Node id="92"/>,<Node id="93"/> <Node id="94"/>CI<Node id="96"/> <Node id="97"/>10335<Node id="102"/> <Node id="103"/>,<Node id="104"/> <Node id="105"/>phenyl<Node id="111"/> <Node id="112"/>2<Node id="113"/>-<Node id="114"/>nitrophenylamine<Node id="130"/> <Node id="131"/>,<Node id="132"/> <Node id="133"/>2<Node id="134"/>-<Node id="135"/>nitro-<Node id="141"/>N-<Node id="143"/>phenylaniline<Node id="156"/> <Node id="157"/>,<Node id="158"/> <Node id="159"/>or<Node id="161"/> <Node id="162"/>N-<Node id="164"/>phenyl-<Node id="171"/> <Node id="172"/>o<Node id="173"/> <Node id="174"/>-<Node id="175"/>nitroaniline<Node id="187"/> <Node id="188"/>,<Node id="189"/> <Node id="190"/>is<Node id="192"/> <Node id="193"/>an<Node id="195"/> <Node id="196"/>organic<Node id="203"/> <Node id="204"/>chemical<Node id="212"/> <Node id="213"/>,<Node id="214"/> <Node id="215"/>a<Node id="216"/> <Node id="217"/>nitrated<Node id="225"/> <Node id="226"/>aromatic<Node id="234"/> <Node id="235"/>amine<Node id="240"/> <Node id="241"/>,<Node id="242"/> <Node id="243"/>a<Node id="244"/> <Node id="245"/>derivate<Node id="253"/> <Node id="254"/>of<Node id="256"/> <Node id="257"/>diphenylamine<Node id="270"/> <Node id="271"/>.<Node id="272"/> <Node id="273"/>Its<Node id="276"/> <Node id="277"/>chemical<Node id="285"/> <Node id="286"/>formula<Node id="293"/> <Node id="294"/>is<Node id="296"/> <Node id="297"/>C<Node id="298"/> <Node id="299"/>12<Node id="301"/> <Node id="302"/>H<Node id="303"/> <Node id="304"/>10<Node id="306"/> <Node id="307"/>N<Node id="308"/> <Node id="309"/>2<Node id="310"/> <Node id="311"/>O<Node id="312"/> <Node id="313"/>2<Node id="314"/> <Node id="315"/>,<Node id="316"/> <Node id="317"/>or<Node id="319"/> <Node id="320"/>C<Node id="321"/> <Node id="322"/>6<Node id="323"/> <Node id="324"/>H<Node id="325"/> <Node id="326"/>5<Node id="327"/> <Node id="328"/>NHC<Node id="331"/> <Node id="332"/>6<Node id="333"/> <Node id="334"/>H<Node id="335"/> <Node id="336"/>4<Node id="337"/> <Node id="338"/>NO<Node id="340"/> <Node id="341"/>2<Node id="342"/> <Node id="343"/>.<Node id="344"/> <Node id="345"/>It<Node id="347"/> <Node id="348"/>is<Node id="350"/> <Node id="351"/>a<Node id="352"/> <Node id="353"/>red<Node id="356"/> <Node id="357"/>crystalline<Node id="368"/> <Node id="369"/>solid<Node id="374"/>,<Node id="375"/> <Node id="376"/>usually<Node id="383"/> <Node id="384"/>in<Node id="386"/> <Node id="387"/>form<Node id="391"/> <Node id="392"/>of<Node id="394"/> <Node id="395"/>flakes<Node id="401"/> <Node id="402"/>or<Node id="404"/> <Node id="405"/>powder<Node id="411"/>,<Node id="412"/> <Node id="413"/>with<Node id="417"/> <Node id="418"/>melting<Node id="425"/> <Node id="426"/>point<Node id="431"/> <Node id="432"/>of<Node id="434"/> <Node id="435"/>74<Node id="437"/>-<Node id="438"/>76<Node id="440"/> <Node id="441"/>°<Node id="442"/>C<Node id="443"/> <Node id="444"/>and<Node id="447"/> <Node id="448"/>boiling<Node id="455"/> <Node id="456"/>point<Node id="461"/> <Node id="462"/>of<Node id="464"/> <Node id="465"/>346<Node id="468"/> <Node id="469"/>°<Node id="470"/>C<Node id="471"/>.<Node id="472"/> <Node id="473"/>It<Node id="475"/> <Node id="476"/>is<Node id="478"/> <Node id="479"/>polar<Node id="484"/> <Node id="485"/>but<Node id="488"/> <Node id="489"/>hydrophobic<Node id="500"/> <Node id="501"/>.<Node id="502"/>
<Node id="503"/>
<Node id="504"/>2<Node id="505"/>-<Node id="506"/>Nitrodiphenylamine<Node id="524"/> <Node id="525"/>is<Node id="527"/> <Node id="528"/>used<Node id="532"/> <Node id="533"/>as<Node id="535"/> <Node id="536"/>a<Node id="537"/> <Node id="538"/>stabilizer<Node id="548"/> <Node id="549"/>for<Node id="552"/> <Node id="553"/>synthetic<Node id="562"/> <Node id="563"/>rubbers<Node id="570"/> <Node id="571"/>,<Node id="572"/> <Node id="573"/>explosives<Node id="583"/> <Node id="584"/>,<Node id="585"/> <Node id="586"/>propellants<Node id="597"/> <Node id="598"/>(<Node id="599"/>e<Node id="600"/>.<Node id="601"/>g<Node id="602"/>.<Node id="603"/> <Node id="604"/>in<Node id="606"/> <Node id="607"/>Otto<Node id="611"/> <Node id="612"/>fuel<Node id="616"/> <Node id="617"/>II<Node id="619"/> <Node id="620"/>,<Node id="621"/> <Node id="622"/>smokeless<Node id="631"/> <Node id="632"/>powders<Node id="639"/> <Node id="640"/>,<Node id="641"/> <Node id="642"/>in<Node id="644"/> <Node id="645"/>some<Node id="649"/> <Node id="650"/>US<Node id="652"/> <Node id="653"/>Army<Node id="657"/> <Node id="658"/>double-base<Node id="669"/> <Node id="670"/>propellants<Node id="681"/> <Node id="682"/>in<Node id="684"/> <Node id="685"/>solid<Node id="690"/> <Node id="691"/>rockets<Node id="698"/> <Node id="699"/>,<Node id="700"/> <Node id="701"/>and<Node id="704"/> <Node id="705"/>in<Node id="707"/> <Node id="708"/>other<Node id="713"/> <Node id="714"/>applications<Node id="726"/> <Node id="727"/>involving<Node id="736"/> <Node id="737"/>nitric<Node id="743"/> <Node id="744"/>acid<Node id="748"/> <Node id="749"/>esters<Node id="755"/>)<Node id="756"/>,<Node id="757"/> <Node id="758"/>plastics<Node id="766"/> <Node id="767"/>,<Node id="768"/> <Node id="769"/>and<Node id="772"/> <Node id="773"/>lubricants<Node id="783"/> <Node id="784"/>.<Node id="785"/> <Node id="786"/>It<Node id="788"/> <Node id="789"/>is<Node id="791"/> <Node id="792"/>also<Node id="796"/> <Node id="797"/>an<Node id="799"/> <Node id="800"/>intermediate<Node id="812"/> <Node id="813"/>for<Node id="816"/> <Node id="817"/>organic<Node id="824"/> <Node id="825"/>synthesis<Node id="834"/>,<Node id="835"/> <Node id="836"/>and<Node id="839"/> <Node id="840"/>a<Node id="841"/> <Node id="842"/>civilian<Node id="850"/> <Node id="851"/>solvent<Node id="858"/> <Node id="859"/>dye<Node id="862"/> <Node id="863"/>.<Node id="864"/>
<Node id="865"/>
<Node id="866"/>In<Node id="868"/> <Node id="869"/>some<Node id="873"/> <Node id="874"/>explosives<Node id="884"/>,<Node id="885"/> <Node id="886"/>it<Node id="888"/> <Node id="889"/>is<Node id="891"/> <Node id="892"/>used<Node id="896"/> <Node id="897"/>to<Node id="899"/> <Node id="900"/>control<Node id="907"/> <Node id="908"/>the<Node id="911"/> <Node id="912"/>explosion<Node id="921"/>.<Node id="922"/> <Node id="923"/>One<Node id="926"/> <Node id="927"/>of<Node id="929"/> <Node id="930"/>its<Node id="933"/> <Node id="934"/>major<Node id="939"/> <Node id="940"/>uses<Node id="944"/> <Node id="945"/>is<Node id="947"/> <Node id="948"/>to<Node id="950"/> <Node id="951"/>control<Node id="958"/> <Node id="959"/>the<Node id="962"/> <Node id="963"/>explosion<Node id="972"/> <Node id="973"/>rate<Node id="977"/> <Node id="978"/>of<Node id="980"/> <Node id="981"/>propylene<Node id="990"/> <Node id="991"/>glycol<Node id="997"/> <Node id="998"/>dinitrate<Node id="1007"/> <Node id="1008"/>.<Node id="1009"/>
<Node id="1010"/>
<Node id="1011"/>As<Node id="1013"/> <Node id="1014"/>a<Node id="1015"/> <Node id="1016"/>stabilizer<Node id="1026"/>,<Node id="1027"/> <Node id="1028"/>its<Node id="1031"/> <Node id="1032"/>major<Node id="1037"/> <Node id="1038"/>role<Node id="1042"/> <Node id="1043"/>is<Node id="1045"/> <Node id="1046"/>to<Node id="1048"/> <Node id="1049"/>eliminate<Node id="1058"/> <Node id="1059"/>the<Node id="1062"/> <Node id="1063"/>acidic<Node id="1069"/> <Node id="1070"/>nitrates<Node id="1078"/> <Node id="1079"/>and<Node id="1082"/> <Node id="1083"/>nitrogen<Node id="1091"/> <Node id="1092"/>oxides<Node id="1098"/> <Node id="1099"/>produced<Node id="1107"/> <Node id="1108"/>by<Node id="1110"/> <Node id="1111"/>gradual<Node id="1118"/> <Node id="1119"/>decomposition<Node id="1132"/> <Node id="1133"/>of<Node id="1135"/> <Node id="1136"/>nitric<Node id="1142"/> <Node id="1143"/>acid<Node id="1147"/> <Node id="1148"/>esters<Node id="1154"/>,<Node id="1155"/> <Node id="1156"/>which<Node id="1161"/> <Node id="1162"/>would<Node id="1167"/> <Node id="1168"/>otherwise<Node id="1177"/> <Node id="1178"/>autocatalyze<Node id="1190"/> <Node id="1191"/>further<Node id="1198"/> <Node id="1199"/>decomposition<Node id="1212"/>.<Node id="1213"/> <Node id="1214"/>Its<Node id="1217"/> <Node id="1218"/>amount<Node id="1224"/> <Node id="1225"/>is<Node id="1227"/> <Node id="1228"/>usually<Node id="1235"/> <Node id="1236"/>1<Node id="1237"/>-<Node id="1238"/>2<Node id="1239"/>%<Node id="1240"/> <Node id="1241"/>of<Node id="1243"/> <Node id="1244"/>the<Node id="1247"/> <Node id="1248"/>mixture<Node id="1255"/>;<Node id="1256"/> <Node id="1257"/>higher<Node id="1263"/> <Node id="1264"/>amounts<Node id="1271"/> <Node id="1272"/>than<Node id="1276"/> <Node id="1277"/>2<Node id="1278"/>%<Node id="1279"/> <Node id="1280"/>degrade<Node id="1287"/> <Node id="1288"/>the<Node id="1291"/> <Node id="1292"/>propellant<Node id="1302"/>'<Node id="1303"/>s<Node id="1304"/> <Node id="1305"/>ballistic<Node id="1314"/> <Node id="1315"/>properties<Node id="1325"/>.<Node id="1326"/> <Node id="1327"/>The<Node id="1330"/> <Node id="1331"/>amount<Node id="1337"/> <Node id="1338"/>of<Node id="1340"/> <Node id="1341"/>the<Node id="1344"/> <Node id="1345"/>stabilizer<Node id="1355"/> <Node id="1356"/>depletes<Node id="1364"/> <Node id="1365"/>with<Node id="1369"/> <Node id="1370"/>time<Node id="1374"/>;<Node id="1375"/> <Node id="1376"/>remaining<Node id="1385"/> <Node id="1386"/>content<Node id="1393"/> <Node id="1394"/>of<Node id="1396"/> <Node id="1397"/>less<Node id="1401"/> <Node id="1402"/>than<Node id="1406"/> <Node id="1407"/>0<Node id="1408"/>.<Node id="1409"/>5<Node id="1410"/>%<Node id="1411"/> <Node id="1412"/>(<Node id="1413"/>with<Node id="1417"/> <Node id="1418"/>initial<Node id="1425"/> <Node id="1426"/>2<Node id="1427"/>%<Node id="1428"/> <Node id="1429"/>content<Node id="1436"/>)<Node id="1437"/> <Node id="1438"/>requires<Node id="1446"/> <Node id="1447"/>increased<Node id="1456"/> <Node id="1457"/>surveillance<Node id="1469"/> <Node id="1470"/>of<Node id="1472"/> <Node id="1473"/>the<Node id="1476"/> <Node id="1477"/>munition<Node id="1485"/>,<Node id="1486"/> <Node id="1487"/>with<Node id="1491"/> <Node id="1492"/>less<Node id="1496"/> <Node id="1497"/>than<Node id="1501"/> <Node id="1502"/>0<Node id="1503"/>.<Node id="1504"/>2<Node id="1505"/>%<Node id="1506"/> <Node id="1507"/>warranting<Node id="1517"/> <Node id="1518"/>immediate<Node id="1527"/> <Node id="1528"/>disposal<Node id="1536"/>,<Node id="1537"/> <Node id="1538"/>as<Node id="1540"/> <Node id="1541"/>the<Node id="1544"/> <Node id="1545"/>depletion<Node id="1554"/> <Node id="1555"/>of<Node id="1557"/> <Node id="1558"/>the<Node id="1561"/> <Node id="1562"/>stabilizer<Node id="1572"/> <Node id="1573"/>may<Node id="1576"/> <Node id="1577"/>lead<Node id="1581"/> <Node id="1582"/>to<Node id="1584"/> <Node id="1585"/>autoignition<Node id="1597"/> <Node id="1598"/>of<Node id="1600"/> <Node id="1601"/>the<Node id="1604"/> <Node id="1605"/>propellant<Node id="1615"/>.<Node id="1616"/> <Node id="1617"/>[<Node id="1618"/>1<Node id="1619"/>]<Node id="1620"/>
<Node id="1621"/>
<Node id="1622"/>Other<Node id="1627"/> <Node id="1628"/>stabilizers<Node id="1639"/> <Node id="1640"/>of<Node id="1642"/> <Node id="1643"/>a<Node id="1644"/> <Node id="1645"/>similar<Node id="1652"/> <Node id="1653"/>nature<Node id="1659"/> <Node id="1660"/>are<Node id="1663"/> <Node id="1664"/>4<Node id="1665"/>-<Node id="1666"/>nitrodiphenylamine<Node id="1684"/> <Node id="1685"/>,<Node id="1686"/> <Node id="1687"/>N-<Node id="1689"/>nitrosodiphenylamine<Node id="1709"/> <Node id="1710"/>,<Node id="1711"/> <Node id="1712"/>N-<Node id="1714"/>methyl-p-nitroaniline<Node id="1735"/> <Node id="1736"/>,<Node id="1737"/> <Node id="1738"/>and<Node id="1741"/> <Node id="1742"/>diphenylamine<Node id="1755"/> <Node id="1756"/>.<Node id="1757"/>
<Node id="1758"/>References<Node id="1768"/>
<Node id="1769"/>External<Node id="1777"/> <Node id="1778"/>links<Node id="1783"/>
<Node id="1784"/>General<Node id="1791"/> <Node id="1792"/>information<Node id="1803"/>
<Node id="1804"/>
<Node id="1805"/>DEFAULTSORT<Node id="1816"/>
<Node id="1817"/>
<Node id="1818"/>de<Node id="1820"/>:<Node id="1821"/>2<Node id="1822"/>-<Node id="1823"/>Nitrodiphenylamin<Node id="1840"/>
<Node id="1841"/></TextWithNodes>
<!-- The default annotation set -->

<AnnotationSet>
<Annotation Id="6330" Type="MetaMap" StartNode="1032" EndNode="1037">
<Feature>
  <Name className="java.lang.String">PreferredName</Name>
  <Value className="java.lang.String">(Spurious)</Value>
</Feature>
</Annotation>
<Annotation Id="6329" Type="MetaMap" StartNode="1032" EndNode="1037">
<Feature>
  <Name className="java.lang.String">PreferredName</Name>
  <Value className="java.lang.String">(Correct Answer Not Present)</Value>
</Feature>
</Annotation>
<Annotation Id="6328" Type="MetaMap" StartNode="727" EndNode="736">
<Feature>
  <Name className="java.lang.String">PreferredName</Name>
  <Value className="java.lang.String">(Spurious)</Value>
</Feature>
</Annotation>
<Annotation Id="6323" Type="MetaMap" StartNode="653" EndNode="657">
<Feature>
  <Name className="java.lang.String">PreferredName</Name>
  <Value className="java.lang.String">(Correct Answer Not Present)</Value>
</Feature>
</Annotation>
<Annotation Id="6322" Type="MetaMap" StartNode="257" EndNode="270">
<Feature>
  <Name className="java.lang.String">PreferredName</Name>
  <Value className="java.lang.String">(Spurious)</Value>
</Feature>
</Annotation>
<Annotation Id="6321" Type="MetaMap" StartNode="257" EndNode="270">
<Feature>
  <Name className="java.lang.String">PreferredName</Name>
  <Value className="java.lang.String">(Correct Answer Not Present)</Value>
</Feature>
</Annotation>
<Annotation Id="6320" Type="MetaMap" StartNode="67" EndNode="73">
<Feature>
  <Name className="java.lang.String">PreferredName</Name>
  <Value className="java.lang.String">(Spurious)</Value>
</Feature>
</Annotation>
<Annotation Id="6327" Type="MetaMap" StartNode="727" EndNode="736">
<Feature>
  <Name className="java.lang.String">PreferredName</Name>
  <Value className="java.lang.String">(Correct Answer Not Present)</Value>
</Feature>
</Annotation>
<Annotation Id="6326" Type="MetaMap" StartNode="1257" EndNode="1263">
<Feature>
  <Name className="java.lang.String">PreferredName</Name>
  <Value className="java.lang.String">(Spurious)</Value>
</Feature>
</Annotation>
<Annotation Id="6325" Type="MetaMap" StartNode="1257" EndNode="1263">
<Feature>
  <Name className="java.lang.String">PreferredName</Name>
  <Value className="java.lang.String">(Correct Answer Not Present)</Value>
</Feature>
</Annotation>
<Annotation Id="6324" Type="MetaMap" StartNode="653" EndNode="657">
<Feature>
  <Name className="java.lang.String">PreferredName</Name>
  <Value className="java.lang.String">(Spurious)</Value>
</Feature>
</Annotation>
<Annotation Id="6314" Type="MetaMap" StartNode="1518" EndNode="1527">
<Feature>
  <Name className="java.lang.String">PreferredName</Name>
  <Value className="java.lang.String">(Spurious)</Value>
</Feature>
</Annotation>
<Annotation Id="6315" Type="MetaMap" StartNode="528" EndNode="532">
<Feature>
  <Name className="java.lang.String">PreferredName</Name>
  <Value className="java.lang.String">(Correct Answer Not Present)</Value>
</Feature>
</Annotation>
<Annotation Id="6312" Type="MetaMap" StartNode="553" EndNode="562">
<Feature>
  <Name className="java.lang.String">PreferredName</Name>
  <Value className="java.lang.String">(Spurious)</Value>
</Feature>
</Annotation>
<Annotation Id="6313" Type="MetaMap" StartNode="1518" EndNode="1527">
<Feature>
  <Name className="java.lang.String">PreferredName</Name>
  <Value className="java.lang.String">(Correct Answer Not Present)</Value>
</Feature>
</Annotation>
<Annotation Id="6318" Type="MetaMap" StartNode="418" EndNode="425">
<Feature>
  <Name className="java.lang.String">PreferredName</Name>
  <Value className="java.lang.String">(Spurious)</Value>
</Feature>
</Annotation>
<Annotation Id="6319" Type="MetaMap" StartNode="67" EndNode="73">
<Feature>
  <Name className="java.lang.String">PreferredName</Name>
  <Value className="java.lang.String">(Correct Answer Not Present)</Value>
</Feature>
</Annotation>
<Annotation Id="6316" Type="MetaMap" StartNode="528" EndNode="532">
<Feature>
  <Name className="java.lang.String">PreferredName</Name>
  <Value className="java.lang.String">(Spurious)</Value>
</Feature>
</Annotation>
<Annotation Id="6317" Type="MetaMap" StartNode="418" EndNode="425">
<Feature>
  <Name className="java.lang.String">PreferredName</Name>
  <Value className="java.lang.String">(Correct Answer Not Present)</Value>
</Feature>
</Annotation>
<Annotation Id="6306" Type="MetaMap" StartNode="923" EndNode="926">
<Feature>
  <Name className="java.lang.String">PreferredName</Name>
  <Value className="java.lang.String">(Spurious)</Value>
</Feature>
</Annotation>
<Annotation Id="6307" Type="MetaMap" StartNode="1063" EndNode="1069">
<Feature>
  <Name className="java.lang.String">PreferredName</Name>
  <Value className="java.lang.String">(Correct Answer Not Present)</Value>
</Feature>
</Annotation>
<Annotation Id="6304" Type="MetaMap" StartNode="1742" EndNode="1755">
<Feature>
  <Name className="java.lang.String">PreferredName</Name>
  <Value className="java.lang.String">(Spurious)</Value>
</Feature>
</Annotation>
<Annotation Id="6305" Type="MetaMap" StartNode="923" EndNode="926">
<Feature>
  <Name className="java.lang.String">PreferredName</Name>
  <Value className="java.lang.String">(Correct Answer Not Present)</Value>
</Feature>
</Annotation>
<Annotation Id="6310" Type="MetaMap" StartNode="951" EndNode="958">
<Feature>
  <Name className="java.lang.String">PreferredName</Name>
  <Value className="java.lang.String">(Spurious)</Value>
</Feature>
</Annotation>
<Annotation Id="6311" Type="MetaMap" StartNode="553" EndNode="562">
<Feature>
  <Name className="java.lang.String">PreferredName</Name>
  <Value className="java.lang.String">(Correct Answer Not Present)</Value>
</Feature>
</Annotation>
<Annotation Id="6308" Type="MetaMap" StartNode="1063" EndNode="1069">
<Feature>
  <Name className="java.lang.String">PreferredName</Name>
  <Value className="java.lang.String">(Spurious)</Value>
</Feature>
</Annotation>
<Annotation Id="6309" Type="MetaMap" StartNode="951" EndNode="958">
<Feature>
  <Name className="java.lang.String">PreferredName</Name>
  <Value className="java.lang.String">(Correct Answer Not Present)</Value>
</Feature>
</Annotation>
<Annotation Id="6297" Type="MetaMap" StartNode="744" EndNode="748">
<Feature>
  <Name className="java.lang.String">PreferredName</Name>
  <Value className="java.lang.String">(Correct Answer Not Present)</Value>
</Feature>
</Annotation>
<Annotation Id="6296" Type="MetaMap" StartNode="1143" EndNode="1147">
<Feature>
  <Name className="java.lang.String">PreferredName</Name>
  <Value className="java.lang.String">(Spurious)</Value>
</Feature>
</Annotation>
<Annotation Id="6299" Type="MetaMap" StartNode="1577" EndNode="1581">
<Feature>
  <Name className="java.lang.String">PreferredName</Name>
  <Value className="java.lang.String">(Correct Answer Not Present)</Value>
</Feature>
</Annotation>
<Annotation Id="6298" Type="MetaMap" StartNode="744" EndNode="748">
<Feature>
  <Name className="java.lang.String">PreferredName</Name>
  <Value className="java.lang.String">(Spurious)</Value>
</Feature>
</Annotation>
<Annotation Id="6301" Type="MetaMap" StartNode="817" EndNode="824">
<Feature>
  <Name className="java.lang.String">PreferredName</Name>
  <Value className="java.lang.String">(Correct Answer Not Present)</Value>
</Feature>
</Annotation>
<Annotation Id="6300" Type="MetaMap" StartNode="1577" EndNode="1581">
<Feature>
  <Name className="java.lang.String">PreferredName</Name>
  <Value className="java.lang.String">(Spurious)</Value>
</Feature>
</Annotation>
<Annotation Id="6303" Type="MetaMap" StartNode="1742" EndNode="1755">
<Feature>
  <Name className="java.lang.String">PreferredName</Name>
  <Value className="java.lang.String">(Correct Answer Not Present)</Value>
</Feature>
</Annotation>
<Annotation Id="6302" Type="MetaMap" StartNode="817" EndNode="824">
<Feature>
  <Name className="java.lang.String">PreferredName</Name>
  <Value className="java.lang.String">(Spurious)</Value>
</Feature>
</Annotation>
<Annotation Id="6289" Type="MetaMap" StartNode="573" EndNode="583">
<Feature>
  <Name className="java.lang.String">PreferredName</Name>
  <Value className="java.lang.String">(Correct Answer Not Present)</Value>
</Feature>
</Annotation>
<Annotation Id="6288" Type="MetaMap" StartNode="277" EndNode="285">
<Feature>
  <Name className="java.lang.String">PreferredName</Name>
  <Value className="java.lang.String">(Spurious)</Value>
</Feature>
</Annotation>
<Annotation Id="6291" Type="MetaMap" StartNode="538" EndNode="548">
<Feature>
  <Name className="java.lang.String">PreferredName</Name>
  <Value className="java.lang.String">(Correct Answer Not Present)</Value>
</Feature>
</Annotation>
<Annotation Id="6290" Type="MetaMap" StartNode="573" EndNode="583">
<Feature>
  <Name className="java.lang.String">PreferredName</Name>
  <Value className="java.lang.String">(Spurious)</Value>
</Feature>
</Annotation>
<Annotation Id="6293" Type="MetaMap" StartNode="1457" EndNode="1469">
<Feature>
  <Name className="java.lang.String">PreferredName</Name>
  <Value className="java.lang.String">(Correct Answer Not Present)</Value>
</Feature>
</Annotation>
<Annotation Id="6292" Type="MetaMap" StartNode="538" EndNode="548">
<Feature>
  <Name className="java.lang.String">PreferredName</Name>
  <Value className="java.lang.String">(Spurious)</Value>
</Feature>
</Annotation>
<Annotation Id="6295" Type="MetaMap" StartNode="1143" EndNode="1147">
<Feature>
  <Name className="java.lang.String">PreferredName</Name>
  <Value className="java.lang.String">(Correct Answer Not Present)</Value>
</Feature>
</Annotation>
<Annotation Id="6294" Type="MetaMap" StartNode="1457" EndNode="1469">
<Feature>
  <Name className="java.lang.String">PreferredName</Name>
  <Value className="java.lang.String">(Spurious)</Value>
</Feature>
</Annotation>
<Annotation Id="6280" Type="MetaMap" StartNode="1784" EndNode="1791">
<Feature>
  <Name className="java.lang.String">PreferredName</Name>
  <Value className="java.lang.String">(Spurious)</Value>
</Feature>
</Annotation>
<Annotation Id="6281" Type="MetaMap" StartNode="622" EndNode="631">
<Feature>
  <Name className="java.lang.String">PreferredName</Name>
  <Value className="java.lang.String">(Correct Answer Not Present)</Value>
</Feature>
</Annotation>
<Annotation Id="6282" Type="MetaMap" StartNode="622" EndNode="631">
<Feature>
  <Name className="java.lang.String">PreferredName</Name>
  <Value className="java.lang.String">(Spurious)</Value>
</Feature>
</Annotation>
<Annotation Id="6283" Type="MetaMap" StartNode="1016" EndNode="1026">
<Feature>
  <Name className="java.lang.String">PreferredName</Name>
  <Value className="java.lang.String">(Correct Answer Not Present)</Value>
</Feature>
</Annotation>
<Annotation Id="6284" Type="MetaMap" StartNode="1016" EndNode="1026">
<Feature>
  <Name className="java.lang.String">PreferredName</Name>
  <Value className="java.lang.String">(Spurious)</Value>
</Feature>
</Annotation>
<Annotation Id="6285" Type="MetaMap" StartNode="1356" EndNode="1364">
<Feature>
  <Name className="java.lang.String">PreferredName</Name>
  <Value className="java.lang.String">(Correct Answer Not Present)</Value>
</Feature>
</Annotation>
<Annotation Id="6286" Type="MetaMap" StartNode="1356" EndNode="1364">
<Feature>
  <Name className="java.lang.String">PreferredName</Name>
  <Value className="java.lang.String">(Spurious)</Value>
</Feature>
</Annotation>
<Annotation Id="6287" Type="MetaMap" StartNode="277" EndNode="285">
<Feature>
  <Name className="java.lang.String">PreferredName</Name>
  <Value className="java.lang.String">(Correct Answer Not Present)</Value>
</Feature>
</Annotation>
<Annotation Id="6272" Type="MetaMap" StartNode="489" EndNode="500">
<Feature>
  <Name className="java.lang.String">PreferredName</Name>
  <Value className="java.lang.String">(Spurious)</Value>
</Feature>
</Annotation>
<Annotation Id="6273" Type="MetaMap" StartNode="892" EndNode="896">
<Feature>
  <Name className="java.lang.String">PreferredName</Name>
  <Value className="java.lang.String">(Correct Answer Not Present)</Value>
</Feature>
</Annotation>
<Annotation Id="6274" Type="MetaMap" StartNode="892" EndNode="896">
<Feature>
  <Name className="java.lang.String">PreferredName</Name>
  <Value className="java.lang.String">(Spurious)</Value>
</Feature>
</Annotation>
<Annotation Id="6275" Type="MetaMap" StartNode="1778" EndNode="1783">
<Feature>
  <Name className="java.lang.String">PreferredName</Name>
  <Value className="java.lang.String">(Correct Answer Not Present)</Value>
</Feature>
</Annotation>
<Annotation Id="6276" Type="MetaMap" StartNode="1778" EndNode="1783">
<Feature>
  <Name className="java.lang.String">PreferredName</Name>
  <Value className="java.lang.String">(Spurious)</Value>
</Feature>
</Annotation>
<Annotation Id="6277" Type="MetaMap" StartNode="357" EndNode="368">
<Feature>
  <Name className="java.lang.String">PreferredName</Name>
  <Value className="java.lang.String">(Correct Answer Not Present)</Value>
</Feature>
</Annotation>
<Annotation Id="6278" Type="MetaMap" StartNode="357" EndNode="368">
<Feature>
  <Name className="java.lang.String">PreferredName</Name>
  <Value className="java.lang.String">(Spurious)</Value>
</Feature>
</Annotation>
<Annotation Id="6279" Type="MetaMap" StartNode="1784" EndNode="1791">
<Feature>
  <Name className="java.lang.String">PreferredName</Name>
  <Value className="java.lang.String">(Correct Answer Not Present)</Value>
</Feature>
</Annotation>
<Annotation Id="6194" Type="MetaMap" StartNode="1292" EndNode="1302">
<Feature>
  <Name className="java.lang.String">PreferredName</Name>
  <Value className="java.lang.String">(Spurious)</Value>
</Feature>
</Annotation>
<Annotation Id="6195" Type="MetaMap" StartNode="1792" EndNode="1803">
<Feature>
  <Name className="java.lang.String">PreferredName</Name>
  <Value className="java.lang.String">(Correct Answer Not Present)</Value>
</Feature>
</Annotation>
<Annotation Id="6192" Type="MetaMap" StartNode="825" EndNode="834">
<Feature>
  <Name className="java.lang.String">PreferredName</Name>
  <Value className="java.lang.String">(Spurious)</Value>
</Feature>
</Annotation>
<Annotation Id="6193" Type="MetaMap" StartNode="1292" EndNode="1302">
<Feature>
  <Name className="java.lang.String">PreferredName</Name>
  <Value className="java.lang.String">(Correct Answer Not Present)</Value>
</Feature>
</Annotation>
<Annotation Id="6198" Type="MetaMap" StartNode="1769" EndNode="1777">
<Feature>
  <Name className="java.lang.String">PreferredName</Name>
  <Value className="java.lang.String">(Spurious)</Value>
</Feature>
</Annotation>
<Annotation Id="6199" Type="MetaMap" StartNode="353" EndNode="356">
<Feature>
  <Name className="java.lang.String">PreferredName</Name>
  <Value className="java.lang.String">(Correct Answer Not Present)</Value>
</Feature>
</Annotation>
<Annotation Id="6196" Type="MetaMap" StartNode="1792" EndNode="1803">
<Feature>
  <Name className="java.lang.String">PreferredName</Name>
  <Value className="java.lang.String">(Spurious)</Value>
</Feature>
</Annotation>
<Annotation Id="6197" Type="MetaMap" StartNode="1769" EndNode="1777">
<Feature>
  <Name className="java.lang.String">PreferredName</Name>
  <Value className="java.lang.String">(Correct Answer Not Present)</Value>
</Feature>
</Annotation>
<Annotation Id="6202" Type="MetaMap" StartNode="900" EndNode="907">
<Feature>
  <Name className="java.lang.String">PreferredName</Name>
  <Value className="java.lang.String">(Spurious)</Value>
</Feature>
</Annotation>
<Annotation Id="6203" Type="MetaMap" StartNode="405" EndNode="411">
<Feature>
  <Name className="java.lang.String">PreferredName</Name>
  <Value className="java.lang.String">(Correct Answer Not Present)</Value>
</Feature>
</Annotation>
<Annotation Id="6200" Type="MetaMap" StartNode="353" EndNode="356">
<Feature>
  <Name className="java.lang.String">PreferredName</Name>
  <Value className="java.lang.String">(Spurious)</Value>
</Feature>
</Annotation>
<Annotation Id="6201" Type="MetaMap" StartNode="900" EndNode="907">
<Feature>
  <Name className="java.lang.String">PreferredName</Name>
  <Value className="java.lang.String">(Correct Answer Not Present)</Value>
</Feature>
</Annotation>
<Annotation Id="6206" Type="MetaMap" StartNode="758" EndNode="766">
<Feature>
  <Name className="java.lang.String">PreferredName</Name>
  <Value className="java.lang.String">(Spurious)</Value>
</Feature>
</Annotation>
<Annotation Id="6207" Type="MetaMap" StartNode="162" EndNode="164">
<Feature>
  <Name className="java.lang.String">PreferredName</Name>
  <Value className="java.lang.String">(Correct Answer Not Present)</Value>
</Feature>
</Annotation>
<Annotation Id="6204" Type="MetaMap" StartNode="405" EndNode="411">
<Feature>
  <Name className="java.lang.String">PreferredName</Name>
  <Value className="java.lang.String">(Spurious)</Value>
</Feature>
</Annotation>
<Annotation Id="6205" Type="MetaMap" StartNode="758" EndNode="766">
<Feature>
  <Name className="java.lang.String">PreferredName</Name>
  <Value className="java.lang.String">(Correct Answer Not Present)</Value>
</Feature>
</Annotation>
<Annotation Id="6179" Type="MetaMap" StartNode="1376" EndNode="1385">
<Feature>
  <Name className="java.lang.String">PreferredName</Name>
  <Value className="java.lang.String">(Correct Answer Not Present)</Value>
</Feature>
</Annotation>
<Annotation Id="6178" Type="MetaMap" StartNode="1818" EndNode="1820">
<Feature>
  <Name className="java.lang.String">PreferredName</Name>
  <Value className="java.lang.String">(Spurious)</Value>
</Feature>
</Annotation>
<Annotation Id="6177" Type="MetaMap" StartNode="1818" EndNode="1820">
<Feature>
  <Name className="java.lang.String">PreferredName</Name>
  <Value className="java.lang.String">(Correct Answer Not Present)</Value>
</Feature>
</Annotation>
<Annotation Id="6176" Type="MetaMap" StartNode="1653" EndNode="1659">
<Feature>
  <Name className="java.lang.String">PreferredName</Name>
  <Value className="java.lang.String">(Spurious)</Value>
</Feature>
</Annotation>
<Annotation Id="6183" Type="MetaMap" StartNode="217" EndNode="225">
<Feature>
  <Name className="java.lang.String">PreferredName</Name>
  <Value className="java.lang.String">(Correct Answer Not Present)</Value>
</Feature>
</Annotation>
<Annotation Id="6182" Type="MetaMap" StartNode="586" EndNode="597">
<Feature>
  <Name className="java.lang.String">PreferredName</Name>
  <Value className="java.lang.String">(Spurious)</Value>
</Feature>
</Annotation>
<Annotation Id="6181" Type="MetaMap" StartNode="586" EndNode="597">
<Feature>
  <Name className="java.lang.String">PreferredName</Name>
  <Value className="java.lang.String">(Correct Answer Not Present)</Value>
</Feature>
</Annotation>
<Annotation Id="6180" Type="MetaMap" StartNode="1376" EndNode="1385">
<Feature>
  <Name className="java.lang.String">PreferredName</Name>
  <Value className="java.lang.String">(Spurious)</Value>
</Feature>
</Annotation>
<Annotation Id="6187" Type="MetaMap" StartNode="1092" EndNode="1098">
<Feature>
  <Name className="java.lang.String">PreferredName</Name>
  <Value className="java.lang.String">(Correct Answer Not Present)</Value>
</Feature>
</Annotation>
<Annotation Id="6186" Type="MetaMap" StartNode="196" EndNode="203">
<Feature>
  <Name className="java.lang.String">PreferredName</Name>
  <Value className="java.lang.String">(Spurious)</Value>
</Feature>
</Annotation>
<Annotation Id="6185" Type="MetaMap" StartNode="196" EndNode="203">
<Feature>
  <Name className="java.lang.String">PreferredName</Name>
  <Value className="java.lang.String">(Correct Answer Not Present)</Value>
</Feature>
</Annotation>
<Annotation Id="6184" Type="MetaMap" StartNode="217" EndNode="225">
<Feature>
  <Name className="java.lang.String">PreferredName</Name>
  <Value className="java.lang.String">(Spurious)</Value>
</Feature>
</Annotation>
<Annotation Id="6191" Type="MetaMap" StartNode="825" EndNode="834">
<Feature>
  <Name className="java.lang.String">PreferredName</Name>
  <Value className="java.lang.String">(Correct Answer Not Present)</Value>
</Feature>
</Annotation>
<Annotation Id="6190" Type="MetaMap" StartNode="1687" EndNode="1689">
<Feature>
  <Name className="java.lang.String">PreferredName</Name>
  <Value className="java.lang.String">(Spurious)</Value>
</Feature>
</Annotation>
<Annotation Id="6189" Type="MetaMap" StartNode="1687" EndNode="1689">
<Feature>
  <Name className="java.lang.String">PreferredName</Name>
  <Value className="java.lang.String">(Correct Answer Not Present)</Value>
</Feature>
</Annotation>
<Annotation Id="6188" Type="MetaMap" StartNode="1092" EndNode="1098">
<Feature>
  <Name className="java.lang.String">PreferredName</Name>
  <Value className="java.lang.String">(Spurious)</Value>
</Feature>
</Annotation>
<Annotation Id="6160" Type="MetaMap" StartNode="1305" EndNode="1314">
<Feature>
  <Name className="java.lang.String">PreferredName</Name>
  <Value className="java.lang.String">(Spurious)</Value>
</Feature>
</Annotation>
<Annotation Id="6161" Type="MetaMap" StartNode="1447" EndNode="1456">
<Feature>
  <Name className="java.lang.String">PreferredName</Name>
  <Value className="java.lang.String">(Correct Answer Not Present)</Value>
</Feature>
</Annotation>
<Annotation Id="6162" Type="MetaMap" StartNode="1447" EndNode="1456">
<Feature>
  <Name className="java.lang.String">PreferredName</Name>
  <Value className="java.lang.String">(Spurious)</Value>
</Feature>
</Annotation>
<Annotation Id="6163" Type="MetaMap" StartNode="1562" EndNode="1572">
<Feature>
  <Name className="java.lang.String">PreferredName</Name>
  <Value className="java.lang.String">(Correct Answer Not Present)</Value>
</Feature>
</Annotation>
<Annotation Id="6164" Type="MetaMap" StartNode="1562" EndNode="1572">
<Feature>
  <Name className="java.lang.String">PreferredName</Name>
  <Value className="java.lang.String">(Spurious)</Value>
</Feature>
</Annotation>
<Annotation Id="6165" Type="MetaMap" StartNode="1331" EndNode="1337">
<Feature>
  <Name className="java.lang.String">PreferredName</Name>
  <Value className="java.lang.String">(Correct Answer Not Present)</Value>
</Feature>
</Annotation>
<Annotation Id="6166" Type="MetaMap" StartNode="1331" EndNode="1337">
<Feature>
  <Name className="java.lang.String">PreferredName</Name>
  <Value className="java.lang.String">(Spurious)</Value>
</Feature>
</Annotation>
<Annotation Id="6167" Type="MetaMap" StartNode="1148" EndNode="1154">
<Feature>
  <Name className="java.lang.String">PreferredName</Name>
  <Value className="java.lang.String">(Correct Answer Not Present)</Value>
</Feature>
</Annotation>
<Annotation Id="6168" Type="MetaMap" StartNode="1148" EndNode="1154">
<Feature>
  <Name className="java.lang.String">PreferredName</Name>
  <Value className="java.lang.String">(Spurious)</Value>
</Feature>
</Annotation>
<Annotation Id="6169" Type="MetaMap" StartNode="1545" EndNode="1554">
<Feature>
  <Name className="java.lang.String">PreferredName</Name>
  <Value className="java.lang.String">(Correct Answer Not Present)</Value>
</Feature>
</Annotation>
<Annotation Id="6170" Type="MetaMap" StartNode="1545" EndNode="1554">
<Feature>
  <Name className="java.lang.String">PreferredName</Name>
  <Value className="java.lang.String">(Spurious)</Value>
</Feature>
</Annotation>
<Annotation Id="6171" Type="MetaMap" StartNode="1645" EndNode="1652">
<Feature>
  <Name className="java.lang.String">PreferredName</Name>
  <Value className="java.lang.String">(Correct Answer Not Present)</Value>
</Feature>
</Annotation>
<Annotation Id="6172" Type="MetaMap" StartNode="1645" EndNode="1652">
<Feature>
  <Name className="java.lang.String">PreferredName</Name>
  <Value className="java.lang.String">(Spurious)</Value>
</Feature>
</Annotation>
<Annotation Id="6173" Type="MetaMap" StartNode="1083" EndNode="1091">
<Feature>
  <Name className="java.lang.String">PreferredName</Name>
  <Value className="java.lang.String">(Correct Answer Not Present)</Value>
</Feature>
</Annotation>
<Annotation Id="6174" Type="MetaMap" StartNode="1083" EndNode="1091">
<Feature>
  <Name className="java.lang.String">PreferredName</Name>
  <Value className="java.lang.String">(Spurious)</Value>
</Feature>
</Annotation>
<Annotation Id="6175" Type="MetaMap" StartNode="1653" EndNode="1659">
<Feature>
  <Name className="java.lang.String">PreferredName</Name>
  <Value className="java.lang.String">(Correct Answer Not Present)</Value>
</Feature>
</Annotation>
<Annotation Id="6145" Type="MetaMap" StartNode="859" EndNode="862">
<Feature>
  <Name className="java.lang.String">PreferredName</Name>
  <Value className="java.lang.String">(Correct Answer Not Present)</Value>
</Feature>
</Annotation>
<Annotation Id="6144" Type="MetaMap" StartNode="714" EndNode="726">
<Feature>
  <Name className="java.lang.String">PreferredName</Name>
  <Value className="java.lang.String">(Spurious)</Value>
</Feature>
</Annotation>
<Annotation Id="6147" Type="MetaMap" StartNode="175" EndNode="187">
<Feature>
  <Name className="java.lang.String">PreferredName</Name>
  <Value className="java.lang.String">(Correct Answer Not Present)</Value>
</Feature>
</Annotation>
<Annotation Id="6146" Type="MetaMap" StartNode="859" EndNode="862">
<Feature>
  <Name className="java.lang.String">PreferredName</Name>
  <Value className="java.lang.String">(Spurious)</Value>
</Feature>
</Annotation>
<Annotation Id="6149" Type="MetaMap" StartNode="991" EndNode="997">
<Feature>
  <Name className="java.lang.String">PreferredName</Name>
  <Value className="java.lang.String">(Correct Answer Not Present)</Value>
</Feature>
</Annotation>
<Annotation Id="6148" Type="MetaMap" StartNode="175" EndNode="187">
<Feature>
  <Name className="java.lang.String">PreferredName</Name>
  <Value className="java.lang.String">(Spurious)</Value>
</Feature>
</Annotation>
<Annotation Id="6151" Type="MetaMap" StartNode="44" EndNode="48">
<Feature>
  <Name className="java.lang.String">PreferredName</Name>
  <Value className="java.lang.String">(Correct Answer Not Present)</Value>
</Feature>
</Annotation>
<Annotation Id="6150" Type="MetaMap" StartNode="991" EndNode="997">
<Feature>
  <Name className="java.lang.String">PreferredName</Name>
  <Value className="java.lang.String">(Spurious)</Value>
</Feature>
</Annotation>
<Annotation Id="6153" Type="MetaMap" StartNode="1038" EndNode="1042">
<Feature>
  <Name className="java.lang.String">PreferredName</Name>
  <Value className="java.lang.String">(Correct Answer Not Present)</Value>
</Feature>
</Annotation>
<Annotation Id="6152" Type="MetaMap" StartNode="44" EndNode="48">
<Feature>
  <Name className="java.lang.String">PreferredName</Name>
  <Value className="java.lang.String">(Spurious)</Value>
</Feature>
</Annotation>
<Annotation Id="6155" Type="MetaMap" StartNode="395" EndNode="401">
<Feature>
  <Name className="java.lang.String">PreferredName</Name>
  <Value className="java.lang.String">(Correct Answer Not Present)</Value>
</Feature>
</Annotation>
<Annotation Id="6154" Type="MetaMap" StartNode="1038" EndNode="1042">
<Feature>
  <Name className="java.lang.String">PreferredName</Name>
  <Value className="java.lang.String">(Spurious)</Value>
</Feature>
</Annotation>
<Annotation Id="6157" Type="MetaMap" StartNode="1758" EndNode="1768">
<Feature>
  <Name className="java.lang.String">PreferredName</Name>
  <Value className="java.lang.String">(Correct Answer Not Present)</Value>
</Feature>
</Annotation>
<Annotation Id="6156" Type="MetaMap" StartNode="395" EndNode="401">
<Feature>
  <Name className="java.lang.String">PreferredName</Name>
  <Value className="java.lang.String">(Spurious)</Value>
</Feature>
</Annotation>
<Annotation Id="6159" Type="MetaMap" StartNode="1305" EndNode="1314">
<Feature>
  <Name className="java.lang.String">PreferredName</Name>
  <Value className="java.lang.String">(Correct Answer Not Present)</Value>
</Feature>
</Annotation>
<Annotation Id="6158" Type="MetaMap" StartNode="1758" EndNode="1768">
<Feature>
  <Name className="java.lang.String">PreferredName</Name>
  <Value className="java.lang.String">(Spurious)</Value>
</Feature>
</Annotation>
<Annotation Id="6262" Type="MetaMap" StartNode="479" EndNode="484">
<Feature>
  <Name className="java.lang.String">PreferredName</Name>
  <Value className="java.lang.String">(Spurious)</Value>
</Feature>
</Annotation>
<Annotation Id="6263" Type="MetaMap" StartNode="1070" EndNode="1078">
<Feature>
  <Name className="java.lang.String">PreferredName</Name>
  <Value className="java.lang.String">(Correct Answer Not Present)</Value>
</Feature>
</Annotation>
<Annotation Id="6260" Type="MetaMap" StartNode="204" EndNode="212">
<Feature>
  <Name className="java.lang.String">PreferredName</Name>
  <Value className="java.lang.String">(Spurious)</Value>
</Feature>
</Annotation>
<Annotation Id="6261" Type="MetaMap" StartNode="479" EndNode="484">
<Feature>
  <Name className="java.lang.String">PreferredName</Name>
  <Value className="java.lang.String">(Correct Answer Not Present)</Value>
</Feature>
</Annotation>
<Annotation Id="6258" Type="MetaMap" StartNode="1492" EndNode="1496">
<Feature>
  <Name className="java.lang.String">PreferredName</Name>
  <Value className="java.lang.String">(Spurious)</Value>
</Feature>
</Annotation>
<Annotation Id="6259" Type="MetaMap" StartNode="204" EndNode="212">
<Feature>
  <Name className="java.lang.String">PreferredName</Name>
  <Value className="java.lang.String">(Correct Answer Not Present)</Value>
</Feature>
</Annotation>
<Annotation Id="6256" Type="MetaMap" StartNode="1111" EndNode="1118">
<Feature>
  <Name className="java.lang.String">PreferredName</Name>
  <Value className="java.lang.String">(Spurious)</Value>
</Feature>
</Annotation>
<Annotation Id="6257" Type="MetaMap" StartNode="1492" EndNode="1496">
<Feature>
  <Name className="java.lang.String">PreferredName</Name>
  <Value className="java.lang.String">(Correct Answer Not Present)</Value>
</Feature>
</Annotation>
<Annotation Id="6270" Type="MetaMap" StartNode="1712" EndNode="1714">
<Feature>
  <Name className="java.lang.String">PreferredName</Name>
  <Value className="java.lang.String">(Spurious)</Value>
</Feature>
</Annotation>
<Annotation Id="6271" Type="MetaMap" StartNode="489" EndNode="500">
<Feature>
  <Name className="java.lang.String">PreferredName</Name>
  <Value className="java.lang.String">(Correct Answer Not Present)</Value>
</Feature>
</Annotation>
<Annotation Id="6268" Type="MetaMap" StartNode="1605" EndNode="1615">
<Feature>
  <Name className="java.lang.String">PreferredName</Name>
  <Value className="java.lang.String">(Spurious)</Value>
</Feature>
</Annotation>
<Annotation Id="6269" Type="MetaMap" StartNode="1712" EndNode="1714">
<Feature>
  <Name className="java.lang.String">PreferredName</Name>
  <Value className="java.lang.String">(Correct Answer Not Present)</Value>
</Feature>
</Annotation>
<Annotation Id="6266" Type="MetaMap" StartNode="61" EndNode="66">
<Feature>
  <Name className="java.lang.String">PreferredName</Name>
  <Value className="java.lang.String">(Spurious)</Value>
</Feature>
</Annotation>
<Annotation Id="6267" Type="MetaMap" StartNode="1605" EndNode="1615">
<Feature>
  <Name className="java.lang.String">PreferredName</Name>
  <Value className="java.lang.String">(Correct Answer Not Present)</Value>
</Feature>
</Annotation>
<Annotation Id="6264" Type="MetaMap" StartNode="1070" EndNode="1078">
<Feature>
  <Name className="java.lang.String">PreferredName</Name>
  <Value className="java.lang.String">(Spurious)</Value>
</Feature>
</Annotation>
<Annotation Id="6265" Type="MetaMap" StartNode="61" EndNode="66">
<Feature>
  <Name className="java.lang.String">PreferredName</Name>
  <Value className="java.lang.String">(Correct Answer Not Present)</Value>
</Feature>
</Annotation>
<Annotation Id="6247" Type="MetaMap" StartNode="685" EndNode="690">
<Feature>
  <Name className="java.lang.String">PreferredName</Name>
  <Value className="java.lang.String">(Correct Answer Not Present)</Value>
</Feature>
</Annotation>
<Annotation Id="6246" Type="MetaMap" StartNode="981" EndNode="990">
<Feature>
  <Name className="java.lang.String">PreferredName</Name>
  <Value className="java.lang.String">(Spurious)</Value>
</Feature>
</Annotation>
<Annotation Id="6245" Type="MetaMap" StartNode="981" EndNode="990">
<Feature>
  <Name className="java.lang.String">PreferredName</Name>
  <Value className="java.lang.String">(Correct Answer Not Present)</Value>
</Feature>
</Annotation>
<Annotation Id="6244" Type="MetaMap" StartNode="448" EndNode="455">
<Feature>
  <Name className="java.lang.String">PreferredName</Name>
  <Value className="java.lang.String">(Spurious)</Value>
</Feature>
</Annotation>
<Annotation Id="6243" Type="MetaMap" StartNode="448" EndNode="455">
<Feature>
  <Name className="java.lang.String">PreferredName</Name>
  <Value className="java.lang.String">(Correct Answer Not Present)</Value>
</Feature>
</Annotation>
<Annotation Id="6242" Type="MetaMap" StartNode="1397" EndNode="1401">
<Feature>
  <Name className="java.lang.String">PreferredName</Name>
  <Value className="java.lang.String">(Spurious)</Value>
</Feature>
</Annotation>
<Annotation Id="6241" Type="MetaMap" StartNode="1397" EndNode="1401">
<Feature>
  <Name className="java.lang.String">PreferredName</Name>
  <Value className="java.lang.String">(Correct Answer Not Present)</Value>
</Feature>
</Annotation>
<Annotation Id="6240" Type="MetaMap" StartNode="773" EndNode="783">
<Feature>
  <Name className="java.lang.String">PreferredName</Name>
  <Value className="java.lang.String">(Spurious)</Value>
</Feature>
</Annotation>
<Annotation Id="6255" Type="MetaMap" StartNode="1111" EndNode="1118">
<Feature>
  <Name className="java.lang.String">PreferredName</Name>
  <Value className="java.lang.String">(Correct Answer Not Present)</Value>
</Feature>
</Annotation>
<Annotation Id="6254" Type="MetaMap" StartNode="369" EndNode="374">
<Feature>
  <Name className="java.lang.String">PreferredName</Name>
  <Value className="java.lang.String">(Spurious)</Value>
</Feature>
</Annotation>
<Annotation Id="6253" Type="MetaMap" StartNode="369" EndNode="374">
<Feature>
  <Name className="java.lang.String">PreferredName</Name>
  <Value className="java.lang.String">(Correct Answer Not Present)</Value>
</Feature>
</Annotation>
<Annotation Id="6252" Type="MetaMap" StartNode="426" EndNode="431">
<Feature>
  <Name className="java.lang.String">PreferredName</Name>
  <Value className="java.lang.String">(Spurious)</Value>
</Feature>
</Annotation>
<Annotation Id="6251" Type="MetaMap" StartNode="426" EndNode="431">
<Feature>
  <Name className="java.lang.String">PreferredName</Name>
  <Value className="java.lang.String">(Correct Answer Not Present)</Value>
</Feature>
</Annotation>
<Annotation Id="6250" Type="MetaMap" StartNode="105" EndNode="111">
<Feature>
  <Name className="java.lang.String">PreferredName</Name>
  <Value className="java.lang.String">(Spurious)</Value>
</Feature>
</Annotation>
<Annotation Id="6249" Type="MetaMap" StartNode="105" EndNode="111">
<Feature>
  <Name className="java.lang.String">PreferredName</Name>
  <Value className="java.lang.String">(Correct Answer Not Present)</Value>
</Feature>
</Annotation>
<Annotation Id="6248" Type="MetaMap" StartNode="685" EndNode="690">
<Feature>
  <Name className="java.lang.String">PreferredName</Name>
  <Value className="java.lang.String">(Spurious)</Value>
</Feature>
</Annotation>
<Annotation Id="6228" Type="MetaMap" StartNode="1264" EndNode="1271">
<Feature>
  <Name className="java.lang.String">PreferredName</Name>
  <Value className="java.lang.String">(Spurious)</Value>
</Feature>
</Annotation>
<Annotation Id="6229" Type="MetaMap" StartNode="28" EndNode="34">
<Feature>
  <Name className="java.lang.String">PreferredName</Name>
  <Value className="java.lang.String">(Correct Answer Not Present)</Value>
</Feature>
</Annotation>
<Annotation Id="6230" Type="MetaMap" StartNode="28" EndNode="34">
<Feature>
  <Name className="java.lang.String">PreferredName</Name>
  <Value className="java.lang.String">(Spurious)</Value>
</Feature>
</Annotation>
<Annotation Id="6231" Type="MetaMap" StartNode="612" EndNode="616">
<Feature>
  <Name className="java.lang.String">PreferredName</Name>
  <Value className="java.lang.String">(Correct Answer Not Present)</Value>
</Feature>
</Annotation>
<Annotation Id="6224" Type="MetaMap" StartNode="1218" EndNode="1224">
<Feature>
  <Name className="java.lang.String">PreferredName</Name>
  <Value className="java.lang.String">(Spurious)</Value>
</Feature>
</Annotation>
<Annotation Id="6225" Type="MetaMap" StartNode="749" EndNode="755">
<Feature>
  <Name className="java.lang.String">PreferredName</Name>
  <Value className="java.lang.String">(Correct Answer Not Present)</Value>
</Feature>
</Annotation>
<Annotation Id="6226" Type="MetaMap" StartNode="749" EndNode="755">
<Feature>
  <Name className="java.lang.String">PreferredName</Name>
  <Value className="java.lang.String">(Spurious)</Value>
</Feature>
</Annotation>
<Annotation Id="6227" Type="MetaMap" StartNode="1264" EndNode="1271">
<Feature>
  <Name className="java.lang.String">PreferredName</Name>
  <Value className="java.lang.String">(Correct Answer Not Present)</Value>
</Feature>
</Annotation>
<Annotation Id="6236" Type="MetaMap" StartNode="387" EndNode="391">
<Feature>
  <Name className="java.lang.String">PreferredName</Name>
  <Value className="java.lang.String">(Spurious)</Value>
</Feature>
</Annotation>
<Annotation Id="6237" Type="MetaMap" StartNode="1418" EndNode="1425">
<Feature>
  <Name className="java.lang.String">PreferredName</Name>
  <Value className="java.lang.String">(Correct Answer Not Present)</Value>
</Feature>
</Annotation>
<Annotation Id="6238" Type="MetaMap" StartNode="1418" EndNode="1425">
<Feature>
  <Name className="java.lang.String">PreferredName</Name>
  <Value className="java.lang.String">(Spurious)</Value>
</Feature>
</Annotation>
<Annotation Id="6239" Type="MetaMap" StartNode="773" EndNode="783">
<Feature>
  <Name className="java.lang.String">PreferredName</Name>
  <Value className="java.lang.String">(Correct Answer Not Present)</Value>
</Feature>
</Annotation>
<Annotation Id="6232" Type="MetaMap" StartNode="612" EndNode="616">
<Feature>
  <Name className="java.lang.String">PreferredName</Name>
  <Value className="java.lang.String">(Spurious)</Value>
</Feature>
</Annotation>
<Annotation Id="6233" Type="MetaMap" StartNode="1429" EndNode="1436">
<Feature>
  <Name className="java.lang.String">PreferredName</Name>
  <Value className="java.lang.String">(Correct Answer Not Present)</Value>
</Feature>
</Annotation>
<Annotation Id="6234" Type="MetaMap" StartNode="1429" EndNode="1436">
<Feature>
  <Name className="java.lang.String">PreferredName</Name>
  <Value className="java.lang.String">(Spurious)</Value>
</Feature>
</Annotation>
<Annotation Id="6235" Type="MetaMap" StartNode="387" EndNode="391">
<Feature>
  <Name className="java.lang.String">PreferredName</Name>
  <Value className="java.lang.String">(Correct Answer Not Present)</Value>
</Feature>
</Annotation>
<Annotation Id="6213" Type="MetaMap" StartNode="1345" EndNode="1355">
<Feature>
  <Name className="java.lang.String">PreferredName</Name>
  <Value className="java.lang.String">(Correct Answer Not Present)</Value>
</Feature>
</Annotation>
<Annotation Id="6212" Type="MetaMap" StartNode="1628" EndNode="1639">
<Feature>
  <Name className="java.lang.String">PreferredName</Name>
  <Value className="java.lang.String">(Spurious)</Value>
</Feature>
</Annotation>
<Annotation Id="6215" Type="MetaMap" StartNode="456" EndNode="461">
<Feature>
  <Name className="java.lang.String">PreferredName</Name>
  <Value className="java.lang.String">(Correct Answer Not Present)</Value>
</Feature>
</Annotation>
<Annotation Id="6214" Type="MetaMap" StartNode="1345" EndNode="1355">
<Feature>
  <Name className="java.lang.String">PreferredName</Name>
  <Value className="java.lang.String">(Spurious)</Value>
</Feature>
</Annotation>
<Annotation Id="6209" Type="MetaMap" StartNode="235" EndNode="240">
<Feature>
  <Name className="java.lang.String">PreferredName</Name>
  <Value className="java.lang.String">(Correct Answer Not Present)</Value>
</Feature>
</Annotation>
<Annotation Id="6208" Type="MetaMap" StartNode="162" EndNode="164">
<Feature>
  <Name className="java.lang.String">PreferredName</Name>
  <Value className="java.lang.String">(Spurious)</Value>
</Feature>
</Annotation>
<Annotation Id="6211" Type="MetaMap" StartNode="1628" EndNode="1639">
<Feature>
  <Name className="java.lang.String">PreferredName</Name>
  <Value className="java.lang.String">(Correct Answer Not Present)</Value>
</Feature>
</Annotation>
<Annotation Id="6210" Type="MetaMap" StartNode="235" EndNode="240">
<Feature>
  <Name className="java.lang.String">PreferredName</Name>
  <Value className="java.lang.String">(Spurious)</Value>
</Feature>
</Annotation>
<Annotation Id="6221" Type="MetaMap" StartNode="973" EndNode="977">
<Feature>
  <Name className="java.lang.String">PreferredName</Name>
  <Value className="java.lang.String">(Correct Answer Not Present)</Value>
</Feature>
</Annotation>
<Annotation Id="6220" Type="MetaMap" StartNode="874" EndNode="884">
<Feature>
  <Name className="java.lang.String">PreferredName</Name>
  <Value className="java.lang.String">(Spurious)</Value>
</Feature>
</Annotation>
<Annotation Id="6223" Type="MetaMap" StartNode="1218" EndNode="1224">
<Feature>
  <Name className="java.lang.String">PreferredName</Name>
  <Value className="java.lang.String">(Correct Answer Not Present)</Value>
</Feature>
</Annotation>
<Annotation Id="6222" Type="MetaMap" StartNode="973" EndNode="977">
<Feature>
  <Name className="java.lang.String">PreferredName</Name>
  <Value className="java.lang.String">(Spurious)</Value>
</Feature>
</Annotation>
<Annotation Id="6217" Type="MetaMap" StartNode="1528" EndNode="1536">
<Feature>
  <Name className="java.lang.String">PreferredName</Name>
  <Value className="java.lang.String">(Correct Answer Not Present)</Value>
</Feature>
</Annotation>
<Annotation Id="6216" Type="MetaMap" StartNode="456" EndNode="461">
<Feature>
  <Name className="java.lang.String">PreferredName</Name>
  <Value className="java.lang.String">(Spurious)</Value>
</Feature>
</Annotation>
<Annotation Id="6219" Type="MetaMap" StartNode="874" EndNode="884">
<Feature>
  <Name className="java.lang.String">PreferredName</Name>
  <Value className="java.lang.String">(Correct Answer Not Present)</Value>
</Feature>
</Annotation>
<Annotation Id="6218" Type="MetaMap" StartNode="1528" EndNode="1536">
<Feature>
  <Name className="java.lang.String">PreferredName</Name>
  <Value className="java.lang.String">(Spurious)</Value>
</Feature>
</Annotation>
<Annotation Id="4987" Type="Token" StartNode="0" EndNode="1">
<Feature>
  <Name className="java.lang.String">majorType</Name>
  <Value className="java.lang.String">stop</Value>
</Feature>
<Feature>
  <Name className="java.lang.String">coreferences</Name>
  <Value className="java.util.ArrayList" itemClassName="java.lang.Integer">5001;5007;5009;5039;5045;5113;5117;5141;5215;5469;5485;5538;5565;5659</Value>
</Feature>
<Feature>
  <Name className="java.lang.String">string</Name>
  <Value className="java.lang.String">2</Value>
</Feature>
<Feature>
  <Name className="java.lang.String">length</Name>
  <Value className="java.lang.String">1</Value>
</Feature>
<Feature>
  <Name className="java.lang.String">minorType</Name>
  <Value className="java.lang.String">lc</Value>
</Feature>
<Feature>
  <Name className="java.lang.String">language</Name>
  <Value className="java.lang.String">en</Value>
</Feature>
<Feature>
  <Name className="java.lang.String">kind</Name>
  <Value className="java.lang.String">number</Value>
</Feature>
</Annotation>
<Annotation Id="4988" Type="Token" StartNode="1" EndNode="2">
<Feature>
  <Name className="java.lang.String">subkind</Name>
  <Value className="java.lang.String">dashpunct</Value>
</Feature>
<Feature>
  <Name className="java.lang.String">length</Name>
  <Value className="java.lang.String">1</Value>
</Feature>
<Feature>
  <Name className="java.lang.String">kind</Name>
  <Value className="java.lang.String">punctuation</Value>
</Feature>
<Feature>
  <Name className="java.lang.String">coreferences</Name>
  <Value className="java.util.ArrayList" itemClassName="java.lang.Integer">5002;5040;5046;5060;5182;5216;5468;5622;5660</Value>
</Feature>
<Feature>
  <Name className="java.lang.String">string</Name>
  <Value className="java.lang.String">-</Value>
</Feature>
</Annotation>
<Annotation Id="4989" Type="Token" StartNode="2" EndNode="20">
<Feature>
  <Name className="java.lang.String">length</Name>
  <Value className="java.lang.String">18</Value>
</Feature>
<Feature>
  <Name className="java.lang.String">orth</Name>
  <Value className="java.lang.String">upperInitial</Value>
</Feature>
<Feature>
  <Name className="java.lang.String">kind</Name>
  <Value className="java.lang.String">word</Value>
</Feature>
<Feature>
  <Name className="java.lang.String">coreferences</Name>
  <Value className="java.util.ArrayList" itemClassName="java.lang.Integer">5217;5623</Value>
</Feature>
<Feature>
  <Name className="java.lang.String">string</Name>
  <Value className="java.lang.String">Nitrodiphenylamine</Value>
</Feature>
</Annotation>
<Annotation Id="4990" Type="SpaceToken" StartNode="20" EndNode="21">
<Feature>
  <Name className="java.lang.String">length</Name>
  <Value className="java.lang.String">1</Value>
</Feature>
<Feature>
  <Name className="java.lang.String">kind</Name>
  <Value className="java.lang.String">space</Value>
</Feature>
<Feature>
  <Name className="java.lang.String">string</Name>
  <Value className="java.lang.String"> </Value>
</Feature>
</Annotation>
<Annotation Id="4991" Type="Token" StartNode="21" EndNode="22">
<Feature>
  <Name className="java.lang.String">length</Name>
  <Value className="java.lang.String">1</Value>
</Feature>
<Feature>
  <Name className="java.lang.String">kind</Name>
  <Value className="java.lang.String">punctuation</Value>
</Feature>
<Feature>
  <Name className="java.lang.String">coreferences</Name>
  <Value className="java.util.ArrayList" itemClassName="java.lang.Integer">4999;5005;5012;5020;5029;5035;5043;5051;5063;5073;5083;5119;5156;5171;5235;5239;5257;5263;5283;5301;5305;5328;5348;5403;5444;5555;5573;5625;5630;5635</Value>
</Feature>
<Feature>
  <Name className="java.lang.String">string</Name>
  <Value className="java.lang.String">,</Value>
</Feature>
</Annotation>
<Annotation Id="5023" Type="Token" StartNode="82" EndNode="83">
<Feature>
  <Name className="java.lang.String">length</Name>
  <Value className="java.lang.String">1</Value>
</Feature>
<Feature>
  <Name className="java.lang.String">kind</Name>
  <Value className="java.lang.String">punctuation</Value>
</Feature>
<Feature>
  <Name className="java.lang.String">coreferences</Name>
  <Value className="java.util.ArrayList" itemClassName="java.lang.Integer">5025;5093;5143;5200;5212;5245;5247;5311;5340;5363;5395;5457;5499;5529;5564;5600;5641</Value>
</Feature>
<Feature>
  <Name className="java.lang.String">string</Name>
  <Value className="java.lang.String">.</Value>
</Feature>
</Annotation>
<Annotation Id="5022" Type="Token" StartNode="81" EndNode="82">
<Feature>
  <Name className="java.lang.String">majorType</Name>
  <Value className="java.lang.String">stop</Value>
</Feature>
<Feature>
  <Name className="java.lang.String">orth</Name>
  <Value className="java.lang.String">upperInitial</Value>
</Feature>
<Feature>
  <Name className="java.lang.String">coreferences</Name>
  <Value className="java.util.ArrayList" itemClassName="java.lang.Integer">5103;5123;5186;5199</Value>
</Feature>
<Feature>
  <Name className="java.lang.String">string</Name>
  <Value className="java.lang.String">C</Value>
</Feature>
<Feature>
  <Name className="java.lang.String">length</Name>
  <Value className="java.lang.String">1</Value>
</Feature>
<Feature>
  <Name className="java.lang.String">minorType</Name>
  <Value className="java.lang.String">lc</Value>
</Feature>
<Feature>
  <Name className="java.lang.String">language</Name>
  <Value className="java.lang.String">en</Value>
</Feature>
<Feature>
  <Name className="java.lang.String">kind</Name>
  <Value className="java.lang.String">word</Value>
</Feature>
</Annotation>
<Annotation Id="5021" Type="SpaceToken" StartNode="80" EndNode="81">
<Feature>
  <Name className="java.lang.String">length</Name>
  <Value className="java.lang.String">1</Value>
</Feature>
<Feature>
  <Name className="java.lang.String">kind</Name>
  <Value className="java.lang.String">space</Value>
</Feature>
<Feature>
  <Name className="java.lang.String">string</Name>
  <Value className="java.lang.String"> </Value>
</Feature>
</Annotation>
<Annotation Id="5020" Type="Token" StartNode="79" EndNode="80">
<Feature>
  <Name className="java.lang.String">length</Name>
  <Value className="java.lang.String">1</Value>
</Feature>
<Feature>
  <Name className="java.lang.String">kind</Name>
  <Value className="java.lang.String">punctuation</Value>
</Feature>
<Feature>
  <Name className="java.lang.String">string</Name>
  <Value className="java.lang.String">,</Value>
</Feature>
</Annotation>
<Annotation Id="5019" Type="SpaceToken" StartNode="78" EndNode="79">
<Feature>
  <Name className="java.lang.String">length</Name>
  <Value className="java.lang.String">1</Value>
</Feature>
<Feature>
  <Name className="java.lang.String">kind</Name>
  <Value className="java.lang.String">space</Value>
</Feature>
<Feature>
  <Name className="java.lang.String">string</Name>
  <Value className="java.lang.String"> </Value>
</Feature>
</Annotation>
<Annotation Id="5018" Type="Token" StartNode="74" EndNode="78">
<Feature>
  <Name className="java.lang.String">length</Name>
  <Value className="java.lang.String">4</Value>
</Feature>
<Feature>
  <Name className="java.lang.String">kind</Name>
  <Value className="java.lang.String">number</Value>
</Feature>
<Feature>
  <Name className="java.lang.String">coreferences</Name>
  <Value className="java.util.ArrayList"></Value>
</Feature>
<Feature>
  <Name className="java.lang.String">string</Name>
  <Value className="java.lang.String">1339</Value>
</Feature>
</Annotation>
<Annotation Id="5017" Type="SpaceToken" StartNode="73" EndNode="74">
<Feature>
  <Name className="java.lang.String">length</Name>
  <Value className="java.lang.String">1</Value>
</Feature>
<Feature>
  <Name className="java.lang.String">kind</Name>
  <Value className="java.lang.String">space</Value>
</Feature>
<Feature>
  <Name className="java.lang.String">string</Name>
  <Value className="java.lang.String"> </Value>
</Feature>
</Annotation>
<Annotation Id="5016" Type="Token" StartNode="67" EndNode="73">
<Feature>
  <Name className="java.lang.String">length</Name>
  <Value className="java.lang.String">6</Value>
</Feature>
<Feature>
  <Name className="java.lang.String">orth</Name>
  <Value className="java.lang.String">upperInitial</Value>
</Feature>
<Feature>
  <Name className="java.lang.String">kind</Name>
  <Value className="java.lang.String">word</Value>
</Feature>
<Feature>
  <Name className="java.lang.String">coreferences</Name>
  <Value className="java.util.ArrayList"></Value>
</Feature>
<Feature>
  <Name className="java.lang.String">string</Name>
  <Value className="java.lang.String">Yellow</Value>
</Feature>
</Annotation>
<Annotation Id="5015" Type="SpaceToken" StartNode="66" EndNode="67">
<Feature>
  <Name className="java.lang.String">length</Name>
  <Value className="java.lang.String">1</Value>
</Feature>
<Feature>
  <Name className="java.lang.String">kind</Name>
  <Value className="java.lang.String">space</Value>
</Feature>
<Feature>
  <Name className="java.lang.String">string</Name>
  <Value className="java.lang.String"> </Value>
</Feature>
</Annotation>
<Annotation Id="5014" Type="Token" StartNode="61" EndNode="66">
<Feature>
  <Name className="java.lang.String">length</Name>
  <Value className="java.lang.String">5</Value>
</Feature>
<Feature>
  <Name className="java.lang.String">orth</Name>
  <Value className="java.lang.String">upperInitial</Value>
</Feature>
<Feature>
  <Name className="java.lang.String">kind</Name>
  <Value className="java.lang.String">word</Value>
</Feature>
<Feature>
  <Name className="java.lang.String">coreferences</Name>
  <Value className="java.util.ArrayList"></Value>
</Feature>
<Feature>
  <Name className="java.lang.String">string</Name>
  <Value className="java.lang.String">Sudan</Value>
</Feature>
</Annotation>
<Annotation Id="5013" Type="SpaceToken" StartNode="60" EndNode="61">
<Feature>
  <Name className="java.lang.String">length</Name>
  <Value className="java.lang.String">1</Value>
</Feature>
<Feature>
  <Name className="java.lang.String">kind</Name>
  <Value className="java.lang.String">space</Value>
</Feature>
<Feature>
  <Name className="java.lang.String">string</Name>
  <Value className="java.lang.String"> </Value>
</Feature>
</Annotation>
<Annotation Id="5012" Type="Token" StartNode="59" EndNode="60">
<Feature>
  <Name className="java.lang.String">length</Name>
  <Value className="java.lang.String">1</Value>
</Feature>
<Feature>
  <Name className="java.lang.String">kind</Name>
  <Value className="java.lang.String">punctuation</Value>
</Feature>
<Feature>
  <Name className="java.lang.String">string</Name>
  <Value className="java.lang.String">,</Value>
</Feature>
</Annotation>
<Annotation Id="5011" Type="SpaceToken" StartNode="58" EndNode="59">
<Feature>
  <Name className="java.lang.String">length</Name>
  <Value className="java.lang.String">1</Value>
</Feature>
<Feature>
  <Name className="java.lang.String">kind</Name>
  <Value className="java.lang.String">space</Value>
</Feature>
<Feature>
  <Name className="java.lang.String">string</Name>
  <Value className="java.lang.String"> </Value>
</Feature>
</Annotation>
<Annotation Id="5010" Type="Token" StartNode="55" EndNode="58">
<Feature>
  <Name className="java.lang.String">length</Name>
  <Value className="java.lang.String">3</Value>
</Feature>
<Feature>
  <Name className="java.lang.String">orth</Name>
  <Value className="java.lang.String">allCaps</Value>
</Feature>
<Feature>
  <Name className="java.lang.String">kind</Name>
  <Value className="java.lang.String">word</Value>
</Feature>
<Feature>
  <Name className="java.lang.String">coreferences</Name>
  <Value className="java.util.ArrayList"></Value>
</Feature>
<Feature>
  <Name className="java.lang.String">string</Name>
  <Value className="java.lang.String">DPA</Value>
</Feature>
</Annotation>
<Annotation Id="5009" Type="Token" StartNode="54" EndNode="55">
<Feature>
  <Name className="java.lang.String">length</Name>
  <Value className="java.lang.String">1</Value>
</Feature>
<Feature>
  <Name className="java.lang.String">majorType</Name>
  <Value className="java.lang.String">stop</Value>
</Feature>
<Feature>
  <Name className="java.lang.String">minorType</Name>
  <Value className="java.lang.String">lc</Value>
</Feature>
<Feature>
  <Name className="java.lang.String">language</Name>
  <Value className="java.lang.String">en</Value>
</Feature>
<Feature>
  <Name className="java.lang.String">kind</Name>
  <Value className="java.lang.String">number</Value>
</Feature>
<Feature>
  <Name className="java.lang.String">string</Name>
  <Value className="java.lang.String">2</Value>
</Feature>
</Annotation>
<Annotation Id="5008" Type="Token" StartNode="52" EndNode="54">
<Feature>
  <Name className="java.lang.String">majorType</Name>
  <Value className="java.lang.String">stop</Value>
</Feature>
<Feature>
  <Name className="java.lang.String">orth</Name>
  <Value className="java.lang.String">allCaps</Value>
</Feature>
<Feature>
  <Name className="java.lang.String">coreferences</Name>
  <Value className="java.util.ArrayList" itemClassName="java.lang.Integer">5139</Value>
</Feature>
<Feature>
  <Name className="java.lang.String">string</Name>
  <Value className="java.lang.String">NO</Value>
</Feature>
<Feature>
  <Name className="java.lang.String">length</Name>
  <Value className="java.lang.String">2</Value>
</Feature>
<Feature>
  <Name className="java.lang.String">minorType</Name>
  <Value className="java.lang.String">lc</Value>
</Feature>
<Feature>
  <Name className="java.lang.String">language</Name>
  <Value className="java.lang.String">en</Value>
</Feature>
<Feature>
  <Name className="java.lang.String">kind</Name>
  <Value className="java.lang.String">word</Value>
</Feature>
</Annotation>
<Annotation Id="5006" Type="SpaceToken" StartNode="50" EndNode="51">
<Feature>
  <Name className="java.lang.String">length</Name>
  <Value className="java.lang.String">1</Value>
</Feature>
<Feature>
  <Name className="java.lang.String">kind</Name>
  <Value className="java.lang.String">space</Value>
</Feature>
<Feature>
  <Name className="java.lang.String">string</Name>
  <Value className="java.lang.String"> </Value>
</Feature>
</Annotation>
<Annotation Id="5007" Type="Token" StartNode="51" EndNode="52">
<Feature>
  <Name className="java.lang.String">length</Name>
  <Value className="java.lang.String">1</Value>
</Feature>
<Feature>
  <Name className="java.lang.String">majorType</Name>
  <Value className="java.lang.String">stop</Value>
</Feature>
<Feature>
  <Name className="java.lang.String">minorType</Name>
  <Value className="java.lang.String">lc</Value>
</Feature>
<Feature>
  <Name className="java.lang.String">language</Name>
  <Value className="java.lang.String">en</Value>
</Feature>
<Feature>
  <Name className="java.lang.String">kind</Name>
  <Value className="java.lang.String">number</Value>
</Feature>
<Feature>
  <Name className="java.lang.String">string</Name>
  <Value className="java.lang.String">2</Value>
</Feature>
</Annotation>
<Annotation Id="5004" Type="SpaceToken" StartNode="48" EndNode="49">
<Feature>
  <Name className="java.lang.String">length</Name>
  <Value className="java.lang.String">1</Value>
</Feature>
<Feature>
  <Name className="java.lang.String">kind</Name>
  <Value className="java.lang.String">space</Value>
</Feature>
<Feature>
  <Name className="java.lang.String">string</Name>
  <Value className="java.lang.String"> </Value>
</Feature>
</Annotation>
<Annotation Id="5005" Type="Token" StartNode="49" EndNode="50">
<Feature>
  <Name className="java.lang.String">length</Name>
  <Value className="java.lang.String">1</Value>
</Feature>
<Feature>
  <Name className="java.lang.String">kind</Name>
  <Value className="java.lang.String">punctuation</Value>
</Feature>
<Feature>
  <Name className="java.lang.String">string</Name>
  <Value className="java.lang.String">,</Value>
</Feature>
</Annotation>
<Annotation Id="5002" Type="Token" StartNode="43" EndNode="44">
<Feature>
  <Name className="java.lang.String">subkind</Name>
  <Value className="java.lang.String">dashpunct</Value>
</Feature>
<Feature>
  <Name className="java.lang.String">length</Name>
  <Value className="java.lang.String">1</Value>
</Feature>
<Feature>
  <Name className="java.lang.String">kind</Name>
  <Value className="java.lang.String">punctuation</Value>
</Feature>
<Feature>
  <Name className="java.lang.String">string</Name>
  <Value className="java.lang.String">-</Value>
</Feature>
</Annotation>
<Annotation Id="5003" Type="Token" StartNode="44" EndNode="48">
<Feature>
  <Name className="java.lang.String">length</Name>
  <Value className="java.lang.String">4</Value>
</Feature>
<Feature>
  <Name className="java.lang.String">orth</Name>
  <Value className="java.lang.String">allCaps</Value>
</Feature>
<Feature>
  <Name className="java.lang.String">kind</Name>
  <Value className="java.lang.String">word</Value>
</Feature>
<Feature>
  <Name className="java.lang.String">string</Name>
  <Value className="java.lang.String">NDPA</Value>
</Feature>
</Annotation>
<Annotation Id="5000" Type="SpaceToken" StartNode="41" EndNode="42">
<Feature>
  <Name className="java.lang.String">length</Name>
  <Value className="java.lang.String">1</Value>
</Feature>
<Feature>
  <Name className="java.lang.String">kind</Name>
  <Value className="java.lang.String">space</Value>
</Feature>
<Feature>
  <Name className="java.lang.String">string</Name>
  <Value className="java.lang.String"> </Value>
</Feature>
</Annotation>
<Annotation Id="5001" Type="Token" StartNode="42" EndNode="43">
<Feature>
  <Name className="java.lang.String">length</Name>
  <Value className="java.lang.String">1</Value>
</Feature>
<Feature>
  <Name className="java.lang.String">majorType</Name>
  <Value className="java.lang.String">stop</Value>
</Feature>
<Feature>
  <Name className="java.lang.String">minorType</Name>
  <Value className="java.lang.String">lc</Value>
</Feature>
<Feature>
  <Name className="java.lang.String">language</Name>
  <Value className="java.lang.String">en</Value>
</Feature>
<Feature>
  <Name className="java.lang.String">kind</Name>
  <Value className="java.lang.String">number</Value>
</Feature>
<Feature>
  <Name className="java.lang.String">string</Name>
  <Value className="java.lang.String">2</Value>
</Feature>
</Annotation>
<Annotation Id="4998" Type="SpaceToken" StartNode="39" EndNode="40">
<Feature>
  <Name className="java.lang.String">length</Name>
  <Value className="java.lang.String">1</Value>
</Feature>
<Feature>
  <Name className="java.lang.String">kind</Name>
  <Value className="java.lang.String">space</Value>
</Feature>
<Feature>
  <Name className="java.lang.String">string</Name>
  <Value className="java.lang.String"> </Value>
</Feature>
</Annotation>
<Annotation Id="4999" Type="Token" StartNode="40" EndNode="41">
<Feature>
  <Name className="java.lang.String">length</Name>
  <Value className="java.lang.String">1</Value>
</Feature>
<Feature>
  <Name className="java.lang.String">kind</Name>
  <Value className="java.lang.String">punctuation</Value>
</Feature>
<Feature>
  <Name className="java.lang.String">string</Name>
  <Value className="java.lang.String">,</Value>
</Feature>
</Annotation>
<Annotation Id="4996" Type="SpaceToken" StartNode="34" EndNode="35">
<Feature>
  <Name className="java.lang.String">length</Name>
  <Value className="java.lang.String">1</Value>
</Feature>
<Feature>
  <Name className="java.lang.String">kind</Name>
  <Value className="java.lang.String">space</Value>
</Feature>
<Feature>
  <Name className="java.lang.String">string</Name>
  <Value className="java.lang.String"> </Value>
</Feature>
</Annotation>
<Annotation Id="4997" Type="Token" StartNode="35" EndNode="39">
<Feature>
  <Name className="java.lang.String">length</Name>
  <Value className="java.lang.String">4</Value>
</Feature>
<Feature>
  <Name className="java.lang.String">orth</Name>
  <Value className="java.lang.String">allCaps</Value>
</Feature>
<Feature>
  <Name className="java.lang.String">kind</Name>
  <Value className="java.lang.String">word</Value>
</Feature>
<Feature>
  <Name className="java.lang.String">coreferences</Name>
  <Value className="java.util.ArrayList" itemClassName="java.lang.Integer">5003</Value>
</Feature>
<Feature>
  <Name className="java.lang.String">string</Name>
  <Value className="java.lang.String">NDPA</Value>
</Feature>
</Annotation>
<Annotation Id="4994" Type="SpaceToken" StartNode="27" EndNode="28">
<Feature>
  <Name className="java.lang.String">length</Name>
  <Value className="java.lang.String">1</Value>
</Feature>
<Feature>
  <Name className="java.lang.String">kind</Name>
  <Value className="java.lang.String">space</Value>
</Feature>
<Feature>
  <Name className="java.lang.String">string</Name>
  <Value className="java.lang.String"> </Value>
</Feature>
</Annotation>
<Annotation Id="4995" Type="Token" StartNode="28" EndNode="34">
<Feature>
  <Name className="java.lang.String">length</Name>
  <Value className="java.lang.String">6</Value>
</Feature>
<Feature>
  <Name className="java.lang.String">orth</Name>
  <Value className="java.lang.String">lowercase</Value>
</Feature>
<Feature>
  <Name className="java.lang.String">kind</Name>
  <Value className="java.lang.String">word</Value>
</Feature>
<Feature>
  <Name className="java.lang.String">coreferences</Name>
  <Value className="java.util.ArrayList"></Value>
</Feature>
<Feature>
  <Name className="java.lang.String">string</Name>
  <Value className="java.lang.String">called</Value>
</Feature>
</Annotation>
<Annotation Id="4992" Type="SpaceToken" StartNode="22" EndNode="23">
<Feature>
  <Name className="java.lang.String">length</Name>
  <Value className="java.lang.String">1</Value>
</Feature>
<Feature>
  <Name className="java.lang.String">kind</Name>
  <Value className="java.lang.String">space</Value>
</Feature>
<Feature>
  <Name className="java.lang.String">string</Name>
  <Value className="java.lang.String"> </Value>
</Feature>
</Annotation>
<Annotation Id="4993" Type="Token" StartNode="23" EndNode="27">
<Feature>
  <Name className="java.lang.String">length</Name>
  <Value className="java.lang.String">4</Value>
</Feature>
<Feature>
  <Name className="java.lang.String">orth</Name>
  <Value className="java.lang.String">lowercase</Value>
</Feature>
<Feature>
  <Name className="java.lang.String">kind</Name>
  <Value className="java.lang.String">word</Value>
</Feature>
<Feature>
  <Name className="java.lang.String">coreferences</Name>
  <Value className="java.util.ArrayList" itemClassName="java.lang.Integer">5317</Value>
</Feature>
<Feature>
  <Name className="java.lang.String">string</Name>
  <Value className="java.lang.String">also</Value>
</Feature>
</Annotation>
<Annotation Id="5053" Type="Token" StartNode="159" EndNode="161">
<Feature>
  <Name className="java.lang.String">majorType</Name>
  <Value className="java.lang.String">stop</Value>
</Feature>
<Feature>
  <Name className="java.lang.String">orth</Name>
  <Value className="java.lang.String">lowercase</Value>
</Feature>
<Feature>
  <Name className="java.lang.String">coreferences</Name>
  <Value className="java.util.ArrayList" itemClassName="java.lang.Integer">5121;5168</Value>
</Feature>
<Feature>
  <Name className="java.lang.String">string</Name>
  <Value className="java.lang.String">or</Value>
</Feature>
<Feature>
  <Name className="java.lang.String">length</Name>
  <Value className="java.lang.String">2</Value>
</Feature>
<Feature>
  <Name className="java.lang.String">minorType</Name>
  <Value className="java.lang.String">lc</Value>
</Feature>
<Feature>
  <Name className="java.lang.String">language</Name>
  <Value className="java.lang.String">en</Value>
</Feature>
<Feature>
  <Name className="java.lang.String">kind</Name>
  <Value className="java.lang.String">word</Value>
</Feature>
</Annotation>
<Annotation Id="5052" Type="SpaceToken" StartNode="158" EndNode="159">
<Feature>
  <Name className="java.lang.String">length</Name>
  <Value className="java.lang.String">1</Value>
</Feature>
<Feature>
  <Name className="java.lang.String">kind</Name>
  <Value className="java.lang.String">space</Value>
</Feature>
<Feature>
  <Name className="java.lang.String">string</Name>
  <Value className="java.lang.String"> </Value>
</Feature>
</Annotation>
<Annotation Id="5055" Type="Token" StartNode="162" EndNode="164">
<Feature>
  <Name className="java.lang.String">length</Name>
  <Value className="java.lang.String">2</Value>
</Feature>
<Feature>
  <Name className="java.lang.String">orth</Name>
  <Value className="java.lang.String">allCaps</Value>
</Feature>
<Feature>
  <Name className="java.lang.String">kind</Name>
  <Value className="java.lang.String">word</Value>
</Feature>
<Feature>
  <Name className="java.lang.String">string</Name>
  <Value className="java.lang.String">N-</Value>
</Feature>
</Annotation>
<Annotation Id="5054" Type="SpaceToken" StartNode="161" EndNode="162">
<Feature>
  <Name className="java.lang.String">length</Name>
  <Value className="java.lang.String">1</Value>
</Feature>
<Feature>
  <Name className="java.lang.String">kind</Name>
  <Value className="java.lang.String">space</Value>
</Feature>
<Feature>
  <Name className="java.lang.String">string</Name>
  <Value className="java.lang.String"> </Value>
</Feature>
</Annotation>
<Annotation Id="5049" Type="Token" StartNode="143" EndNode="156">
<Feature>
  <Name className="java.lang.String">length</Name>
  <Value className="java.lang.String">13</Value>
</Feature>
<Feature>
  <Name className="java.lang.String">orth</Name>
  <Value className="java.lang.String">lowercase</Value>
</Feature>
<Feature>
  <Name className="java.lang.String">kind</Name>
  <Value className="java.lang.String">word</Value>
</Feature>
<Feature>
  <Name className="java.lang.String">coreferences</Name>
  <Value className="java.util.ArrayList"></Value>
</Feature>
<Feature>
  <Name className="java.lang.String">string</Name>
  <Value className="java.lang.String">phenylaniline</Value>
</Feature>
</Annotation>
<Annotation Id="5048" Type="Token" StartNode="141" EndNode="143">
<Feature>
  <Name className="java.lang.String">length</Name>
  <Value className="java.lang.String">2</Value>
</Feature>
<Feature>
  <Name className="java.lang.String">orth</Name>
  <Value className="java.lang.String">allCaps</Value>
</Feature>
<Feature>
  <Name className="java.lang.String">kind</Name>
  <Value className="java.lang.String">word</Value>
</Feature>
<Feature>
  <Name className="java.lang.String">coreferences</Name>
  <Value className="java.util.ArrayList" itemClassName="java.lang.Integer">5055;5627;5632</Value>
</Feature>
<Feature>
  <Name className="java.lang.String">string</Name>
  <Value className="java.lang.String">N-</Value>
</Feature>
</Annotation>
<Annotation Id="5051" Type="Token" StartNode="157" EndNode="158">
<Feature>
  <Name className="java.lang.String">length</Name>
  <Value className="java.lang.String">1</Value>
</Feature>
<Feature>
  <Name className="java.lang.String">kind</Name>
  <Value className="java.lang.String">punctuation</Value>
</Feature>
<Feature>
  <Name className="java.lang.String">string</Name>
  <Value className="java.lang.String">,</Value>
</Feature>
</Annotation>
<Annotation Id="5050" Type="SpaceToken" StartNode="156" EndNode="157">
<Feature>
  <Name className="java.lang.String">length</Name>
  <Value className="java.lang.String">1</Value>
</Feature>
<Feature>
  <Name className="java.lang.String">kind</Name>
  <Value className="java.lang.String">space</Value>
</Feature>
<Feature>
  <Name className="java.lang.String">string</Name>
  <Value className="java.lang.String"> </Value>
</Feature>
</Annotation>
<Annotation Id="5045" Type="Token" StartNode="133" EndNode="134">
<Feature>
  <Name className="java.lang.String">length</Name>
  <Value className="java.lang.String">1</Value>
</Feature>
<Feature>
  <Name className="java.lang.String">majorType</Name>
  <Value className="java.lang.String">stop</Value>
</Feature>
<Feature>
  <Name className="java.lang.String">minorType</Name>
  <Value className="java.lang.String">lc</Value>
</Feature>
<Feature>
  <Name className="java.lang.String">language</Name>
  <Value className="java.lang.String">en</Value>
</Feature>
<Feature>
  <Name className="java.lang.String">kind</Name>
  <Value className="java.lang.String">number</Value>
</Feature>
<Feature>
  <Name className="java.lang.String">string</Name>
  <Value className="java.lang.String">2</Value>
</Feature>
</Annotation>
<Annotation Id="5044" Type="SpaceToken" StartNode="132" EndNode="133">
<Feature>
  <Name className="java.lang.String">length</Name>
  <Value className="java.lang.String">1</Value>
</Feature>
<Feature>
  <Name className="java.lang.String">kind</Name>
  <Value className="java.lang.String">space</Value>
</Feature>
<Feature>
  <Name className="java.lang.String">string</Name>
  <Value className="java.lang.String"> </Value>
</Feature>
</Annotation>
<Annotation Id="5047" Type="Token" StartNode="135" EndNode="141">
<Feature>
  <Name className="java.lang.String">length</Name>
  <Value className="java.lang.String">6</Value>
</Feature>
<Feature>
  <Name className="java.lang.String">orth</Name>
  <Value className="java.lang.String">lowercase</Value>
</Feature>
<Feature>
  <Name className="java.lang.String">kind</Name>
  <Value className="java.lang.String">word</Value>
</Feature>
<Feature>
  <Name className="java.lang.String">coreferences</Name>
  <Value className="java.util.ArrayList"></Value>
</Feature>
<Feature>
  <Name className="java.lang.String">string</Name>
  <Value className="java.lang.String">nitro-</Value>
</Feature>
</Annotation>
<Annotation Id="5046" Type="Token" StartNode="134" EndNode="135">
<Feature>
  <Name className="java.lang.String">subkind</Name>
  <Value className="java.lang.String">dashpunct</Value>
</Feature>
<Feature>
  <Name className="java.lang.String">length</Name>
  <Value className="java.lang.String">1</Value>
</Feature>
<Feature>
  <Name className="java.lang.String">kind</Name>
  <Value className="java.lang.String">punctuation</Value>
</Feature>
<Feature>
  <Name className="java.lang.String">string</Name>
  <Value className="java.lang.String">-</Value>
</Feature>
</Annotation>
<Annotation Id="5041" Type="Token" StartNode="114" EndNode="130">
<Feature>
  <Name className="java.lang.String">length</Name>
  <Value className="java.lang.String">16</Value>
</Feature>
<Feature>
  <Name className="java.lang.String">orth</Name>
  <Value className="java.lang.String">lowercase</Value>
</Feature>
<Feature>
  <Name className="java.lang.String">kind</Name>
  <Value className="java.lang.String">word</Value>
</Feature>
<Feature>
  <Name className="java.lang.String">coreferences</Name>
  <Value className="java.util.ArrayList"></Value>
</Feature>
<Feature>
  <Name className="java.lang.String">string</Name>
  <Value className="java.lang.String">nitrophenylamine</Value>
</Feature>
</Annotation>
<Annotation Id="5040" Type="Token" StartNode="113" EndNode="114">
<Feature>
  <Name className="java.lang.String">subkind</Name>
  <Value className="java.lang.String">dashpunct</Value>
</Feature>
<Feature>
  <Name className="java.lang.String">length</Name>
  <Value className="java.lang.String">1</Value>
</Feature>
<Feature>
  <Name className="java.lang.String">kind</Name>
  <Value className="java.lang.String">punctuation</Value>
</Feature>
<Feature>
  <Name className="java.lang.String">string</Name>
  <Value className="java.lang.String">-</Value>
</Feature>
</Annotation>
<Annotation Id="5043" Type="Token" StartNode="131" EndNode="132">
<Feature>
  <Name className="java.lang.String">length</Name>
  <Value className="java.lang.String">1</Value>
</Feature>
<Feature>
  <Name className="java.lang.String">kind</Name>
  <Value className="java.lang.String">punctuation</Value>
</Feature>
<Feature>
  <Name className="java.lang.String">string</Name>
  <Value className="java.lang.String">,</Value>
</Feature>
</Annotation>
<Annotation Id="5042" Type="SpaceToken" StartNode="130" EndNode="131">
<Feature>
  <Name className="java.lang.String">length</Name>
  <Value className="java.lang.String">1</Value>
</Feature>
<Feature>
  <Name className="java.lang.String">kind</Name>
  <Value className="java.lang.String">space</Value>
</Feature>
<Feature>
  <Name className="java.lang.String">string</Name>
  <Value className="java.lang.String"> </Value>
</Feature>
</Annotation>
<Annotation Id="5036" Type="SpaceToken" StartNode="104" EndNode="105">
<Feature>
  <Name className="java.lang.String">length</Name>
  <Value className="java.lang.String">1</Value>
</Feature>
<Feature>
  <Name className="java.lang.String">kind</Name>
  <Value className="java.lang.String">space</Value>
</Feature>
<Feature>
  <Name className="java.lang.String">string</Name>
  <Value className="java.lang.String"> </Value>
</Feature>
</Annotation>
<Annotation Id="5037" Type="Token" StartNode="105" EndNode="111">
<Feature>
  <Name className="java.lang.String">length</Name>
  <Value className="java.lang.String">6</Value>
</Feature>
<Feature>
  <Name className="java.lang.String">orth</Name>
  <Value className="java.lang.String">lowercase</Value>
</Feature>
<Feature>
  <Name className="java.lang.String">kind</Name>
  <Value className="java.lang.String">word</Value>
</Feature>
<Feature>
  <Name className="java.lang.String">coreferences</Name>
  <Value className="java.util.ArrayList"></Value>
</Feature>
<Feature>
  <Name className="java.lang.String">string</Name>
  <Value className="java.lang.String">phenyl</Value>
</Feature>
</Annotation>
<Annotation Id="5038" Type="SpaceToken" StartNode="111" EndNode="112">
<Feature>
  <Name className="java.lang.String">length</Name>
  <Value className="java.lang.String">1</Value>
</Feature>
<Feature>
  <Name className="java.lang.String">kind</Name>
  <Value className="java.lang.String">space</Value>
</Feature>
<Feature>
  <Name className="java.lang.String">string</Name>
  <Value className="java.lang.String"> </Value>
</Feature>
</Annotation>
<Annotation Id="5039" Type="Token" StartNode="112" EndNode="113">
<Feature>
  <Name className="java.lang.String">length</Name>
  <Value className="java.lang.String">1</Value>
</Feature>
<Feature>
  <Name className="java.lang.String">majorType</Name>
  <Value className="java.lang.String">stop</Value>
</Feature>
<Feature>
  <Name className="java.lang.String">minorType</Name>
  <Value className="java.lang.String">lc</Value>
</Feature>
<Feature>
  <Name className="java.lang.String">language</Name>
  <Value className="java.lang.String">en</Value>
</Feature>
<Feature>
  <Name className="java.lang.String">kind</Name>
  <Value className="java.lang.String">number</Value>
</Feature>
<Feature>
  <Name className="java.lang.String">string</Name>
  <Value className="java.lang.String">2</Value>
</Feature>
</Annotation>
<Annotation Id="5032" Type="SpaceToken" StartNode="96" EndNode="97">
<Feature>
  <Name className="java.lang.String">length</Name>
  <Value className="java.lang.String">1</Value>
</Feature>
<Feature>
  <Name className="java.lang.String">kind</Name>
  <Value className="java.lang.String">space</Value>
</Feature>
<Feature>
  <Name className="java.lang.String">string</Name>
  <Value className="java.lang.String"> </Value>
</Feature>
</Annotation>
<Annotation Id="5033" Type="Token" StartNode="97" EndNode="102">
<Feature>
  <Name className="java.lang.String">length</Name>
  <Value className="java.lang.String">5</Value>
</Feature>
<Feature>
  <Name className="java.lang.String">kind</Name>
  <Value className="java.lang.String">number</Value>
</Feature>
<Feature>
  <Name className="java.lang.String">string</Name>
  <Value className="java.lang.String">10335</Value>
</Feature>
</Annotation>
<Annotation Id="5034" Type="SpaceToken" StartNode="102" EndNode="103">
<Feature>
  <Name className="java.lang.String">length</Name>
  <Value className="java.lang.String">1</Value>
</Feature>
<Feature>
  <Name className="java.lang.String">kind</Name>
  <Value className="java.lang.String">space</Value>
</Feature>
<Feature>
  <Name className="java.lang.String">string</Name>
  <Value className="java.lang.String"> </Value>
</Feature>
</Annotation>
<Annotation Id="5035" Type="Token" StartNode="103" EndNode="104">
<Feature>
  <Name className="java.lang.String">length</Name>
  <Value className="java.lang.String">1</Value>
</Feature>
<Feature>
  <Name className="java.lang.String">kind</Name>
  <Value className="java.lang.String">punctuation</Value>
</Feature>
<Feature>
  <Name className="java.lang.String">string</Name>
  <Value className="java.lang.String">,</Value>
</Feature>
</Annotation>
<Annotation Id="5028" Type="SpaceToken" StartNode="91" EndNode="92">
<Feature>
  <Name className="java.lang.String">length</Name>
  <Value className="java.lang.String">1</Value>
</Feature>
<Feature>
  <Name className="java.lang.String">kind</Name>
  <Value className="java.lang.String">space</Value>
</Feature>
<Feature>
  <Name className="java.lang.String">string</Name>
  <Value className="java.lang.String"> </Value>
</Feature>
</Annotation>
<Annotation Id="5029" Type="Token" StartNode="92" EndNode="93">
<Feature>
  <Name className="java.lang.String">length</Name>
  <Value className="java.lang.String">1</Value>
</Feature>
<Feature>
  <Name className="java.lang.String">kind</Name>
  <Value className="java.lang.String">punctuation</Value>
</Feature>
<Feature>
  <Name className="java.lang.String">string</Name>
  <Value className="java.lang.String">,</Value>
</Feature>
</Annotation>
<Annotation Id="5030" Type="SpaceToken" StartNode="93" EndNode="94">
<Feature>
  <Name className="java.lang.String">length</Name>
  <Value className="java.lang.String">1</Value>
</Feature>
<Feature>
  <Name className="java.lang.String">kind</Name>
  <Value className="java.lang.String">space</Value>
</Feature>
<Feature>
  <Name className="java.lang.String">string</Name>
  <Value className="java.lang.String"> </Value>
</Feature>
</Annotation>
<Annotation Id="5031" Type="Token" StartNode="94" EndNode="96">
<Feature>
  <Name className="java.lang.String">length</Name>
  <Value className="java.lang.String">2</Value>
</Feature>
<Feature>
  <Name className="java.lang.String">orth</Name>
  <Value className="java.lang.String">allCaps</Value>
</Feature>
<Feature>
  <Name className="java.lang.String">kind</Name>
  <Value className="java.lang.String">word</Value>
</Feature>
<Feature>
  <Name className="java.lang.String">coreferences</Name>
  <Value className="java.util.ArrayList"></Value>
</Feature>
<Feature>
  <Name className="java.lang.String">string</Name>
  <Value className="java.lang.String">CI</Value>
</Feature>
</Annotation>
<Annotation Id="5024" Type="Token" StartNode="83" EndNode="84">
<Feature>
  <Name className="java.lang.String">majorType</Name>
  <Value className="java.lang.String">stop</Value>
</Feature>
<Feature>
  <Name className="java.lang.String">orth</Name>
  <Value className="java.lang.String">upperInitial</Value>
</Feature>
<Feature>
  <Name className="java.lang.String">coreferences</Name>
  <Value className="java.util.ArrayList"></Value>
</Feature>
<Feature>
  <Name className="java.lang.String">string</Name>
  <Value className="java.lang.String">I</Value>
</Feature>
<Feature>
  <Name className="java.lang.String">length</Name>
  <Value className="java.lang.String">1</Value>
</Feature>
<Feature>
  <Name className="java.lang.String">minorType</Name>
  <Value className="java.lang.String">lc</Value>
</Feature>
<Feature>
  <Name className="java.lang.String">language</Name>
  <Value className="java.lang.String">en</Value>
</Feature>
<Feature>
  <Name className="java.lang.String">kind</Name>
  <Value className="java.lang.String">word</Value>
</Feature>
</Annotation>
<Annotation Id="5025" Type="Token" StartNode="84" EndNode="85">
<Feature>
  <Name className="java.lang.String">length</Name>
  <Value className="java.lang.String">1</Value>
</Feature>
<Feature>
  <Name className="java.lang.String">kind</Name>
  <Value className="java.lang.String">punctuation</Value>
</Feature>
<Feature>
  <Name className="java.lang.String">string</Name>
  <Value className="java.lang.String">.</Value>
</Feature>
</Annotation>
<Annotation Id="5026" Type="SpaceToken" StartNode="85" EndNode="86">
<Feature>
  <Name className="java.lang.String">length</Name>
  <Value className="java.lang.String">1</Value>
</Feature>
<Feature>
  <Name className="java.lang.String">kind</Name>
  <Value className="java.lang.String">space</Value>
</Feature>
<Feature>
  <Name className="java.lang.String">string</Name>
  <Value className="java.lang.String"> </Value>
</Feature>
</Annotation>
<Annotation Id="5027" Type="Token" StartNode="86" EndNode="91">
<Feature>
  <Name className="java.lang.String">length</Name>
  <Value className="java.lang.String">5</Value>
</Feature>
<Feature>
  <Name className="java.lang.String">kind</Name>
  <Value className="java.lang.String">number</Value>
</Feature>
<Feature>
  <Name className="java.lang.String">coreferences</Name>
  <Value className="java.util.ArrayList" itemClassName="java.lang.Integer">5033</Value>
</Feature>
<Feature>
  <Name className="java.lang.String">string</Name>
  <Value className="java.lang.String">10335</Value>
</Feature>
</Annotation>
<Annotation Id="5083" Type="Token" StartNode="241" EndNode="242">
<Feature>
  <Name className="java.lang.String">length</Name>
  <Value className="java.lang.String">1</Value>
</Feature>
<Feature>
  <Name className="java.lang.String">kind</Name>
  <Value className="java.lang.String">punctuation</Value>
</Feature>
<Feature>
  <Name className="java.lang.String">string</Name>
  <Value className="java.lang.String">,</Value>
</Feature>
</Annotation>
<Annotation Id="5082" Type="SpaceToken" StartNode="240" EndNode="241">
<Feature>
  <Name className="java.lang.String">length</Name>
  <Value className="java.lang.String">1</Value>
</Feature>
<Feature>
  <Name className="java.lang.String">kind</Name>
  <Value className="java.lang.String">space</Value>
</Feature>
<Feature>
  <Name className="java.lang.String">string</Name>
  <Value className="java.lang.String"> </Value>
</Feature>
</Annotation>
<Annotation Id="5081" Type="Token" StartNode="235" EndNode="240">
<Feature>
  <Name className="java.lang.String">length</Name>
  <Value className="java.lang.String">5</Value>
</Feature>
<Feature>
  <Name className="java.lang.String">orth</Name>
  <Value className="java.lang.String">lowercase</Value>
</Feature>
<Feature>
  <Name className="java.lang.String">kind</Name>
  <Value className="java.lang.String">word</Value>
</Feature>
<Feature>
  <Name className="java.lang.String">coreferences</Name>
  <Value className="java.util.ArrayList"></Value>
</Feature>
<Feature>
  <Name className="java.lang.String">string</Name>
  <Value className="java.lang.String">amine</Value>
</Feature>
</Annotation>
<Annotation Id="5080" Type="SpaceToken" StartNode="234" EndNode="235">
<Feature>
  <Name className="java.lang.String">length</Name>
  <Value className="java.lang.String">1</Value>
</Feature>
<Feature>
  <Name className="java.lang.String">kind</Name>
  <Value className="java.lang.String">space</Value>
</Feature>
<Feature>
  <Name className="java.lang.String">string</Name>
  <Value className="java.lang.String"> </Value>
</Feature>
</Annotation>
<Annotation Id="5087" Type="Token" StartNode="245" EndNode="253">
<Feature>
  <Name className="java.lang.String">length</Name>
  <Value className="java.lang.String">8</Value>
</Feature>
<Feature>
  <Name className="java.lang.String">orth</Name>
  <Value className="java.lang.String">lowercase</Value>
</Feature>
<Feature>
  <Name className="java.lang.String">kind</Name>
  <Value className="java.lang.String">word</Value>
</Feature>
<Feature>
  <Name className="java.lang.String">coreferences</Name>
  <Value className="java.util.ArrayList"></Value>
</Feature>
<Feature>
  <Name className="java.lang.String">string</Name>
  <Value className="java.lang.String">derivate</Value>
</Feature>
</Annotation>
<Annotation Id="5086" Type="SpaceToken" StartNode="244" EndNode="245">
<Feature>
  <Name className="java.lang.String">length</Name>
  <Value className="java.lang.String">1</Value>
</Feature>
<Feature>
  <Name className="java.lang.String">kind</Name>
  <Value className="java.lang.String">space</Value>
</Feature>
<Feature>
  <Name className="java.lang.String">string</Name>
  <Value className="java.lang.String"> </Value>
</Feature>
</Annotation>
<Annotation Id="5085" Type="Token" StartNode="243" EndNode="244">
<Feature>
  <Name className="java.lang.String">length</Name>
  <Value className="java.lang.String">1</Value>
</Feature>
<Feature>
  <Name className="java.lang.String">majorType</Name>
  <Value className="java.lang.String">stop</Value>
</Feature>
<Feature>
  <Name className="java.lang.String">minorType</Name>
  <Value className="java.lang.String">lc</Value>
</Feature>
<Feature>
  <Name className="java.lang.String">orth</Name>
  <Value className="java.lang.String">lowercase</Value>
</Feature>
<Feature>
  <Name className="java.lang.String">language</Name>
  <Value className="java.lang.String">en</Value>
</Feature>
<Feature>
  <Name className="java.lang.String">kind</Name>
  <Value className="java.lang.String">word</Value>
</Feature>
<Feature>
  <Name className="java.lang.String">string</Name>
  <Value className="java.lang.String">a</Value>
</Feature>
</Annotation>
<Annotation Id="5084" Type="SpaceToken" StartNode="242" EndNode="243">
<Feature>
  <Name className="java.lang.String">length</Name>
  <Value className="java.lang.String">1</Value>
</Feature>
<Feature>
  <Name className="java.lang.String">kind</Name>
  <Value className="java.lang.String">space</Value>
</Feature>
<Feature>
  <Name className="java.lang.String">string</Name>
  <Value className="java.lang.String"> </Value>
</Feature>
</Annotation>
<Annotation Id="5075" Type="Token" StartNode="215" EndNode="216">
<Feature>
  <Name className="java.lang.String">majorType</Name>
  <Value className="java.lang.String">stop</Value>
</Feature>
<Feature>
  <Name className="java.lang.String">orth</Name>
  <Value className="java.lang.String">lowercase</Value>
</Feature>
<Feature>
  <Name className="java.lang.String">coreferences</Name>
  <Value className="java.util.ArrayList" itemClassName="java.lang.Integer">5085;5149;5225;5332;5400;5613</Value>
</Feature>
<Feature>
  <Name className="java.lang.String">string</Name>
  <Value className="java.lang.String">a</Value>
</Feature>
<Feature>
  <Name className="java.lang.String">length</Name>
  <Value className="java.lang.String">1</Value>
</Feature>
<Feature>
  <Name className="java.lang.String">minorType</Name>
  <Value className="java.lang.String">lc</Value>
</Feature>
<Feature>
  <Name className="java.lang.String">language</Name>
  <Value className="java.lang.String">en</Value>
</Feature>
<Feature>
  <Name className="java.lang.String">kind</Name>
  <Value className="java.lang.String">word</Value>
</Feature>
</Annotation>
<Annotation Id="5074" Type="SpaceToken" StartNode="214" EndNode="215">
<Feature>
  <Name className="java.lang.String">length</Name>
  <Value className="java.lang.String">1</Value>
</Feature>
<Feature>
  <Name className="java.lang.String">kind</Name>
  <Value className="java.lang.String">space</Value>
</Feature>
<Feature>
  <Name className="java.lang.String">string</Name>
  <Value className="java.lang.String"> </Value>
</Feature>
</Annotation>
<Annotation Id="5073" Type="Token" StartNode="213" EndNode="214">
<Feature>
  <Name className="java.lang.String">length</Name>
  <Value className="java.lang.String">1</Value>
</Feature>
<Feature>
  <Name className="java.lang.String">kind</Name>
  <Value className="java.lang.String">punctuation</Value>
</Feature>
<Feature>
  <Name className="java.lang.String">string</Name>
  <Value className="java.lang.String">,</Value>
</Feature>
</Annotation>
<Annotation Id="5072" Type="SpaceToken" StartNode="212" EndNode="213">
<Feature>
  <Name className="java.lang.String">length</Name>
  <Value className="java.lang.String">1</Value>
</Feature>
<Feature>
  <Name className="java.lang.String">kind</Name>
  <Value className="java.lang.String">space</Value>
</Feature>
<Feature>
  <Name className="java.lang.String">string</Name>
  <Value className="java.lang.String"> </Value>
</Feature>
</Annotation>
<Annotation Id="5079" Type="Token" StartNode="226" EndNode="234">
<Feature>
  <Name className="java.lang.String">length</Name>
  <Value className="java.lang.String">8</Value>
</Feature>
<Feature>
  <Name className="java.lang.String">orth</Name>
  <Value className="java.lang.String">lowercase</Value>
</Feature>
<Feature>
  <Name className="java.lang.String">kind</Name>
  <Value className="java.lang.String">word</Value>
</Feature>
<Feature>
  <Name className="java.lang.String">coreferences</Name>
  <Value className="java.util.ArrayList"></Value>
</Feature>
<Feature>
  <Name className="java.lang.String">string</Name>
  <Value className="java.lang.String">aromatic</Value>
</Feature>
</Annotation>
<Annotation Id="5078" Type="SpaceToken" StartNode="225" EndNode="226">
<Feature>
  <Name className="java.lang.String">length</Name>
  <Value className="java.lang.String">1</Value>
</Feature>
<Feature>
  <Name className="java.lang.String">kind</Name>
  <Value className="java.lang.String">space</Value>
</Feature>
<Feature>
  <Name className="java.lang.String">string</Name>
  <Value className="java.lang.String"> </Value>
</Feature>
</Annotation>
<Annotation Id="5077" Type="Token" StartNode="217" EndNode="225">
<Feature>
  <Name className="java.lang.String">length</Name>
  <Value className="java.lang.String">8</Value>
</Feature>
<Feature>
  <Name className="java.lang.String">orth</Name>
  <Value className="java.lang.String">lowercase</Value>
</Feature>
<Feature>
  <Name className="java.lang.String">kind</Name>
  <Value className="java.lang.String">word</Value>
</Feature>
<Feature>
  <Name className="java.lang.String">coreferences</Name>
  <Value className="java.util.ArrayList"></Value>
</Feature>
<Feature>
  <Name className="java.lang.String">string</Name>
  <Value className="java.lang.String">nitrated</Value>
</Feature>
</Annotation>
<Annotation Id="5076" Type="SpaceToken" StartNode="216" EndNode="217">
<Feature>
  <Name className="java.lang.String">length</Name>
  <Value className="java.lang.String">1</Value>
</Feature>
<Feature>
  <Name className="java.lang.String">kind</Name>
  <Value className="java.lang.String">space</Value>
</Feature>
<Feature>
  <Name className="java.lang.String">string</Name>
  <Value className="java.lang.String"> </Value>
</Feature>
</Annotation>
<Annotation Id="5066" Type="SpaceToken" StartNode="192" EndNode="193">
<Feature>
  <Name className="java.lang.String">length</Name>
  <Value className="java.lang.String">1</Value>
</Feature>
<Feature>
  <Name className="java.lang.String">kind</Name>
  <Value className="java.lang.String">space</Value>
</Feature>
<Feature>
  <Name className="java.lang.String">string</Name>
  <Value className="java.lang.String"> </Value>
</Feature>
</Annotation>
<Annotation Id="5067" Type="Token" StartNode="193" EndNode="195">
<Feature>
  <Name className="java.lang.String">majorType</Name>
  <Value className="java.lang.String">stop</Value>
</Feature>
<Feature>
  <Name className="java.lang.String">orth</Name>
  <Value className="java.lang.String">lowercase</Value>
</Feature>
<Feature>
  <Name className="java.lang.String">coreferences</Name>
  <Value className="java.util.ArrayList" itemClassName="java.lang.Integer">5319</Value>
</Feature>
<Feature>
  <Name className="java.lang.String">string</Name>
  <Value className="java.lang.String">an</Value>
</Feature>
<Feature>
  <Name className="java.lang.String">length</Name>
  <Value className="java.lang.String">2</Value>
</Feature>
<Feature>
  <Name className="java.lang.String">minorType</Name>
  <Value className="java.lang.String">lc</Value>
</Feature>
<Feature>
  <Name className="java.lang.String">language</Name>
  <Value className="java.lang.String">en</Value>
</Feature>
<Feature>
  <Name className="java.lang.String">kind</Name>
  <Value className="java.lang.String">word</Value>
</Feature>
</Annotation>
<Annotation Id="5064" Type="SpaceToken" StartNode="189" EndNode="190">
<Feature>
  <Name className="java.lang.String">length</Name>
  <Value className="java.lang.String">1</Value>
</Feature>
<Feature>
  <Name className="java.lang.String">kind</Name>
  <Value className="java.lang.String">space</Value>
</Feature>
<Feature>
  <Name className="java.lang.String">string</Name>
  <Value className="java.lang.String"> </Value>
</Feature>
</Annotation>
<Annotation Id="5065" Type="Token" StartNode="190" EndNode="192">
<Feature>
  <Name className="java.lang.String">majorType</Name>
  <Value className="java.lang.String">stop</Value>
</Feature>
<Feature>
  <Name className="java.lang.String">orth</Name>
  <Value className="java.lang.String">lowercase</Value>
</Feature>
<Feature>
  <Name className="java.lang.String">coreferences</Name>
  <Value className="java.util.ArrayList" itemClassName="java.lang.Integer">5101;5147;5204;5219;5315;5352;5375;5411;5463</Value>
</Feature>
<Feature>
  <Name className="java.lang.String">string</Name>
  <Value className="java.lang.String">is</Value>
</Feature>
<Feature>
  <Name className="java.lang.String">length</Name>
  <Value className="java.lang.String">2</Value>
</Feature>
<Feature>
  <Name className="java.lang.String">minorType</Name>
  <Value className="java.lang.String">lc</Value>
</Feature>
<Feature>
  <Name className="java.lang.String">language</Name>
  <Value className="java.lang.String">en</Value>
</Feature>
<Feature>
  <Name className="java.lang.String">kind</Name>
  <Value className="java.lang.String">word</Value>
</Feature>
</Annotation>
<Annotation Id="5070" Type="SpaceToken" StartNode="203" EndNode="204">
<Feature>
  <Name className="java.lang.String">length</Name>
  <Value className="java.lang.String">1</Value>
</Feature>
<Feature>
  <Name className="java.lang.String">kind</Name>
  <Value className="java.lang.String">space</Value>
</Feature>
<Feature>
  <Name className="java.lang.String">string</Name>
  <Value className="java.lang.String"> </Value>
</Feature>
</Annotation>
<Annotation Id="5071" Type="Token" StartNode="204" EndNode="212">
<Feature>
  <Name className="java.lang.String">length</Name>
  <Value className="java.lang.String">8</Value>
</Feature>
<Feature>
  <Name className="java.lang.String">orth</Name>
  <Value className="java.lang.String">lowercase</Value>
</Feature>
<Feature>
  <Name className="java.lang.String">kind</Name>
  <Value className="java.lang.String">word</Value>
</Feature>
<Feature>
  <Name className="java.lang.String">coreferences</Name>
  <Value className="java.util.ArrayList" itemClassName="java.lang.Integer">5097</Value>
</Feature>
<Feature>
  <Name className="java.lang.String">string</Name>
  <Value className="java.lang.String">chemical</Value>
</Feature>
</Annotation>
<Annotation Id="5068" Type="SpaceToken" StartNode="195" EndNode="196">
<Feature>
  <Name className="java.lang.String">length</Name>
  <Value className="java.lang.String">1</Value>
</Feature>
<Feature>
  <Name className="java.lang.String">kind</Name>
  <Value className="java.lang.String">space</Value>
</Feature>
<Feature>
  <Name className="java.lang.String">string</Name>
  <Value className="java.lang.String"> </Value>
</Feature>
</Annotation>
<Annotation Id="5069" Type="Token" StartNode="196" EndNode="203">
<Feature>
  <Name className="java.lang.String">length</Name>
  <Value className="java.lang.String">7</Value>
</Feature>
<Feature>
  <Name className="java.lang.String">orth</Name>
  <Value className="java.lang.String">lowercase</Value>
</Feature>
<Feature>
  <Name className="java.lang.String">kind</Name>
  <Value className="java.lang.String">word</Value>
</Feature>
<Feature>
  <Name className="java.lang.String">coreferences</Name>
  <Value className="java.util.ArrayList" itemClassName="java.lang.Integer">5325</Value>
</Feature>
<Feature>
  <Name className="java.lang.String">string</Name>
  <Value className="java.lang.String">organic</Value>
</Feature>
</Annotation>
<Annotation Id="5058" Type="Token" StartNode="172" EndNode="173">
<Feature>
  <Name className="java.lang.String">majorType</Name>
  <Value className="java.lang.String">stop</Value>
</Feature>
<Feature>
  <Name className="java.lang.String">orth</Name>
  <Value className="java.lang.String">lowercase</Value>
</Feature>
<Feature>
  <Name className="java.lang.String">coreferences</Name>
  <Value className="java.util.ArrayList" itemClassName="java.lang.Integer">5115</Value>
</Feature>
<Feature>
  <Name className="java.lang.String">string</Name>
  <Value className="java.lang.String">o</Value>
</Feature>
<Feature>
  <Name className="java.lang.String">length</Name>
  <Value className="java.lang.String">1</Value>
</Feature>
<Feature>
  <Name className="java.lang.String">minorType</Name>
  <Value className="java.lang.String">lc</Value>
</Feature>
<Feature>
  <Name className="java.lang.String">language</Name>
  <Value className="java.lang.String">en</Value>
</Feature>
<Feature>
  <Name className="java.lang.String">kind</Name>
  <Value className="java.lang.String">word</Value>
</Feature>
</Annotation>
<Annotation Id="5059" Type="SpaceToken" StartNode="173" EndNode="174">
<Feature>
  <Name className="java.lang.String">length</Name>
  <Value className="java.lang.String">1</Value>
</Feature>
<Feature>
  <Name className="java.lang.String">kind</Name>
  <Value className="java.lang.String">space</Value>
</Feature>
<Feature>
  <Name className="java.lang.String">string</Name>
  <Value className="java.lang.String"> </Value>
</Feature>
</Annotation>
<Annotation Id="5056" Type="Token" StartNode="164" EndNode="171">
<Feature>
  <Name className="java.lang.String">length</Name>
  <Value className="java.lang.String">7</Value>
</Feature>
<Feature>
  <Name className="java.lang.String">orth</Name>
  <Value className="java.lang.String">lowercase</Value>
</Feature>
<Feature>
  <Name className="java.lang.String">kind</Name>
  <Value className="java.lang.String">word</Value>
</Feature>
<Feature>
  <Name className="java.lang.String">coreferences</Name>
  <Value className="java.util.ArrayList"></Value>
</Feature>
<Feature>
  <Name className="java.lang.String">string</Name>
  <Value className="java.lang.String">phenyl-</Value>
</Feature>
</Annotation>
<Annotation Id="5057" Type="SpaceToken" StartNode="171" EndNode="172">
<Feature>
  <Name className="java.lang.String">length</Name>
  <Value className="java.lang.String">1</Value>
</Feature>
<Feature>
  <Name className="java.lang.String">kind</Name>
  <Value className="java.lang.String">space</Value>
</Feature>
<Feature>
  <Name className="java.lang.String">string</Name>
  <Value className="java.lang.String"> </Value>
</Feature>
</Annotation>
<Annotation Id="5062" Type="SpaceToken" StartNode="187" EndNode="188">
<Feature>
  <Name className="java.lang.String">length</Name>
  <Value className="java.lang.String">1</Value>
</Feature>
<Feature>
  <Name className="java.lang.String">kind</Name>
  <Value className="java.lang.String">space</Value>
</Feature>
<Feature>
  <Name className="java.lang.String">string</Name>
  <Value className="java.lang.String"> </Value>
</Feature>
</Annotation>
<Annotation Id="5063" Type="Token" StartNode="188" EndNode="189">
<Feature>
  <Name className="java.lang.String">length</Name>
  <Value className="java.lang.String">1</Value>
</Feature>
<Feature>
  <Name className="java.lang.String">kind</Name>
  <Value className="java.lang.String">punctuation</Value>
</Feature>
<Feature>
  <Name className="java.lang.String">string</Name>
  <Value className="java.lang.String">,</Value>
</Feature>
</Annotation>
<Annotation Id="5060" Type="Token" StartNode="174" EndNode="175">
<Feature>
  <Name className="java.lang.String">subkind</Name>
  <Value className="java.lang.String">dashpunct</Value>
</Feature>
<Feature>
  <Name className="java.lang.String">length</Name>
  <Value className="java.lang.String">1</Value>
</Feature>
<Feature>
  <Name className="java.lang.String">kind</Name>
  <Value className="java.lang.String">punctuation</Value>
</Feature>
<Feature>
  <Name className="java.lang.String">string</Name>
  <Value className="java.lang.String">-</Value>
</Feature>
</Annotation>
<Annotation Id="5061" Type="Token" StartNode="175" EndNode="187">
<Feature>
  <Name className="java.lang.String">length</Name>
  <Value className="java.lang.String">12</Value>
</Feature>
<Feature>
  <Name className="java.lang.String">orth</Name>
  <Value className="java.lang.String">lowercase</Value>
</Feature>
<Feature>
  <Name className="java.lang.String">kind</Name>
  <Value className="java.lang.String">word</Value>
</Feature>
<Feature>
  <Name className="java.lang.String">coreferences</Name>
  <Value className="java.util.ArrayList"></Value>
</Feature>
<Feature>
  <Name className="java.lang.String">string</Name>
  <Value className="java.lang.String">nitroaniline</Value>
</Feature>
</Annotation>
<Annotation Id="5113" Type="Token" StartNode="309" EndNode="310">
<Feature>
  <Name className="java.lang.String">length</Name>
  <Value className="java.lang.String">1</Value>
</Feature>
<Feature>
  <Name className="java.lang.String">majorType</Name>
  <Value className="java.lang.String">stop</Value>
</Feature>
<Feature>
  <Name className="java.lang.String">minorType</Name>
  <Value className="java.lang.String">lc</Value>
</Feature>
<Feature>
  <Name className="java.lang.String">language</Name>
  <Value className="java.lang.String">en</Value>
</Feature>
<Feature>
  <Name className="java.lang.String">kind</Name>
  <Value className="java.lang.String">number</Value>
</Feature>
<Feature>
  <Name className="java.lang.String">string</Name>
  <Value className="java.lang.String">2</Value>
</Feature>
</Annotation>
<Annotation Id="5112" Type="SpaceToken" StartNode="308" EndNode="309">
<Feature>
  <Name className="java.lang.String">length</Name>
  <Value className="java.lang.String">1</Value>
</Feature>
<Feature>
  <Name className="java.lang.String">kind</Name>
  <Value className="java.lang.String">space</Value>
</Feature>
<Feature>
  <Name className="java.lang.String">string</Name>
  <Value className="java.lang.String"> </Value>
</Feature>
</Annotation>
<Annotation Id="5115" Type="Token" StartNode="311" EndNode="312">
<Feature>
  <Name className="java.lang.String">length</Name>
  <Value className="java.lang.String">1</Value>
</Feature>
<Feature>
  <Name className="java.lang.String">majorType</Name>
  <Value className="java.lang.String">stop</Value>
</Feature>
<Feature>
  <Name className="java.lang.String">minorType</Name>
  <Value className="java.lang.String">lc</Value>
</Feature>
<Feature>
  <Name className="java.lang.String">orth</Name>
  <Value className="java.lang.String">upperInitial</Value>
</Feature>
<Feature>
  <Name className="java.lang.String">language</Name>
  <Value className="java.lang.String">en</Value>
</Feature>
<Feature>
  <Name className="java.lang.String">kind</Name>
  <Value className="java.lang.String">word</Value>
</Feature>
<Feature>
  <Name className="java.lang.String">string</Name>
  <Value className="java.lang.String">O</Value>
</Feature>
</Annotation>
<Annotation Id="5114" Type="SpaceToken" StartNode="310" EndNode="311">
<Feature>
  <Name className="java.lang.String">length</Name>
  <Value className="java.lang.String">1</Value>
</Feature>
<Feature>
  <Name className="java.lang.String">kind</Name>
  <Value className="java.lang.String">space</Value>
</Feature>
<Feature>
  <Name className="java.lang.String">string</Name>
  <Value className="java.lang.String"> </Value>
</Feature>
</Annotation>
<Annotation Id="5117" Type="Token" StartNode="313" EndNode="314">
<Feature>
  <Name className="java.lang.String">length</Name>
  <Value className="java.lang.String">1</Value>
</Feature>
<Feature>
  <Name className="java.lang.String">majorType</Name>
  <Value className="java.lang.String">stop</Value>
</Feature>
<Feature>
  <Name className="java.lang.String">minorType</Name>
  <Value className="java.lang.String">lc</Value>
</Feature>
<Feature>
  <Name className="java.lang.String">language</Name>
  <Value className="java.lang.String">en</Value>
</Feature>
<Feature>
  <Name className="java.lang.String">kind</Name>
  <Value className="java.lang.String">number</Value>
</Feature>
<Feature>
  <Name className="java.lang.String">string</Name>
  <Value className="java.lang.String">2</Value>
</Feature>
</Annotation>
<Annotation Id="5116" Type="SpaceToken" StartNode="312" EndNode="313">
<Feature>
  <Name className="java.lang.String">length</Name>
  <Value className="java.lang.String">1</Value>
</Feature>
<Feature>
  <Name className="java.lang.String">kind</Name>
  <Value className="java.lang.String">space</Value>
</Feature>
<Feature>
  <Name className="java.lang.String">string</Name>
  <Value className="java.lang.String"> </Value>
</Feature>
</Annotation>
<Annotation Id="5119" Type="Token" StartNode="315" EndNode="316">
<Feature>
  <Name className="java.lang.String">length</Name>
  <Value className="java.lang.String">1</Value>
</Feature>
<Feature>
  <Name className="java.lang.String">kind</Name>
  <Value className="java.lang.String">punctuation</Value>
</Feature>
<Feature>
  <Name className="java.lang.String">string</Name>
  <Value className="java.lang.String">,</Value>
</Feature>
</Annotation>
<Annotation Id="5118" Type="SpaceToken" StartNode="314" EndNode="315">
<Feature>
  <Name className="java.lang.String">length</Name>
  <Value className="java.lang.String">1</Value>
</Feature>
<Feature>
  <Name className="java.lang.String">kind</Name>
  <Value className="java.lang.String">space</Value>
</Feature>
<Feature>
  <Name className="java.lang.String">string</Name>
  <Value className="java.lang.String"> </Value>
</Feature>
</Annotation>
<Annotation Id="5105" Type="Token" StartNode="299" EndNode="301">
<Feature>
  <Name className="java.lang.String">length</Name>
  <Value className="java.lang.String">2</Value>
</Feature>
<Feature>
  <Name className="java.lang.String">kind</Name>
  <Value className="java.lang.String">number</Value>
</Feature>
<Feature>
  <Name className="java.lang.String">coreferences</Name>
  <Value className="java.util.ArrayList"></Value>
</Feature>
<Feature>
  <Name className="java.lang.String">string</Name>
  <Value className="java.lang.String">12</Value>
</Feature>
</Annotation>
<Annotation Id="5104" Type="SpaceToken" StartNode="298" EndNode="299">
<Feature>
  <Name className="java.lang.String">length</Name>
  <Value className="java.lang.String">1</Value>
</Feature>
<Feature>
  <Name className="java.lang.String">kind</Name>
  <Value className="java.lang.String">space</Value>
</Feature>
<Feature>
  <Name className="java.lang.String">string</Name>
  <Value className="java.lang.String"> </Value>
</Feature>
</Annotation>
<Annotation Id="5107" Type="Token" StartNode="302" EndNode="303">
<Feature>
  <Name className="java.lang.String">majorType</Name>
  <Value className="java.lang.String">stop</Value>
</Feature>
<Feature>
  <Name className="java.lang.String">orth</Name>
  <Value className="java.lang.String">upperInitial</Value>
</Feature>
<Feature>
  <Name className="java.lang.String">coreferences</Name>
  <Value className="java.util.ArrayList" itemClassName="java.lang.Integer">5127;5135</Value>
</Feature>
<Feature>
  <Name className="java.lang.String">string</Name>
  <Value className="java.lang.String">H</Value>
</Feature>
<Feature>
  <Name className="java.lang.String">length</Name>
  <Value className="java.lang.String">1</Value>
</Feature>
<Feature>
  <Name className="java.lang.String">minorType</Name>
  <Value className="java.lang.String">lc</Value>
</Feature>
<Feature>
  <Name className="java.lang.String">language</Name>
  <Value className="java.lang.String">en</Value>
</Feature>
<Feature>
  <Name className="java.lang.String">kind</Name>
  <Value className="java.lang.String">word</Value>
</Feature>
</Annotation>
<Annotation Id="5106" Type="SpaceToken" StartNode="301" EndNode="302">
<Feature>
  <Name className="java.lang.String">length</Name>
  <Value className="java.lang.String">1</Value>
</Feature>
<Feature>
  <Name className="java.lang.String">kind</Name>
  <Value className="java.lang.String">space</Value>
</Feature>
<Feature>
  <Name className="java.lang.String">string</Name>
  <Value className="java.lang.String"> </Value>
</Feature>
</Annotation>
<Annotation Id="5109" Type="Token" StartNode="304" EndNode="306">
<Feature>
  <Name className="java.lang.String">length</Name>
  <Value className="java.lang.String">2</Value>
</Feature>
<Feature>
  <Name className="java.lang.String">kind</Name>
  <Value className="java.lang.String">number</Value>
</Feature>
<Feature>
  <Name className="java.lang.String">coreferences</Name>
  <Value className="java.util.ArrayList"></Value>
</Feature>
<Feature>
  <Name className="java.lang.String">string</Name>
  <Value className="java.lang.String">10</Value>
</Feature>
</Annotation>
<Annotation Id="5108" Type="SpaceToken" StartNode="303" EndNode="304">
<Feature>
  <Name className="java.lang.String">length</Name>
  <Value className="java.lang.String">1</Value>
</Feature>
<Feature>
  <Name className="java.lang.String">kind</Name>
  <Value className="java.lang.String">space</Value>
</Feature>
<Feature>
  <Name className="java.lang.String">string</Name>
  <Value className="java.lang.String"> </Value>
</Feature>
</Annotation>
<Annotation Id="5111" Type="Token" StartNode="307" EndNode="308">
<Feature>
  <Name className="java.lang.String">majorType</Name>
  <Value className="java.lang.String">stop</Value>
</Feature>
<Feature>
  <Name className="java.lang.String">orth</Name>
  <Value className="java.lang.String">upperInitial</Value>
</Feature>
<Feature>
  <Name className="java.lang.String">coreferences</Name>
  <Value className="java.util.ArrayList"></Value>
</Feature>
<Feature>
  <Name className="java.lang.String">string</Name>
  <Value className="java.lang.String">N</Value>
</Feature>
<Feature>
  <Name className="java.lang.String">length</Name>
  <Value className="java.lang.String">1</Value>
</Feature>
<Feature>
  <Name className="java.lang.String">minorType</Name>
  <Value className="java.lang.String">lc</Value>
</Feature>
<Feature>
  <Name className="java.lang.String">language</Name>
  <Value className="java.lang.String">en</Value>
</Feature>
<Feature>
  <Name className="java.lang.String">kind</Name>
  <Value className="java.lang.String">word</Value>
</Feature>
</Annotation>
<Annotation Id="5110" Type="SpaceToken" StartNode="306" EndNode="307">
<Feature>
  <Name className="java.lang.String">length</Name>
  <Value className="java.lang.String">1</Value>
</Feature>
<Feature>
  <Name className="java.lang.String">kind</Name>
  <Value className="java.lang.String">space</Value>
</Feature>
<Feature>
  <Name className="java.lang.String">string</Name>
  <Value className="java.lang.String"> </Value>
</Feature>
</Annotation>
<Annotation Id="5096" Type="SpaceToken" StartNode="276" EndNode="277">
<Feature>
  <Name className="java.lang.String">length</Name>
  <Value className="java.lang.String">1</Value>
</Feature>
<Feature>
  <Name className="java.lang.String">kind</Name>
  <Value className="java.lang.String">space</Value>
</Feature>
<Feature>
  <Name className="java.lang.String">string</Name>
  <Value className="java.lang.String"> </Value>
</Feature>
</Annotation>
<Annotation Id="5097" Type="Token" StartNode="277" EndNode="285">
<Feature>
  <Name className="java.lang.String">length</Name>
  <Value className="java.lang.String">8</Value>
</Feature>
<Feature>
  <Name className="java.lang.String">orth</Name>
  <Value className="java.lang.String">lowercase</Value>
</Feature>
<Feature>
  <Name className="java.lang.String">kind</Name>
  <Value className="java.lang.String">word</Value>
</Feature>
<Feature>
  <Name className="java.lang.String">string</Name>
  <Value className="java.lang.String">chemical</Value>
</Feature>
</Annotation>
<Annotation Id="5098" Type="SpaceToken" StartNode="285" EndNode="286">
<Feature>
  <Name className="java.lang.String">length</Name>
  <Value className="java.lang.String">1</Value>
</Feature>
<Feature>
  <Name className="java.lang.String">kind</Name>
  <Value className="java.lang.String">space</Value>
</Feature>
<Feature>
  <Name className="java.lang.String">string</Name>
  <Value className="java.lang.String"> </Value>
</Feature>
</Annotation>
<Annotation Id="5099" Type="Token" StartNode="286" EndNode="293">
<Feature>
  <Name className="java.lang.String">length</Name>
  <Value className="java.lang.String">7</Value>
</Feature>
<Feature>
  <Name className="java.lang.String">orth</Name>
  <Value className="java.lang.String">lowercase</Value>
</Feature>
<Feature>
  <Name className="java.lang.String">kind</Name>
  <Value className="java.lang.String">word</Value>
</Feature>
<Feature>
  <Name className="java.lang.String">coreferences</Name>
  <Value className="java.util.ArrayList"></Value>
</Feature>
<Feature>
  <Name className="java.lang.String">string</Name>
  <Value className="java.lang.String">formula</Value>
</Feature>
</Annotation>
<Annotation Id="5100" Type="SpaceToken" StartNode="293" EndNode="294">
<Feature>
  <Name className="java.lang.String">length</Name>
  <Value className="java.lang.String">1</Value>
</Feature>
<Feature>
  <Name className="java.lang.String">kind</Name>
  <Value className="java.lang.String">space</Value>
</Feature>
<Feature>
  <Name className="java.lang.String">string</Name>
  <Value className="java.lang.String"> </Value>
</Feature>
</Annotation>
<Annotation Id="5101" Type="Token" StartNode="294" EndNode="296">
<Feature>
  <Name className="java.lang.String">length</Name>
  <Value className="java.lang.String">2</Value>
</Feature>
<Feature>
  <Name className="java.lang.String">majorType</Name>
  <Value className="java.lang.String">stop</Value>
</Feature>
<Feature>
  <Name className="java.lang.String">minorType</Name>
  <Value className="java.lang.String">lc</Value>
</Feature>
<Feature>
  <Name className="java.lang.String">orth</Name>
  <Value className="java.lang.String">lowercase</Value>
</Feature>
<Feature>
  <Name className="java.lang.String">language</Name>
  <Value className="java.lang.String">en</Value>
</Feature>
<Feature>
  <Name className="java.lang.String">kind</Name>
  <Value className="java.lang.String">word</Value>
</Feature>
<Feature>
  <Name className="java.lang.String">string</Name>
  <Value className="java.lang.String">is</Value>
</Feature>
</Annotation>
<Annotation Id="5102" Type="SpaceToken" StartNode="296" EndNode="297">
<Feature>
  <Name className="java.lang.String">length</Name>
  <Value className="java.lang.String">1</Value>
</Feature>
<Feature>
  <Name className="java.lang.String">kind</Name>
  <Value className="java.lang.String">space</Value>
</Feature>
<Feature>
  <Name className="java.lang.String">string</Name>
  <Value className="java.lang.String"> </Value>
</Feature>
</Annotation>
<Annotation Id="5103" Type="Token" StartNode="297" EndNode="298">
<Feature>
  <Name className="java.lang.String">length</Name>
  <Value className="java.lang.String">1</Value>
</Feature>
<Feature>
  <Name className="java.lang.String">majorType</Name>
  <Value className="java.lang.String">stop</Value>
</Feature>
<Feature>
  <Name className="java.lang.String">minorType</Name>
  <Value className="java.lang.String">lc</Value>
</Feature>
<Feature>
  <Name className="java.lang.String">orth</Name>
  <Value className="java.lang.String">upperInitial</Value>
</Feature>
<Feature>
  <Name className="java.lang.String">language</Name>
  <Value className="java.lang.String">en</Value>
</Feature>
<Feature>
  <Name className="java.lang.String">kind</Name>
  <Value className="java.lang.String">word</Value>
</Feature>
<Feature>
  <Name className="java.lang.String">string</Name>
  <Value className="java.lang.String">C</Value>
</Feature>
</Annotation>
<Annotation Id="5088" Type="SpaceToken" StartNode="253" EndNode="254">
<Feature>
  <Name className="java.lang.String">length</Name>
  <Value className="java.lang.String">1</Value>
</Feature>
<Feature>
  <Name className="java.lang.String">kind</Name>
  <Value className="java.lang.String">space</Value>
</Feature>
<Feature>
  <Name className="java.lang.String">string</Name>
  <Value className="java.lang.String"> </Value>
</Feature>
</Annotation>
<Annotation Id="5089" Type="Token" StartNode="254" EndNode="256">
<Feature>
  <Name className="java.lang.String">majorType</Name>
  <Value className="java.lang.String">stop</Value>
</Feature>
<Feature>
  <Name className="java.lang.String">orth</Name>
  <Value className="java.lang.String">lowercase</Value>
</Feature>
<Feature>
  <Name className="java.lang.String">coreferences</Name>
  <Value className="java.util.ArrayList" itemClassName="java.lang.Integer">5164;5179;5194;5367;5387;5437;5472;5505;5522;5550;5581;5595;5611</Value>
</Feature>
<Feature>
  <Name className="java.lang.String">string</Name>
  <Value className="java.lang.String">of</Value>
</Feature>
<Feature>
  <Name className="java.lang.String">length</Name>
  <Value className="java.lang.String">2</Value>
</Feature>
<Feature>
  <Name className="java.lang.String">minorType</Name>
  <Value className="java.lang.String">lc</Value>
</Feature>
<Feature>
  <Name className="java.lang.String">language</Name>
  <Value className="java.lang.String">en</Value>
</Feature>
<Feature>
  <Name className="java.lang.String">kind</Name>
  <Value className="java.lang.String">word</Value>
</Feature>
</Annotation>
<Annotation Id="5090" Type="SpaceToken" StartNode="256" EndNode="257">
<Feature>
  <Name className="java.lang.String">length</Name>
  <Value className="java.lang.String">1</Value>
</Feature>
<Feature>
  <Name className="java.lang.String">kind</Name>
  <Value className="java.lang.String">space</Value>
</Feature>
<Feature>
  <Name className="java.lang.String">string</Name>
  <Value className="java.lang.String"> </Value>
</Feature>
</Annotation>
<Annotation Id="5091" Type="Token" StartNode="257" EndNode="270">
<Feature>
  <Name className="java.lang.String">length</Name>
  <Value className="java.lang.String">13</Value>
</Feature>
<Feature>
  <Name className="java.lang.String">orth</Name>
  <Value className="java.lang.String">lowercase</Value>
</Feature>
<Feature>
  <Name className="java.lang.String">kind</Name>
  <Value className="java.lang.String">word</Value>
</Feature>
<Feature>
  <Name className="java.lang.String">coreferences</Name>
  <Value className="java.util.ArrayList" itemClassName="java.lang.Integer">5639</Value>
</Feature>
<Feature>
  <Name className="java.lang.String">string</Name>
  <Value className="java.lang.String">diphenylamine</Value>
</Feature>
</Annotation>
<Annotation Id="5092" Type="SpaceToken" StartNode="270" EndNode="271">
<Feature>
  <Name className="java.lang.String">length</Name>
  <Value className="java.lang.String">1</Value>
</Feature>
<Feature>
  <Name className="java.lang.String">kind</Name>
  <Value className="java.lang.String">space</Value>
</Feature>
<Feature>
  <Name className="java.lang.String">string</Name>
  <Value className="java.lang.String"> </Value>
</Feature>
</Annotation>
<Annotation Id="5093" Type="Token" StartNode="271" EndNode="272">
<Feature>
  <Name className="java.lang.String">length</Name>
  <Value className="java.lang.String">1</Value>
</Feature>
<Feature>
  <Name className="java.lang.String">kind</Name>
  <Value className="java.lang.String">punctuation</Value>
</Feature>
<Feature>
  <Name className="java.lang.String">string</Name>
  <Value className="java.lang.String">.</Value>
</Feature>
</Annotation>
<Annotation Id="5094" Type="SpaceToken" StartNode="272" EndNode="273">
<Feature>
  <Name className="java.lang.String">length</Name>
  <Value className="java.lang.String">1</Value>
</Feature>
<Feature>
  <Name className="java.lang.String">kind</Name>
  <Value className="java.lang.String">space</Value>
</Feature>
<Feature>
  <Name className="java.lang.String">string</Name>
  <Value className="java.lang.String"> </Value>
</Feature>
</Annotation>
<Annotation Id="5095" Type="Token" StartNode="273" EndNode="276">
<Feature>
  <Name className="java.lang.String">majorType</Name>
  <Value className="java.lang.String">stop</Value>
</Feature>
<Feature>
  <Name className="java.lang.String">orth</Name>
  <Value className="java.lang.String">upperInitial</Value>
</Feature>
<Feature>
  <Name className="java.lang.String">coreferences</Name>
  <Value className="java.util.ArrayList" itemClassName="java.lang.Integer">5369;5405;5459</Value>
</Feature>
<Feature>
  <Name className="java.lang.String">string</Name>
  <Value className="java.lang.String">Its</Value>
</Feature>
<Feature>
  <Name className="java.lang.String">length</Name>
  <Value className="java.lang.String">3</Value>
</Feature>
<Feature>
  <Name className="java.lang.String">minorType</Name>
  <Value className="java.lang.String">lc</Value>
</Feature>
<Feature>
  <Name className="java.lang.String">language</Name>
  <Value className="java.lang.String">en</Value>
</Feature>
<Feature>
  <Name className="java.lang.String">kind</Name>
  <Value className="java.lang.String">word</Value>
</Feature>
</Annotation>
<Annotation Id="5500" Type="SpaceToken" StartNode="1326" EndNode="1327">
<Feature>
  <Name className="java.lang.String">length</Name>
  <Value className="java.lang.String">1</Value>
</Feature>
<Feature>
  <Name className="java.lang.String">kind</Name>
  <Value className="java.lang.String">space</Value>
</Feature>
<Feature>
  <Name className="java.lang.String">string</Name>
  <Value className="java.lang.String"> </Value>
</Feature>
</Annotation>
<Annotation Id="5501" Type="Token" StartNode="1327" EndNode="1330">
<Feature>
  <Name className="java.lang.String">length</Name>
  <Value className="java.lang.String">3</Value>
</Feature>
<Feature>
  <Name className="java.lang.String">majorType</Name>
  <Value className="java.lang.String">stop</Value>
</Feature>
<Feature>
  <Name className="java.lang.String">minorType</Name>
  <Value className="java.lang.String">lc</Value>
</Feature>
<Feature>
  <Name className="java.lang.String">orth</Name>
  <Value className="java.lang.String">upperInitial</Value>
</Feature>
<Feature>
  <Name className="java.lang.String">language</Name>
  <Value className="java.lang.String">en</Value>
</Feature>
<Feature>
  <Name className="java.lang.String">kind</Name>
  <Value className="java.lang.String">word</Value>
</Feature>
<Feature>
  <Name className="java.lang.String">string</Name>
  <Value className="java.lang.String">The</Value>
</Feature>
</Annotation>
<Annotation Id="5502" Type="SpaceToken" StartNode="1330" EndNode="1331">
<Feature>
  <Name className="java.lang.String">length</Name>
  <Value className="java.lang.String">1</Value>
</Feature>
<Feature>
  <Name className="java.lang.String">kind</Name>
  <Value className="java.lang.String">space</Value>
</Feature>
<Feature>
  <Name className="java.lang.String">string</Name>
  <Value className="java.lang.String"> </Value>
</Feature>
</Annotation>
<Annotation Id="5503" Type="Token" StartNode="1331" EndNode="1337">
<Feature>
  <Name className="java.lang.String">length</Name>
  <Value className="java.lang.String">6</Value>
</Feature>
<Feature>
  <Name className="java.lang.String">orth</Name>
  <Value className="java.lang.String">lowercase</Value>
</Feature>
<Feature>
  <Name className="java.lang.String">kind</Name>
  <Value className="java.lang.String">word</Value>
</Feature>
<Feature>
  <Name className="java.lang.String">string</Name>
  <Value className="java.lang.String">amount</Value>
</Feature>
</Annotation>
<Annotation Id="5496" Type="Token" StartNode="1305" EndNode="1314">
<Feature>
  <Name className="java.lang.String">length</Name>
  <Value className="java.lang.String">9</Value>
</Feature>
<Feature>
  <Name className="java.lang.String">orth</Name>
  <Value className="java.lang.String">lowercase</Value>
</Feature>
<Feature>
  <Name className="java.lang.String">kind</Name>
  <Value className="java.lang.String">word</Value>
</Feature>
<Feature>
  <Name className="java.lang.String">coreferences</Name>
  <Value className="java.util.ArrayList"></Value>
</Feature>
<Feature>
  <Name className="java.lang.String">string</Name>
  <Value className="java.lang.String">ballistic</Value>
</Feature>
</Annotation>
<Annotation Id="5497" Type="SpaceToken" StartNode="1314" EndNode="1315">
<Feature>
  <Name className="java.lang.String">length</Name>
  <Value className="java.lang.String">1</Value>
</Feature>
<Feature>
  <Name className="java.lang.String">kind</Name>
  <Value className="java.lang.String">space</Value>
</Feature>
<Feature>
  <Name className="java.lang.String">string</Name>
  <Value className="java.lang.String"> </Value>
</Feature>
</Annotation>
<Annotation Id="5498" Type="Token" StartNode="1315" EndNode="1325">
<Feature>
  <Name className="java.lang.String">length</Name>
  <Value className="java.lang.String">10</Value>
</Feature>
<Feature>
  <Name className="java.lang.String">orth</Name>
  <Value className="java.lang.String">lowercase</Value>
</Feature>
<Feature>
  <Name className="java.lang.String">kind</Name>
  <Value className="java.lang.String">word</Value>
</Feature>
<Feature>
  <Name className="java.lang.String">coreferences</Name>
  <Value className="java.util.ArrayList"></Value>
</Feature>
<Feature>
  <Name className="java.lang.String">string</Name>
  <Value className="java.lang.String">properties</Value>
</Feature>
</Annotation>
<Annotation Id="5499" Type="Token" StartNode="1325" EndNode="1326">
<Feature>
  <Name className="java.lang.String">length</Name>
  <Value className="java.lang.String">1</Value>
</Feature>
<Feature>
  <Name className="java.lang.String">kind</Name>
  <Value className="java.lang.String">punctuation</Value>
</Feature>
<Feature>
  <Name className="java.lang.String">string</Name>
  <Value className="java.lang.String">.</Value>
</Feature>
</Annotation>
<Annotation Id="5492" Type="Token" StartNode="1292" EndNode="1302">
<Feature>
  <Name className="java.lang.String">length</Name>
  <Value className="java.lang.String">10</Value>
</Feature>
<Feature>
  <Name className="java.lang.String">orth</Name>
  <Value className="java.lang.String">lowercase</Value>
</Feature>
<Feature>
  <Name className="java.lang.String">kind</Name>
  <Value className="java.lang.String">word</Value>
</Feature>
<Feature>
  <Name className="java.lang.String">coreferences</Name>
  <Value className="java.util.ArrayList" itemClassName="java.lang.Integer">5599</Value>
</Feature>
<Feature>
  <Name className="java.lang.String">string</Name>
  <Value className="java.lang.String">propellant</Value>
</Feature>
</Annotation>
<Annotation Id="5493" Type="Token" StartNode="1302" EndNode="1303">
<Feature>
  <Name className="java.lang.String">length</Name>
  <Value className="java.lang.String">1</Value>
</Feature>
<Feature>
  <Name className="java.lang.String">kind</Name>
  <Value className="java.lang.String">punctuation</Value>
</Feature>
<Feature>
  <Name className="java.lang.String">coreferences</Name>
  <Value className="java.util.ArrayList"></Value>
</Feature>
<Feature>
  <Name className="java.lang.String">string</Name>
  <Value className="java.lang.String">'</Value>
</Feature>
</Annotation>
<Annotation Id="5494" Type="Token" StartNode="1303" EndNode="1304">
<Feature>
  <Name className="java.lang.String">majorType</Name>
  <Value className="java.lang.String">stop</Value>
</Feature>
<Feature>
  <Name className="java.lang.String">orth</Name>
  <Value className="java.lang.String">lowercase</Value>
</Feature>
<Feature>
  <Name className="java.lang.String">coreferences</Name>
  <Value className="java.util.ArrayList"></Value>
</Feature>
<Feature>
  <Name className="java.lang.String">string</Name>
  <Value className="java.lang.String">s</Value>
</Feature>
<Feature>
  <Name className="java.lang.String">length</Name>
  <Value className="java.lang.String">1</Value>
</Feature>
<Feature>
  <Name className="java.lang.String">minorType</Name>
  <Value className="java.lang.String">lc</Value>
</Feature>
<Feature>
  <Name className="java.lang.String">language</Name>
  <Value className="java.lang.String">en</Value>
</Feature>
<Feature>
  <Name className="java.lang.String">kind</Name>
  <Value className="java.lang.String">word</Value>
</Feature>
</Annotation>
<Annotation Id="5495" Type="SpaceToken" StartNode="1304" EndNode="1305">
<Feature>
  <Name className="java.lang.String">length</Name>
  <Value className="java.lang.String">1</Value>
</Feature>
<Feature>
  <Name className="java.lang.String">kind</Name>
  <Value className="java.lang.String">space</Value>
</Feature>
<Feature>
  <Name className="java.lang.String">string</Name>
  <Value className="java.lang.String"> </Value>
</Feature>
</Annotation>
<Annotation Id="5488" Type="Token" StartNode="1280" EndNode="1287">
<Feature>
  <Name className="java.lang.String">length</Name>
  <Value className="java.lang.String">7</Value>
</Feature>
<Feature>
  <Name className="java.lang.String">orth</Name>
  <Value className="java.lang.String">lowercase</Value>
</Feature>
<Feature>
  <Name className="java.lang.String">kind</Name>
  <Value className="java.lang.String">word</Value>
</Feature>
<Feature>
  <Name className="java.lang.String">coreferences</Name>
  <Value className="java.util.ArrayList"></Value>
</Feature>
<Feature>
  <Name className="java.lang.String">string</Name>
  <Value className="java.lang.String">degrade</Value>
</Feature>
</Annotation>
<Annotation Id="5489" Type="SpaceToken" StartNode="1287" EndNode="1288">
<Feature>
  <Name className="java.lang.String">length</Name>
  <Value className="java.lang.String">1</Value>
</Feature>
<Feature>
  <Name className="java.lang.String">kind</Name>
  <Value className="java.lang.String">space</Value>
</Feature>
<Feature>
  <Name className="java.lang.String">string</Name>
  <Value className="java.lang.String"> </Value>
</Feature>
</Annotation>
<Annotation Id="5490" Type="Token" StartNode="1288" EndNode="1291">
<Feature>
  <Name className="java.lang.String">length</Name>
  <Value className="java.lang.String">3</Value>
</Feature>
<Feature>
  <Name className="java.lang.String">majorType</Name>
  <Value className="java.lang.String">stop</Value>
</Feature>
<Feature>
  <Name className="java.lang.String">minorType</Name>
  <Value className="java.lang.String">lc</Value>
</Feature>
<Feature>
  <Name className="java.lang.String">orth</Name>
  <Value className="java.lang.String">lowercase</Value>
</Feature>
<Feature>
  <Name className="java.lang.String">language</Name>
  <Value className="java.lang.String">en</Value>
</Feature>
<Feature>
  <Name className="java.lang.String">kind</Name>
  <Value className="java.lang.String">word</Value>
</Feature>
<Feature>
  <Name className="java.lang.String">string</Name>
  <Value className="java.lang.String">the</Value>
</Feature>
</Annotation>
<Annotation Id="5491" Type="SpaceToken" StartNode="1291" EndNode="1292">
<Feature>
  <Name className="java.lang.String">length</Name>
  <Value className="java.lang.String">1</Value>
</Feature>
<Feature>
  <Name className="java.lang.String">kind</Name>
  <Value className="java.lang.String">space</Value>
</Feature>
<Feature>
  <Name className="java.lang.String">string</Name>
  <Value className="java.lang.String"> </Value>
</Feature>
</Annotation>
<Annotation Id="5485" Type="Token" StartNode="1277" EndNode="1278">
<Feature>
  <Name className="java.lang.String">length</Name>
  <Value className="java.lang.String">1</Value>
</Feature>
<Feature>
  <Name className="java.lang.String">majorType</Name>
  <Value className="java.lang.String">stop</Value>
</Feature>
<Feature>
  <Name className="java.lang.String">minorType</Name>
  <Value className="java.lang.String">lc</Value>
</Feature>
<Feature>
  <Name className="java.lang.String">language</Name>
  <Value className="java.lang.String">en</Value>
</Feature>
<Feature>
  <Name className="java.lang.String">kind</Name>
  <Value className="java.lang.String">number</Value>
</Feature>
<Feature>
  <Name className="java.lang.String">string</Name>
  <Value className="java.lang.String">2</Value>
</Feature>
</Annotation>
<Annotation Id="5484" Type="SpaceToken" StartNode="1276" EndNode="1277">
<Feature>
  <Name className="java.lang.String">length</Name>
  <Value className="java.lang.String">1</Value>
</Feature>
<Feature>
  <Name className="java.lang.String">kind</Name>
  <Value className="java.lang.String">space</Value>
</Feature>
<Feature>
  <Name className="java.lang.String">string</Name>
  <Value className="java.lang.String"> </Value>
</Feature>
</Annotation>
<Annotation Id="5487" Type="SpaceToken" StartNode="1279" EndNode="1280">
<Feature>
  <Name className="java.lang.String">length</Name>
  <Value className="java.lang.String">1</Value>
</Feature>
<Feature>
  <Name className="java.lang.String">kind</Name>
  <Value className="java.lang.String">space</Value>
</Feature>
<Feature>
  <Name className="java.lang.String">string</Name>
  <Value className="java.lang.String"> </Value>
</Feature>
</Annotation>
<Annotation Id="5486" Type="Token" StartNode="1278" EndNode="1279">
<Feature>
  <Name className="java.lang.String">length</Name>
  <Value className="java.lang.String">1</Value>
</Feature>
<Feature>
  <Name className="java.lang.String">kind</Name>
  <Value className="java.lang.String">punctuation</Value>
</Feature>
<Feature>
  <Name className="java.lang.String">string</Name>
  <Value className="java.lang.String">%</Value>
</Feature>
</Annotation>
<Annotation Id="5481" Type="Token" StartNode="1264" EndNode="1271">
<Feature>
  <Name className="java.lang.String">length</Name>
  <Value className="java.lang.String">7</Value>
</Feature>
<Feature>
  <Name className="java.lang.String">orth</Name>
  <Value className="java.lang.String">lowercase</Value>
</Feature>
<Feature>
  <Name className="java.lang.String">kind</Name>
  <Value className="java.lang.String">word</Value>
</Feature>
<Feature>
  <Name className="java.lang.String">coreferences</Name>
  <Value className="java.util.ArrayList"></Value>
</Feature>
<Feature>
  <Name className="java.lang.String">string</Name>
  <Value className="java.lang.String">amounts</Value>
</Feature>
</Annotation>
<Annotation Id="5480" Type="SpaceToken" StartNode="1263" EndNode="1264">
<Feature>
  <Name className="java.lang.String">length</Name>
  <Value className="java.lang.String">1</Value>
</Feature>
<Feature>
  <Name className="java.lang.String">kind</Name>
  <Value className="java.lang.String">space</Value>
</Feature>
<Feature>
  <Name className="java.lang.String">string</Name>
  <Value className="java.lang.String"> </Value>
</Feature>
</Annotation>
<Annotation Id="5483" Type="Token" StartNode="1272" EndNode="1276">
<Feature>
  <Name className="java.lang.String">majorType</Name>
  <Value className="java.lang.String">stop</Value>
</Feature>
<Feature>
  <Name className="java.lang.String">orth</Name>
  <Value className="java.lang.String">lowercase</Value>
</Feature>
<Feature>
  <Name className="java.lang.String">coreferences</Name>
  <Value className="java.util.ArrayList" itemClassName="java.lang.Integer">5526;5561</Value>
</Feature>
<Feature>
  <Name className="java.lang.String">string</Name>
  <Value className="java.lang.String">than</Value>
</Feature>
<Feature>
  <Name className="java.lang.String">length</Name>
  <Value className="java.lang.String">4</Value>
</Feature>
<Feature>
  <Name className="java.lang.String">minorType</Name>
  <Value className="java.lang.String">lc</Value>
</Feature>
<Feature>
  <Name className="java.lang.String">language</Name>
  <Value className="java.lang.String">en</Value>
</Feature>
<Feature>
  <Name className="java.lang.String">kind</Name>
  <Value className="java.lang.String">word</Value>
</Feature>
</Annotation>
<Annotation Id="5482" Type="SpaceToken" StartNode="1271" EndNode="1272">
<Feature>
  <Name className="java.lang.String">length</Name>
  <Value className="java.lang.String">1</Value>
</Feature>
<Feature>
  <Name className="java.lang.String">kind</Name>
  <Value className="java.lang.String">space</Value>
</Feature>
<Feature>
  <Name className="java.lang.String">string</Name>
  <Value className="java.lang.String"> </Value>
</Feature>
</Annotation>
<Annotation Id="5477" Type="Token" StartNode="1255" EndNode="1256">
<Feature>
  <Name className="java.lang.String">length</Name>
  <Value className="java.lang.String">1</Value>
</Feature>
<Feature>
  <Name className="java.lang.String">kind</Name>
  <Value className="java.lang.String">punctuation</Value>
</Feature>
<Feature>
  <Name className="java.lang.String">coreferences</Name>
  <Value className="java.util.ArrayList" itemClassName="java.lang.Integer">5516</Value>
</Feature>
<Feature>
  <Name className="java.lang.String">string</Name>
  <Value className="java.lang.String">;</Value>
</Feature>
</Annotation>
<Annotation Id="5476" Type="Token" StartNode="1248" EndNode="1255">
<Feature>
  <Name className="java.lang.String">length</Name>
  <Value className="java.lang.String">7</Value>
</Feature>
<Feature>
  <Name className="java.lang.String">orth</Name>
  <Value className="java.lang.String">lowercase</Value>
</Feature>
<Feature>
  <Name className="java.lang.String">kind</Name>
  <Value className="java.lang.String">word</Value>
</Feature>
<Feature>
  <Name className="java.lang.String">coreferences</Name>
  <Value className="java.util.ArrayList"></Value>
</Feature>
<Feature>
  <Name className="java.lang.String">string</Name>
  <Value className="java.lang.String">mixture</Value>
</Feature>
</Annotation>
<Annotation Id="5479" Type="Token" StartNode="1257" EndNode="1263">
<Feature>
  <Name className="java.lang.String">length</Name>
  <Value className="java.lang.String">6</Value>
</Feature>
<Feature>
  <Name className="java.lang.String">orth</Name>
  <Value className="java.lang.String">lowercase</Value>
</Feature>
<Feature>
  <Name className="java.lang.String">kind</Name>
  <Value className="java.lang.String">word</Value>
</Feature>
<Feature>
  <Name className="java.lang.String">coreferences</Name>
  <Value className="java.util.ArrayList"></Value>
</Feature>
<Feature>
  <Name className="java.lang.String">string</Name>
  <Value className="java.lang.String">higher</Value>
</Feature>
</Annotation>
<Annotation Id="5478" Type="SpaceToken" StartNode="1256" EndNode="1257">
<Feature>
  <Name className="java.lang.String">length</Name>
  <Value className="java.lang.String">1</Value>
</Feature>
<Feature>
  <Name className="java.lang.String">kind</Name>
  <Value className="java.lang.String">space</Value>
</Feature>
<Feature>
  <Name className="java.lang.String">string</Name>
  <Value className="java.lang.String"> </Value>
</Feature>
</Annotation>
<Annotation Id="5473" Type="SpaceToken" StartNode="1243" EndNode="1244">
<Feature>
  <Name className="java.lang.String">length</Name>
  <Value className="java.lang.String">1</Value>
</Feature>
<Feature>
  <Name className="java.lang.String">kind</Name>
  <Value className="java.lang.String">space</Value>
</Feature>
<Feature>
  <Name className="java.lang.String">string</Name>
  <Value className="java.lang.String"> </Value>
</Feature>
</Annotation>
<Annotation Id="5472" Type="Token" StartNode="1241" EndNode="1243">
<Feature>
  <Name className="java.lang.String">length</Name>
  <Value className="java.lang.String">2</Value>
</Feature>
<Feature>
  <Name className="java.lang.String">majorType</Name>
  <Value className="java.lang.String">stop</Value>
</Feature>
<Feature>
  <Name className="java.lang.String">minorType</Name>
  <Value className="java.lang.String">lc</Value>
</Feature>
<Feature>
  <Name className="java.lang.String">orth</Name>
  <Value className="java.lang.String">lowercase</Value>
</Feature>
<Feature>
  <Name className="java.lang.String">language</Name>
  <Value className="java.lang.String">en</Value>
</Feature>
<Feature>
  <Name className="java.lang.String">kind</Name>
  <Value className="java.lang.String">word</Value>
</Feature>
<Feature>
  <Name className="java.lang.String">string</Name>
  <Value className="java.lang.String">of</Value>
</Feature>
</Annotation>
<Annotation Id="5475" Type="SpaceToken" StartNode="1247" EndNode="1248">
<Feature>
  <Name className="java.lang.String">length</Name>
  <Value className="java.lang.String">1</Value>
</Feature>
<Feature>
  <Name className="java.lang.String">kind</Name>
  <Value className="java.lang.String">space</Value>
</Feature>
<Feature>
  <Name className="java.lang.String">string</Name>
  <Value className="java.lang.String"> </Value>
</Feature>
</Annotation>
<Annotation Id="5474" Type="Token" StartNode="1244" EndNode="1247">
<Feature>
  <Name className="java.lang.String">length</Name>
  <Value className="java.lang.String">3</Value>
</Feature>
<Feature>
  <Name className="java.lang.String">majorType</Name>
  <Value className="java.lang.String">stop</Value>
</Feature>
<Feature>
  <Name className="java.lang.String">minorType</Name>
  <Value className="java.lang.String">lc</Value>
</Feature>
<Feature>
  <Name className="java.lang.String">orth</Name>
  <Value className="java.lang.String">lowercase</Value>
</Feature>
<Feature>
  <Name className="java.lang.String">language</Name>
  <Value className="java.lang.String">en</Value>
</Feature>
<Feature>
  <Name className="java.lang.String">kind</Name>
  <Value className="java.lang.String">word</Value>
</Feature>
<Feature>
  <Name className="java.lang.String">string</Name>
  <Value className="java.lang.String">the</Value>
</Feature>
</Annotation>
<Annotation Id="5470" Type="Token" StartNode="1239" EndNode="1240">
<Feature>
  <Name className="java.lang.String">length</Name>
  <Value className="java.lang.String">1</Value>
</Feature>
<Feature>
  <Name className="java.lang.String">kind</Name>
  <Value className="java.lang.String">punctuation</Value>
</Feature>
<Feature>
  <Name className="java.lang.String">coreferences</Name>
  <Value className="java.util.ArrayList" itemClassName="java.lang.Integer">5486;5531;5539;5566</Value>
</Feature>
<Feature>
  <Name className="java.lang.String">string</Name>
  <Value className="java.lang.String">%</Value>
</Feature>
</Annotation>
<Annotation Id="5471" Type="SpaceToken" StartNode="1240" EndNode="1241">
<Feature>
  <Name className="java.lang.String">length</Name>
  <Value className="java.lang.String">1</Value>
</Feature>
<Feature>
  <Name className="java.lang.String">kind</Name>
  <Value className="java.lang.String">space</Value>
</Feature>
<Feature>
  <Name className="java.lang.String">string</Name>
  <Value className="java.lang.String"> </Value>
</Feature>
</Annotation>
<Annotation Id="5468" Type="Token" StartNode="1237" EndNode="1238">
<Feature>
  <Name className="java.lang.String">subkind</Name>
  <Value className="java.lang.String">dashpunct</Value>
</Feature>
<Feature>
  <Name className="java.lang.String">length</Name>
  <Value className="java.lang.String">1</Value>
</Feature>
<Feature>
  <Name className="java.lang.String">kind</Name>
  <Value className="java.lang.String">punctuation</Value>
</Feature>
<Feature>
  <Name className="java.lang.String">string</Name>
  <Value className="java.lang.String">-</Value>
</Feature>
</Annotation>
<Annotation Id="5469" Type="Token" StartNode="1238" EndNode="1239">
<Feature>
  <Name className="java.lang.String">length</Name>
  <Value className="java.lang.String">1</Value>
</Feature>
<Feature>
  <Name className="java.lang.String">majorType</Name>
  <Value className="java.lang.String">stop</Value>
</Feature>
<Feature>
  <Name className="java.lang.String">minorType</Name>
  <Value className="java.lang.String">lc</Value>
</Feature>
<Feature>
  <Name className="java.lang.String">language</Name>
  <Value className="java.lang.String">en</Value>
</Feature>
<Feature>
  <Name className="java.lang.String">kind</Name>
  <Value className="java.lang.String">number</Value>
</Feature>
<Feature>
  <Name className="java.lang.String">string</Name>
  <Value className="java.lang.String">2</Value>
</Feature>
</Annotation>
<Annotation Id="5466" Type="SpaceToken" StartNode="1235" EndNode="1236">
<Feature>
  <Name className="java.lang.String">length</Name>
  <Value className="java.lang.String">1</Value>
</Feature>
<Feature>
  <Name className="java.lang.String">kind</Name>
  <Value className="java.lang.String">space</Value>
</Feature>
<Feature>
  <Name className="java.lang.String">string</Name>
  <Value className="java.lang.String"> </Value>
</Feature>
</Annotation>
<Annotation Id="5467" Type="Token" StartNode="1236" EndNode="1237">
<Feature>
  <Name className="java.lang.String">majorType</Name>
  <Value className="java.lang.String">stop</Value>
</Feature>
<Feature>
  <Name className="java.lang.String">coreferences</Name>
  <Value className="java.util.ArrayList" itemClassName="java.lang.Integer">5603</Value>
</Feature>
<Feature>
  <Name className="java.lang.String">string</Name>
  <Value className="java.lang.String">1</Value>
</Feature>
<Feature>
  <Name className="java.lang.String">length</Name>
  <Value className="java.lang.String">1</Value>
</Feature>
<Feature>
  <Name className="java.lang.String">minorType</Name>
  <Value className="java.lang.String">lc</Value>
</Feature>
<Feature>
  <Name className="java.lang.String">language</Name>
  <Value className="java.lang.String">en</Value>
</Feature>
<Feature>
  <Name className="java.lang.String">kind</Name>
  <Value className="java.lang.String">number</Value>
</Feature>
</Annotation>
<Annotation Id="5464" Type="SpaceToken" StartNode="1227" EndNode="1228">
<Feature>
  <Name className="java.lang.String">length</Name>
  <Value className="java.lang.String">1</Value>
</Feature>
<Feature>
  <Name className="java.lang.String">kind</Name>
  <Value className="java.lang.String">space</Value>
</Feature>
<Feature>
  <Name className="java.lang.String">string</Name>
  <Value className="java.lang.String"> </Value>
</Feature>
</Annotation>
<Annotation Id="5465" Type="Token" StartNode="1228" EndNode="1235">
<Feature>
  <Name className="java.lang.String">length</Name>
  <Value className="java.lang.String">7</Value>
</Feature>
<Feature>
  <Name className="java.lang.String">orth</Name>
  <Value className="java.lang.String">lowercase</Value>
</Feature>
<Feature>
  <Name className="java.lang.String">kind</Name>
  <Value className="java.lang.String">word</Value>
</Feature>
<Feature>
  <Name className="java.lang.String">string</Name>
  <Value className="java.lang.String">usually</Value>
</Feature>
</Annotation>
<Annotation Id="5462" Type="SpaceToken" StartNode="1224" EndNode="1225">
<Feature>
  <Name className="java.lang.String">length</Name>
  <Value className="java.lang.String">1</Value>
</Feature>
<Feature>
  <Name className="java.lang.String">kind</Name>
  <Value className="java.lang.String">space</Value>
</Feature>
<Feature>
  <Name className="java.lang.String">string</Name>
  <Value className="java.lang.String"> </Value>
</Feature>
</Annotation>
<Annotation Id="5463" Type="Token" StartNode="1225" EndNode="1227">
<Feature>
  <Name className="java.lang.String">length</Name>
  <Value className="java.lang.String">2</Value>
</Feature>
<Feature>
  <Name className="java.lang.String">majorType</Name>
  <Value className="java.lang.String">stop</Value>
</Feature>
<Feature>
  <Name className="java.lang.String">minorType</Name>
  <Value className="java.lang.String">lc</Value>
</Feature>
<Feature>
  <Name className="java.lang.String">orth</Name>
  <Value className="java.lang.String">lowercase</Value>
</Feature>
<Feature>
  <Name className="java.lang.String">language</Name>
  <Value className="java.lang.String">en</Value>
</Feature>
<Feature>
  <Name className="java.lang.String">kind</Name>
  <Value className="java.lang.String">word</Value>
</Feature>
<Feature>
  <Name className="java.lang.String">string</Name>
  <Value className="java.lang.String">is</Value>
</Feature>
</Annotation>
<Annotation Id="5460" Type="SpaceToken" StartNode="1217" EndNode="1218">
<Feature>
  <Name className="java.lang.String">length</Name>
  <Value className="java.lang.String">1</Value>
</Feature>
<Feature>
  <Name className="java.lang.String">kind</Name>
  <Value className="java.lang.String">space</Value>
</Feature>
<Feature>
  <Name className="java.lang.String">string</Name>
  <Value className="java.lang.String"> </Value>
</Feature>
</Annotation>
<Annotation Id="5461" Type="Token" StartNode="1218" EndNode="1224">
<Feature>
  <Name className="java.lang.String">length</Name>
  <Value className="java.lang.String">6</Value>
</Feature>
<Feature>
  <Name className="java.lang.String">orth</Name>
  <Value className="java.lang.String">lowercase</Value>
</Feature>
<Feature>
  <Name className="java.lang.String">kind</Name>
  <Value className="java.lang.String">word</Value>
</Feature>
<Feature>
  <Name className="java.lang.String">coreferences</Name>
  <Value className="java.util.ArrayList" itemClassName="java.lang.Integer">5503</Value>
</Feature>
<Feature>
  <Name className="java.lang.String">string</Name>
  <Value className="java.lang.String">amount</Value>
</Feature>
</Annotation>
<Annotation Id="5458" Type="SpaceToken" StartNode="1213" EndNode="1214">
<Feature>
  <Name className="java.lang.String">length</Name>
  <Value className="java.lang.String">1</Value>
</Feature>
<Feature>
  <Name className="java.lang.String">kind</Name>
  <Value className="java.lang.String">space</Value>
</Feature>
<Feature>
  <Name className="java.lang.String">string</Name>
  <Value className="java.lang.String"> </Value>
</Feature>
</Annotation>
<Annotation Id="5459" Type="Token" StartNode="1214" EndNode="1217">
<Feature>
  <Name className="java.lang.String">length</Name>
  <Value className="java.lang.String">3</Value>
</Feature>
<Feature>
  <Name className="java.lang.String">majorType</Name>
  <Value className="java.lang.String">stop</Value>
</Feature>
<Feature>
  <Name className="java.lang.String">minorType</Name>
  <Value className="java.lang.String">lc</Value>
</Feature>
<Feature>
  <Name className="java.lang.String">orth</Name>
  <Value className="java.lang.String">upperInitial</Value>
</Feature>
<Feature>
  <Name className="java.lang.String">language</Name>
  <Value className="java.lang.String">en</Value>
</Feature>
<Feature>
  <Name className="java.lang.String">kind</Name>
  <Value className="java.lang.String">word</Value>
</Feature>
<Feature>
  <Name className="java.lang.String">string</Name>
  <Value className="java.lang.String">Its</Value>
</Feature>
</Annotation>
<Annotation Id="5456" Type="Token" StartNode="1199" EndNode="1212">
<Feature>
  <Name className="java.lang.String">length</Name>
  <Value className="java.lang.String">13</Value>
</Feature>
<Feature>
  <Name className="java.lang.String">orth</Name>
  <Value className="java.lang.String">lowercase</Value>
</Feature>
<Feature>
  <Name className="java.lang.String">kind</Name>
  <Value className="java.lang.String">word</Value>
</Feature>
<Feature>
  <Name className="java.lang.String">string</Name>
  <Value className="java.lang.String">decomposition</Value>
</Feature>
</Annotation>
<Annotation Id="5457" Type="Token" StartNode="1212" EndNode="1213">
<Feature>
  <Name className="java.lang.String">length</Name>
  <Value className="java.lang.String">1</Value>
</Feature>
<Feature>
  <Name className="java.lang.String">kind</Name>
  <Value className="java.lang.String">punctuation</Value>
</Feature>
<Feature>
  <Name className="java.lang.String">string</Name>
  <Value className="java.lang.String">.</Value>
</Feature>
</Annotation>
<Annotation Id="5455" Type="SpaceToken" StartNode="1198" EndNode="1199">
<Feature>
  <Name className="java.lang.String">length</Name>
  <Value className="java.lang.String">1</Value>
</Feature>
<Feature>
  <Name className="java.lang.String">kind</Name>
  <Value className="java.lang.String">space</Value>
</Feature>
<Feature>
  <Name className="java.lang.String">string</Name>
  <Value className="java.lang.String"> </Value>
</Feature>
</Annotation>
<Annotation Id="5454" Type="Token" StartNode="1191" EndNode="1198">
<Feature>
  <Name className="java.lang.String">length</Name>
  <Value className="java.lang.String">7</Value>
</Feature>
<Feature>
  <Name className="java.lang.String">orth</Name>
  <Value className="java.lang.String">lowercase</Value>
</Feature>
<Feature>
  <Name className="java.lang.String">kind</Name>
  <Value className="java.lang.String">word</Value>
</Feature>
<Feature>
  <Name className="java.lang.String">coreferences</Name>
  <Value className="java.util.ArrayList"></Value>
</Feature>
<Feature>
  <Name className="java.lang.String">string</Name>
  <Value className="java.lang.String">further</Value>
</Feature>
</Annotation>
<Annotation Id="5453" Type="SpaceToken" StartNode="1190" EndNode="1191">
<Feature>
  <Name className="java.lang.String">length</Name>
  <Value className="java.lang.String">1</Value>
</Feature>
<Feature>
  <Name className="java.lang.String">kind</Name>
  <Value className="java.lang.String">space</Value>
</Feature>
<Feature>
  <Name className="java.lang.String">string</Name>
  <Value className="java.lang.String"> </Value>
</Feature>
</Annotation>
<Annotation Id="5452" Type="Token" StartNode="1178" EndNode="1190">
<Feature>
  <Name className="java.lang.String">length</Name>
  <Value className="java.lang.String">12</Value>
</Feature>
<Feature>
  <Name className="java.lang.String">orth</Name>
  <Value className="java.lang.String">lowercase</Value>
</Feature>
<Feature>
  <Name className="java.lang.String">kind</Name>
  <Value className="java.lang.String">word</Value>
</Feature>
<Feature>
  <Name className="java.lang.String">coreferences</Name>
  <Value className="java.util.ArrayList"></Value>
</Feature>
<Feature>
  <Name className="java.lang.String">string</Name>
  <Value className="java.lang.String">autocatalyze</Value>
</Feature>
</Annotation>
<Annotation Id="5451" Type="SpaceToken" StartNode="1177" EndNode="1178">
<Feature>
  <Name className="java.lang.String">length</Name>
  <Value className="java.lang.String">1</Value>
</Feature>
<Feature>
  <Name className="java.lang.String">kind</Name>
  <Value className="java.lang.String">space</Value>
</Feature>
<Feature>
  <Name className="java.lang.String">string</Name>
  <Value className="java.lang.String"> </Value>
</Feature>
</Annotation>
<Annotation Id="5450" Type="Token" StartNode="1168" EndNode="1177">
<Feature>
  <Name className="java.lang.String">length</Name>
  <Value className="java.lang.String">9</Value>
</Feature>
<Feature>
  <Name className="java.lang.String">orth</Name>
  <Value className="java.lang.String">lowercase</Value>
</Feature>
<Feature>
  <Name className="java.lang.String">kind</Name>
  <Value className="java.lang.String">word</Value>
</Feature>
<Feature>
  <Name className="java.lang.String">coreferences</Name>
  <Value className="java.util.ArrayList"></Value>
</Feature>
<Feature>
  <Name className="java.lang.String">string</Name>
  <Value className="java.lang.String">otherwise</Value>
</Feature>
</Annotation>
<Annotation Id="5449" Type="SpaceToken" StartNode="1167" EndNode="1168">
<Feature>
  <Name className="java.lang.String">length</Name>
  <Value className="java.lang.String">1</Value>
</Feature>
<Feature>
  <Name className="java.lang.String">kind</Name>
  <Value className="java.lang.String">space</Value>
</Feature>
<Feature>
  <Name className="java.lang.String">string</Name>
  <Value className="java.lang.String"> </Value>
</Feature>
</Annotation>
<Annotation Id="5448" Type="Token" StartNode="1162" EndNode="1167">
<Feature>
  <Name className="java.lang.String">length</Name>
  <Value className="java.lang.String">5</Value>
</Feature>
<Feature>
  <Name className="java.lang.String">orth</Name>
  <Value className="java.lang.String">lowercase</Value>
</Feature>
<Feature>
  <Name className="java.lang.String">kind</Name>
  <Value className="java.lang.String">word</Value>
</Feature>
<Feature>
  <Name className="java.lang.String">coreferences</Name>
  <Value className="java.util.ArrayList"></Value>
</Feature>
<Feature>
  <Name className="java.lang.String">string</Name>
  <Value className="java.lang.String">would</Value>
</Feature>
</Annotation>
<Annotation Id="5447" Type="SpaceToken" StartNode="1161" EndNode="1162">
<Feature>
  <Name className="java.lang.String">length</Name>
  <Value className="java.lang.String">1</Value>
</Feature>
<Feature>
  <Name className="java.lang.String">kind</Name>
  <Value className="java.lang.String">space</Value>
</Feature>
<Feature>
  <Name className="java.lang.String">string</Name>
  <Value className="java.lang.String"> </Value>
</Feature>
</Annotation>
<Annotation Id="5446" Type="Token" StartNode="1156" EndNode="1161">
<Feature>
  <Name className="java.lang.String">length</Name>
  <Value className="java.lang.String">5</Value>
</Feature>
<Feature>
  <Name className="java.lang.String">orth</Name>
  <Value className="java.lang.String">lowercase</Value>
</Feature>
<Feature>
  <Name className="java.lang.String">kind</Name>
  <Value className="java.lang.String">word</Value>
</Feature>
<Feature>
  <Name className="java.lang.String">coreferences</Name>
  <Value className="java.util.ArrayList"></Value>
</Feature>
<Feature>
  <Name className="java.lang.String">string</Name>
  <Value className="java.lang.String">which</Value>
</Feature>
</Annotation>
<Annotation Id="5445" Type="SpaceToken" StartNode="1155" EndNode="1156">
<Feature>
  <Name className="java.lang.String">length</Name>
  <Value className="java.lang.String">1</Value>
</Feature>
<Feature>
  <Name className="java.lang.String">kind</Name>
  <Value className="java.lang.String">space</Value>
</Feature>
<Feature>
  <Name className="java.lang.String">string</Name>
  <Value className="java.lang.String"> </Value>
</Feature>
</Annotation>
<Annotation Id="5444" Type="Token" StartNode="1154" EndNode="1155">
<Feature>
  <Name className="java.lang.String">length</Name>
  <Value className="java.lang.String">1</Value>
</Feature>
<Feature>
  <Name className="java.lang.String">kind</Name>
  <Value className="java.lang.String">punctuation</Value>
</Feature>
<Feature>
  <Name className="java.lang.String">string</Name>
  <Value className="java.lang.String">,</Value>
</Feature>
</Annotation>
<Annotation Id="5443" Type="Token" StartNode="1148" EndNode="1154">
<Feature>
  <Name className="java.lang.String">length</Name>
  <Value className="java.lang.String">6</Value>
</Feature>
<Feature>
  <Name className="java.lang.String">orth</Name>
  <Value className="java.lang.String">lowercase</Value>
</Feature>
<Feature>
  <Name className="java.lang.String">kind</Name>
  <Value className="java.lang.String">word</Value>
</Feature>
<Feature>
  <Name className="java.lang.String">string</Name>
  <Value className="java.lang.String">esters</Value>
</Feature>
</Annotation>
<Annotation Id="5442" Type="SpaceToken" StartNode="1147" EndNode="1148">
<Feature>
  <Name className="java.lang.String">length</Name>
  <Value className="java.lang.String">1</Value>
</Feature>
<Feature>
  <Name className="java.lang.String">kind</Name>
  <Value className="java.lang.String">space</Value>
</Feature>
<Feature>
  <Name className="java.lang.String">string</Name>
  <Value className="java.lang.String"> </Value>
</Feature>
</Annotation>
<Annotation Id="5441" Type="Token" StartNode="1143" EndNode="1147">
<Feature>
  <Name className="java.lang.String">length</Name>
  <Value className="java.lang.String">4</Value>
</Feature>
<Feature>
  <Name className="java.lang.String">orth</Name>
  <Value className="java.lang.String">lowercase</Value>
</Feature>
<Feature>
  <Name className="java.lang.String">kind</Name>
  <Value className="java.lang.String">word</Value>
</Feature>
<Feature>
  <Name className="java.lang.String">string</Name>
  <Value className="java.lang.String">acid</Value>
</Feature>
</Annotation>
<Annotation Id="5440" Type="SpaceToken" StartNode="1142" EndNode="1143">
<Feature>
  <Name className="java.lang.String">length</Name>
  <Value className="java.lang.String">1</Value>
</Feature>
<Feature>
  <Name className="java.lang.String">kind</Name>
  <Value className="java.lang.String">space</Value>
</Feature>
<Feature>
  <Name className="java.lang.String">string</Name>
  <Value className="java.lang.String"> </Value>
</Feature>
</Annotation>
<Annotation Id="5432" Type="SpaceToken" StartNode="1110" EndNode="1111">
<Feature>
  <Name className="java.lang.String">length</Name>
  <Value className="java.lang.String">1</Value>
</Feature>
<Feature>
  <Name className="java.lang.String">kind</Name>
  <Value className="java.lang.String">space</Value>
</Feature>
<Feature>
  <Name className="java.lang.String">string</Name>
  <Value className="java.lang.String"> </Value>
</Feature>
</Annotation>
<Annotation Id="5433" Type="Token" StartNode="1111" EndNode="1118">
<Feature>
  <Name className="java.lang.String">length</Name>
  <Value className="java.lang.String">7</Value>
</Feature>
<Feature>
  <Name className="java.lang.String">orth</Name>
  <Value className="java.lang.String">lowercase</Value>
</Feature>
<Feature>
  <Name className="java.lang.String">kind</Name>
  <Value className="java.lang.String">word</Value>
</Feature>
<Feature>
  <Name className="java.lang.String">coreferences</Name>
  <Value className="java.util.ArrayList"></Value>
</Feature>
<Feature>
  <Name className="java.lang.String">string</Name>
  <Value className="java.lang.String">gradual</Value>
</Feature>
</Annotation>
<Annotation Id="5434" Type="SpaceToken" StartNode="1118" EndNode="1119">
<Feature>
  <Name className="java.lang.String">length</Name>
  <Value className="java.lang.String">1</Value>
</Feature>
<Feature>
  <Name className="java.lang.String">kind</Name>
  <Value className="java.lang.String">space</Value>
</Feature>
<Feature>
  <Name className="java.lang.String">string</Name>
  <Value className="java.lang.String"> </Value>
</Feature>
</Annotation>
<Annotation Id="5435" Type="Token" StartNode="1119" EndNode="1132">
<Feature>
  <Name className="java.lang.String">length</Name>
  <Value className="java.lang.String">13</Value>
</Feature>
<Feature>
  <Name className="java.lang.String">orth</Name>
  <Value className="java.lang.String">lowercase</Value>
</Feature>
<Feature>
  <Name className="java.lang.String">kind</Name>
  <Value className="java.lang.String">word</Value>
</Feature>
<Feature>
  <Name className="java.lang.String">coreferences</Name>
  <Value className="java.util.ArrayList" itemClassName="java.lang.Integer">5456</Value>
</Feature>
<Feature>
  <Name className="java.lang.String">string</Name>
  <Value className="java.lang.String">decomposition</Value>
</Feature>
</Annotation>
<Annotation Id="5436" Type="SpaceToken" StartNode="1132" EndNode="1133">
<Feature>
  <Name className="java.lang.String">length</Name>
  <Value className="java.lang.String">1</Value>
</Feature>
<Feature>
  <Name className="java.lang.String">kind</Name>
  <Value className="java.lang.String">space</Value>
</Feature>
<Feature>
  <Name className="java.lang.String">string</Name>
  <Value className="java.lang.String"> </Value>
</Feature>
</Annotation>
<Annotation Id="5437" Type="Token" StartNode="1133" EndNode="1135">
<Feature>
  <Name className="java.lang.String">length</Name>
  <Value className="java.lang.String">2</Value>
</Feature>
<Feature>
  <Name className="java.lang.String">majorType</Name>
  <Value className="java.lang.String">stop</Value>
</Feature>
<Feature>
  <Name className="java.lang.String">minorType</Name>
  <Value className="java.lang.String">lc</Value>
</Feature>
<Feature>
  <Name className="java.lang.String">orth</Name>
  <Value className="java.lang.String">lowercase</Value>
</Feature>
<Feature>
  <Name className="java.lang.String">language</Name>
  <Value className="java.lang.String">en</Value>
</Feature>
<Feature>
  <Name className="java.lang.String">kind</Name>
  <Value className="java.lang.String">word</Value>
</Feature>
<Feature>
  <Name className="java.lang.String">string</Name>
  <Value className="java.lang.String">of</Value>
</Feature>
</Annotation>
<Annotation Id="5438" Type="SpaceToken" StartNode="1135" EndNode="1136">
<Feature>
  <Name className="java.lang.String">length</Name>
  <Value className="java.lang.String">1</Value>
</Feature>
<Feature>
  <Name className="java.lang.String">kind</Name>
  <Value className="java.lang.String">space</Value>
</Feature>
<Feature>
  <Name className="java.lang.String">string</Name>
  <Value className="java.lang.String"> </Value>
</Feature>
</Annotation>
<Annotation Id="5439" Type="Token" StartNode="1136" EndNode="1142">
<Feature>
  <Name className="java.lang.String">length</Name>
  <Value className="java.lang.String">6</Value>
</Feature>
<Feature>
  <Name className="java.lang.String">orth</Name>
  <Value className="java.lang.String">lowercase</Value>
</Feature>
<Feature>
  <Name className="java.lang.String">kind</Name>
  <Value className="java.lang.String">word</Value>
</Feature>
<Feature>
  <Name className="java.lang.String">string</Name>
  <Value className="java.lang.String">nitric</Value>
</Feature>
</Annotation>
<Annotation Id="5424" Type="SpaceToken" StartNode="1082" EndNode="1083">
<Feature>
  <Name className="java.lang.String">length</Name>
  <Value className="java.lang.String">1</Value>
</Feature>
<Feature>
  <Name className="java.lang.String">kind</Name>
  <Value className="java.lang.String">space</Value>
</Feature>
<Feature>
  <Name className="java.lang.String">string</Name>
  <Value className="java.lang.String"> </Value>
</Feature>
</Annotation>
<Annotation Id="5425" Type="Token" StartNode="1083" EndNode="1091">
<Feature>
  <Name className="java.lang.String">length</Name>
  <Value className="java.lang.String">8</Value>
</Feature>
<Feature>
  <Name className="java.lang.String">orth</Name>
  <Value className="java.lang.String">lowercase</Value>
</Feature>
<Feature>
  <Name className="java.lang.String">kind</Name>
  <Value className="java.lang.String">word</Value>
</Feature>
<Feature>
  <Name className="java.lang.String">coreferences</Name>
  <Value className="java.util.ArrayList"></Value>
</Feature>
<Feature>
  <Name className="java.lang.String">string</Name>
  <Value className="java.lang.String">nitrogen</Value>
</Feature>
</Annotation>
<Annotation Id="5426" Type="SpaceToken" StartNode="1091" EndNode="1092">
<Feature>
  <Name className="java.lang.String">length</Name>
  <Value className="java.lang.String">1</Value>
</Feature>
<Feature>
  <Name className="java.lang.String">kind</Name>
  <Value className="java.lang.String">space</Value>
</Feature>
<Feature>
  <Name className="java.lang.String">string</Name>
  <Value className="java.lang.String"> </Value>
</Feature>
</Annotation>
<Annotation Id="5427" Type="Token" StartNode="1092" EndNode="1098">
<Feature>
  <Name className="java.lang.String">length</Name>
  <Value className="java.lang.String">6</Value>
</Feature>
<Feature>
  <Name className="java.lang.String">orth</Name>
  <Value className="java.lang.String">lowercase</Value>
</Feature>
<Feature>
  <Name className="java.lang.String">kind</Name>
  <Value className="java.lang.String">word</Value>
</Feature>
<Feature>
  <Name className="java.lang.String">coreferences</Name>
  <Value className="java.util.ArrayList"></Value>
</Feature>
<Feature>
  <Name className="java.lang.String">string</Name>
  <Value className="java.lang.String">oxides</Value>
</Feature>
</Annotation>
<Annotation Id="5428" Type="SpaceToken" StartNode="1098" EndNode="1099">
<Feature>
  <Name className="java.lang.String">length</Name>
  <Value className="java.lang.String">1</Value>
</Feature>
<Feature>
  <Name className="java.lang.String">kind</Name>
  <Value className="java.lang.String">space</Value>
</Feature>
<Feature>
  <Name className="java.lang.String">string</Name>
  <Value className="java.lang.String"> </Value>
</Feature>
</Annotation>
<Annotation Id="5429" Type="Token" StartNode="1099" EndNode="1107">
<Feature>
  <Name className="java.lang.String">length</Name>
  <Value className="java.lang.String">8</Value>
</Feature>
<Feature>
  <Name className="java.lang.String">orth</Name>
  <Value className="java.lang.String">lowercase</Value>
</Feature>
<Feature>
  <Name className="java.lang.String">kind</Name>
  <Value className="java.lang.String">word</Value>
</Feature>
<Feature>
  <Name className="java.lang.String">coreferences</Name>
  <Value className="java.util.ArrayList"></Value>
</Feature>
<Feature>
  <Name className="java.lang.String">string</Name>
  <Value className="java.lang.String">produced</Value>
</Feature>
</Annotation>
<Annotation Id="5430" Type="SpaceToken" StartNode="1107" EndNode="1108">
<Feature>
  <Name className="java.lang.String">length</Name>
  <Value className="java.lang.String">1</Value>
</Feature>
<Feature>
  <Name className="java.lang.String">kind</Name>
  <Value className="java.lang.String">space</Value>
</Feature>
<Feature>
  <Name className="java.lang.String">string</Name>
  <Value className="java.lang.String"> </Value>
</Feature>
</Annotation>
<Annotation Id="5431" Type="Token" StartNode="1108" EndNode="1110">
<Feature>
  <Name className="java.lang.String">majorType</Name>
  <Value className="java.lang.String">stop</Value>
</Feature>
<Feature>
  <Name className="java.lang.String">orth</Name>
  <Value className="java.lang.String">lowercase</Value>
</Feature>
<Feature>
  <Name className="java.lang.String">coreferences</Name>
  <Value className="java.util.ArrayList"></Value>
</Feature>
<Feature>
  <Name className="java.lang.String">string</Name>
  <Value className="java.lang.String">by</Value>
</Feature>
<Feature>
  <Name className="java.lang.String">length</Name>
  <Value className="java.lang.String">2</Value>
</Feature>
<Feature>
  <Name className="java.lang.String">minorType</Name>
  <Value className="java.lang.String">lc</Value>
</Feature>
<Feature>
  <Name className="java.lang.String">language</Name>
  <Value className="java.lang.String">en</Value>
</Feature>
<Feature>
  <Name className="java.lang.String">kind</Name>
  <Value className="java.lang.String">word</Value>
</Feature>
</Annotation>
<Annotation Id="5417" Type="Token" StartNode="1059" EndNode="1062">
<Feature>
  <Name className="java.lang.String">length</Name>
  <Value className="java.lang.String">3</Value>
</Feature>
<Feature>
  <Name className="java.lang.String">majorType</Name>
  <Value className="java.lang.String">stop</Value>
</Feature>
<Feature>
  <Name className="java.lang.String">minorType</Name>
  <Value className="java.lang.String">lc</Value>
</Feature>
<Feature>
  <Name className="java.lang.String">orth</Name>
  <Value className="java.lang.String">lowercase</Value>
</Feature>
<Feature>
  <Name className="java.lang.String">language</Name>
  <Value className="java.lang.String">en</Value>
</Feature>
<Feature>
  <Name className="java.lang.String">kind</Name>
  <Value className="java.lang.String">word</Value>
</Feature>
<Feature>
  <Name className="java.lang.String">string</Name>
  <Value className="java.lang.String">the</Value>
</Feature>
</Annotation>
<Annotation Id="5416" Type="SpaceToken" StartNode="1058" EndNode="1059">
<Feature>
  <Name className="java.lang.String">length</Name>
  <Value className="java.lang.String">1</Value>
</Feature>
<Feature>
  <Name className="java.lang.String">kind</Name>
  <Value className="java.lang.String">space</Value>
</Feature>
<Feature>
  <Name className="java.lang.String">string</Name>
  <Value className="java.lang.String"> </Value>
</Feature>
</Annotation>
<Annotation Id="5419" Type="Token" StartNode="1063" EndNode="1069">
<Feature>
  <Name className="java.lang.String">length</Name>
  <Value className="java.lang.String">6</Value>
</Feature>
<Feature>
  <Name className="java.lang.String">orth</Name>
  <Value className="java.lang.String">lowercase</Value>
</Feature>
<Feature>
  <Name className="java.lang.String">kind</Name>
  <Value className="java.lang.String">word</Value>
</Feature>
<Feature>
  <Name className="java.lang.String">coreferences</Name>
  <Value className="java.util.ArrayList"></Value>
</Feature>
<Feature>
  <Name className="java.lang.String">string</Name>
  <Value className="java.lang.String">acidic</Value>
</Feature>
</Annotation>
<Annotation Id="5418" Type="SpaceToken" StartNode="1062" EndNode="1063">
<Feature>
  <Name className="java.lang.String">length</Name>
  <Value className="java.lang.String">1</Value>
</Feature>
<Feature>
  <Name className="java.lang.String">kind</Name>
  <Value className="java.lang.String">space</Value>
</Feature>
<Feature>
  <Name className="java.lang.String">string</Name>
  <Value className="java.lang.String"> </Value>
</Feature>
</Annotation>
<Annotation Id="5421" Type="Token" StartNode="1070" EndNode="1078">
<Feature>
  <Name className="java.lang.String">length</Name>
  <Value className="java.lang.String">8</Value>
</Feature>
<Feature>
  <Name className="java.lang.String">orth</Name>
  <Value className="java.lang.String">lowercase</Value>
</Feature>
<Feature>
  <Name className="java.lang.String">kind</Name>
  <Value className="java.lang.String">word</Value>
</Feature>
<Feature>
  <Name className="java.lang.String">coreferences</Name>
  <Value className="java.util.ArrayList"></Value>
</Feature>
<Feature>
  <Name className="java.lang.String">string</Name>
  <Value className="java.lang.String">nitrates</Value>
</Feature>
</Annotation>
<Annotation Id="5420" Type="SpaceToken" StartNode="1069" EndNode="1070">
<Feature>
  <Name className="java.lang.String">length</Name>
  <Value className="java.lang.String">1</Value>
</Feature>
<Feature>
  <Name className="java.lang.String">kind</Name>
  <Value className="java.lang.String">space</Value>
</Feature>
<Feature>
  <Name className="java.lang.String">string</Name>
  <Value className="java.lang.String"> </Value>
</Feature>
</Annotation>
<Annotation Id="5423" Type="Token" StartNode="1079" EndNode="1082">
<Feature>
  <Name className="java.lang.String">length</Name>
  <Value className="java.lang.String">3</Value>
</Feature>
<Feature>
  <Name className="java.lang.String">majorType</Name>
  <Value className="java.lang.String">stop</Value>
</Feature>
<Feature>
  <Name className="java.lang.String">minorType</Name>
  <Value className="java.lang.String">lc</Value>
</Feature>
<Feature>
  <Name className="java.lang.String">orth</Name>
  <Value className="java.lang.String">lowercase</Value>
</Feature>
<Feature>
  <Name className="java.lang.String">language</Name>
  <Value className="java.lang.String">en</Value>
</Feature>
<Feature>
  <Name className="java.lang.String">kind</Name>
  <Value className="java.lang.String">word</Value>
</Feature>
<Feature>
  <Name className="java.lang.String">string</Name>
  <Value className="java.lang.String">and</Value>
</Feature>
</Annotation>
<Annotation Id="5422" Type="SpaceToken" StartNode="1078" EndNode="1079">
<Feature>
  <Name className="java.lang.String">length</Name>
  <Value className="java.lang.String">1</Value>
</Feature>
<Feature>
  <Name className="java.lang.String">kind</Name>
  <Value className="java.lang.String">space</Value>
</Feature>
<Feature>
  <Name className="java.lang.String">string</Name>
  <Value className="java.lang.String"> </Value>
</Feature>
</Annotation>
<Annotation Id="5409" Type="Token" StartNode="1038" EndNode="1042">
<Feature>
  <Name className="java.lang.String">length</Name>
  <Value className="java.lang.String">4</Value>
</Feature>
<Feature>
  <Name className="java.lang.String">orth</Name>
  <Value className="java.lang.String">lowercase</Value>
</Feature>
<Feature>
  <Name className="java.lang.String">kind</Name>
  <Value className="java.lang.String">word</Value>
</Feature>
<Feature>
  <Name className="java.lang.String">coreferences</Name>
  <Value className="java.util.ArrayList"></Value>
</Feature>
<Feature>
  <Name className="java.lang.String">string</Name>
  <Value className="java.lang.String">role</Value>
</Feature>
</Annotation>
<Annotation Id="5408" Type="SpaceToken" StartNode="1037" EndNode="1038">
<Feature>
  <Name className="java.lang.String">length</Name>
  <Value className="java.lang.String">1</Value>
</Feature>
<Feature>
  <Name className="java.lang.String">kind</Name>
  <Value className="java.lang.String">space</Value>
</Feature>
<Feature>
  <Name className="java.lang.String">string</Name>
  <Value className="java.lang.String"> </Value>
</Feature>
</Annotation>
<Annotation Id="5411" Type="Token" StartNode="1043" EndNode="1045">
<Feature>
  <Name className="java.lang.String">length</Name>
  <Value className="java.lang.String">2</Value>
</Feature>
<Feature>
  <Name className="java.lang.String">majorType</Name>
  <Value className="java.lang.String">stop</Value>
</Feature>
<Feature>
  <Name className="java.lang.String">minorType</Name>
  <Value className="java.lang.String">lc</Value>
</Feature>
<Feature>
  <Name className="java.lang.String">orth</Name>
  <Value className="java.lang.String">lowercase</Value>
</Feature>
<Feature>
  <Name className="java.lang.String">language</Name>
  <Value className="java.lang.String">en</Value>
</Feature>
<Feature>
  <Name className="java.lang.String">kind</Name>
  <Value className="java.lang.String">word</Value>
</Feature>
<Feature>
  <Name className="java.lang.String">string</Name>
  <Value className="java.lang.String">is</Value>
</Feature>
</Annotation>
<Annotation Id="5410" Type="SpaceToken" StartNode="1042" EndNode="1043">
<Feature>
  <Name className="java.lang.String">length</Name>
  <Value className="java.lang.String">1</Value>
</Feature>
<Feature>
  <Name className="java.lang.String">kind</Name>
  <Value className="java.lang.String">space</Value>
</Feature>
<Feature>
  <Name className="java.lang.String">string</Name>
  <Value className="java.lang.String"> </Value>
</Feature>
</Annotation>
<Annotation Id="5413" Type="Token" StartNode="1046" EndNode="1048">
<Feature>
  <Name className="java.lang.String">length</Name>
  <Value className="java.lang.String">2</Value>
</Feature>
<Feature>
  <Name className="java.lang.String">majorType</Name>
  <Value className="java.lang.String">stop</Value>
</Feature>
<Feature>
  <Name className="java.lang.String">minorType</Name>
  <Value className="java.lang.String">lc</Value>
</Feature>
<Feature>
  <Name className="java.lang.String">orth</Name>
  <Value className="java.lang.String">lowercase</Value>
</Feature>
<Feature>
  <Name className="java.lang.String">language</Name>
  <Value className="java.lang.String">en</Value>
</Feature>
<Feature>
  <Name className="java.lang.String">kind</Name>
  <Value className="java.lang.String">word</Value>
</Feature>
<Feature>
  <Name className="java.lang.String">string</Name>
  <Value className="java.lang.String">to</Value>
</Feature>
</Annotation>
<Annotation Id="5412" Type="SpaceToken" StartNode="1045" EndNode="1046">
<Feature>
  <Name className="java.lang.String">length</Name>
  <Value className="java.lang.String">1</Value>
</Feature>
<Feature>
  <Name className="java.lang.String">kind</Name>
  <Value className="java.lang.String">space</Value>
</Feature>
<Feature>
  <Name className="java.lang.String">string</Name>
  <Value className="java.lang.String"> </Value>
</Feature>
</Annotation>
<Annotation Id="5415" Type="Token" StartNode="1049" EndNode="1058">
<Feature>
  <Name className="java.lang.String">length</Name>
  <Value className="java.lang.String">9</Value>
</Feature>
<Feature>
  <Name className="java.lang.String">orth</Name>
  <Value className="java.lang.String">lowercase</Value>
</Feature>
<Feature>
  <Name className="java.lang.String">kind</Name>
  <Value className="java.lang.String">word</Value>
</Feature>
<Feature>
  <Name className="java.lang.String">coreferences</Name>
  <Value className="java.util.ArrayList"></Value>
</Feature>
<Feature>
  <Name className="java.lang.String">string</Name>
  <Value className="java.lang.String">eliminate</Value>
</Feature>
</Annotation>
<Annotation Id="5414" Type="SpaceToken" StartNode="1048" EndNode="1049">
<Feature>
  <Name className="java.lang.String">length</Name>
  <Value className="java.lang.String">1</Value>
</Feature>
<Feature>
  <Name className="java.lang.String">kind</Name>
  <Value className="java.lang.String">space</Value>
</Feature>
<Feature>
  <Name className="java.lang.String">string</Name>
  <Value className="java.lang.String"> </Value>
</Feature>
</Annotation>
<Annotation Id="5402" Type="Token" StartNode="1016" EndNode="1026">
<Feature>
  <Name className="java.lang.String">length</Name>
  <Value className="java.lang.String">10</Value>
</Feature>
<Feature>
  <Name className="java.lang.String">orth</Name>
  <Value className="java.lang.String">lowercase</Value>
</Feature>
<Feature>
  <Name className="java.lang.String">kind</Name>
  <Value className="java.lang.String">word</Value>
</Feature>
<Feature>
  <Name className="java.lang.String">string</Name>
  <Value className="java.lang.String">stabilizer</Value>
</Feature>
</Annotation>
<Annotation Id="5403" Type="Token" StartNode="1026" EndNode="1027">
<Feature>
  <Name className="java.lang.String">length</Name>
  <Value className="java.lang.String">1</Value>
</Feature>
<Feature>
  <Name className="java.lang.String">kind</Name>
  <Value className="java.lang.String">punctuation</Value>
</Feature>
<Feature>
  <Name className="java.lang.String">string</Name>
  <Value className="java.lang.String">,</Value>
</Feature>
</Annotation>
<Annotation Id="5400" Type="Token" StartNode="1014" EndNode="1015">
<Feature>
  <Name className="java.lang.String">length</Name>
  <Value className="java.lang.String">1</Value>
</Feature>
<Feature>
  <Name className="java.lang.String">majorType</Name>
  <Value className="java.lang.String">stop</Value>
</Feature>
<Feature>
  <Name className="java.lang.String">minorType</Name>
  <Value className="java.lang.String">lc</Value>
</Feature>
<Feature>
  <Name className="java.lang.String">orth</Name>
  <Value className="java.lang.String">lowercase</Value>
</Feature>
<Feature>
  <Name className="java.lang.String">language</Name>
  <Value className="java.lang.String">en</Value>
</Feature>
<Feature>
  <Name className="java.lang.String">kind</Name>
  <Value className="java.lang.String">word</Value>
</Feature>
<Feature>
  <Name className="java.lang.String">string</Name>
  <Value className="java.lang.String">a</Value>
</Feature>
</Annotation>
<Annotation Id="5401" Type="SpaceToken" StartNode="1015" EndNode="1016">
<Feature>
  <Name className="java.lang.String">length</Name>
  <Value className="java.lang.String">1</Value>
</Feature>
<Feature>
  <Name className="java.lang.String">kind</Name>
  <Value className="java.lang.String">space</Value>
</Feature>
<Feature>
  <Name className="java.lang.String">string</Name>
  <Value className="java.lang.String"> </Value>
</Feature>
</Annotation>
<Annotation Id="5406" Type="SpaceToken" StartNode="1031" EndNode="1032">
<Feature>
  <Name className="java.lang.String">length</Name>
  <Value className="java.lang.String">1</Value>
</Feature>
<Feature>
  <Name className="java.lang.String">kind</Name>
  <Value className="java.lang.String">space</Value>
</Feature>
<Feature>
  <Name className="java.lang.String">string</Name>
  <Value className="java.lang.String"> </Value>
</Feature>
</Annotation>
<Annotation Id="5407" Type="Token" StartNode="1032" EndNode="1037">
<Feature>
  <Name className="java.lang.String">length</Name>
  <Value className="java.lang.String">5</Value>
</Feature>
<Feature>
  <Name className="java.lang.String">orth</Name>
  <Value className="java.lang.String">lowercase</Value>
</Feature>
<Feature>
  <Name className="java.lang.String">kind</Name>
  <Value className="java.lang.String">word</Value>
</Feature>
<Feature>
  <Name className="java.lang.String">string</Name>
  <Value className="java.lang.String">major</Value>
</Feature>
</Annotation>
<Annotation Id="5404" Type="SpaceToken" StartNode="1027" EndNode="1028">
<Feature>
  <Name className="java.lang.String">length</Name>
  <Value className="java.lang.String">1</Value>
</Feature>
<Feature>
  <Name className="java.lang.String">kind</Name>
  <Value className="java.lang.String">space</Value>
</Feature>
<Feature>
  <Name className="java.lang.String">string</Name>
  <Value className="java.lang.String"> </Value>
</Feature>
</Annotation>
<Annotation Id="5405" Type="Token" StartNode="1028" EndNode="1031">
<Feature>
  <Name className="java.lang.String">length</Name>
  <Value className="java.lang.String">3</Value>
</Feature>
<Feature>
  <Name className="java.lang.String">majorType</Name>
  <Value className="java.lang.String">stop</Value>
</Feature>
<Feature>
  <Name className="java.lang.String">minorType</Name>
  <Value className="java.lang.String">lc</Value>
</Feature>
<Feature>
  <Name className="java.lang.String">orth</Name>
  <Value className="java.lang.String">lowercase</Value>
</Feature>
<Feature>
  <Name className="java.lang.String">language</Name>
  <Value className="java.lang.String">en</Value>
</Feature>
<Feature>
  <Name className="java.lang.String">kind</Name>
  <Value className="java.lang.String">word</Value>
</Feature>
<Feature>
  <Name className="java.lang.String">string</Name>
  <Value className="java.lang.String">its</Value>
</Feature>
</Annotation>
<Annotation Id="5394" Type="SpaceToken" StartNode="1007" EndNode="1008">
<Feature>
  <Name className="java.lang.String">length</Name>
  <Value className="java.lang.String">1</Value>
</Feature>
<Feature>
  <Name className="java.lang.String">kind</Name>
  <Value className="java.lang.String">space</Value>
</Feature>
<Feature>
  <Name className="java.lang.String">string</Name>
  <Value className="java.lang.String"> </Value>
</Feature>
</Annotation>
<Annotation Id="5395" Type="Token" StartNode="1008" EndNode="1009">
<Feature>
  <Name className="java.lang.String">length</Name>
  <Value className="java.lang.String">1</Value>
</Feature>
<Feature>
  <Name className="java.lang.String">kind</Name>
  <Value className="java.lang.String">punctuation</Value>
</Feature>
<Feature>
  <Name className="java.lang.String">string</Name>
  <Value className="java.lang.String">.</Value>
</Feature>
</Annotation>
<Annotation Id="5392" Type="SpaceToken" StartNode="997" EndNode="998">
<Feature>
  <Name className="java.lang.String">length</Name>
  <Value className="java.lang.String">1</Value>
</Feature>
<Feature>
  <Name className="java.lang.String">kind</Name>
  <Value className="java.lang.String">space</Value>
</Feature>
<Feature>
  <Name className="java.lang.String">string</Name>
  <Value className="java.lang.String"> </Value>
</Feature>
</Annotation>
<Annotation Id="5393" Type="Token" StartNode="998" EndNode="1007">
<Feature>
  <Name className="java.lang.String">length</Name>
  <Value className="java.lang.String">9</Value>
</Feature>
<Feature>
  <Name className="java.lang.String">orth</Name>
  <Value className="java.lang.String">lowercase</Value>
</Feature>
<Feature>
  <Name className="java.lang.String">kind</Name>
  <Value className="java.lang.String">word</Value>
</Feature>
<Feature>
  <Name className="java.lang.String">coreferences</Name>
  <Value className="java.util.ArrayList"></Value>
</Feature>
<Feature>
  <Name className="java.lang.String">string</Name>
  <Value className="java.lang.String">dinitrate</Value>
</Feature>
</Annotation>
<Annotation Id="5398" Type="Token" StartNode="1011" EndNode="1013">
<Feature>
  <Name className="java.lang.String">length</Name>
  <Value className="java.lang.String">2</Value>
</Feature>
<Feature>
  <Name className="java.lang.String">majorType</Name>
  <Value className="java.lang.String">stop</Value>
</Feature>
<Feature>
  <Name className="java.lang.String">minorType</Name>
  <Value className="java.lang.String">lc</Value>
</Feature>
<Feature>
  <Name className="java.lang.String">orth</Name>
  <Value className="java.lang.String">upperInitial</Value>
</Feature>
<Feature>
  <Name className="java.lang.String">language</Name>
  <Value className="java.lang.String">en</Value>
</Feature>
<Feature>
  <Name className="java.lang.String">kind</Name>
  <Value className="java.lang.String">word</Value>
</Feature>
<Feature>
  <Name className="java.lang.String">string</Name>
  <Value className="java.lang.String">As</Value>
</Feature>
</Annotation>
<Annotation Id="5399" Type="SpaceToken" StartNode="1013" EndNode="1014">
<Feature>
  <Name className="java.lang.String">length</Name>
  <Value className="java.lang.String">1</Value>
</Feature>
<Feature>
  <Name className="java.lang.String">kind</Name>
  <Value className="java.lang.String">space</Value>
</Feature>
<Feature>
  <Name className="java.lang.String">string</Name>
  <Value className="java.lang.String"> </Value>
</Feature>
</Annotation>
<Annotation Id="5396" Type="SpaceToken" StartNode="1009" EndNode="1010">
<Feature>
  <Name className="java.lang.String">length</Name>
  <Value className="java.lang.String">1</Value>
</Feature>
<Feature>
  <Name className="java.lang.String">kind</Name>
  <Value className="java.lang.String">control</Value>
</Feature>
<Feature>
  <Name className="java.lang.String">string</Name>
  <Value className="java.lang.String">
</Value>
</Feature>
</Annotation>
<Annotation Id="5397" Type="SpaceToken" StartNode="1010" EndNode="1011">
<Feature>
  <Name className="java.lang.String">length</Name>
  <Value className="java.lang.String">1</Value>
</Feature>
<Feature>
  <Name className="java.lang.String">kind</Name>
  <Value className="java.lang.String">control</Value>
</Feature>
<Feature>
  <Name className="java.lang.String">string</Name>
  <Value className="java.lang.String">
</Value>
</Feature>
</Annotation>
<Annotation Id="5387" Type="Token" StartNode="978" EndNode="980">
<Feature>
  <Name className="java.lang.String">length</Name>
  <Value className="java.lang.String">2</Value>
</Feature>
<Feature>
  <Name className="java.lang.String">majorType</Name>
  <Value className="java.lang.String">stop</Value>
</Feature>
<Feature>
  <Name className="java.lang.String">minorType</Name>
  <Value className="java.lang.String">lc</Value>
</Feature>
<Feature>
  <Name className="java.lang.String">orth</Name>
  <Value className="java.lang.String">lowercase</Value>
</Feature>
<Feature>
  <Name className="java.lang.String">language</Name>
  <Value className="java.lang.String">en</Value>
</Feature>
<Feature>
  <Name className="java.lang.String">kind</Name>
  <Value className="java.lang.String">word</Value>
</Feature>
<Feature>
  <Name className="java.lang.String">string</Name>
  <Value className="java.lang.String">of</Value>
</Feature>
</Annotation>
<Annotation Id="5386" Type="SpaceToken" StartNode="977" EndNode="978">
<Feature>
  <Name className="java.lang.String">length</Name>
  <Value className="java.lang.String">1</Value>
</Feature>
<Feature>
  <Name className="java.lang.String">kind</Name>
  <Value className="java.lang.String">space</Value>
</Feature>
<Feature>
  <Name className="java.lang.String">string</Name>
  <Value className="java.lang.String"> </Value>
</Feature>
</Annotation>
<Annotation Id="5385" Type="Token" StartNode="973" EndNode="977">
<Feature>
  <Name className="java.lang.String">length</Name>
  <Value className="java.lang.String">4</Value>
</Feature>
<Feature>
  <Name className="java.lang.String">orth</Name>
  <Value className="java.lang.String">lowercase</Value>
</Feature>
<Feature>
  <Name className="java.lang.String">kind</Name>
  <Value className="java.lang.String">word</Value>
</Feature>
<Feature>
  <Name className="java.lang.String">coreferences</Name>
  <Value className="java.util.ArrayList"></Value>
</Feature>
<Feature>
  <Name className="java.lang.String">string</Name>
  <Value className="java.lang.String">rate</Value>
</Feature>
</Annotation>
<Annotation Id="5384" Type="SpaceToken" StartNode="972" EndNode="973">
<Feature>
  <Name className="java.lang.String">length</Name>
  <Value className="java.lang.String">1</Value>
</Feature>
<Feature>
  <Name className="java.lang.String">kind</Name>
  <Value className="java.lang.String">space</Value>
</Feature>
<Feature>
  <Name className="java.lang.String">string</Name>
  <Value className="java.lang.String"> </Value>
</Feature>
</Annotation>
<Annotation Id="5391" Type="Token" StartNode="991" EndNode="997">
<Feature>
  <Name className="java.lang.String">length</Name>
  <Value className="java.lang.String">6</Value>
</Feature>
<Feature>
  <Name className="java.lang.String">orth</Name>
  <Value className="java.lang.String">lowercase</Value>
</Feature>
<Feature>
  <Name className="java.lang.String">kind</Name>
  <Value className="java.lang.String">word</Value>
</Feature>
<Feature>
  <Name className="java.lang.String">coreferences</Name>
  <Value className="java.util.ArrayList"></Value>
</Feature>
<Feature>
  <Name className="java.lang.String">string</Name>
  <Value className="java.lang.String">glycol</Value>
</Feature>
</Annotation>
<Annotation Id="5390" Type="SpaceToken" StartNode="990" EndNode="991">
<Feature>
  <Name className="java.lang.String">length</Name>
  <Value className="java.lang.String">1</Value>
</Feature>
<Feature>
  <Name className="java.lang.String">kind</Name>
  <Value className="java.lang.String">space</Value>
</Feature>
<Feature>
  <Name className="java.lang.String">string</Name>
  <Value className="java.lang.String"> </Value>
</Feature>
</Annotation>
<Annotation Id="5389" Type="Token" StartNode="981" EndNode="990">
<Feature>
  <Name className="java.lang.String">length</Name>
  <Value className="java.lang.String">9</Value>
</Feature>
<Feature>
  <Name className="java.lang.String">orth</Name>
  <Value className="java.lang.String">lowercase</Value>
</Feature>
<Feature>
  <Name className="java.lang.String">kind</Name>
  <Value className="java.lang.String">word</Value>
</Feature>
<Feature>
  <Name className="java.lang.String">coreferences</Name>
  <Value className="java.util.ArrayList"></Value>
</Feature>
<Feature>
  <Name className="java.lang.String">string</Name>
  <Value className="java.lang.String">propylene</Value>
</Feature>
</Annotation>
<Annotation Id="5388" Type="SpaceToken" StartNode="980" EndNode="981">
<Feature>
  <Name className="java.lang.String">length</Name>
  <Value className="java.lang.String">1</Value>
</Feature>
<Feature>
  <Name className="java.lang.String">kind</Name>
  <Value className="java.lang.String">space</Value>
</Feature>
<Feature>
  <Name className="java.lang.String">string</Name>
  <Value className="java.lang.String"> </Value>
</Feature>
</Annotation>
<Annotation Id="5379" Type="Token" StartNode="951" EndNode="958">
<Feature>
  <Name className="java.lang.String">length</Name>
  <Value className="java.lang.String">7</Value>
</Feature>
<Feature>
  <Name className="java.lang.String">orth</Name>
  <Value className="java.lang.String">lowercase</Value>
</Feature>
<Feature>
  <Name className="java.lang.String">kind</Name>
  <Value className="java.lang.String">word</Value>
</Feature>
<Feature>
  <Name className="java.lang.String">string</Name>
  <Value className="java.lang.String">control</Value>
</Feature>
</Annotation>
<Annotation Id="5378" Type="SpaceToken" StartNode="950" EndNode="951">
<Feature>
  <Name className="java.lang.String">length</Name>
  <Value className="java.lang.String">1</Value>
</Feature>
<Feature>
  <Name className="java.lang.String">kind</Name>
  <Value className="java.lang.String">space</Value>
</Feature>
<Feature>
  <Name className="java.lang.String">string</Name>
  <Value className="java.lang.String"> </Value>
</Feature>
</Annotation>
<Annotation Id="5377" Type="Token" StartNode="948" EndNode="950">
<Feature>
  <Name className="java.lang.String">length</Name>
  <Value className="java.lang.String">2</Value>
</Feature>
<Feature>
  <Name className="java.lang.String">majorType</Name>
  <Value className="java.lang.String">stop</Value>
</Feature>
<Feature>
  <Name className="java.lang.String">minorType</Name>
  <Value className="java.lang.String">lc</Value>
</Feature>
<Feature>
  <Name className="java.lang.String">orth</Name>
  <Value className="java.lang.String">lowercase</Value>
</Feature>
<Feature>
  <Name className="java.lang.String">language</Name>
  <Value className="java.lang.String">en</Value>
</Feature>
<Feature>
  <Name className="java.lang.String">kind</Name>
  <Value className="java.lang.String">word</Value>
</Feature>
<Feature>
  <Name className="java.lang.String">string</Name>
  <Value className="java.lang.String">to</Value>
</Feature>
</Annotation>
<Annotation Id="5376" Type="SpaceToken" StartNode="947" EndNode="948">
<Feature>
  <Name className="java.lang.String">length</Name>
  <Value className="java.lang.String">1</Value>
</Feature>
<Feature>
  <Name className="java.lang.String">kind</Name>
  <Value className="java.lang.String">space</Value>
</Feature>
<Feature>
  <Name className="java.lang.String">string</Name>
  <Value className="java.lang.String"> </Value>
</Feature>
</Annotation>
<Annotation Id="5383" Type="Token" StartNode="963" EndNode="972">
<Feature>
  <Name className="java.lang.String">length</Name>
  <Value className="java.lang.String">9</Value>
</Feature>
<Feature>
  <Name className="java.lang.String">orth</Name>
  <Value className="java.lang.String">lowercase</Value>
</Feature>
<Feature>
  <Name className="java.lang.String">kind</Name>
  <Value className="java.lang.String">word</Value>
</Feature>
<Feature>
  <Name className="java.lang.String">string</Name>
  <Value className="java.lang.String">explosion</Value>
</Feature>
</Annotation>
<Annotation Id="5382" Type="SpaceToken" StartNode="962" EndNode="963">
<Feature>
  <Name className="java.lang.String">length</Name>
  <Value className="java.lang.String">1</Value>
</Feature>
<Feature>
  <Name className="java.lang.String">kind</Name>
  <Value className="java.lang.String">space</Value>
</Feature>
<Feature>
  <Name className="java.lang.String">string</Name>
  <Value className="java.lang.String"> </Value>
</Feature>
</Annotation>
<Annotation Id="5381" Type="Token" StartNode="959" EndNode="962">
<Feature>
  <Name className="java.lang.String">length</Name>
  <Value className="java.lang.String">3</Value>
</Feature>
<Feature>
  <Name className="java.lang.String">majorType</Name>
  <Value className="java.lang.String">stop</Value>
</Feature>
<Feature>
  <Name className="java.lang.String">minorType</Name>
  <Value className="java.lang.String">lc</Value>
</Feature>
<Feature>
  <Name className="java.lang.String">orth</Name>
  <Value className="java.lang.String">lowercase</Value>
</Feature>
<Feature>
  <Name className="java.lang.String">language</Name>
  <Value className="java.lang.String">en</Value>
</Feature>
<Feature>
  <Name className="java.lang.String">kind</Name>
  <Value className="java.lang.String">word</Value>
</Feature>
<Feature>
  <Name className="java.lang.String">string</Name>
  <Value className="java.lang.String">the</Value>
</Feature>
</Annotation>
<Annotation Id="5380" Type="SpaceToken" StartNode="958" EndNode="959">
<Feature>
  <Name className="java.lang.String">length</Name>
  <Value className="java.lang.String">1</Value>
</Feature>
<Feature>
  <Name className="java.lang.String">kind</Name>
  <Value className="java.lang.String">space</Value>
</Feature>
<Feature>
  <Name className="java.lang.String">string</Name>
  <Value className="java.lang.String"> </Value>
</Feature>
</Annotation>
<Annotation Id="5621" Type="Token" StartNode="1664" EndNode="1665">
<Feature>
  <Name className="java.lang.String">length</Name>
  <Value className="java.lang.String">1</Value>
</Feature>
<Feature>
  <Name className="java.lang.String">majorType</Name>
  <Value className="java.lang.String">stop</Value>
</Feature>
<Feature>
  <Name className="java.lang.String">minorType</Name>
  <Value className="java.lang.String">lc</Value>
</Feature>
<Feature>
  <Name className="java.lang.String">language</Name>
  <Value className="java.lang.String">en</Value>
</Feature>
<Feature>
  <Name className="java.lang.String">kind</Name>
  <Value className="java.lang.String">number</Value>
</Feature>
<Feature>
  <Name className="java.lang.String">string</Name>
  <Value className="java.lang.String">4</Value>
</Feature>
</Annotation>
<Annotation Id="5620" Type="SpaceToken" StartNode="1663" EndNode="1664">
<Feature>
  <Name className="java.lang.String">length</Name>
  <Value className="java.lang.String">1</Value>
</Feature>
<Feature>
  <Name className="java.lang.String">kind</Name>
  <Value className="java.lang.String">space</Value>
</Feature>
<Feature>
  <Name className="java.lang.String">string</Name>
  <Value className="java.lang.String"> </Value>
</Feature>
</Annotation>
<Annotation Id="5623" Type="Token" StartNode="1666" EndNode="1684">
<Feature>
  <Name className="java.lang.String">length</Name>
  <Value className="java.lang.String">18</Value>
</Feature>
<Feature>
  <Name className="java.lang.String">orth</Name>
  <Value className="java.lang.String">lowercase</Value>
</Feature>
<Feature>
  <Name className="java.lang.String">kind</Name>
  <Value className="java.lang.String">word</Value>
</Feature>
<Feature>
  <Name className="java.lang.String">string</Name>
  <Value className="java.lang.String">nitrodiphenylamine</Value>
</Feature>
</Annotation>
<Annotation Id="5622" Type="Token" StartNode="1665" EndNode="1666">
<Feature>
  <Name className="java.lang.String">subkind</Name>
  <Value className="java.lang.String">dashpunct</Value>
</Feature>
<Feature>
  <Name className="java.lang.String">length</Name>
  <Value className="java.lang.String">1</Value>
</Feature>
<Feature>
  <Name className="java.lang.String">kind</Name>
  <Value className="java.lang.String">punctuation</Value>
</Feature>
<Feature>
  <Name className="java.lang.String">string</Name>
  <Value className="java.lang.String">-</Value>
</Feature>
</Annotation>
<Annotation Id="5617" Type="Token" StartNode="1653" EndNode="1659">
<Feature>
  <Name className="java.lang.String">length</Name>
  <Value className="java.lang.String">6</Value>
</Feature>
<Feature>
  <Name className="java.lang.String">orth</Name>
  <Value className="java.lang.String">lowercase</Value>
</Feature>
<Feature>
  <Name className="java.lang.String">kind</Name>
  <Value className="java.lang.String">word</Value>
</Feature>
<Feature>
  <Name className="java.lang.String">coreferences</Name>
  <Value className="java.util.ArrayList"></Value>
</Feature>
<Feature>
  <Name className="java.lang.String">string</Name>
  <Value className="java.lang.String">nature</Value>
</Feature>
</Annotation>
<Annotation Id="5616" Type="SpaceToken" StartNode="1652" EndNode="1653">
<Feature>
  <Name className="java.lang.String">length</Name>
  <Value className="java.lang.String">1</Value>
</Feature>
<Feature>
  <Name className="java.lang.String">kind</Name>
  <Value className="java.lang.String">space</Value>
</Feature>
<Feature>
  <Name className="java.lang.String">string</Name>
  <Value className="java.lang.String"> </Value>
</Feature>
</Annotation>
<Annotation Id="5619" Type="Token" StartNode="1660" EndNode="1663">
<Feature>
  <Name className="java.lang.String">length</Name>
  <Value className="java.lang.String">3</Value>
</Feature>
<Feature>
  <Name className="java.lang.String">orth</Name>
  <Value className="java.lang.String">lowercase</Value>
</Feature>
<Feature>
  <Name className="java.lang.String">kind</Name>
  <Value className="java.lang.String">word</Value>
</Feature>
<Feature>
  <Name className="java.lang.String">coreferences</Name>
  <Value className="java.util.ArrayList"></Value>
</Feature>
<Feature>
  <Name className="java.lang.String">string</Name>
  <Value className="java.lang.String">are</Value>
</Feature>
</Annotation>
<Annotation Id="5618" Type="SpaceToken" StartNode="1659" EndNode="1660">
<Feature>
  <Name className="java.lang.String">length</Name>
  <Value className="java.lang.String">1</Value>
</Feature>
<Feature>
  <Name className="java.lang.String">kind</Name>
  <Value className="java.lang.String">space</Value>
</Feature>
<Feature>
  <Name className="java.lang.String">string</Name>
  <Value className="java.lang.String"> </Value>
</Feature>
</Annotation>
<Annotation Id="5629" Type="SpaceToken" StartNode="1709" EndNode="1710">
<Feature>
  <Name className="java.lang.String">length</Name>
  <Value className="java.lang.String">1</Value>
</Feature>
<Feature>
  <Name className="java.lang.String">kind</Name>
  <Value className="java.lang.String">space</Value>
</Feature>
<Feature>
  <Name className="java.lang.String">string</Name>
  <Value className="java.lang.String"> </Value>
</Feature>
</Annotation>
<Annotation Id="5628" Type="Token" StartNode="1689" EndNode="1709">
<Feature>
  <Name className="java.lang.String">length</Name>
  <Value className="java.lang.String">20</Value>
</Feature>
<Feature>
  <Name className="java.lang.String">orth</Name>
  <Value className="java.lang.String">lowercase</Value>
</Feature>
<Feature>
  <Name className="java.lang.String">kind</Name>
  <Value className="java.lang.String">word</Value>
</Feature>
<Feature>
  <Name className="java.lang.String">coreferences</Name>
  <Value className="java.util.ArrayList"></Value>
</Feature>
<Feature>
  <Name className="java.lang.String">string</Name>
  <Value className="java.lang.String">nitrosodiphenylamine</Value>
</Feature>
</Annotation>
<Annotation Id="5631" Type="SpaceToken" StartNode="1711" EndNode="1712">
<Feature>
  <Name className="java.lang.String">length</Name>
  <Value className="java.lang.String">1</Value>
</Feature>
<Feature>
  <Name className="java.lang.String">kind</Name>
  <Value className="java.lang.String">space</Value>
</Feature>
<Feature>
  <Name className="java.lang.String">string</Name>
  <Value className="java.lang.String"> </Value>
</Feature>
</Annotation>
<Annotation Id="5630" Type="Token" StartNode="1710" EndNode="1711">
<Feature>
  <Name className="java.lang.String">length</Name>
  <Value className="java.lang.String">1</Value>
</Feature>
<Feature>
  <Name className="java.lang.String">kind</Name>
  <Value className="java.lang.String">punctuation</Value>
</Feature>
<Feature>
  <Name className="java.lang.String">string</Name>
  <Value className="java.lang.String">,</Value>
</Feature>
</Annotation>
<Annotation Id="5625" Type="Token" StartNode="1685" EndNode="1686">
<Feature>
  <Name className="java.lang.String">length</Name>
  <Value className="java.lang.String">1</Value>
</Feature>
<Feature>
  <Name className="java.lang.String">kind</Name>
  <Value className="java.lang.String">punctuation</Value>
</Feature>
<Feature>
  <Name className="java.lang.String">string</Name>
  <Value className="java.lang.String">,</Value>
</Feature>
</Annotation>
<Annotation Id="5624" Type="SpaceToken" StartNode="1684" EndNode="1685">
<Feature>
  <Name className="java.lang.String">length</Name>
  <Value className="java.lang.String">1</Value>
</Feature>
<Feature>
  <Name className="java.lang.String">kind</Name>
  <Value className="java.lang.String">space</Value>
</Feature>
<Feature>
  <Name className="java.lang.String">string</Name>
  <Value className="java.lang.String"> </Value>
</Feature>
</Annotation>
<Annotation Id="5627" Type="Token" StartNode="1687" EndNode="1689">
<Feature>
  <Name className="java.lang.String">length</Name>
  <Value className="java.lang.String">2</Value>
</Feature>
<Feature>
  <Name className="java.lang.String">orth</Name>
  <Value className="java.lang.String">allCaps</Value>
</Feature>
<Feature>
  <Name className="java.lang.String">kind</Name>
  <Value className="java.lang.String">word</Value>
</Feature>
<Feature>
  <Name className="java.lang.String">string</Name>
  <Value className="java.lang.String">N-</Value>
</Feature>
</Annotation>
<Annotation Id="5626" Type="SpaceToken" StartNode="1686" EndNode="1687">
<Feature>
  <Name className="java.lang.String">length</Name>
  <Value className="java.lang.String">1</Value>
</Feature>
<Feature>
  <Name className="java.lang.String">kind</Name>
  <Value className="java.lang.String">space</Value>
</Feature>
<Feature>
  <Name className="java.lang.String">string</Name>
  <Value className="java.lang.String"> </Value>
</Feature>
</Annotation>
<Annotation Id="5604" Type="Token" StartNode="1619" EndNode="1620">
<Feature>
  <Name className="java.lang.String">position</Name>
  <Value className="java.lang.String">endpunct</Value>
</Feature>
<Feature>
  <Name className="java.lang.String">length</Name>
  <Value className="java.lang.String">1</Value>
</Feature>
<Feature>
  <Name className="java.lang.String">kind</Name>
  <Value className="java.lang.String">punctuation</Value>
</Feature>
<Feature>
  <Name className="java.lang.String">coreferences</Name>
  <Value className="java.util.ArrayList"></Value>
</Feature>
<Feature>
  <Name className="java.lang.String">string</Name>
  <Value className="java.lang.String">]</Value>
</Feature>
</Annotation>
<Annotation Id="5605" Type="SpaceToken" StartNode="1620" EndNode="1621">
<Feature>
  <Name className="java.lang.String">length</Name>
  <Value className="java.lang.String">1</Value>
</Feature>
<Feature>
  <Name className="java.lang.String">kind</Name>
  <Value className="java.lang.String">control</Value>
</Feature>
<Feature>
  <Name className="java.lang.String">string</Name>
  <Value className="java.lang.String">
</Value>
</Feature>
</Annotation>
<Annotation Id="5606" Type="SpaceToken" StartNode="1621" EndNode="1622">
<Feature>
  <Name className="java.lang.String">length</Name>
  <Value className="java.lang.String">1</Value>
</Feature>
<Feature>
  <Name className="java.lang.String">kind</Name>
  <Value className="java.lang.String">control</Value>
</Feature>
<Feature>
  <Name className="java.lang.String">string</Name>
  <Value className="java.lang.String">
</Value>
</Feature>
</Annotation>
<Annotation Id="5607" Type="Token" StartNode="1622" EndNode="1627">
<Feature>
  <Name className="java.lang.String">length</Name>
  <Value className="java.lang.String">5</Value>
</Feature>
<Feature>
  <Name className="java.lang.String">orth</Name>
  <Value className="java.lang.String">upperInitial</Value>
</Feature>
<Feature>
  <Name className="java.lang.String">kind</Name>
  <Value className="java.lang.String">word</Value>
</Feature>
<Feature>
  <Name className="java.lang.String">string</Name>
  <Value className="java.lang.String">Other</Value>
</Feature>
</Annotation>
<Annotation Id="5600" Type="Token" StartNode="1615" EndNode="1616">
<Feature>
  <Name className="java.lang.String">length</Name>
  <Value className="java.lang.String">1</Value>
</Feature>
<Feature>
  <Name className="java.lang.String">kind</Name>
  <Value className="java.lang.String">punctuation</Value>
</Feature>
<Feature>
  <Name className="java.lang.String">string</Name>
  <Value className="java.lang.String">.</Value>
</Feature>
</Annotation>
<Annotation Id="5601" Type="SpaceToken" StartNode="1616" EndNode="1617">
<Feature>
  <Name className="java.lang.String">length</Name>
  <Value className="java.lang.String">1</Value>
</Feature>
<Feature>
  <Name className="java.lang.String">kind</Name>
  <Value className="java.lang.String">space</Value>
</Feature>
<Feature>
  <Name className="java.lang.String">string</Name>
  <Value className="java.lang.String"> </Value>
</Feature>
</Annotation>
<Annotation Id="5602" Type="Token" StartNode="1617" EndNode="1618">
<Feature>
  <Name className="java.lang.String">position</Name>
  <Value className="java.lang.String">startpunct</Value>
</Feature>
<Feature>
  <Name className="java.lang.String">length</Name>
  <Value className="java.lang.String">1</Value>
</Feature>
<Feature>
  <Name className="java.lang.String">kind</Name>
  <Value className="java.lang.String">punctuation</Value>
</Feature>
<Feature>
  <Name className="java.lang.String">coreferences</Name>
  <Value className="java.util.ArrayList"></Value>
</Feature>
<Feature>
  <Name className="java.lang.String">string</Name>
  <Value className="java.lang.String">[</Value>
</Feature>
</Annotation>
<Annotation Id="5603" Type="Token" StartNode="1618" EndNode="1619">
<Feature>
  <Name className="java.lang.String">length</Name>
  <Value className="java.lang.String">1</Value>
</Feature>
<Feature>
  <Name className="java.lang.String">majorType</Name>
  <Value className="java.lang.String">stop</Value>
</Feature>
<Feature>
  <Name className="java.lang.String">minorType</Name>
  <Value className="java.lang.String">lc</Value>
</Feature>
<Feature>
  <Name className="java.lang.String">language</Name>
  <Value className="java.lang.String">en</Value>
</Feature>
<Feature>
  <Name className="java.lang.String">kind</Name>
  <Value className="java.lang.String">number</Value>
</Feature>
<Feature>
  <Name className="java.lang.String">string</Name>
  <Value className="java.lang.String">1</Value>
</Feature>
</Annotation>
<Annotation Id="5612" Type="SpaceToken" StartNode="1642" EndNode="1643">
<Feature>
  <Name className="java.lang.String">length</Name>
  <Value className="java.lang.String">1</Value>
</Feature>
<Feature>
  <Name className="java.lang.String">kind</Name>
  <Value className="java.lang.String">space</Value>
</Feature>
<Feature>
  <Name className="java.lang.String">string</Name>
  <Value className="java.lang.String"> </Value>
</Feature>
</Annotation>
<Annotation Id="5613" Type="Token" StartNode="1643" EndNode="1644">
<Feature>
  <Name className="java.lang.String">length</Name>
  <Value className="java.lang.String">1</Value>
</Feature>
<Feature>
  <Name className="java.lang.String">majorType</Name>
  <Value className="java.lang.String">stop</Value>
</Feature>
<Feature>
  <Name className="java.lang.String">minorType</Name>
  <Value className="java.lang.String">lc</Value>
</Feature>
<Feature>
  <Name className="java.lang.String">orth</Name>
  <Value className="java.lang.String">lowercase</Value>
</Feature>
<Feature>
  <Name className="java.lang.String">language</Name>
  <Value className="java.lang.String">en</Value>
</Feature>
<Feature>
  <Name className="java.lang.String">kind</Name>
  <Value className="java.lang.String">word</Value>
</Feature>
<Feature>
  <Name className="java.lang.String">string</Name>
  <Value className="java.lang.String">a</Value>
</Feature>
</Annotation>
<Annotation Id="5614" Type="SpaceToken" StartNode="1644" EndNode="1645">
<Feature>
  <Name className="java.lang.String">length</Name>
  <Value className="java.lang.String">1</Value>
</Feature>
<Feature>
  <Name className="java.lang.String">kind</Name>
  <Value className="java.lang.String">space</Value>
</Feature>
<Feature>
  <Name className="java.lang.String">string</Name>
  <Value className="java.lang.String"> </Value>
</Feature>
</Annotation>
<Annotation Id="5615" Type="Token" StartNode="1645" EndNode="1652">
<Feature>
  <Name className="java.lang.String">length</Name>
  <Value className="java.lang.String">7</Value>
</Feature>
<Feature>
  <Name className="java.lang.String">orth</Name>
  <Value className="java.lang.String">lowercase</Value>
</Feature>
<Feature>
  <Name className="java.lang.String">kind</Name>
  <Value className="java.lang.String">word</Value>
</Feature>
<Feature>
  <Name className="java.lang.String">coreferences</Name>
  <Value className="java.util.ArrayList"></Value>
</Feature>
<Feature>
  <Name className="java.lang.String">string</Name>
  <Value className="java.lang.String">similar</Value>
</Feature>
</Annotation>
<Annotation Id="5608" Type="SpaceToken" StartNode="1627" EndNode="1628">
<Feature>
  <Name className="java.lang.String">length</Name>
  <Value className="java.lang.String">1</Value>
</Feature>
<Feature>
  <Name className="java.lang.String">kind</Name>
  <Value className="java.lang.String">space</Value>
</Feature>
<Feature>
  <Name className="java.lang.String">string</Name>
  <Value className="java.lang.String"> </Value>
</Feature>
</Annotation>
<Annotation Id="5609" Type="Token" StartNode="1628" EndNode="1639">
<Feature>
  <Name className="java.lang.String">length</Name>
  <Value className="java.lang.String">11</Value>
</Feature>
<Feature>
  <Name className="java.lang.String">orth</Name>
  <Value className="java.lang.String">lowercase</Value>
</Feature>
<Feature>
  <Name className="java.lang.String">kind</Name>
  <Value className="java.lang.String">word</Value>
</Feature>
<Feature>
  <Name className="java.lang.String">coreferences</Name>
  <Value className="java.util.ArrayList"></Value>
</Feature>
<Feature>
  <Name className="java.lang.String">string</Name>
  <Value className="java.lang.String">stabilizers</Value>
</Feature>
</Annotation>
<Annotation Id="5610" Type="SpaceToken" StartNode="1639" EndNode="1640">
<Feature>
  <Name className="java.lang.String">length</Name>
  <Value className="java.lang.String">1</Value>
</Feature>
<Feature>
  <Name className="java.lang.String">kind</Name>
  <Value className="java.lang.String">space</Value>
</Feature>
<Feature>
  <Name className="java.lang.String">string</Name>
  <Value className="java.lang.String"> </Value>
</Feature>
</Annotation>
<Annotation Id="5611" Type="Token" StartNode="1640" EndNode="1642">
<Feature>
  <Name className="java.lang.String">length</Name>
  <Value className="java.lang.String">2</Value>
</Feature>
<Feature>
  <Name className="java.lang.String">majorType</Name>
  <Value className="java.lang.String">stop</Value>
</Feature>
<Feature>
  <Name className="java.lang.String">minorType</Name>
  <Value className="java.lang.String">lc</Value>
</Feature>
<Feature>
  <Name className="java.lang.String">orth</Name>
  <Value className="java.lang.String">lowercase</Value>
</Feature>
<Feature>
  <Name className="java.lang.String">language</Name>
  <Value className="java.lang.String">en</Value>
</Feature>
<Feature>
  <Name className="java.lang.String">kind</Name>
  <Value className="java.lang.String">word</Value>
</Feature>
<Feature>
  <Name className="java.lang.String">string</Name>
  <Value className="java.lang.String">of</Value>
</Feature>
</Annotation>
<Annotation Id="5591" Type="Token" StartNode="1582" EndNode="1584">
<Feature>
  <Name className="java.lang.String">length</Name>
  <Value className="java.lang.String">2</Value>
</Feature>
<Feature>
  <Name className="java.lang.String">majorType</Name>
  <Value className="java.lang.String">stop</Value>
</Feature>
<Feature>
  <Name className="java.lang.String">minorType</Name>
  <Value className="java.lang.String">lc</Value>
</Feature>
<Feature>
  <Name className="java.lang.String">orth</Name>
  <Value className="java.lang.String">lowercase</Value>
</Feature>
<Feature>
  <Name className="java.lang.String">language</Name>
  <Value className="java.lang.String">en</Value>
</Feature>
<Feature>
  <Name className="java.lang.String">kind</Name>
  <Value className="java.lang.String">word</Value>
</Feature>
<Feature>
  <Name className="java.lang.String">string</Name>
  <Value className="java.lang.String">to</Value>
</Feature>
</Annotation>
<Annotation Id="5590" Type="SpaceToken" StartNode="1581" EndNode="1582">
<Feature>
  <Name className="java.lang.String">length</Name>
  <Value className="java.lang.String">1</Value>
</Feature>
<Feature>
  <Name className="java.lang.String">kind</Name>
  <Value className="java.lang.String">space</Value>
</Feature>
<Feature>
  <Name className="java.lang.String">string</Name>
  <Value className="java.lang.String"> </Value>
</Feature>
</Annotation>
<Annotation Id="5589" Type="Token" StartNode="1577" EndNode="1581">
<Feature>
  <Name className="java.lang.String">length</Name>
  <Value className="java.lang.String">4</Value>
</Feature>
<Feature>
  <Name className="java.lang.String">orth</Name>
  <Value className="java.lang.String">lowercase</Value>
</Feature>
<Feature>
  <Name className="java.lang.String">kind</Name>
  <Value className="java.lang.String">word</Value>
</Feature>
<Feature>
  <Name className="java.lang.String">coreferences</Name>
  <Value className="java.util.ArrayList"></Value>
</Feature>
<Feature>
  <Name className="java.lang.String">string</Name>
  <Value className="java.lang.String">lead</Value>
</Feature>
</Annotation>
<Annotation Id="5588" Type="SpaceToken" StartNode="1576" EndNode="1577">
<Feature>
  <Name className="java.lang.String">length</Name>
  <Value className="java.lang.String">1</Value>
</Feature>
<Feature>
  <Name className="java.lang.String">kind</Name>
  <Value className="java.lang.String">space</Value>
</Feature>
<Feature>
  <Name className="java.lang.String">string</Name>
  <Value className="java.lang.String"> </Value>
</Feature>
</Annotation>
<Annotation Id="5587" Type="Token" StartNode="1573" EndNode="1576">
<Feature>
  <Name className="java.lang.String">length</Name>
  <Value className="java.lang.String">3</Value>
</Feature>
<Feature>
  <Name className="java.lang.String">orth</Name>
  <Value className="java.lang.String">lowercase</Value>
</Feature>
<Feature>
  <Name className="java.lang.String">kind</Name>
  <Value className="java.lang.String">word</Value>
</Feature>
<Feature>
  <Name className="java.lang.String">coreferences</Name>
  <Value className="java.util.ArrayList"></Value>
</Feature>
<Feature>
  <Name className="java.lang.String">string</Name>
  <Value className="java.lang.String">may</Value>
</Feature>
</Annotation>
<Annotation Id="5586" Type="SpaceToken" StartNode="1572" EndNode="1573">
<Feature>
  <Name className="java.lang.String">length</Name>
  <Value className="java.lang.String">1</Value>
</Feature>
<Feature>
  <Name className="java.lang.String">kind</Name>
  <Value className="java.lang.String">space</Value>
</Feature>
<Feature>
  <Name className="java.lang.String">string</Name>
  <Value className="java.lang.String"> </Value>
</Feature>
</Annotation>
<Annotation Id="5585" Type="Token" StartNode="1562" EndNode="1572">
<Feature>
  <Name className="java.lang.String">length</Name>
  <Value className="java.lang.String">10</Value>
</Feature>
<Feature>
  <Name className="java.lang.String">orth</Name>
  <Value className="java.lang.String">lowercase</Value>
</Feature>
<Feature>
  <Name className="java.lang.String">kind</Name>
  <Value className="java.lang.String">word</Value>
</Feature>
<Feature>
  <Name className="java.lang.String">string</Name>
  <Value className="java.lang.String">stabilizer</Value>
</Feature>
</Annotation>
<Annotation Id="5584" Type="SpaceToken" StartNode="1561" EndNode="1562">
<Feature>
  <Name className="java.lang.String">length</Name>
  <Value className="java.lang.String">1</Value>
</Feature>
<Feature>
  <Name className="java.lang.String">kind</Name>
  <Value className="java.lang.String">space</Value>
</Feature>
<Feature>
  <Name className="java.lang.String">string</Name>
  <Value className="java.lang.String"> </Value>
</Feature>
</Annotation>
<Annotation Id="5599" Type="Token" StartNode="1605" EndNode="1615">
<Feature>
  <Name className="java.lang.String">length</Name>
  <Value className="java.lang.String">10</Value>
</Feature>
<Feature>
  <Name className="java.lang.String">orth</Name>
  <Value className="java.lang.String">lowercase</Value>
</Feature>
<Feature>
  <Name className="java.lang.String">kind</Name>
  <Value className="java.lang.String">word</Value>
</Feature>
<Feature>
  <Name className="java.lang.String">string</Name>
  <Value className="java.lang.String">propellant</Value>
</Feature>
</Annotation>
<Annotation Id="5598" Type="SpaceToken" StartNode="1604" EndNode="1605">
<Feature>
  <Name className="java.lang.String">length</Name>
  <Value className="java.lang.String">1</Value>
</Feature>
<Feature>
  <Name className="java.lang.String">kind</Name>
  <Value className="java.lang.String">space</Value>
</Feature>
<Feature>
  <Name className="java.lang.String">string</Name>
  <Value className="java.lang.String"> </Value>
</Feature>
</Annotation>
<Annotation Id="5597" Type="Token" StartNode="1601" EndNode="1604">
<Feature>
  <Name className="java.lang.String">length</Name>
  <Value className="java.lang.String">3</Value>
</Feature>
<Feature>
  <Name className="java.lang.String">majorType</Name>
  <Value className="java.lang.String">stop</Value>
</Feature>
<Feature>
  <Name className="java.lang.String">minorType</Name>
  <Value className="java.lang.String">lc</Value>
</Feature>
<Feature>
  <Name className="java.lang.String">orth</Name>
  <Value className="java.lang.String">lowercase</Value>
</Feature>
<Feature>
  <Name className="java.lang.String">language</Name>
  <Value className="java.lang.String">en</Value>
</Feature>
<Feature>
  <Name className="java.lang.String">kind</Name>
  <Value className="java.lang.String">word</Value>
</Feature>
<Feature>
  <Name className="java.lang.String">string</Name>
  <Value className="java.lang.String">the</Value>
</Feature>
</Annotation>
<Annotation Id="5596" Type="SpaceToken" StartNode="1600" EndNode="1601">
<Feature>
  <Name className="java.lang.String">length</Name>
  <Value className="java.lang.String">1</Value>
</Feature>
<Feature>
  <Name className="java.lang.String">kind</Name>
  <Value className="java.lang.String">space</Value>
</Feature>
<Feature>
  <Name className="java.lang.String">string</Name>
  <Value className="java.lang.String"> </Value>
</Feature>
</Annotation>
<Annotation Id="5595" Type="Token" StartNode="1598" EndNode="1600">
<Feature>
  <Name className="java.lang.String">length</Name>
  <Value className="java.lang.String">2</Value>
</Feature>
<Feature>
  <Name className="java.lang.String">majorType</Name>
  <Value className="java.lang.String">stop</Value>
</Feature>
<Feature>
  <Name className="java.lang.String">minorType</Name>
  <Value className="java.lang.String">lc</Value>
</Feature>
<Feature>
  <Name className="java.lang.String">orth</Name>
  <Value className="java.lang.String">lowercase</Value>
</Feature>
<Feature>
  <Name className="java.lang.String">language</Name>
  <Value className="java.lang.String">en</Value>
</Feature>
<Feature>
  <Name className="java.lang.String">kind</Name>
  <Value className="java.lang.String">word</Value>
</Feature>
<Feature>
  <Name className="java.lang.String">string</Name>
  <Value className="java.lang.String">of</Value>
</Feature>
</Annotation>
<Annotation Id="5594" Type="SpaceToken" StartNode="1597" EndNode="1598">
<Feature>
  <Name className="java.lang.String">length</Name>
  <Value className="java.lang.String">1</Value>
</Feature>
<Feature>
  <Name className="java.lang.String">kind</Name>
  <Value className="java.lang.String">space</Value>
</Feature>
<Feature>
  <Name className="java.lang.String">string</Name>
  <Value className="java.lang.String"> </Value>
</Feature>
</Annotation>
<Annotation Id="5593" Type="Token" StartNode="1585" EndNode="1597">
<Feature>
  <Name className="java.lang.String">length</Name>
  <Value className="java.lang.String">12</Value>
</Feature>
<Feature>
  <Name className="java.lang.String">orth</Name>
  <Value className="java.lang.String">lowercase</Value>
</Feature>
<Feature>
  <Name className="java.lang.String">kind</Name>
  <Value className="java.lang.String">word</Value>
</Feature>
<Feature>
  <Name className="java.lang.String">coreferences</Name>
  <Value className="java.util.ArrayList"></Value>
</Feature>
<Feature>
  <Name className="java.lang.String">string</Name>
  <Value className="java.lang.String">autoignition</Value>
</Feature>
</Annotation>
<Annotation Id="5592" Type="SpaceToken" StartNode="1584" EndNode="1585">
<Feature>
  <Name className="java.lang.String">length</Name>
  <Value className="java.lang.String">1</Value>
</Feature>
<Feature>
  <Name className="java.lang.String">kind</Name>
  <Value className="java.lang.String">space</Value>
</Feature>
<Feature>
  <Name className="java.lang.String">string</Name>
  <Value className="java.lang.String"> </Value>
</Feature>
</Annotation>
<Annotation Id="5574" Type="SpaceToken" StartNode="1537" EndNode="1538">
<Feature>
  <Name className="java.lang.String">length</Name>
  <Value className="java.lang.String">1</Value>
</Feature>
<Feature>
  <Name className="java.lang.String">kind</Name>
  <Value className="java.lang.String">space</Value>
</Feature>
<Feature>
  <Name className="java.lang.String">string</Name>
  <Value className="java.lang.String"> </Value>
</Feature>
</Annotation>
<Annotation Id="5575" Type="Token" StartNode="1538" EndNode="1540">
<Feature>
  <Name className="java.lang.String">length</Name>
  <Value className="java.lang.String">2</Value>
</Feature>
<Feature>
  <Name className="java.lang.String">majorType</Name>
  <Value className="java.lang.String">stop</Value>
</Feature>
<Feature>
  <Name className="java.lang.String">minorType</Name>
  <Value className="java.lang.String">lc</Value>
</Feature>
<Feature>
  <Name className="java.lang.String">orth</Name>
  <Value className="java.lang.String">lowercase</Value>
</Feature>
<Feature>
  <Name className="java.lang.String">language</Name>
  <Value className="java.lang.String">en</Value>
</Feature>
<Feature>
  <Name className="java.lang.String">kind</Name>
  <Value className="java.lang.String">word</Value>
</Feature>
<Feature>
  <Name className="java.lang.String">string</Name>
  <Value className="java.lang.String">as</Value>
</Feature>
</Annotation>
<Annotation Id="5572" Type="Token" StartNode="1528" EndNode="1536">
<Feature>
  <Name className="java.lang.String">length</Name>
  <Value className="java.lang.String">8</Value>
</Feature>
<Feature>
  <Name className="java.lang.String">orth</Name>
  <Value className="java.lang.String">lowercase</Value>
</Feature>
<Feature>
  <Name className="java.lang.String">kind</Name>
  <Value className="java.lang.String">word</Value>
</Feature>
<Feature>
  <Name className="java.lang.String">coreferences</Name>
  <Value className="java.util.ArrayList"></Value>
</Feature>
<Feature>
  <Name className="java.lang.String">string</Name>
  <Value className="java.lang.String">disposal</Value>
</Feature>
</Annotation>
<Annotation Id="5573" Type="Token" StartNode="1536" EndNode="1537">
<Feature>
  <Name className="java.lang.String">length</Name>
  <Value className="java.lang.String">1</Value>
</Feature>
<Feature>
  <Name className="java.lang.String">kind</Name>
  <Value className="java.lang.String">punctuation</Value>
</Feature>
<Feature>
  <Name className="java.lang.String">string</Name>
  <Value className="java.lang.String">,</Value>
</Feature>
</Annotation>
<Annotation Id="5570" Type="Token" StartNode="1518" EndNode="1527">
<Feature>
  <Name className="java.lang.String">length</Name>
  <Value className="java.lang.String">9</Value>
</Feature>
<Feature>
  <Name className="java.lang.String">orth</Name>
  <Value className="java.lang.String">lowercase</Value>
</Feature>
<Feature>
  <Name className="java.lang.String">kind</Name>
  <Value className="java.lang.String">word</Value>
</Feature>
<Feature>
  <Name className="java.lang.String">coreferences</Name>
  <Value className="java.util.ArrayList"></Value>
</Feature>
<Feature>
  <Name className="java.lang.String">string</Name>
  <Value className="java.lang.String">immediate</Value>
</Feature>
</Annotation>
<Annotation Id="5571" Type="SpaceToken" StartNode="1527" EndNode="1528">
<Feature>
  <Name className="java.lang.String">length</Name>
  <Value className="java.lang.String">1</Value>
</Feature>
<Feature>
  <Name className="java.lang.String">kind</Name>
  <Value className="java.lang.String">space</Value>
</Feature>
<Feature>
  <Name className="java.lang.String">string</Name>
  <Value className="java.lang.String"> </Value>
</Feature>
</Annotation>
<Annotation Id="5568" Type="Token" StartNode="1507" EndNode="1517">
<Feature>
  <Name className="java.lang.String">length</Name>
  <Value className="java.lang.String">10</Value>
</Feature>
<Feature>
  <Name className="java.lang.String">orth</Name>
  <Value className="java.lang.String">lowercase</Value>
</Feature>
<Feature>
  <Name className="java.lang.String">kind</Name>
  <Value className="java.lang.String">word</Value>
</Feature>
<Feature>
  <Name className="java.lang.String">coreferences</Name>
  <Value className="java.util.ArrayList"></Value>
</Feature>
<Feature>
  <Name className="java.lang.String">string</Name>
  <Value className="java.lang.String">warranting</Value>
</Feature>
</Annotation>
<Annotation Id="5569" Type="SpaceToken" StartNode="1517" EndNode="1518">
<Feature>
  <Name className="java.lang.String">length</Name>
  <Value className="java.lang.String">1</Value>
</Feature>
<Feature>
  <Name className="java.lang.String">kind</Name>
  <Value className="java.lang.String">space</Value>
</Feature>
<Feature>
  <Name className="java.lang.String">string</Name>
  <Value className="java.lang.String"> </Value>
</Feature>
</Annotation>
<Annotation Id="5582" Type="SpaceToken" StartNode="1557" EndNode="1558">
<Feature>
  <Name className="java.lang.String">length</Name>
  <Value className="java.lang.String">1</Value>
</Feature>
<Feature>
  <Name className="java.lang.String">kind</Name>
  <Value className="java.lang.String">space</Value>
</Feature>
<Feature>
  <Name className="java.lang.String">string</Name>
  <Value className="java.lang.String"> </Value>
</Feature>
</Annotation>
<Annotation Id="5583" Type="Token" StartNode="1558" EndNode="1561">
<Feature>
  <Name className="java.lang.String">length</Name>
  <Value className="java.lang.String">3</Value>
</Feature>
<Feature>
  <Name className="java.lang.String">majorType</Name>
  <Value className="java.lang.String">stop</Value>
</Feature>
<Feature>
  <Name className="java.lang.String">minorType</Name>
  <Value className="java.lang.String">lc</Value>
</Feature>
<Feature>
  <Name className="java.lang.String">orth</Name>
  <Value className="java.lang.String">lowercase</Value>
</Feature>
<Feature>
  <Name className="java.lang.String">language</Name>
  <Value className="java.lang.String">en</Value>
</Feature>
<Feature>
  <Name className="java.lang.String">kind</Name>
  <Value className="java.lang.String">word</Value>
</Feature>
<Feature>
  <Name className="java.lang.String">string</Name>
  <Value className="java.lang.String">the</Value>
</Feature>
</Annotation>
<Annotation Id="5580" Type="SpaceToken" StartNode="1554" EndNode="1555">
<Feature>
  <Name className="java.lang.String">length</Name>
  <Value className="java.lang.String">1</Value>
</Feature>
<Feature>
  <Name className="java.lang.String">kind</Name>
  <Value className="java.lang.String">space</Value>
</Feature>
<Feature>
  <Name className="java.lang.String">string</Name>
  <Value className="java.lang.String"> </Value>
</Feature>
</Annotation>
<Annotation Id="5581" Type="Token" StartNode="1555" EndNode="1557">
<Feature>
  <Name className="java.lang.String">length</Name>
  <Value className="java.lang.String">2</Value>
</Feature>
<Feature>
  <Name className="java.lang.String">majorType</Name>
  <Value className="java.lang.String">stop</Value>
</Feature>
<Feature>
  <Name className="java.lang.String">minorType</Name>
  <Value className="java.lang.String">lc</Value>
</Feature>
<Feature>
  <Name className="java.lang.String">orth</Name>
  <Value className="java.lang.String">lowercase</Value>
</Feature>
<Feature>
  <Name className="java.lang.String">language</Name>
  <Value className="java.lang.String">en</Value>
</Feature>
<Feature>
  <Name className="java.lang.String">kind</Name>
  <Value className="java.lang.String">word</Value>
</Feature>
<Feature>
  <Name className="java.lang.String">string</Name>
  <Value className="java.lang.String">of</Value>
</Feature>
</Annotation>
<Annotation Id="5578" Type="SpaceToken" StartNode="1544" EndNode="1545">
<Feature>
  <Name className="java.lang.String">length</Name>
  <Value className="java.lang.String">1</Value>
</Feature>
<Feature>
  <Name className="java.lang.String">kind</Name>
  <Value className="java.lang.String">space</Value>
</Feature>
<Feature>
  <Name className="java.lang.String">string</Name>
  <Value className="java.lang.String"> </Value>
</Feature>
</Annotation>
<Annotation Id="5579" Type="Token" StartNode="1545" EndNode="1554">
<Feature>
  <Name className="java.lang.String">length</Name>
  <Value className="java.lang.String">9</Value>
</Feature>
<Feature>
  <Name className="java.lang.String">orth</Name>
  <Value className="java.lang.String">lowercase</Value>
</Feature>
<Feature>
  <Name className="java.lang.String">kind</Name>
  <Value className="java.lang.String">word</Value>
</Feature>
<Feature>
  <Name className="java.lang.String">coreferences</Name>
  <Value className="java.util.ArrayList"></Value>
</Feature>
<Feature>
  <Name className="java.lang.String">string</Name>
  <Value className="java.lang.String">depletion</Value>
</Feature>
</Annotation>
<Annotation Id="5576" Type="SpaceToken" StartNode="1540" EndNode="1541">
<Feature>
  <Name className="java.lang.String">length</Name>
  <Value className="java.lang.String">1</Value>
</Feature>
<Feature>
  <Name className="java.lang.String">kind</Name>
  <Value className="java.lang.String">space</Value>
</Feature>
<Feature>
  <Name className="java.lang.String">string</Name>
  <Value className="java.lang.String"> </Value>
</Feature>
</Annotation>
<Annotation Id="5577" Type="Token" StartNode="1541" EndNode="1544">
<Feature>
  <Name className="java.lang.String">length</Name>
  <Value className="java.lang.String">3</Value>
</Feature>
<Feature>
  <Name className="java.lang.String">majorType</Name>
  <Value className="java.lang.String">stop</Value>
</Feature>
<Feature>
  <Name className="java.lang.String">minorType</Name>
  <Value className="java.lang.String">lc</Value>
</Feature>
<Feature>
  <Name className="java.lang.String">orth</Name>
  <Value className="java.lang.String">lowercase</Value>
</Feature>
<Feature>
  <Name className="java.lang.String">language</Name>
  <Value className="java.lang.String">en</Value>
</Feature>
<Feature>
  <Name className="java.lang.String">kind</Name>
  <Value className="java.lang.String">word</Value>
</Feature>
<Feature>
  <Name className="java.lang.String">string</Name>
  <Value className="java.lang.String">the</Value>
</Feature>
</Annotation>
<Annotation Id="5553" Type="SpaceToken" StartNode="1476" EndNode="1477">
<Feature>
  <Name className="java.lang.String">length</Name>
  <Value className="java.lang.String">1</Value>
</Feature>
<Feature>
  <Name className="java.lang.String">kind</Name>
  <Value className="java.lang.String">space</Value>
</Feature>
<Feature>
  <Name className="java.lang.String">string</Name>
  <Value className="java.lang.String"> </Value>
</Feature>
</Annotation>
<Annotation Id="5552" Type="Token" StartNode="1473" EndNode="1476">
<Feature>
  <Name className="java.lang.String">length</Name>
  <Value className="java.lang.String">3</Value>
</Feature>
<Feature>
  <Name className="java.lang.String">majorType</Name>
  <Value className="java.lang.String">stop</Value>
</Feature>
<Feature>
  <Name className="java.lang.String">minorType</Name>
  <Value className="java.lang.String">lc</Value>
</Feature>
<Feature>
  <Name className="java.lang.String">orth</Name>
  <Value className="java.lang.String">lowercase</Value>
</Feature>
<Feature>
  <Name className="java.lang.String">language</Name>
  <Value className="java.lang.String">en</Value>
</Feature>
<Feature>
  <Name className="java.lang.String">kind</Name>
  <Value className="java.lang.String">word</Value>
</Feature>
<Feature>
  <Name className="java.lang.String">string</Name>
  <Value className="java.lang.String">the</Value>
</Feature>
</Annotation>
<Annotation Id="5555" Type="Token" StartNode="1485" EndNode="1486">
<Feature>
  <Name className="java.lang.String">length</Name>
  <Value className="java.lang.String">1</Value>
</Feature>
<Feature>
  <Name className="java.lang.String">kind</Name>
  <Value className="java.lang.String">punctuation</Value>
</Feature>
<Feature>
  <Name className="java.lang.String">string</Name>
  <Value className="java.lang.String">,</Value>
</Feature>
</Annotation>
<Annotation Id="5554" Type="Token" StartNode="1477" EndNode="1485">
<Feature>
  <Name className="java.lang.String">length</Name>
  <Value className="java.lang.String">8</Value>
</Feature>
<Feature>
  <Name className="java.lang.String">orth</Name>
  <Value className="java.lang.String">lowercase</Value>
</Feature>
<Feature>
  <Name className="java.lang.String">kind</Name>
  <Value className="java.lang.String">word</Value>
</Feature>
<Feature>
  <Name className="java.lang.String">coreferences</Name>
  <Value className="java.util.ArrayList"></Value>
</Feature>
<Feature>
  <Name className="java.lang.String">string</Name>
  <Value className="java.lang.String">munition</Value>
</Feature>
</Annotation>
<Annotation Id="5557" Type="Token" StartNode="1487" EndNode="1491">
<Feature>
  <Name className="java.lang.String">length</Name>
  <Value className="java.lang.String">4</Value>
</Feature>
<Feature>
  <Name className="java.lang.String">orth</Name>
  <Value className="java.lang.String">lowercase</Value>
</Feature>
<Feature>
  <Name className="java.lang.String">kind</Name>
  <Value className="java.lang.String">word</Value>
</Feature>
<Feature>
  <Name className="java.lang.String">string</Name>
  <Value className="java.lang.String">with</Value>
</Feature>
</Annotation>
<Annotation Id="5556" Type="SpaceToken" StartNode="1486" EndNode="1487">
<Feature>
  <Name className="java.lang.String">length</Name>
  <Value className="java.lang.String">1</Value>
</Feature>
<Feature>
  <Name className="java.lang.String">kind</Name>
  <Value className="java.lang.String">space</Value>
</Feature>
<Feature>
  <Name className="java.lang.String">string</Name>
  <Value className="java.lang.String"> </Value>
</Feature>
</Annotation>
<Annotation Id="5559" Type="Token" StartNode="1492" EndNode="1496">
<Feature>
  <Name className="java.lang.String">length</Name>
  <Value className="java.lang.String">4</Value>
</Feature>
<Feature>
  <Name className="java.lang.String">orth</Name>
  <Value className="java.lang.String">lowercase</Value>
</Feature>
<Feature>
  <Name className="java.lang.String">kind</Name>
  <Value className="java.lang.String">word</Value>
</Feature>
<Feature>
  <Name className="java.lang.String">string</Name>
  <Value className="java.lang.String">less</Value>
</Feature>
</Annotation>
<Annotation Id="5558" Type="SpaceToken" StartNode="1491" EndNode="1492">
<Feature>
  <Name className="java.lang.String">length</Name>
  <Value className="java.lang.String">1</Value>
</Feature>
<Feature>
  <Name className="java.lang.String">kind</Name>
  <Value className="java.lang.String">space</Value>
</Feature>
<Feature>
  <Name className="java.lang.String">string</Name>
  <Value className="java.lang.String"> </Value>
</Feature>
</Annotation>
<Annotation Id="5561" Type="Token" StartNode="1497" EndNode="1501">
<Feature>
  <Name className="java.lang.String">length</Name>
  <Value className="java.lang.String">4</Value>
</Feature>
<Feature>
  <Name className="java.lang.String">majorType</Name>
  <Value className="java.lang.String">stop</Value>
</Feature>
<Feature>
  <Name className="java.lang.String">minorType</Name>
  <Value className="java.lang.String">lc</Value>
</Feature>
<Feature>
  <Name className="java.lang.String">orth</Name>
  <Value className="java.lang.String">lowercase</Value>
</Feature>
<Feature>
  <Name className="java.lang.String">language</Name>
  <Value className="java.lang.String">en</Value>
</Feature>
<Feature>
  <Name className="java.lang.String">kind</Name>
  <Value className="java.lang.String">word</Value>
</Feature>
<Feature>
  <Name className="java.lang.String">string</Name>
  <Value className="java.lang.String">than</Value>
</Feature>
</Annotation>
<Annotation Id="5560" Type="SpaceToken" StartNode="1496" EndNode="1497">
<Feature>
  <Name className="java.lang.String">length</Name>
  <Value className="java.lang.String">1</Value>
</Feature>
<Feature>
  <Name className="java.lang.String">kind</Name>
  <Value className="java.lang.String">space</Value>
</Feature>
<Feature>
  <Name className="java.lang.String">string</Name>
  <Value className="java.lang.String"> </Value>
</Feature>
</Annotation>
<Annotation Id="5563" Type="Token" StartNode="1502" EndNode="1503">
<Feature>
  <Name className="java.lang.String">length</Name>
  <Value className="java.lang.String">1</Value>
</Feature>
<Feature>
  <Name className="java.lang.String">majorType</Name>
  <Value className="java.lang.String">stop</Value>
</Feature>
<Feature>
  <Name className="java.lang.String">minorType</Name>
  <Value className="java.lang.String">lc</Value>
</Feature>
<Feature>
  <Name className="java.lang.String">language</Name>
  <Value className="java.lang.String">en</Value>
</Feature>
<Feature>
  <Name className="java.lang.String">kind</Name>
  <Value className="java.lang.String">number</Value>
</Feature>
<Feature>
  <Name className="java.lang.String">string</Name>
  <Value className="java.lang.String">0</Value>
</Feature>
</Annotation>
<Annotation Id="5562" Type="SpaceToken" StartNode="1501" EndNode="1502">
<Feature>
  <Name className="java.lang.String">length</Name>
  <Value className="java.lang.String">1</Value>
</Feature>
<Feature>
  <Name className="java.lang.String">kind</Name>
  <Value className="java.lang.String">space</Value>
</Feature>
<Feature>
  <Name className="java.lang.String">string</Name>
  <Value className="java.lang.String"> </Value>
</Feature>
</Annotation>
<Annotation Id="5565" Type="Token" StartNode="1504" EndNode="1505">
<Feature>
  <Name className="java.lang.String">length</Name>
  <Value className="java.lang.String">1</Value>
</Feature>
<Feature>
  <Name className="java.lang.String">majorType</Name>
  <Value className="java.lang.String">stop</Value>
</Feature>
<Feature>
  <Name className="java.lang.String">minorType</Name>
  <Value className="java.lang.String">lc</Value>
</Feature>
<Feature>
  <Name className="java.lang.String">language</Name>
  <Value className="java.lang.String">en</Value>
</Feature>
<Feature>
  <Name className="java.lang.String">kind</Name>
  <Value className="java.lang.String">number</Value>
</Feature>
<Feature>
  <Name className="java.lang.String">string</Name>
  <Value className="java.lang.String">2</Value>
</Feature>
</Annotation>
<Annotation Id="5564" Type="Token" StartNode="1503" EndNode="1504">
<Feature>
  <Name className="java.lang.String">length</Name>
  <Value className="java.lang.String">1</Value>
</Feature>
<Feature>
  <Name className="java.lang.String">kind</Name>
  <Value className="java.lang.String">punctuation</Value>
</Feature>
<Feature>
  <Name className="java.lang.String">string</Name>
  <Value className="java.lang.String">.</Value>
</Feature>
</Annotation>
<Annotation Id="5567" Type="SpaceToken" StartNode="1506" EndNode="1507">
<Feature>
  <Name className="java.lang.String">length</Name>
  <Value className="java.lang.String">1</Value>
</Feature>
<Feature>
  <Name className="java.lang.String">kind</Name>
  <Value className="java.lang.String">space</Value>
</Feature>
<Feature>
  <Name className="java.lang.String">string</Name>
  <Value className="java.lang.String"> </Value>
</Feature>
</Annotation>
<Annotation Id="5566" Type="Token" StartNode="1505" EndNode="1506">
<Feature>
  <Name className="java.lang.String">length</Name>
  <Value className="java.lang.String">1</Value>
</Feature>
<Feature>
  <Name className="java.lang.String">kind</Name>
  <Value className="java.lang.String">punctuation</Value>
</Feature>
<Feature>
  <Name className="java.lang.String">string</Name>
  <Value className="java.lang.String">%</Value>
</Feature>
</Annotation>
<Annotation Id="5536" Type="Token" StartNode="1418" EndNode="1425">
<Feature>
  <Name className="java.lang.String">length</Name>
  <Value className="java.lang.String">7</Value>
</Feature>
<Feature>
  <Name className="java.lang.String">orth</Name>
  <Value className="java.lang.String">lowercase</Value>
</Feature>
<Feature>
  <Name className="java.lang.String">kind</Name>
  <Value className="java.lang.String">word</Value>
</Feature>
<Feature>
  <Name className="java.lang.String">coreferences</Name>
  <Value className="java.util.ArrayList"></Value>
</Feature>
<Feature>
  <Name className="java.lang.String">string</Name>
  <Value className="java.lang.String">initial</Value>
</Feature>
</Annotation>
<Annotation Id="5537" Type="SpaceToken" StartNode="1425" EndNode="1426">
<Feature>
  <Name className="java.lang.String">length</Name>
  <Value className="java.lang.String">1</Value>
</Feature>
<Feature>
  <Name className="java.lang.String">kind</Name>
  <Value className="java.lang.String">space</Value>
</Feature>
<Feature>
  <Name className="java.lang.String">string</Name>
  <Value className="java.lang.String"> </Value>
</Feature>
</Annotation>
<Annotation Id="5538" Type="Token" StartNode="1426" EndNode="1427">
<Feature>
  <Name className="java.lang.String">length</Name>
  <Value className="java.lang.String">1</Value>
</Feature>
<Feature>
  <Name className="java.lang.String">majorType</Name>
  <Value className="java.lang.String">stop</Value>
</Feature>
<Feature>
  <Name className="java.lang.String">minorType</Name>
  <Value className="java.lang.String">lc</Value>
</Feature>
<Feature>
  <Name className="java.lang.String">language</Name>
  <Value className="java.lang.String">en</Value>
</Feature>
<Feature>
  <Name className="java.lang.String">kind</Name>
  <Value className="java.lang.String">number</Value>
</Feature>
<Feature>
  <Name className="java.lang.String">string</Name>
  <Value className="java.lang.String">2</Value>
</Feature>
</Annotation>
<Annotation Id="5539" Type="Token" StartNode="1427" EndNode="1428">
<Feature>
  <Name className="java.lang.String">length</Name>
  <Value className="java.lang.String">1</Value>
</Feature>
<Feature>
  <Name className="java.lang.String">kind</Name>
  <Value className="java.lang.String">punctuation</Value>
</Feature>
<Feature>
  <Name className="java.lang.String">string</Name>
  <Value className="java.lang.String">%</Value>
</Feature>
</Annotation>
<Annotation Id="5540" Type="SpaceToken" StartNode="1428" EndNode="1429">
<Feature>
  <Name className="java.lang.String">length</Name>
  <Value className="java.lang.String">1</Value>
</Feature>
<Feature>
  <Name className="java.lang.String">kind</Name>
  <Value className="java.lang.String">space</Value>
</Feature>
<Feature>
  <Name className="java.lang.String">string</Name>
  <Value className="java.lang.String"> </Value>
</Feature>
</Annotation>
<Annotation Id="5541" Type="Token" StartNode="1429" EndNode="1436">
<Feature>
  <Name className="java.lang.String">length</Name>
  <Value className="java.lang.String">7</Value>
</Feature>
<Feature>
  <Name className="java.lang.String">orth</Name>
  <Value className="java.lang.String">lowercase</Value>
</Feature>
<Feature>
  <Name className="java.lang.String">kind</Name>
  <Value className="java.lang.String">word</Value>
</Feature>
<Feature>
  <Name className="java.lang.String">string</Name>
  <Value className="java.lang.String">content</Value>
</Feature>
</Annotation>
<Annotation Id="5542" Type="Token" StartNode="1436" EndNode="1437">
<Feature>
  <Name className="java.lang.String">position</Name>
  <Value className="java.lang.String">endpunct</Value>
</Feature>
<Feature>
  <Name className="java.lang.String">length</Name>
  <Value className="java.lang.String">1</Value>
</Feature>
<Feature>
  <Name className="java.lang.String">kind</Name>
  <Value className="java.lang.String">punctuation</Value>
</Feature>
<Feature>
  <Name className="java.lang.String">string</Name>
  <Value className="java.lang.String">)</Value>
</Feature>
</Annotation>
<Annotation Id="5543" Type="SpaceToken" StartNode="1437" EndNode="1438">
<Feature>
  <Name className="java.lang.String">length</Name>
  <Value className="java.lang.String">1</Value>
</Feature>
<Feature>
  <Name className="java.lang.String">kind</Name>
  <Value className="java.lang.String">space</Value>
</Feature>
<Feature>
  <Name className="java.lang.String">string</Name>
  <Value className="java.lang.String"> </Value>
</Feature>
</Annotation>
<Annotation Id="5544" Type="Token" StartNode="1438" EndNode="1446">
<Feature>
  <Name className="java.lang.String">length</Name>
  <Value className="java.lang.String">8</Value>
</Feature>
<Feature>
  <Name className="java.lang.String">orth</Name>
  <Value className="java.lang.String">lowercase</Value>
</Feature>
<Feature>
  <Name className="java.lang.String">kind</Name>
  <Value className="java.lang.String">word</Value>
</Feature>
<Feature>
  <Name className="java.lang.String">coreferences</Name>
  <Value className="java.util.ArrayList"></Value>
</Feature>
<Feature>
  <Name className="java.lang.String">string</Name>
  <Value className="java.lang.String">requires</Value>
</Feature>
</Annotation>
<Annotation Id="5545" Type="SpaceToken" StartNode="1446" EndNode="1447">
<Feature>
  <Name className="java.lang.String">length</Name>
  <Value className="java.lang.String">1</Value>
</Feature>
<Feature>
  <Name className="java.lang.String">kind</Name>
  <Value className="java.lang.String">space</Value>
</Feature>
<Feature>
  <Name className="java.lang.String">string</Name>
  <Value className="java.lang.String"> </Value>
</Feature>
</Annotation>
<Annotation Id="5546" Type="Token" StartNode="1447" EndNode="1456">
<Feature>
  <Name className="java.lang.String">length</Name>
  <Value className="java.lang.String">9</Value>
</Feature>
<Feature>
  <Name className="java.lang.String">orth</Name>
  <Value className="java.lang.String">lowercase</Value>
</Feature>
<Feature>
  <Name className="java.lang.String">kind</Name>
  <Value className="java.lang.String">word</Value>
</Feature>
<Feature>
  <Name className="java.lang.String">coreferences</Name>
  <Value className="java.util.ArrayList"></Value>
</Feature>
<Feature>
  <Name className="java.lang.String">string</Name>
  <Value className="java.lang.String">increased</Value>
</Feature>
</Annotation>
<Annotation Id="5547" Type="SpaceToken" StartNode="1456" EndNode="1457">
<Feature>
  <Name className="java.lang.String">length</Name>
  <Value className="java.lang.String">1</Value>
</Feature>
<Feature>
  <Name className="java.lang.String">kind</Name>
  <Value className="java.lang.String">space</Value>
</Feature>
<Feature>
  <Name className="java.lang.String">string</Name>
  <Value className="java.lang.String"> </Value>
</Feature>
</Annotation>
<Annotation Id="5548" Type="Token" StartNode="1457" EndNode="1469">
<Feature>
  <Name className="java.lang.String">length</Name>
  <Value className="java.lang.String">12</Value>
</Feature>
<Feature>
  <Name className="java.lang.String">orth</Name>
  <Value className="java.lang.String">lowercase</Value>
</Feature>
<Feature>
  <Name className="java.lang.String">kind</Name>
  <Value className="java.lang.String">word</Value>
</Feature>
<Feature>
  <Name className="java.lang.String">coreferences</Name>
  <Value className="java.util.ArrayList"></Value>
</Feature>
<Feature>
  <Name className="java.lang.String">string</Name>
  <Value className="java.lang.String">surveillance</Value>
</Feature>
</Annotation>
<Annotation Id="5549" Type="SpaceToken" StartNode="1469" EndNode="1470">
<Feature>
  <Name className="java.lang.String">length</Name>
  <Value className="java.lang.String">1</Value>
</Feature>
<Feature>
  <Name className="java.lang.String">kind</Name>
  <Value className="java.lang.String">space</Value>
</Feature>
<Feature>
  <Name className="java.lang.String">string</Name>
  <Value className="java.lang.String"> </Value>
</Feature>
</Annotation>
<Annotation Id="5550" Type="Token" StartNode="1470" EndNode="1472">
<Feature>
  <Name className="java.lang.String">length</Name>
  <Value className="java.lang.String">2</Value>
</Feature>
<Feature>
  <Name className="java.lang.String">majorType</Name>
  <Value className="java.lang.String">stop</Value>
</Feature>
<Feature>
  <Name className="java.lang.String">minorType</Name>
  <Value className="java.lang.String">lc</Value>
</Feature>
<Feature>
  <Name className="java.lang.String">orth</Name>
  <Value className="java.lang.String">lowercase</Value>
</Feature>
<Feature>
  <Name className="java.lang.String">language</Name>
  <Value className="java.lang.String">en</Value>
</Feature>
<Feature>
  <Name className="java.lang.String">kind</Name>
  <Value className="java.lang.String">word</Value>
</Feature>
<Feature>
  <Name className="java.lang.String">string</Name>
  <Value className="java.lang.String">of</Value>
</Feature>
</Annotation>
<Annotation Id="5551" Type="SpaceToken" StartNode="1472" EndNode="1473">
<Feature>
  <Name className="java.lang.String">length</Name>
  <Value className="java.lang.String">1</Value>
</Feature>
<Feature>
  <Name className="java.lang.String">kind</Name>
  <Value className="java.lang.String">space</Value>
</Feature>
<Feature>
  <Name className="java.lang.String">string</Name>
  <Value className="java.lang.String"> </Value>
</Feature>
</Annotation>
<Annotation Id="5523" Type="SpaceToken" StartNode="1396" EndNode="1397">
<Feature>
  <Name className="java.lang.String">length</Name>
  <Value className="java.lang.String">1</Value>
</Feature>
<Feature>
  <Name className="java.lang.String">kind</Name>
  <Value className="java.lang.String">space</Value>
</Feature>
<Feature>
  <Name className="java.lang.String">string</Name>
  <Value className="java.lang.String"> </Value>
</Feature>
</Annotation>
<Annotation Id="5522" Type="Token" StartNode="1394" EndNode="1396">
<Feature>
  <Name className="java.lang.String">length</Name>
  <Value className="java.lang.String">2</Value>
</Feature>
<Feature>
  <Name className="java.lang.String">majorType</Name>
  <Value className="java.lang.String">stop</Value>
</Feature>
<Feature>
  <Name className="java.lang.String">minorType</Name>
  <Value className="java.lang.String">lc</Value>
</Feature>
<Feature>
  <Name className="java.lang.String">orth</Name>
  <Value className="java.lang.String">lowercase</Value>
</Feature>
<Feature>
  <Name className="java.lang.String">language</Name>
  <Value className="java.lang.String">en</Value>
</Feature>
<Feature>
  <Name className="java.lang.String">kind</Name>
  <Value className="java.lang.String">word</Value>
</Feature>
<Feature>
  <Name className="java.lang.String">string</Name>
  <Value className="java.lang.String">of</Value>
</Feature>
</Annotation>
<Annotation Id="5521" Type="SpaceToken" StartNode="1393" EndNode="1394">
<Feature>
  <Name className="java.lang.String">length</Name>
  <Value className="java.lang.String">1</Value>
</Feature>
<Feature>
  <Name className="java.lang.String">kind</Name>
  <Value className="java.lang.String">space</Value>
</Feature>
<Feature>
  <Name className="java.lang.String">string</Name>
  <Value className="java.lang.String"> </Value>
</Feature>
</Annotation>
<Annotation Id="5520" Type="Token" StartNode="1386" EndNode="1393">
<Feature>
  <Name className="java.lang.String">length</Name>
  <Value className="java.lang.String">7</Value>
</Feature>
<Feature>
  <Name className="java.lang.String">orth</Name>
  <Value className="java.lang.String">lowercase</Value>
</Feature>
<Feature>
  <Name className="java.lang.String">kind</Name>
  <Value className="java.lang.String">word</Value>
</Feature>
<Feature>
  <Name className="java.lang.String">coreferences</Name>
  <Value className="java.util.ArrayList" itemClassName="java.lang.Integer">5541</Value>
</Feature>
<Feature>
  <Name className="java.lang.String">string</Name>
  <Value className="java.lang.String">content</Value>
</Feature>
</Annotation>
<Annotation Id="5527" Type="SpaceToken" StartNode="1406" EndNode="1407">
<Feature>
  <Name className="java.lang.String">length</Name>
  <Value className="java.lang.String">1</Value>
</Feature>
<Feature>
  <Name className="java.lang.String">kind</Name>
  <Value className="java.lang.String">space</Value>
</Feature>
<Feature>
  <Name className="java.lang.String">string</Name>
  <Value className="java.lang.String"> </Value>
</Feature>
</Annotation>
<Annotation Id="5526" Type="Token" StartNode="1402" EndNode="1406">
<Feature>
  <Name className="java.lang.String">length</Name>
  <Value className="java.lang.String">4</Value>
</Feature>
<Feature>
  <Name className="java.lang.String">majorType</Name>
  <Value className="java.lang.String">stop</Value>
</Feature>
<Feature>
  <Name className="java.lang.String">minorType</Name>
  <Value className="java.lang.String">lc</Value>
</Feature>
<Feature>
  <Name className="java.lang.String">orth</Name>
  <Value className="java.lang.String">lowercase</Value>
</Feature>
<Feature>
  <Name className="java.lang.String">language</Name>
  <Value className="java.lang.String">en</Value>
</Feature>
<Feature>
  <Name className="java.lang.String">kind</Name>
  <Value className="java.lang.String">word</Value>
</Feature>
<Feature>
  <Name className="java.lang.String">string</Name>
  <Value className="java.lang.String">than</Value>
</Feature>
</Annotation>
<Annotation Id="5525" Type="SpaceToken" StartNode="1401" EndNode="1402">
<Feature>
  <Name className="java.lang.String">length</Name>
  <Value className="java.lang.String">1</Value>
</Feature>
<Feature>
  <Name className="java.lang.String">kind</Name>
  <Value className="java.lang.String">space</Value>
</Feature>
<Feature>
  <Name className="java.lang.String">string</Name>
  <Value className="java.lang.String"> </Value>
</Feature>
</Annotation>
<Annotation Id="5524" Type="Token" StartNode="1397" EndNode="1401">
<Feature>
  <Name className="java.lang.String">length</Name>
  <Value className="java.lang.String">4</Value>
</Feature>
<Feature>
  <Name className="java.lang.String">orth</Name>
  <Value className="java.lang.String">lowercase</Value>
</Feature>
<Feature>
  <Name className="java.lang.String">kind</Name>
  <Value className="java.lang.String">word</Value>
</Feature>
<Feature>
  <Name className="java.lang.String">coreferences</Name>
  <Value className="java.util.ArrayList" itemClassName="java.lang.Integer">5559</Value>
</Feature>
<Feature>
  <Name className="java.lang.String">string</Name>
  <Value className="java.lang.String">less</Value>
</Feature>
</Annotation>
<Annotation Id="5531" Type="Token" StartNode="1410" EndNode="1411">
<Feature>
  <Name className="java.lang.String">length</Name>
  <Value className="java.lang.String">1</Value>
</Feature>
<Feature>
  <Name className="java.lang.String">kind</Name>
  <Value className="java.lang.String">punctuation</Value>
</Feature>
<Feature>
  <Name className="java.lang.String">string</Name>
  <Value className="java.lang.String">%</Value>
</Feature>
</Annotation>
<Annotation Id="5530" Type="Token" StartNode="1409" EndNode="1410">
<Feature>
  <Name className="java.lang.String">length</Name>
  <Value className="java.lang.String">1</Value>
</Feature>
<Feature>
  <Name className="java.lang.String">majorType</Name>
  <Value className="java.lang.String">stop</Value>
</Feature>
<Feature>
  <Name className="java.lang.String">minorType</Name>
  <Value className="java.lang.String">lc</Value>
</Feature>
<Feature>
  <Name className="java.lang.String">language</Name>
  <Value className="java.lang.String">en</Value>
</Feature>
<Feature>
  <Name className="java.lang.String">kind</Name>
  <Value className="java.lang.String">number</Value>
</Feature>
<Feature>
  <Name className="java.lang.String">string</Name>
  <Value className="java.lang.String">5</Value>
</Feature>
</Annotation>
<Annotation Id="5529" Type="Token" StartNode="1408" EndNode="1409">
<Feature>
  <Name className="java.lang.String">length</Name>
  <Value className="java.lang.String">1</Value>
</Feature>
<Feature>
  <Name className="java.lang.String">kind</Name>
  <Value className="java.lang.String">punctuation</Value>
</Feature>
<Feature>
  <Name className="java.lang.String">string</Name>
  <Value className="java.lang.String">.</Value>
</Feature>
</Annotation>
<Annotation Id="5528" Type="Token" StartNode="1407" EndNode="1408">
<Feature>
  <Name className="java.lang.String">majorType</Name>
  <Value className="java.lang.String">stop</Value>
</Feature>
<Feature>
  <Name className="java.lang.String">coreferences</Name>
  <Value className="java.util.ArrayList" itemClassName="java.lang.Integer">5563</Value>
</Feature>
<Feature>
  <Name className="java.lang.String">string</Name>
  <Value className="java.lang.String">0</Value>
</Feature>
<Feature>
  <Name className="java.lang.String">length</Name>
  <Value className="java.lang.String">1</Value>
</Feature>
<Feature>
  <Name className="java.lang.String">minorType</Name>
  <Value className="java.lang.String">lc</Value>
</Feature>
<Feature>
  <Name className="java.lang.String">language</Name>
  <Value className="java.lang.String">en</Value>
</Feature>
<Feature>
  <Name className="java.lang.String">kind</Name>
  <Value className="java.lang.String">number</Value>
</Feature>
</Annotation>
<Annotation Id="5535" Type="SpaceToken" StartNode="1417" EndNode="1418">
<Feature>
  <Name className="java.lang.String">length</Name>
  <Value className="java.lang.String">1</Value>
</Feature>
<Feature>
  <Name className="java.lang.String">kind</Name>
  <Value className="java.lang.String">space</Value>
</Feature>
<Feature>
  <Name className="java.lang.String">string</Name>
  <Value className="java.lang.String"> </Value>
</Feature>
</Annotation>
<Annotation Id="5534" Type="Token" StartNode="1413" EndNode="1417">
<Feature>
  <Name className="java.lang.String">length</Name>
  <Value className="java.lang.String">4</Value>
</Feature>
<Feature>
  <Name className="java.lang.String">orth</Name>
  <Value className="java.lang.String">lowercase</Value>
</Feature>
<Feature>
  <Name className="java.lang.String">kind</Name>
  <Value className="java.lang.String">word</Value>
</Feature>
<Feature>
  <Name className="java.lang.String">string</Name>
  <Value className="java.lang.String">with</Value>
</Feature>
</Annotation>
<Annotation Id="5533" Type="Token" StartNode="1412" EndNode="1413">
<Feature>
  <Name className="java.lang.String">position</Name>
  <Value className="java.lang.String">startpunct</Value>
</Feature>
<Feature>
  <Name className="java.lang.String">length</Name>
  <Value className="java.lang.String">1</Value>
</Feature>
<Feature>
  <Name className="java.lang.String">kind</Name>
  <Value className="java.lang.String">punctuation</Value>
</Feature>
<Feature>
  <Name className="java.lang.String">string</Name>
  <Value className="java.lang.String">(</Value>
</Feature>
</Annotation>
<Annotation Id="5532" Type="SpaceToken" StartNode="1411" EndNode="1412">
<Feature>
  <Name className="java.lang.String">length</Name>
  <Value className="java.lang.String">1</Value>
</Feature>
<Feature>
  <Name className="java.lang.String">kind</Name>
  <Value className="java.lang.String">space</Value>
</Feature>
<Feature>
  <Name className="java.lang.String">string</Name>
  <Value className="java.lang.String"> </Value>
</Feature>
</Annotation>
<Annotation Id="5506" Type="SpaceToken" StartNode="1340" EndNode="1341">
<Feature>
  <Name className="java.lang.String">length</Name>
  <Value className="java.lang.String">1</Value>
</Feature>
<Feature>
  <Name className="java.lang.String">kind</Name>
  <Value className="java.lang.String">space</Value>
</Feature>
<Feature>
  <Name className="java.lang.String">string</Name>
  <Value className="java.lang.String"> </Value>
</Feature>
</Annotation>
<Annotation Id="5507" Type="Token" StartNode="1341" EndNode="1344">
<Feature>
  <Name className="java.lang.String">length</Name>
  <Value className="java.lang.String">3</Value>
</Feature>
<Feature>
  <Name className="java.lang.String">majorType</Name>
  <Value className="java.lang.String">stop</Value>
</Feature>
<Feature>
  <Name className="java.lang.String">minorType</Name>
  <Value className="java.lang.String">lc</Value>
</Feature>
<Feature>
  <Name className="java.lang.String">orth</Name>
  <Value className="java.lang.String">lowercase</Value>
</Feature>
<Feature>
  <Name className="java.lang.String">language</Name>
  <Value className="java.lang.String">en</Value>
</Feature>
<Feature>
  <Name className="java.lang.String">kind</Name>
  <Value className="java.lang.String">word</Value>
</Feature>
<Feature>
  <Name className="java.lang.String">string</Name>
  <Value className="java.lang.String">the</Value>
</Feature>
</Annotation>
<Annotation Id="5504" Type="SpaceToken" StartNode="1337" EndNode="1338">
<Feature>
  <Name className="java.lang.String">length</Name>
  <Value className="java.lang.String">1</Value>
</Feature>
<Feature>
  <Name className="java.lang.String">kind</Name>
  <Value className="java.lang.String">space</Value>
</Feature>
<Feature>
  <Name className="java.lang.String">string</Name>
  <Value className="java.lang.String"> </Value>
</Feature>
</Annotation>
<Annotation Id="5505" Type="Token" StartNode="1338" EndNode="1340">
<Feature>
  <Name className="java.lang.String">length</Name>
  <Value className="java.lang.String">2</Value>
</Feature>
<Feature>
  <Name className="java.lang.String">majorType</Name>
  <Value className="java.lang.String">stop</Value>
</Feature>
<Feature>
  <Name className="java.lang.String">minorType</Name>
  <Value className="java.lang.String">lc</Value>
</Feature>
<Feature>
  <Name className="java.lang.String">orth</Name>
  <Value className="java.lang.String">lowercase</Value>
</Feature>
<Feature>
  <Name className="java.lang.String">language</Name>
  <Value className="java.lang.String">en</Value>
</Feature>
<Feature>
  <Name className="java.lang.String">kind</Name>
  <Value className="java.lang.String">word</Value>
</Feature>
<Feature>
  <Name className="java.lang.String">string</Name>
  <Value className="java.lang.String">of</Value>
</Feature>
</Annotation>
<Annotation Id="5510" Type="SpaceToken" StartNode="1355" EndNode="1356">
<Feature>
  <Name className="java.lang.String">length</Name>
  <Value className="java.lang.String">1</Value>
</Feature>
<Feature>
  <Name className="java.lang.String">kind</Name>
  <Value className="java.lang.String">space</Value>
</Feature>
<Feature>
  <Name className="java.lang.String">string</Name>
  <Value className="java.lang.String"> </Value>
</Feature>
</Annotation>
<Annotation Id="5511" Type="Token" StartNode="1356" EndNode="1364">
<Feature>
  <Name className="java.lang.String">length</Name>
  <Value className="java.lang.String">8</Value>
</Feature>
<Feature>
  <Name className="java.lang.String">orth</Name>
  <Value className="java.lang.String">lowercase</Value>
</Feature>
<Feature>
  <Name className="java.lang.String">kind</Name>
  <Value className="java.lang.String">word</Value>
</Feature>
<Feature>
  <Name className="java.lang.String">coreferences</Name>
  <Value className="java.util.ArrayList"></Value>
</Feature>
<Feature>
  <Name className="java.lang.String">string</Name>
  <Value className="java.lang.String">depletes</Value>
</Feature>
</Annotation>
<Annotation Id="5508" Type="SpaceToken" StartNode="1344" EndNode="1345">
<Feature>
  <Name className="java.lang.String">length</Name>
  <Value className="java.lang.String">1</Value>
</Feature>
<Feature>
  <Name className="java.lang.String">kind</Name>
  <Value className="java.lang.String">space</Value>
</Feature>
<Feature>
  <Name className="java.lang.String">string</Name>
  <Value className="java.lang.String"> </Value>
</Feature>
</Annotation>
<Annotation Id="5509" Type="Token" StartNode="1345" EndNode="1355">
<Feature>
  <Name className="java.lang.String">length</Name>
  <Value className="java.lang.String">10</Value>
</Feature>
<Feature>
  <Name className="java.lang.String">orth</Name>
  <Value className="java.lang.String">lowercase</Value>
</Feature>
<Feature>
  <Name className="java.lang.String">kind</Name>
  <Value className="java.lang.String">word</Value>
</Feature>
<Feature>
  <Name className="java.lang.String">string</Name>
  <Value className="java.lang.String">stabilizer</Value>
</Feature>
</Annotation>
<Annotation Id="5514" Type="SpaceToken" StartNode="1369" EndNode="1370">
<Feature>
  <Name className="java.lang.String">length</Name>
  <Value className="java.lang.String">1</Value>
</Feature>
<Feature>
  <Name className="java.lang.String">kind</Name>
  <Value className="java.lang.String">space</Value>
</Feature>
<Feature>
  <Name className="java.lang.String">string</Name>
  <Value className="java.lang.String"> </Value>
</Feature>
</Annotation>
<Annotation Id="5515" Type="Token" StartNode="1370" EndNode="1374">
<Feature>
  <Name className="java.lang.String">length</Name>
  <Value className="java.lang.String">4</Value>
</Feature>
<Feature>
  <Name className="java.lang.String">orth</Name>
  <Value className="java.lang.String">lowercase</Value>
</Feature>
<Feature>
  <Name className="java.lang.String">kind</Name>
  <Value className="java.lang.String">word</Value>
</Feature>
<Feature>
  <Name className="java.lang.String">coreferences</Name>
  <Value className="java.util.ArrayList"></Value>
</Feature>
<Feature>
  <Name className="java.lang.String">string</Name>
  <Value className="java.lang.String">time</Value>
</Feature>
</Annotation>
<Annotation Id="5512" Type="SpaceToken" StartNode="1364" EndNode="1365">
<Feature>
  <Name className="java.lang.String">length</Name>
  <Value className="java.lang.String">1</Value>
</Feature>
<Feature>
  <Name className="java.lang.String">kind</Name>
  <Value className="java.lang.String">space</Value>
</Feature>
<Feature>
  <Name className="java.lang.String">string</Name>
  <Value className="java.lang.String"> </Value>
</Feature>
</Annotation>
<Annotation Id="5513" Type="Token" StartNode="1365" EndNode="1369">
<Feature>
  <Name className="java.lang.String">length</Name>
  <Value className="java.lang.String">4</Value>
</Feature>
<Feature>
  <Name className="java.lang.String">orth</Name>
  <Value className="java.lang.String">lowercase</Value>
</Feature>
<Feature>
  <Name className="java.lang.String">kind</Name>
  <Value className="java.lang.String">word</Value>
</Feature>
<Feature>
  <Name className="java.lang.String">string</Name>
  <Value className="java.lang.String">with</Value>
</Feature>
</Annotation>
<Annotation Id="5518" Type="Token" StartNode="1376" EndNode="1385">
<Feature>
  <Name className="java.lang.String">length</Name>
  <Value className="java.lang.String">9</Value>
</Feature>
<Feature>
  <Name className="java.lang.String">orth</Name>
  <Value className="java.lang.String">lowercase</Value>
</Feature>
<Feature>
  <Name className="java.lang.String">kind</Name>
  <Value className="java.lang.String">word</Value>
</Feature>
<Feature>
  <Name className="java.lang.String">coreferences</Name>
  <Value className="java.util.ArrayList"></Value>
</Feature>
<Feature>
  <Name className="java.lang.String">string</Name>
  <Value className="java.lang.String">remaining</Value>
</Feature>
</Annotation>
<Annotation Id="5519" Type="SpaceToken" StartNode="1385" EndNode="1386">
<Feature>
  <Name className="java.lang.String">length</Name>
  <Value className="java.lang.String">1</Value>
</Feature>
<Feature>
  <Name className="java.lang.String">kind</Name>
  <Value className="java.lang.String">space</Value>
</Feature>
<Feature>
  <Name className="java.lang.String">string</Name>
  <Value className="java.lang.String"> </Value>
</Feature>
</Annotation>
<Annotation Id="5516" Type="Token" StartNode="1374" EndNode="1375">
<Feature>
  <Name className="java.lang.String">length</Name>
  <Value className="java.lang.String">1</Value>
</Feature>
<Feature>
  <Name className="java.lang.String">kind</Name>
  <Value className="java.lang.String">punctuation</Value>
</Feature>
<Feature>
  <Name className="java.lang.String">string</Name>
  <Value className="java.lang.String">;</Value>
</Feature>
</Annotation>
<Annotation Id="5517" Type="SpaceToken" StartNode="1375" EndNode="1376">
<Feature>
  <Name className="java.lang.String">length</Name>
  <Value className="java.lang.String">1</Value>
</Feature>
<Feature>
  <Name className="java.lang.String">kind</Name>
  <Value className="java.lang.String">space</Value>
</Feature>
<Feature>
  <Name className="java.lang.String">string</Name>
  <Value className="java.lang.String"> </Value>
</Feature>
</Annotation>
<Annotation Id="5231" Type="Token" StartNode="553" EndNode="562">
<Feature>
  <Name className="java.lang.String">length</Name>
  <Value className="java.lang.String">9</Value>
</Feature>
<Feature>
  <Name className="java.lang.String">orth</Name>
  <Value className="java.lang.String">lowercase</Value>
</Feature>
<Feature>
  <Name className="java.lang.String">kind</Name>
  <Value className="java.lang.String">word</Value>
</Feature>
<Feature>
  <Name className="java.lang.String">coreferences</Name>
  <Value className="java.util.ArrayList"></Value>
</Feature>
<Feature>
  <Name className="java.lang.String">string</Name>
  <Value className="java.lang.String">synthetic</Value>
</Feature>
</Annotation>
<Annotation Id="5230" Type="SpaceToken" StartNode="552" EndNode="553">
<Feature>
  <Name className="java.lang.String">length</Name>
  <Value className="java.lang.String">1</Value>
</Feature>
<Feature>
  <Name className="java.lang.String">kind</Name>
  <Value className="java.lang.String">space</Value>
</Feature>
<Feature>
  <Name className="java.lang.String">string</Name>
  <Value className="java.lang.String"> </Value>
</Feature>
</Annotation>
<Annotation Id="5229" Type="Token" StartNode="549" EndNode="552">
<Feature>
  <Name className="java.lang.String">majorType</Name>
  <Value className="java.lang.String">stop</Value>
</Feature>
<Feature>
  <Name className="java.lang.String">orth</Name>
  <Value className="java.lang.String">lowercase</Value>
</Feature>
<Feature>
  <Name className="java.lang.String">coreferences</Name>
  <Value className="java.util.ArrayList" itemClassName="java.lang.Integer">5323</Value>
</Feature>
<Feature>
  <Name className="java.lang.String">string</Name>
  <Value className="java.lang.String">for</Value>
</Feature>
<Feature>
  <Name className="java.lang.String">length</Name>
  <Value className="java.lang.String">3</Value>
</Feature>
<Feature>
  <Name className="java.lang.String">minorType</Name>
  <Value className="java.lang.String">lc</Value>
</Feature>
<Feature>
  <Name className="java.lang.String">language</Name>
  <Value className="java.lang.String">en</Value>
</Feature>
<Feature>
  <Name className="java.lang.String">kind</Name>
  <Value className="java.lang.String">word</Value>
</Feature>
</Annotation>
<Annotation Id="5228" Type="SpaceToken" StartNode="548" EndNode="549">
<Feature>
  <Name className="java.lang.String">length</Name>
  <Value className="java.lang.String">1</Value>
</Feature>
<Feature>
  <Name className="java.lang.String">kind</Name>
  <Value className="java.lang.String">space</Value>
</Feature>
<Feature>
  <Name className="java.lang.String">string</Name>
  <Value className="java.lang.String"> </Value>
</Feature>
</Annotation>
<Annotation Id="5227" Type="Token" StartNode="538" EndNode="548">
<Feature>
  <Name className="java.lang.String">length</Name>
  <Value className="java.lang.String">10</Value>
</Feature>
<Feature>
  <Name className="java.lang.String">orth</Name>
  <Value className="java.lang.String">lowercase</Value>
</Feature>
<Feature>
  <Name className="java.lang.String">kind</Name>
  <Value className="java.lang.String">word</Value>
</Feature>
<Feature>
  <Name className="java.lang.String">coreferences</Name>
  <Value className="java.util.ArrayList" itemClassName="java.lang.Integer">5402;5509;5585</Value>
</Feature>
<Feature>
  <Name className="java.lang.String">string</Name>
  <Value className="java.lang.String">stabilizer</Value>
</Feature>
</Annotation>
<Annotation Id="5226" Type="SpaceToken" StartNode="537" EndNode="538">
<Feature>
  <Name className="java.lang.String">length</Name>
  <Value className="java.lang.String">1</Value>
</Feature>
<Feature>
  <Name className="java.lang.String">kind</Name>
  <Value className="java.lang.String">space</Value>
</Feature>
<Feature>
  <Name className="java.lang.String">string</Name>
  <Value className="java.lang.String"> </Value>
</Feature>
</Annotation>
<Annotation Id="5225" Type="Token" StartNode="536" EndNode="537">
<Feature>
  <Name className="java.lang.String">length</Name>
  <Value className="java.lang.String">1</Value>
</Feature>
<Feature>
  <Name className="java.lang.String">majorType</Name>
  <Value className="java.lang.String">stop</Value>
</Feature>
<Feature>
  <Name className="java.lang.String">minorType</Name>
  <Value className="java.lang.String">lc</Value>
</Feature>
<Feature>
  <Name className="java.lang.String">orth</Name>
  <Value className="java.lang.String">lowercase</Value>
</Feature>
<Feature>
  <Name className="java.lang.String">language</Name>
  <Value className="java.lang.String">en</Value>
</Feature>
<Feature>
  <Name className="java.lang.String">kind</Name>
  <Value className="java.lang.String">word</Value>
</Feature>
<Feature>
  <Name className="java.lang.String">string</Name>
  <Value className="java.lang.String">a</Value>
</Feature>
</Annotation>
<Annotation Id="5224" Type="SpaceToken" StartNode="535" EndNode="536">
<Feature>
  <Name className="java.lang.String">length</Name>
  <Value className="java.lang.String">1</Value>
</Feature>
<Feature>
  <Name className="java.lang.String">kind</Name>
  <Value className="java.lang.String">space</Value>
</Feature>
<Feature>
  <Name className="java.lang.String">string</Name>
  <Value className="java.lang.String"> </Value>
</Feature>
</Annotation>
<Annotation Id="5223" Type="Token" StartNode="533" EndNode="535">
<Feature>
  <Name className="java.lang.String">majorType</Name>
  <Value className="java.lang.String">stop</Value>
</Feature>
<Feature>
  <Name className="java.lang.String">orth</Name>
  <Value className="java.lang.String">lowercase</Value>
</Feature>
<Feature>
  <Name className="java.lang.String">coreferences</Name>
  <Value className="java.util.ArrayList" itemClassName="java.lang.Integer">5398;5575</Value>
</Feature>
<Feature>
  <Name className="java.lang.String">string</Name>
  <Value className="java.lang.String">as</Value>
</Feature>
<Feature>
  <Name className="java.lang.String">length</Name>
  <Value className="java.lang.String">2</Value>
</Feature>
<Feature>
  <Name className="java.lang.String">minorType</Name>
  <Value className="java.lang.String">lc</Value>
</Feature>
<Feature>
  <Name className="java.lang.String">language</Name>
  <Value className="java.lang.String">en</Value>
</Feature>
<Feature>
  <Name className="java.lang.String">kind</Name>
  <Value className="java.lang.String">word</Value>
</Feature>
</Annotation>
<Annotation Id="5222" Type="SpaceToken" StartNode="532" EndNode="533">
<Feature>
  <Name className="java.lang.String">length</Name>
  <Value className="java.lang.String">1</Value>
</Feature>
<Feature>
  <Name className="java.lang.String">kind</Name>
  <Value className="java.lang.String">space</Value>
</Feature>
<Feature>
  <Name className="java.lang.String">string</Name>
  <Value className="java.lang.String"> </Value>
</Feature>
</Annotation>
<Annotation Id="5221" Type="Token" StartNode="528" EndNode="532">
<Feature>
  <Name className="java.lang.String">length</Name>
  <Value className="java.lang.String">4</Value>
</Feature>
<Feature>
  <Name className="java.lang.String">orth</Name>
  <Value className="java.lang.String">lowercase</Value>
</Feature>
<Feature>
  <Name className="java.lang.String">kind</Name>
  <Value className="java.lang.String">word</Value>
</Feature>
<Feature>
  <Name className="java.lang.String">coreferences</Name>
  <Value className="java.util.ArrayList" itemClassName="java.lang.Integer">5354</Value>
</Feature>
<Feature>
  <Name className="java.lang.String">string</Name>
  <Value className="java.lang.String">used</Value>
</Feature>
</Annotation>
<Annotation Id="5220" Type="SpaceToken" StartNode="527" EndNode="528">
<Feature>
  <Name className="java.lang.String">length</Name>
  <Value className="java.lang.String">1</Value>
</Feature>
<Feature>
  <Name className="java.lang.String">kind</Name>
  <Value className="java.lang.String">space</Value>
</Feature>
<Feature>
  <Name className="java.lang.String">string</Name>
  <Value className="java.lang.String"> </Value>
</Feature>
</Annotation>
<Annotation Id="5219" Type="Token" StartNode="525" EndNode="527">
<Feature>
  <Name className="java.lang.String">length</Name>
  <Value className="java.lang.String">2</Value>
</Feature>
<Feature>
  <Name className="java.lang.String">majorType</Name>
  <Value className="java.lang.String">stop</Value>
</Feature>
<Feature>
  <Name className="java.lang.String">minorType</Name>
  <Value className="java.lang.String">lc</Value>
</Feature>
<Feature>
  <Name className="java.lang.String">orth</Name>
  <Value className="java.lang.String">lowercase</Value>
</Feature>
<Feature>
  <Name className="java.lang.String">language</Name>
  <Value className="java.lang.String">en</Value>
</Feature>
<Feature>
  <Name className="java.lang.String">kind</Name>
  <Value className="java.lang.String">word</Value>
</Feature>
<Feature>
  <Name className="java.lang.String">string</Name>
  <Value className="java.lang.String">is</Value>
</Feature>
</Annotation>
<Annotation Id="5218" Type="SpaceToken" StartNode="524" EndNode="525">
<Feature>
  <Name className="java.lang.String">length</Name>
  <Value className="java.lang.String">1</Value>
</Feature>
<Feature>
  <Name className="java.lang.String">kind</Name>
  <Value className="java.lang.String">space</Value>
</Feature>
<Feature>
  <Name className="java.lang.String">string</Name>
  <Value className="java.lang.String"> </Value>
</Feature>
</Annotation>
<Annotation Id="5217" Type="Token" StartNode="506" EndNode="524">
<Feature>
  <Name className="java.lang.String">length</Name>
  <Value className="java.lang.String">18</Value>
</Feature>
<Feature>
  <Name className="java.lang.String">orth</Name>
  <Value className="java.lang.String">upperInitial</Value>
</Feature>
<Feature>
  <Name className="java.lang.String">kind</Name>
  <Value className="java.lang.String">word</Value>
</Feature>
<Feature>
  <Name className="java.lang.String">string</Name>
  <Value className="java.lang.String">Nitrodiphenylamine</Value>
</Feature>
</Annotation>
<Annotation Id="5216" Type="Token" StartNode="505" EndNode="506">
<Feature>
  <Name className="java.lang.String">subkind</Name>
  <Value className="java.lang.String">dashpunct</Value>
</Feature>
<Feature>
  <Name className="java.lang.String">length</Name>
  <Value className="java.lang.String">1</Value>
</Feature>
<Feature>
  <Name className="java.lang.String">kind</Name>
  <Value className="java.lang.String">punctuation</Value>
</Feature>
<Feature>
  <Name className="java.lang.String">string</Name>
  <Value className="java.lang.String">-</Value>
</Feature>
</Annotation>
<Annotation Id="5246" Type="Token" StartNode="601" EndNode="602">
<Feature>
  <Name className="java.lang.String">majorType</Name>
  <Value className="java.lang.String">stop</Value>
</Feature>
<Feature>
  <Name className="java.lang.String">orth</Name>
  <Value className="java.lang.String">lowercase</Value>
</Feature>
<Feature>
  <Name className="java.lang.String">coreferences</Name>
  <Value className="java.util.ArrayList"></Value>
</Feature>
<Feature>
  <Name className="java.lang.String">string</Name>
  <Value className="java.lang.String">g</Value>
</Feature>
<Feature>
  <Name className="java.lang.String">length</Name>
  <Value className="java.lang.String">1</Value>
</Feature>
<Feature>
  <Name className="java.lang.String">minorType</Name>
  <Value className="java.lang.String">lc</Value>
</Feature>
<Feature>
  <Name className="java.lang.String">language</Name>
  <Value className="java.lang.String">en</Value>
</Feature>
<Feature>
  <Name className="java.lang.String">kind</Name>
  <Value className="java.lang.String">word</Value>
</Feature>
</Annotation>
<Annotation Id="5247" Type="Token" StartNode="602" EndNode="603">
<Feature>
  <Name className="java.lang.String">length</Name>
  <Value className="java.lang.String">1</Value>
</Feature>
<Feature>
  <Name className="java.lang.String">kind</Name>
  <Value className="java.lang.String">punctuation</Value>
</Feature>
<Feature>
  <Name className="java.lang.String">string</Name>
  <Value className="java.lang.String">.</Value>
</Feature>
</Annotation>
<Annotation Id="5244" Type="Token" StartNode="599" EndNode="600">
<Feature>
  <Name className="java.lang.String">length</Name>
  <Value className="java.lang.String">1</Value>
</Feature>
<Feature>
  <Name className="java.lang.String">orth</Name>
  <Value className="java.lang.String">lowercase</Value>
</Feature>
<Feature>
  <Name className="java.lang.String">kind</Name>
  <Value className="java.lang.String">word</Value>
</Feature>
<Feature>
  <Name className="java.lang.String">coreferences</Name>
  <Value className="java.util.ArrayList"></Value>
</Feature>
<Feature>
  <Name className="java.lang.String">string</Name>
  <Value className="java.lang.String">e</Value>
</Feature>
</Annotation>
<Annotation Id="5245" Type="Token" StartNode="600" EndNode="601">
<Feature>
  <Name className="java.lang.String">length</Name>
  <Value className="java.lang.String">1</Value>
</Feature>
<Feature>
  <Name className="java.lang.String">kind</Name>
  <Value className="java.lang.String">punctuation</Value>
</Feature>
<Feature>
  <Name className="java.lang.String">string</Name>
  <Value className="java.lang.String">.</Value>
</Feature>
</Annotation>
<Annotation Id="5242" Type="SpaceToken" StartNode="597" EndNode="598">
<Feature>
  <Name className="java.lang.String">length</Name>
  <Value className="java.lang.String">1</Value>
</Feature>
<Feature>
  <Name className="java.lang.String">kind</Name>
  <Value className="java.lang.String">space</Value>
</Feature>
<Feature>
  <Name className="java.lang.String">string</Name>
  <Value className="java.lang.String"> </Value>
</Feature>
</Annotation>
<Annotation Id="5243" Type="Token" StartNode="598" EndNode="599">
<Feature>
  <Name className="java.lang.String">position</Name>
  <Value className="java.lang.String">startpunct</Value>
</Feature>
<Feature>
  <Name className="java.lang.String">length</Name>
  <Value className="java.lang.String">1</Value>
</Feature>
<Feature>
  <Name className="java.lang.String">kind</Name>
  <Value className="java.lang.String">punctuation</Value>
</Feature>
<Feature>
  <Name className="java.lang.String">coreferences</Name>
  <Value className="java.util.ArrayList" itemClassName="java.lang.Integer">5533</Value>
</Feature>
<Feature>
  <Name className="java.lang.String">string</Name>
  <Value className="java.lang.String">(</Value>
</Feature>
</Annotation>
<Annotation Id="5240" Type="SpaceToken" StartNode="585" EndNode="586">
<Feature>
  <Name className="java.lang.String">length</Name>
  <Value className="java.lang.String">1</Value>
</Feature>
<Feature>
  <Name className="java.lang.String">kind</Name>
  <Value className="java.lang.String">space</Value>
</Feature>
<Feature>
  <Name className="java.lang.String">string</Name>
  <Value className="java.lang.String"> </Value>
</Feature>
</Annotation>
<Annotation Id="5241" Type="Token" StartNode="586" EndNode="597">
<Feature>
  <Name className="java.lang.String">length</Name>
  <Value className="java.lang.String">11</Value>
</Feature>
<Feature>
  <Name className="java.lang.String">orth</Name>
  <Value className="java.lang.String">lowercase</Value>
</Feature>
<Feature>
  <Name className="java.lang.String">kind</Name>
  <Value className="java.lang.String">word</Value>
</Feature>
<Feature>
  <Name className="java.lang.String">coreferences</Name>
  <Value className="java.util.ArrayList" itemClassName="java.lang.Integer">5275</Value>
</Feature>
<Feature>
  <Name className="java.lang.String">string</Name>
  <Value className="java.lang.String">propellants</Value>
</Feature>
</Annotation>
<Annotation Id="5238" Type="SpaceToken" StartNode="583" EndNode="584">
<Feature>
  <Name className="java.lang.String">length</Name>
  <Value className="java.lang.String">1</Value>
</Feature>
<Feature>
  <Name className="java.lang.String">kind</Name>
  <Value className="java.lang.String">space</Value>
</Feature>
<Feature>
  <Name className="java.lang.String">string</Name>
  <Value className="java.lang.String"> </Value>
</Feature>
</Annotation>
<Annotation Id="5239" Type="Token" StartNode="584" EndNode="585">
<Feature>
  <Name className="java.lang.String">length</Name>
  <Value className="java.lang.String">1</Value>
</Feature>
<Feature>
  <Name className="java.lang.String">kind</Name>
  <Value className="java.lang.String">punctuation</Value>
</Feature>
<Feature>
  <Name className="java.lang.String">string</Name>
  <Value className="java.lang.String">,</Value>
</Feature>
</Annotation>
<Annotation Id="5236" Type="SpaceToken" StartNode="572" EndNode="573">
<Feature>
  <Name className="java.lang.String">length</Name>
  <Value className="java.lang.String">1</Value>
</Feature>
<Feature>
  <Name className="java.lang.String">kind</Name>
  <Value className="java.lang.String">space</Value>
</Feature>
<Feature>
  <Name className="java.lang.String">string</Name>
  <Value className="java.lang.String"> </Value>
</Feature>
</Annotation>
<Annotation Id="5237" Type="Token" StartNode="573" EndNode="583">
<Feature>
  <Name className="java.lang.String">length</Name>
  <Value className="java.lang.String">10</Value>
</Feature>
<Feature>
  <Name className="java.lang.String">orth</Name>
  <Value className="java.lang.String">lowercase</Value>
</Feature>
<Feature>
  <Name className="java.lang.String">kind</Name>
  <Value className="java.lang.String">word</Value>
</Feature>
<Feature>
  <Name className="java.lang.String">coreferences</Name>
  <Value className="java.util.ArrayList" itemClassName="java.lang.Integer">5347</Value>
</Feature>
<Feature>
  <Name className="java.lang.String">string</Name>
  <Value className="java.lang.String">explosives</Value>
</Feature>
</Annotation>
<Annotation Id="5234" Type="SpaceToken" StartNode="570" EndNode="571">
<Feature>
  <Name className="java.lang.String">length</Name>
  <Value className="java.lang.String">1</Value>
</Feature>
<Feature>
  <Name className="java.lang.String">kind</Name>
  <Value className="java.lang.String">space</Value>
</Feature>
<Feature>
  <Name className="java.lang.String">string</Name>
  <Value className="java.lang.String"> </Value>
</Feature>
</Annotation>
<Annotation Id="5235" Type="Token" StartNode="571" EndNode="572">
<Feature>
  <Name className="java.lang.String">length</Name>
  <Value className="java.lang.String">1</Value>
</Feature>
<Feature>
  <Name className="java.lang.String">kind</Name>
  <Value className="java.lang.String">punctuation</Value>
</Feature>
<Feature>
  <Name className="java.lang.String">string</Name>
  <Value className="java.lang.String">,</Value>
</Feature>
</Annotation>
<Annotation Id="5232" Type="SpaceToken" StartNode="562" EndNode="563">
<Feature>
  <Name className="java.lang.String">length</Name>
  <Value className="java.lang.String">1</Value>
</Feature>
<Feature>
  <Name className="java.lang.String">kind</Name>
  <Value className="java.lang.String">space</Value>
</Feature>
<Feature>
  <Name className="java.lang.String">string</Name>
  <Value className="java.lang.String"> </Value>
</Feature>
</Annotation>
<Annotation Id="5233" Type="Token" StartNode="563" EndNode="570">
<Feature>
  <Name className="java.lang.String">length</Name>
  <Value className="java.lang.String">7</Value>
</Feature>
<Feature>
  <Name className="java.lang.String">orth</Name>
  <Value className="java.lang.String">lowercase</Value>
</Feature>
<Feature>
  <Name className="java.lang.String">kind</Name>
  <Value className="java.lang.String">word</Value>
</Feature>
<Feature>
  <Name className="java.lang.String">coreferences</Name>
  <Value className="java.util.ArrayList"></Value>
</Feature>
<Feature>
  <Name className="java.lang.String">string</Name>
  <Value className="java.lang.String">rubbers</Value>
</Feature>
</Annotation>
<Annotation Id="5197" Type="SpaceToken" StartNode="468" EndNode="469">
<Feature>
  <Name className="java.lang.String">length</Name>
  <Value className="java.lang.String">1</Value>
</Feature>
<Feature>
  <Name className="java.lang.String">kind</Name>
  <Value className="java.lang.String">space</Value>
</Feature>
<Feature>
  <Name className="java.lang.String">string</Name>
  <Value className="java.lang.String"> </Value>
</Feature>
</Annotation>
<Annotation Id="5196" Type="Token" StartNode="465" EndNode="468">
<Feature>
  <Name className="java.lang.String">length</Name>
  <Value className="java.lang.String">3</Value>
</Feature>
<Feature>
  <Name className="java.lang.String">kind</Name>
  <Value className="java.lang.String">number</Value>
</Feature>
<Feature>
  <Name className="java.lang.String">coreferences</Name>
  <Value className="java.util.ArrayList"></Value>
</Feature>
<Feature>
  <Name className="java.lang.String">string</Name>
  <Value className="java.lang.String">346</Value>
</Feature>
</Annotation>
<Annotation Id="5199" Type="Token" StartNode="470" EndNode="471">
<Feature>
  <Name className="java.lang.String">length</Name>
  <Value className="java.lang.String">1</Value>
</Feature>
<Feature>
  <Name className="java.lang.String">majorType</Name>
  <Value className="java.lang.String">stop</Value>
</Feature>
<Feature>
  <Name className="java.lang.String">minorType</Name>
  <Value className="java.lang.String">lc</Value>
</Feature>
<Feature>
  <Name className="java.lang.String">orth</Name>
  <Value className="java.lang.String">upperInitial</Value>
</Feature>
<Feature>
  <Name className="java.lang.String">language</Name>
  <Value className="java.lang.String">en</Value>
</Feature>
<Feature>
  <Name className="java.lang.String">kind</Name>
  <Value className="java.lang.String">word</Value>
</Feature>
<Feature>
  <Name className="java.lang.String">string</Name>
  <Value className="java.lang.String">C</Value>
</Feature>
</Annotation>
<Annotation Id="5198" Type="Token" StartNode="469" EndNode="470">
<Feature>
  <Name className="java.lang.String">length</Name>
  <Value className="java.lang.String">1</Value>
</Feature>
<Feature>
  <Name className="java.lang.String">kind</Name>
  <Value className="java.lang.String">symbol</Value>
</Feature>
<Feature>
  <Name className="java.lang.String">string</Name>
  <Value className="java.lang.String">°</Value>
</Feature>
</Annotation>
<Annotation Id="5193" Type="SpaceToken" StartNode="461" EndNode="462">
<Feature>
  <Name className="java.lang.String">length</Name>
  <Value className="java.lang.String">1</Value>
</Feature>
<Feature>
  <Name className="java.lang.String">kind</Name>
  <Value className="java.lang.String">space</Value>
</Feature>
<Feature>
  <Name className="java.lang.String">string</Name>
  <Value className="java.lang.String"> </Value>
</Feature>
</Annotation>
<Annotation Id="5192" Type="Token" StartNode="456" EndNode="461">
<Feature>
  <Name className="java.lang.String">length</Name>
  <Value className="java.lang.String">5</Value>
</Feature>
<Feature>
  <Name className="java.lang.String">orth</Name>
  <Value className="java.lang.String">lowercase</Value>
</Feature>
<Feature>
  <Name className="java.lang.String">kind</Name>
  <Value className="java.lang.String">word</Value>
</Feature>
<Feature>
  <Name className="java.lang.String">string</Name>
  <Value className="java.lang.String">point</Value>
</Feature>
</Annotation>
<Annotation Id="5195" Type="SpaceToken" StartNode="464" EndNode="465">
<Feature>
  <Name className="java.lang.String">length</Name>
  <Value className="java.lang.String">1</Value>
</Feature>
<Feature>
  <Name className="java.lang.String">kind</Name>
  <Value className="java.lang.String">space</Value>
</Feature>
<Feature>
  <Name className="java.lang.String">string</Name>
  <Value className="java.lang.String"> </Value>
</Feature>
</Annotation>
<Annotation Id="5194" Type="Token" StartNode="462" EndNode="464">
<Feature>
  <Name className="java.lang.String">length</Name>
  <Value className="java.lang.String">2</Value>
</Feature>
<Feature>
  <Name className="java.lang.String">majorType</Name>
  <Value className="java.lang.String">stop</Value>
</Feature>
<Feature>
  <Name className="java.lang.String">minorType</Name>
  <Value className="java.lang.String">lc</Value>
</Feature>
<Feature>
  <Name className="java.lang.String">orth</Name>
  <Value className="java.lang.String">lowercase</Value>
</Feature>
<Feature>
  <Name className="java.lang.String">language</Name>
  <Value className="java.lang.String">en</Value>
</Feature>
<Feature>
  <Name className="java.lang.String">kind</Name>
  <Value className="java.lang.String">word</Value>
</Feature>
<Feature>
  <Name className="java.lang.String">string</Name>
  <Value className="java.lang.String">of</Value>
</Feature>
</Annotation>
<Annotation Id="5189" Type="SpaceToken" StartNode="447" EndNode="448">
<Feature>
  <Name className="java.lang.String">length</Name>
  <Value className="java.lang.String">1</Value>
</Feature>
<Feature>
  <Name className="java.lang.String">kind</Name>
  <Value className="java.lang.String">space</Value>
</Feature>
<Feature>
  <Name className="java.lang.String">string</Name>
  <Value className="java.lang.String"> </Value>
</Feature>
</Annotation>
<Annotation Id="5188" Type="Token" StartNode="444" EndNode="447">
<Feature>
  <Name className="java.lang.String">majorType</Name>
  <Value className="java.lang.String">stop</Value>
</Feature>
<Feature>
  <Name className="java.lang.String">orth</Name>
  <Value className="java.lang.String">lowercase</Value>
</Feature>
<Feature>
  <Name className="java.lang.String">coreferences</Name>
  <Value className="java.util.ArrayList" itemClassName="java.lang.Integer">5285;5307;5330;5423;5637</Value>
</Feature>
<Feature>
  <Name className="java.lang.String">string</Name>
  <Value className="java.lang.String">and</Value>
</Feature>
<Feature>
  <Name className="java.lang.String">length</Name>
  <Value className="java.lang.String">3</Value>
</Feature>
<Feature>
  <Name className="java.lang.String">minorType</Name>
  <Value className="java.lang.String">lc</Value>
</Feature>
<Feature>
  <Name className="java.lang.String">language</Name>
  <Value className="java.lang.String">en</Value>
</Feature>
<Feature>
  <Name className="java.lang.String">kind</Name>
  <Value className="java.lang.String">word</Value>
</Feature>
</Annotation>
<Annotation Id="5191" Type="SpaceToken" StartNode="455" EndNode="456">
<Feature>
  <Name className="java.lang.String">length</Name>
  <Value className="java.lang.String">1</Value>
</Feature>
<Feature>
  <Name className="java.lang.String">kind</Name>
  <Value className="java.lang.String">space</Value>
</Feature>
<Feature>
  <Name className="java.lang.String">string</Name>
  <Value className="java.lang.String"> </Value>
</Feature>
</Annotation>
<Annotation Id="5190" Type="Token" StartNode="448" EndNode="455">
<Feature>
  <Name className="java.lang.String">length</Name>
  <Value className="java.lang.String">7</Value>
</Feature>
<Feature>
  <Name className="java.lang.String">orth</Name>
  <Value className="java.lang.String">lowercase</Value>
</Feature>
<Feature>
  <Name className="java.lang.String">kind</Name>
  <Value className="java.lang.String">word</Value>
</Feature>
<Feature>
  <Name className="java.lang.String">coreferences</Name>
  <Value className="java.util.ArrayList"></Value>
</Feature>
<Feature>
  <Name className="java.lang.String">string</Name>
  <Value className="java.lang.String">boiling</Value>
</Feature>
</Annotation>
<Annotation Id="5185" Type="Token" StartNode="441" EndNode="442">
<Feature>
  <Name className="java.lang.String">length</Name>
  <Value className="java.lang.String">1</Value>
</Feature>
<Feature>
  <Name className="java.lang.String">kind</Name>
  <Value className="java.lang.String">symbol</Value>
</Feature>
<Feature>
  <Name className="java.lang.String">coreferences</Name>
  <Value className="java.util.ArrayList" itemClassName="java.lang.Integer">5198</Value>
</Feature>
<Feature>
  <Name className="java.lang.String">string</Name>
  <Value className="java.lang.String">°</Value>
</Feature>
</Annotation>
<Annotation Id="5184" Type="SpaceToken" StartNode="440" EndNode="441">
<Feature>
  <Name className="java.lang.String">length</Name>
  <Value className="java.lang.String">1</Value>
</Feature>
<Feature>
  <Name className="java.lang.String">kind</Name>
  <Value className="java.lang.String">space</Value>
</Feature>
<Feature>
  <Name className="java.lang.String">string</Name>
  <Value className="java.lang.String"> </Value>
</Feature>
</Annotation>
<Annotation Id="5187" Type="SpaceToken" StartNode="443" EndNode="444">
<Feature>
  <Name className="java.lang.String">length</Name>
  <Value className="java.lang.String">1</Value>
</Feature>
<Feature>
  <Name className="java.lang.String">kind</Name>
  <Value className="java.lang.String">space</Value>
</Feature>
<Feature>
  <Name className="java.lang.String">string</Name>
  <Value className="java.lang.String"> </Value>
</Feature>
</Annotation>
<Annotation Id="5186" Type="Token" StartNode="442" EndNode="443">
<Feature>
  <Name className="java.lang.String">length</Name>
  <Value className="java.lang.String">1</Value>
</Feature>
<Feature>
  <Name className="java.lang.String">majorType</Name>
  <Value className="java.lang.String">stop</Value>
</Feature>
<Feature>
  <Name className="java.lang.String">minorType</Name>
  <Value className="java.lang.String">lc</Value>
</Feature>
<Feature>
  <Name className="java.lang.String">orth</Name>
  <Value className="java.lang.String">upperInitial</Value>
</Feature>
<Feature>
  <Name className="java.lang.String">language</Name>
  <Value className="java.lang.String">en</Value>
</Feature>
<Feature>
  <Name className="java.lang.String">kind</Name>
  <Value className="java.lang.String">word</Value>
</Feature>
<Feature>
  <Name className="java.lang.String">string</Name>
  <Value className="java.lang.String">C</Value>
</Feature>
</Annotation>
<Annotation Id="5212" Type="Token" StartNode="501" EndNode="502">
<Feature>
  <Name className="java.lang.String">length</Name>
  <Value className="java.lang.String">1</Value>
</Feature>
<Feature>
  <Name className="java.lang.String">kind</Name>
  <Value className="java.lang.String">punctuation</Value>
</Feature>
<Feature>
  <Name className="java.lang.String">string</Name>
  <Value className="java.lang.String">.</Value>
</Feature>
</Annotation>
<Annotation Id="5213" Type="SpaceToken" StartNode="502" EndNode="503">
<Feature>
  <Name className="java.lang.String">length</Name>
  <Value className="java.lang.String">1</Value>
</Feature>
<Feature>
  <Name className="java.lang.String">kind</Name>
  <Value className="java.lang.String">control</Value>
</Feature>
<Feature>
  <Name className="java.lang.String">string</Name>
  <Value className="java.lang.String">
</Value>
</Feature>
</Annotation>
<Annotation Id="5214" Type="SpaceToken" StartNode="503" EndNode="504">
<Feature>
  <Name className="java.lang.String">length</Name>
  <Value className="java.lang.String">1</Value>
</Feature>
<Feature>
  <Name className="java.lang.String">kind</Name>
  <Value className="java.lang.String">control</Value>
</Feature>
<Feature>
  <Name className="java.lang.String">string</Name>
  <Value className="java.lang.String">
</Value>
</Feature>
</Annotation>
<Annotation Id="5215" Type="Token" StartNode="504" EndNode="505">
<Feature>
  <Name className="java.lang.String">length</Name>
  <Value className="java.lang.String">1</Value>
</Feature>
<Feature>
  <Name className="java.lang.String">majorType</Name>
  <Value className="java.lang.String">stop</Value>
</Feature>
<Feature>
  <Name className="java.lang.String">minorType</Name>
  <Value className="java.lang.String">lc</Value>
</Feature>
<Feature>
  <Name className="java.lang.String">language</Name>
  <Value className="java.lang.String">en</Value>
</Feature>
<Feature>
  <Name className="java.lang.String">kind</Name>
  <Value className="java.lang.String">number</Value>
</Feature>
<Feature>
  <Name className="java.lang.String">string</Name>
  <Value className="java.lang.String">2</Value>
</Feature>
</Annotation>
<Annotation Id="5208" Type="Token" StartNode="485" EndNode="488">
<Feature>
  <Name className="java.lang.String">majorType</Name>
  <Value className="java.lang.String">stop</Value>
</Feature>
<Feature>
  <Name className="java.lang.String">orth</Name>
  <Value className="java.lang.String">lowercase</Value>
</Feature>
<Feature>
  <Name className="java.lang.String">coreferences</Name>
  <Value className="java.util.ArrayList"></Value>
</Feature>
<Feature>
  <Name className="java.lang.String">string</Name>
  <Value className="java.lang.String">but</Value>
</Feature>
<Feature>
  <Name className="java.lang.String">length</Name>
  <Value className="java.lang.String">3</Value>
</Feature>
<Feature>
  <Name className="java.lang.String">minorType</Name>
  <Value className="java.lang.String">lc</Value>
</Feature>
<Feature>
  <Name className="java.lang.String">language</Name>
  <Value className="java.lang.String">en</Value>
</Feature>
<Feature>
  <Name className="java.lang.String">kind</Name>
  <Value className="java.lang.String">word</Value>
</Feature>
</Annotation>
<Annotation Id="5209" Type="SpaceToken" StartNode="488" EndNode="489">
<Feature>
  <Name className="java.lang.String">length</Name>
  <Value className="java.lang.String">1</Value>
</Feature>
<Feature>
  <Name className="java.lang.String">kind</Name>
  <Value className="java.lang.String">space</Value>
</Feature>
<Feature>
  <Name className="java.lang.String">string</Name>
  <Value className="java.lang.String"> </Value>
</Feature>
</Annotation>
<Annotation Id="5210" Type="Token" StartNode="489" EndNode="500">
<Feature>
  <Name className="java.lang.String">length</Name>
  <Value className="java.lang.String">11</Value>
</Feature>
<Feature>
  <Name className="java.lang.String">orth</Name>
  <Value className="java.lang.String">lowercase</Value>
</Feature>
<Feature>
  <Name className="java.lang.String">kind</Name>
  <Value className="java.lang.String">word</Value>
</Feature>
<Feature>
  <Name className="java.lang.String">coreferences</Name>
  <Value className="java.util.ArrayList"></Value>
</Feature>
<Feature>
  <Name className="java.lang.String">string</Name>
  <Value className="java.lang.String">hydrophobic</Value>
</Feature>
</Annotation>
<Annotation Id="5211" Type="SpaceToken" StartNode="500" EndNode="501">
<Feature>
  <Name className="java.lang.String">length</Name>
  <Value className="java.lang.String">1</Value>
</Feature>
<Feature>
  <Name className="java.lang.String">kind</Name>
  <Value className="java.lang.String">space</Value>
</Feature>
<Feature>
  <Name className="java.lang.String">string</Name>
  <Value className="java.lang.String"> </Value>
</Feature>
</Annotation>
<Annotation Id="5204" Type="Token" StartNode="476" EndNode="478">
<Feature>
  <Name className="java.lang.String">length</Name>
  <Value className="java.lang.String">2</Value>
</Feature>
<Feature>
  <Name className="java.lang.String">majorType</Name>
  <Value className="java.lang.String">stop</Value>
</Feature>
<Feature>
  <Name className="java.lang.String">minorType</Name>
  <Value className="java.lang.String">lc</Value>
</Feature>
<Feature>
  <Name className="java.lang.String">orth</Name>
  <Value className="java.lang.String">lowercase</Value>
</Feature>
<Feature>
  <Name className="java.lang.String">language</Name>
  <Value className="java.lang.String">en</Value>
</Feature>
<Feature>
  <Name className="java.lang.String">kind</Name>
  <Value className="java.lang.String">word</Value>
</Feature>
<Feature>
  <Name className="java.lang.String">string</Name>
  <Value className="java.lang.String">is</Value>
</Feature>
</Annotation>
<Annotation Id="5205" Type="SpaceToken" StartNode="478" EndNode="479">
<Feature>
  <Name className="java.lang.String">length</Name>
  <Value className="java.lang.String">1</Value>
</Feature>
<Feature>
  <Name className="java.lang.String">kind</Name>
  <Value className="java.lang.String">space</Value>
</Feature>
<Feature>
  <Name className="java.lang.String">string</Name>
  <Value className="java.lang.String"> </Value>
</Feature>
</Annotation>
<Annotation Id="5206" Type="Token" StartNode="479" EndNode="484">
<Feature>
  <Name className="java.lang.String">length</Name>
  <Value className="java.lang.String">5</Value>
</Feature>
<Feature>
  <Name className="java.lang.String">orth</Name>
  <Value className="java.lang.String">lowercase</Value>
</Feature>
<Feature>
  <Name className="java.lang.String">kind</Name>
  <Value className="java.lang.String">word</Value>
</Feature>
<Feature>
  <Name className="java.lang.String">coreferences</Name>
  <Value className="java.util.ArrayList"></Value>
</Feature>
<Feature>
  <Name className="java.lang.String">string</Name>
  <Value className="java.lang.String">polar</Value>
</Feature>
</Annotation>
<Annotation Id="5207" Type="SpaceToken" StartNode="484" EndNode="485">
<Feature>
  <Name className="java.lang.String">length</Name>
  <Value className="java.lang.String">1</Value>
</Feature>
<Feature>
  <Name className="java.lang.String">kind</Name>
  <Value className="java.lang.String">space</Value>
</Feature>
<Feature>
  <Name className="java.lang.String">string</Name>
  <Value className="java.lang.String"> </Value>
</Feature>
</Annotation>
<Annotation Id="5200" Type="Token" StartNode="471" EndNode="472">
<Feature>
  <Name className="java.lang.String">length</Name>
  <Value className="java.lang.String">1</Value>
</Feature>
<Feature>
  <Name className="java.lang.String">kind</Name>
  <Value className="java.lang.String">punctuation</Value>
</Feature>
<Feature>
  <Name className="java.lang.String">string</Name>
  <Value className="java.lang.String">.</Value>
</Feature>
</Annotation>
<Annotation Id="5201" Type="SpaceToken" StartNode="472" EndNode="473">
<Feature>
  <Name className="java.lang.String">length</Name>
  <Value className="java.lang.String">1</Value>
</Feature>
<Feature>
  <Name className="java.lang.String">kind</Name>
  <Value className="java.lang.String">space</Value>
</Feature>
<Feature>
  <Name className="java.lang.String">string</Name>
  <Value className="java.lang.String"> </Value>
</Feature>
</Annotation>
<Annotation Id="5202" Type="Token" StartNode="473" EndNode="475">
<Feature>
  <Name className="java.lang.String">length</Name>
  <Value className="java.lang.String">2</Value>
</Feature>
<Feature>
  <Name className="java.lang.String">majorType</Name>
  <Value className="java.lang.String">stop</Value>
</Feature>
<Feature>
  <Name className="java.lang.String">minorType</Name>
  <Value className="java.lang.String">lc</Value>
</Feature>
<Feature>
  <Name className="java.lang.String">orth</Name>
  <Value className="java.lang.String">upperInitial</Value>
</Feature>
<Feature>
  <Name className="java.lang.String">language</Name>
  <Value className="java.lang.String">en</Value>
</Feature>
<Feature>
  <Name className="java.lang.String">kind</Name>
  <Value className="java.lang.String">word</Value>
</Feature>
<Feature>
  <Name className="java.lang.String">string</Name>
  <Value className="java.lang.String">It</Value>
</Feature>
</Annotation>
<Annotation Id="5203" Type="SpaceToken" StartNode="475" EndNode="476">
<Feature>
  <Name className="java.lang.String">length</Name>
  <Value className="java.lang.String">1</Value>
</Feature>
<Feature>
  <Name className="java.lang.String">kind</Name>
  <Value className="java.lang.String">space</Value>
</Feature>
<Feature>
  <Name className="java.lang.String">string</Name>
  <Value className="java.lang.String"> </Value>
</Feature>
</Annotation>
<Annotation Id="5163" Type="SpaceToken" StartNode="391" EndNode="392">
<Feature>
  <Name className="java.lang.String">length</Name>
  <Value className="java.lang.String">1</Value>
</Feature>
<Feature>
  <Name className="java.lang.String">kind</Name>
  <Value className="java.lang.String">space</Value>
</Feature>
<Feature>
  <Name className="java.lang.String">string</Name>
  <Value className="java.lang.String"> </Value>
</Feature>
</Annotation>
<Annotation Id="5162" Type="Token" StartNode="387" EndNode="391">
<Feature>
  <Name className="java.lang.String">length</Name>
  <Value className="java.lang.String">4</Value>
</Feature>
<Feature>
  <Name className="java.lang.String">orth</Name>
  <Value className="java.lang.String">lowercase</Value>
</Feature>
<Feature>
  <Name className="java.lang.String">kind</Name>
  <Value className="java.lang.String">word</Value>
</Feature>
<Feature>
  <Name className="java.lang.String">coreferences</Name>
  <Value className="java.util.ArrayList"></Value>
</Feature>
<Feature>
  <Name className="java.lang.String">string</Name>
  <Value className="java.lang.String">form</Value>
</Feature>
</Annotation>
<Annotation Id="5161" Type="SpaceToken" StartNode="386" EndNode="387">
<Feature>
  <Name className="java.lang.String">length</Name>
  <Value className="java.lang.String">1</Value>
</Feature>
<Feature>
  <Name className="java.lang.String">kind</Name>
  <Value className="java.lang.String">space</Value>
</Feature>
<Feature>
  <Name className="java.lang.String">string</Name>
  <Value className="java.lang.String"> </Value>
</Feature>
</Annotation>
<Annotation Id="5160" Type="Token" StartNode="384" EndNode="386">
<Feature>
  <Name className="java.lang.String">majorType</Name>
  <Value className="java.lang.String">stop</Value>
</Feature>
<Feature>
  <Name className="java.lang.String">orth</Name>
  <Value className="java.lang.String">lowercase</Value>
</Feature>
<Feature>
  <Name className="java.lang.String">coreferences</Name>
  <Value className="java.util.ArrayList" itemClassName="java.lang.Integer">5249;5265;5277;5287;5343</Value>
</Feature>
<Feature>
  <Name className="java.lang.String">string</Name>
  <Value className="java.lang.String">in</Value>
</Feature>
<Feature>
  <Name className="java.lang.String">length</Name>
  <Value className="java.lang.String">2</Value>
</Feature>
<Feature>
  <Name className="java.lang.String">minorType</Name>
  <Value className="java.lang.String">lc</Value>
</Feature>
<Feature>
  <Name className="java.lang.String">language</Name>
  <Value className="java.lang.String">en</Value>
</Feature>
<Feature>
  <Name className="java.lang.String">kind</Name>
  <Value className="java.lang.String">word</Value>
</Feature>
</Annotation>
<Annotation Id="5167" Type="SpaceToken" StartNode="401" EndNode="402">
<Feature>
  <Name className="java.lang.String">length</Name>
  <Value className="java.lang.String">1</Value>
</Feature>
<Feature>
  <Name className="java.lang.String">kind</Name>
  <Value className="java.lang.String">space</Value>
</Feature>
<Feature>
  <Name className="java.lang.String">string</Name>
  <Value className="java.lang.String"> </Value>
</Feature>
</Annotation>
<Annotation Id="5166" Type="Token" StartNode="395" EndNode="401">
<Feature>
  <Name className="java.lang.String">length</Name>
  <Value className="java.lang.String">6</Value>
</Feature>
<Feature>
  <Name className="java.lang.String">orth</Name>
  <Value className="java.lang.String">lowercase</Value>
</Feature>
<Feature>
  <Name className="java.lang.String">kind</Name>
  <Value className="java.lang.String">word</Value>
</Feature>
<Feature>
  <Name className="java.lang.String">coreferences</Name>
  <Value className="java.util.ArrayList"></Value>
</Feature>
<Feature>
  <Name className="java.lang.String">string</Name>
  <Value className="java.lang.String">flakes</Value>
</Feature>
</Annotation>
<Annotation Id="5165" Type="SpaceToken" StartNode="394" EndNode="395">
<Feature>
  <Name className="java.lang.String">length</Name>
  <Value className="java.lang.String">1</Value>
</Feature>
<Feature>
  <Name className="java.lang.String">kind</Name>
  <Value className="java.lang.String">space</Value>
</Feature>
<Feature>
  <Name className="java.lang.String">string</Name>
  <Value className="java.lang.String"> </Value>
</Feature>
</Annotation>
<Annotation Id="5164" Type="Token" StartNode="392" EndNode="394">
<Feature>
  <Name className="java.lang.String">length</Name>
  <Value className="java.lang.String">2</Value>
</Feature>
<Feature>
  <Name className="java.lang.String">majorType</Name>
  <Value className="java.lang.String">stop</Value>
</Feature>
<Feature>
  <Name className="java.lang.String">minorType</Name>
  <Value className="java.lang.String">lc</Value>
</Feature>
<Feature>
  <Name className="java.lang.String">orth</Name>
  <Value className="java.lang.String">lowercase</Value>
</Feature>
<Feature>
  <Name className="java.lang.String">language</Name>
  <Value className="java.lang.String">en</Value>
</Feature>
<Feature>
  <Name className="java.lang.String">kind</Name>
  <Value className="java.lang.String">word</Value>
</Feature>
<Feature>
  <Name className="java.lang.String">string</Name>
  <Value className="java.lang.String">of</Value>
</Feature>
</Annotation>
<Annotation Id="5155" Type="Token" StartNode="369" EndNode="374">
<Feature>
  <Name className="java.lang.String">length</Name>
  <Value className="java.lang.String">5</Value>
</Feature>
<Feature>
  <Name className="java.lang.String">orth</Name>
  <Value className="java.lang.String">lowercase</Value>
</Feature>
<Feature>
  <Name className="java.lang.String">kind</Name>
  <Value className="java.lang.String">word</Value>
</Feature>
<Feature>
  <Name className="java.lang.String">coreferences</Name>
  <Value className="java.util.ArrayList" itemClassName="java.lang.Integer">5279</Value>
</Feature>
<Feature>
  <Name className="java.lang.String">string</Name>
  <Value className="java.lang.String">solid</Value>
</Feature>
</Annotation>
<Annotation Id="5154" Type="SpaceToken" StartNode="368" EndNode="369">
<Feature>
  <Name className="java.lang.String">length</Name>
  <Value className="java.lang.String">1</Value>
</Feature>
<Feature>
  <Name className="java.lang.String">kind</Name>
  <Value className="java.lang.String">space</Value>
</Feature>
<Feature>
  <Name className="java.lang.String">string</Name>
  <Value className="java.lang.String"> </Value>
</Feature>
</Annotation>
<Annotation Id="5153" Type="Token" StartNode="357" EndNode="368">
<Feature>
  <Name className="java.lang.String">length</Name>
  <Value className="java.lang.String">11</Value>
</Feature>
<Feature>
  <Name className="java.lang.String">orth</Name>
  <Value className="java.lang.String">lowercase</Value>
</Feature>
<Feature>
  <Name className="java.lang.String">kind</Name>
  <Value className="java.lang.String">word</Value>
</Feature>
<Feature>
  <Name className="java.lang.String">coreferences</Name>
  <Value className="java.util.ArrayList"></Value>
</Feature>
<Feature>
  <Name className="java.lang.String">string</Name>
  <Value className="java.lang.String">crystalline</Value>
</Feature>
</Annotation>
<Annotation Id="5152" Type="SpaceToken" StartNode="356" EndNode="357">
<Feature>
  <Name className="java.lang.String">length</Name>
  <Value className="java.lang.String">1</Value>
</Feature>
<Feature>
  <Name className="java.lang.String">kind</Name>
  <Value className="java.lang.String">space</Value>
</Feature>
<Feature>
  <Name className="java.lang.String">string</Name>
  <Value className="java.lang.String"> </Value>
</Feature>
</Annotation>
<Annotation Id="5159" Type="SpaceToken" StartNode="383" EndNode="384">
<Feature>
  <Name className="java.lang.String">length</Name>
  <Value className="java.lang.String">1</Value>
</Feature>
<Feature>
  <Name className="java.lang.String">kind</Name>
  <Value className="java.lang.String">space</Value>
</Feature>
<Feature>
  <Name className="java.lang.String">string</Name>
  <Value className="java.lang.String"> </Value>
</Feature>
</Annotation>
<Annotation Id="5158" Type="Token" StartNode="376" EndNode="383">
<Feature>
  <Name className="java.lang.String">length</Name>
  <Value className="java.lang.String">7</Value>
</Feature>
<Feature>
  <Name className="java.lang.String">orth</Name>
  <Value className="java.lang.String">lowercase</Value>
</Feature>
<Feature>
  <Name className="java.lang.String">kind</Name>
  <Value className="java.lang.String">word</Value>
</Feature>
<Feature>
  <Name className="java.lang.String">coreferences</Name>
  <Value className="java.util.ArrayList" itemClassName="java.lang.Integer">5465</Value>
</Feature>
<Feature>
  <Name className="java.lang.String">string</Name>
  <Value className="java.lang.String">usually</Value>
</Feature>
</Annotation>
<Annotation Id="5157" Type="SpaceToken" StartNode="375" EndNode="376">
<Feature>
  <Name className="java.lang.String">length</Name>
  <Value className="java.lang.String">1</Value>
</Feature>
<Feature>
  <Name className="java.lang.String">kind</Name>
  <Value className="java.lang.String">space</Value>
</Feature>
<Feature>
  <Name className="java.lang.String">string</Name>
  <Value className="java.lang.String"> </Value>
</Feature>
</Annotation>
<Annotation Id="5156" Type="Token" StartNode="374" EndNode="375">
<Feature>
  <Name className="java.lang.String">length</Name>
  <Value className="java.lang.String">1</Value>
</Feature>
<Feature>
  <Name className="java.lang.String">kind</Name>
  <Value className="java.lang.String">punctuation</Value>
</Feature>
<Feature>
  <Name className="java.lang.String">string</Name>
  <Value className="java.lang.String">,</Value>
</Feature>
</Annotation>
<Annotation Id="5178" Type="SpaceToken" StartNode="431" EndNode="432">
<Feature>
  <Name className="java.lang.String">length</Name>
  <Value className="java.lang.String">1</Value>
</Feature>
<Feature>
  <Name className="java.lang.String">kind</Name>
  <Value className="java.lang.String">space</Value>
</Feature>
<Feature>
  <Name className="java.lang.String">string</Name>
  <Value className="java.lang.String"> </Value>
</Feature>
</Annotation>
<Annotation Id="5179" Type="Token" StartNode="432" EndNode="434">
<Feature>
  <Name className="java.lang.String">length</Name>
  <Value className="java.lang.String">2</Value>
</Feature>
<Feature>
  <Name className="java.lang.String">majorType</Name>
  <Value className="java.lang.String">stop</Value>
</Feature>
<Feature>
  <Name className="java.lang.String">minorType</Name>
  <Value className="java.lang.String">lc</Value>
</Feature>
<Feature>
  <Name className="java.lang.String">orth</Name>
  <Value className="java.lang.String">lowercase</Value>
</Feature>
<Feature>
  <Name className="java.lang.String">language</Name>
  <Value className="java.lang.String">en</Value>
</Feature>
<Feature>
  <Name className="java.lang.String">kind</Name>
  <Value className="java.lang.String">word</Value>
</Feature>
<Feature>
  <Name className="java.lang.String">string</Name>
  <Value className="java.lang.String">of</Value>
</Feature>
</Annotation>
<Annotation Id="5176" Type="SpaceToken" StartNode="425" EndNode="426">
<Feature>
  <Name className="java.lang.String">length</Name>
  <Value className="java.lang.String">1</Value>
</Feature>
<Feature>
  <Name className="java.lang.String">kind</Name>
  <Value className="java.lang.String">space</Value>
</Feature>
<Feature>
  <Name className="java.lang.String">string</Name>
  <Value className="java.lang.String"> </Value>
</Feature>
</Annotation>
<Annotation Id="5177" Type="Token" StartNode="426" EndNode="431">
<Feature>
  <Name className="java.lang.String">length</Name>
  <Value className="java.lang.String">5</Value>
</Feature>
<Feature>
  <Name className="java.lang.String">orth</Name>
  <Value className="java.lang.String">lowercase</Value>
</Feature>
<Feature>
  <Name className="java.lang.String">kind</Name>
  <Value className="java.lang.String">word</Value>
</Feature>
<Feature>
  <Name className="java.lang.String">coreferences</Name>
  <Value className="java.util.ArrayList" itemClassName="java.lang.Integer">5192</Value>
</Feature>
<Feature>
  <Name className="java.lang.String">string</Name>
  <Value className="java.lang.String">point</Value>
</Feature>
</Annotation>
<Annotation Id="5182" Type="Token" StartNode="437" EndNode="438">
<Feature>
  <Name className="java.lang.String">subkind</Name>
  <Value className="java.lang.String">dashpunct</Value>
</Feature>
<Feature>
  <Name className="java.lang.String">length</Name>
  <Value className="java.lang.String">1</Value>
</Feature>
<Feature>
  <Name className="java.lang.String">kind</Name>
  <Value className="java.lang.String">punctuation</Value>
</Feature>
<Feature>
  <Name className="java.lang.String">string</Name>
  <Value className="java.lang.String">-</Value>
</Feature>
</Annotation>
<Annotation Id="5183" Type="Token" StartNode="438" EndNode="440">
<Feature>
  <Name className="java.lang.String">length</Name>
  <Value className="java.lang.String">2</Value>
</Feature>
<Feature>
  <Name className="java.lang.String">kind</Name>
  <Value className="java.lang.String">number</Value>
</Feature>
<Feature>
  <Name className="java.lang.String">coreferences</Name>
  <Value className="java.util.ArrayList"></Value>
</Feature>
<Feature>
  <Name className="java.lang.String">string</Name>
  <Value className="java.lang.String">76</Value>
</Feature>
</Annotation>
<Annotation Id="5180" Type="SpaceToken" StartNode="434" EndNode="435">
<Feature>
  <Name className="java.lang.String">length</Name>
  <Value className="java.lang.String">1</Value>
</Feature>
<Feature>
  <Name className="java.lang.String">kind</Name>
  <Value className="java.lang.String">space</Value>
</Feature>
<Feature>
  <Name className="java.lang.String">string</Name>
  <Value className="java.lang.String"> </Value>
</Feature>
</Annotation>
<Annotation Id="5181" Type="Token" StartNode="435" EndNode="437">
<Feature>
  <Name className="java.lang.String">length</Name>
  <Value className="java.lang.String">2</Value>
</Feature>
<Feature>
  <Name className="java.lang.String">kind</Name>
  <Value className="java.lang.String">number</Value>
</Feature>
<Feature>
  <Name className="java.lang.String">coreferences</Name>
  <Value className="java.util.ArrayList"></Value>
</Feature>
<Feature>
  <Name className="java.lang.String">string</Name>
  <Value className="java.lang.String">74</Value>
</Feature>
</Annotation>
<Annotation Id="5170" Type="Token" StartNode="405" EndNode="411">
<Feature>
  <Name className="java.lang.String">length</Name>
  <Value className="java.lang.String">6</Value>
</Feature>
<Feature>
  <Name className="java.lang.String">orth</Name>
  <Value className="java.lang.String">lowercase</Value>
</Feature>
<Feature>
  <Name className="java.lang.String">kind</Name>
  <Value className="java.lang.String">word</Value>
</Feature>
<Feature>
  <Name className="java.lang.String">coreferences</Name>
  <Value className="java.util.ArrayList"></Value>
</Feature>
<Feature>
  <Name className="java.lang.String">string</Name>
  <Value className="java.lang.String">powder</Value>
</Feature>
</Annotation>
<Annotation Id="5171" Type="Token" StartNode="411" EndNode="412">
<Feature>
  <Name className="java.lang.String">length</Name>
  <Value className="java.lang.String">1</Value>
</Feature>
<Feature>
  <Name className="java.lang.String">kind</Name>
  <Value className="java.lang.String">punctuation</Value>
</Feature>
<Feature>
  <Name className="java.lang.String">string</Name>
  <Value className="java.lang.String">,</Value>
</Feature>
</Annotation>
<Annotation Id="5168" Type="Token" StartNode="402" EndNode="404">
<Feature>
  <Name className="java.lang.String">length</Name>
  <Value className="java.lang.String">2</Value>
</Feature>
<Feature>
  <Name className="java.lang.String">majorType</Name>
  <Value className="java.lang.String">stop</Value>
</Feature>
<Feature>
  <Name className="java.lang.String">minorType</Name>
  <Value className="java.lang.String">lc</Value>
</Feature>
<Feature>
  <Name className="java.lang.String">orth</Name>
  <Value className="java.lang.String">lowercase</Value>
</Feature>
<Feature>
  <Name className="java.lang.String">language</Name>
  <Value className="java.lang.String">en</Value>
</Feature>
<Feature>
  <Name className="java.lang.String">kind</Name>
  <Value className="java.lang.String">word</Value>
</Feature>
<Feature>
  <Name className="java.lang.String">string</Name>
  <Value className="java.lang.String">or</Value>
</Feature>
</Annotation>
<Annotation Id="5169" Type="SpaceToken" StartNode="404" EndNode="405">
<Feature>
  <Name className="java.lang.String">length</Name>
  <Value className="java.lang.String">1</Value>
</Feature>
<Feature>
  <Name className="java.lang.String">kind</Name>
  <Value className="java.lang.String">space</Value>
</Feature>
<Feature>
  <Name className="java.lang.String">string</Name>
  <Value className="java.lang.String"> </Value>
</Feature>
</Annotation>
<Annotation Id="5174" Type="SpaceToken" StartNode="417" EndNode="418">
<Feature>
  <Name className="java.lang.String">length</Name>
  <Value className="java.lang.String">1</Value>
</Feature>
<Feature>
  <Name className="java.lang.String">kind</Name>
  <Value className="java.lang.String">space</Value>
</Feature>
<Feature>
  <Name className="java.lang.String">string</Name>
  <Value className="java.lang.String"> </Value>
</Feature>
</Annotation>
<Annotation Id="5175" Type="Token" StartNode="418" EndNode="425">
<Feature>
  <Name className="java.lang.String">length</Name>
  <Value className="java.lang.String">7</Value>
</Feature>
<Feature>
  <Name className="java.lang.String">orth</Name>
  <Value className="java.lang.String">lowercase</Value>
</Feature>
<Feature>
  <Name className="java.lang.String">kind</Name>
  <Value className="java.lang.String">word</Value>
</Feature>
<Feature>
  <Name className="java.lang.String">coreferences</Name>
  <Value className="java.util.ArrayList"></Value>
</Feature>
<Feature>
  <Name className="java.lang.String">string</Name>
  <Value className="java.lang.String">melting</Value>
</Feature>
</Annotation>
<Annotation Id="5172" Type="SpaceToken" StartNode="412" EndNode="413">
<Feature>
  <Name className="java.lang.String">length</Name>
  <Value className="java.lang.String">1</Value>
</Feature>
<Feature>
  <Name className="java.lang.String">kind</Name>
  <Value className="java.lang.String">space</Value>
</Feature>
<Feature>
  <Name className="java.lang.String">string</Name>
  <Value className="java.lang.String"> </Value>
</Feature>
</Annotation>
<Annotation Id="5173" Type="Token" StartNode="413" EndNode="417">
<Feature>
  <Name className="java.lang.String">length</Name>
  <Value className="java.lang.String">4</Value>
</Feature>
<Feature>
  <Name className="java.lang.String">orth</Name>
  <Value className="java.lang.String">lowercase</Value>
</Feature>
<Feature>
  <Name className="java.lang.String">kind</Name>
  <Value className="java.lang.String">word</Value>
</Feature>
<Feature>
  <Name className="java.lang.String">coreferences</Name>
  <Value className="java.util.ArrayList" itemClassName="java.lang.Integer">5513;5534;5557</Value>
</Feature>
<Feature>
  <Name className="java.lang.String">string</Name>
  <Value className="java.lang.String">with</Value>
</Feature>
</Annotation>
<Annotation Id="5129" Type="Token" StartNode="326" EndNode="327">
<Feature>
  <Name className="java.lang.String">majorType</Name>
  <Value className="java.lang.String">stop</Value>
</Feature>
<Feature>
  <Name className="java.lang.String">coreferences</Name>
  <Value className="java.util.ArrayList" itemClassName="java.lang.Integer">5530</Value>
</Feature>
<Feature>
  <Name className="java.lang.String">string</Name>
  <Value className="java.lang.String">5</Value>
</Feature>
<Feature>
  <Name className="java.lang.String">length</Name>
  <Value className="java.lang.String">1</Value>
</Feature>
<Feature>
  <Name className="java.lang.String">minorType</Name>
  <Value className="java.lang.String">lc</Value>
</Feature>
<Feature>
  <Name className="java.lang.String">language</Name>
  <Value className="java.lang.String">en</Value>
</Feature>
<Feature>
  <Name className="java.lang.String">kind</Name>
  <Value className="java.lang.String">number</Value>
</Feature>
</Annotation>
<Annotation Id="5128" Type="SpaceToken" StartNode="325" EndNode="326">
<Feature>
  <Name className="java.lang.String">length</Name>
  <Value className="java.lang.String">1</Value>
</Feature>
<Feature>
  <Name className="java.lang.String">kind</Name>
  <Value className="java.lang.String">space</Value>
</Feature>
<Feature>
  <Name className="java.lang.String">string</Name>
  <Value className="java.lang.String"> </Value>
</Feature>
</Annotation>
<Annotation Id="5131" Type="Token" StartNode="328" EndNode="331">
<Feature>
  <Name className="java.lang.String">length</Name>
  <Value className="java.lang.String">3</Value>
</Feature>
<Feature>
  <Name className="java.lang.String">orth</Name>
  <Value className="java.lang.String">allCaps</Value>
</Feature>
<Feature>
  <Name className="java.lang.String">kind</Name>
  <Value className="java.lang.String">word</Value>
</Feature>
<Feature>
  <Name className="java.lang.String">coreferences</Name>
  <Value className="java.util.ArrayList"></Value>
</Feature>
<Feature>
  <Name className="java.lang.String">string</Name>
  <Value className="java.lang.String">NHC</Value>
</Feature>
</Annotation>
<Annotation Id="5130" Type="SpaceToken" StartNode="327" EndNode="328">
<Feature>
  <Name className="java.lang.String">length</Name>
  <Value className="java.lang.String">1</Value>
</Feature>
<Feature>
  <Name className="java.lang.String">kind</Name>
  <Value className="java.lang.String">space</Value>
</Feature>
<Feature>
  <Name className="java.lang.String">string</Name>
  <Value className="java.lang.String"> </Value>
</Feature>
</Annotation>
<Annotation Id="5133" Type="Token" StartNode="332" EndNode="333">
<Feature>
  <Name className="java.lang.String">length</Name>
  <Value className="java.lang.String">1</Value>
</Feature>
<Feature>
  <Name className="java.lang.String">majorType</Name>
  <Value className="java.lang.String">stop</Value>
</Feature>
<Feature>
  <Name className="java.lang.String">minorType</Name>
  <Value className="java.lang.String">lc</Value>
</Feature>
<Feature>
  <Name className="java.lang.String">language</Name>
  <Value className="java.lang.String">en</Value>
</Feature>
<Feature>
  <Name className="java.lang.String">kind</Name>
  <Value className="java.lang.String">number</Value>
</Feature>
<Feature>
  <Name className="java.lang.String">string</Name>
  <Value className="java.lang.String">6</Value>
</Feature>
</Annotation>
<Annotation Id="5132" Type="SpaceToken" StartNode="331" EndNode="332">
<Feature>
  <Name className="java.lang.String">length</Name>
  <Value className="java.lang.String">1</Value>
</Feature>
<Feature>
  <Name className="java.lang.String">kind</Name>
  <Value className="java.lang.String">space</Value>
</Feature>
<Feature>
  <Name className="java.lang.String">string</Name>
  <Value className="java.lang.String"> </Value>
</Feature>
</Annotation>
<Annotation Id="5135" Type="Token" StartNode="334" EndNode="335">
<Feature>
  <Name className="java.lang.String">length</Name>
  <Value className="java.lang.String">1</Value>
</Feature>
<Feature>
  <Name className="java.lang.String">majorType</Name>
  <Value className="java.lang.String">stop</Value>
</Feature>
<Feature>
  <Name className="java.lang.String">minorType</Name>
  <Value className="java.lang.String">lc</Value>
</Feature>
<Feature>
  <Name className="java.lang.String">orth</Name>
  <Value className="java.lang.String">upperInitial</Value>
</Feature>
<Feature>
  <Name className="java.lang.String">language</Name>
  <Value className="java.lang.String">en</Value>
</Feature>
<Feature>
  <Name className="java.lang.String">kind</Name>
  <Value className="java.lang.String">word</Value>
</Feature>
<Feature>
  <Name className="java.lang.String">string</Name>
  <Value className="java.lang.String">H</Value>
</Feature>
</Annotation>
<Annotation Id="5134" Type="SpaceToken" StartNode="333" EndNode="334">
<Feature>
  <Name className="java.lang.String">length</Name>
  <Value className="java.lang.String">1</Value>
</Feature>
<Feature>
  <Name className="java.lang.String">kind</Name>
  <Value className="java.lang.String">space</Value>
</Feature>
<Feature>
  <Name className="java.lang.String">string</Name>
  <Value className="java.lang.String"> </Value>
</Feature>
</Annotation>
<Annotation Id="5121" Type="Token" StartNode="317" EndNode="319">
<Feature>
  <Name className="java.lang.String">length</Name>
  <Value className="java.lang.String">2</Value>
</Feature>
<Feature>
  <Name className="java.lang.String">majorType</Name>
  <Value className="java.lang.String">stop</Value>
</Feature>
<Feature>
  <Name className="java.lang.String">minorType</Name>
  <Value className="java.lang.String">lc</Value>
</Feature>
<Feature>
  <Name className="java.lang.String">orth</Name>
  <Value className="java.lang.String">lowercase</Value>
</Feature>
<Feature>
  <Name className="java.lang.String">language</Name>
  <Value className="java.lang.String">en</Value>
</Feature>
<Feature>
  <Name className="java.lang.String">kind</Name>
  <Value className="java.lang.String">word</Value>
</Feature>
<Feature>
  <Name className="java.lang.String">string</Name>
  <Value className="java.lang.String">or</Value>
</Feature>
</Annotation>
<Annotation Id="5120" Type="SpaceToken" StartNode="316" EndNode="317">
<Feature>
  <Name className="java.lang.String">length</Name>
  <Value className="java.lang.String">1</Value>
</Feature>
<Feature>
  <Name className="java.lang.String">kind</Name>
  <Value className="java.lang.String">space</Value>
</Feature>
<Feature>
  <Name className="java.lang.String">string</Name>
  <Value className="java.lang.String"> </Value>
</Feature>
</Annotation>
<Annotation Id="5123" Type="Token" StartNode="320" EndNode="321">
<Feature>
  <Name className="java.lang.String">length</Name>
  <Value className="java.lang.String">1</Value>
</Feature>
<Feature>
  <Name className="java.lang.String">majorType</Name>
  <Value className="java.lang.String">stop</Value>
</Feature>
<Feature>
  <Name className="java.lang.String">minorType</Name>
  <Value className="java.lang.String">lc</Value>
</Feature>
<Feature>
  <Name className="java.lang.String">orth</Name>
  <Value className="java.lang.String">upperInitial</Value>
</Feature>
<Feature>
  <Name className="java.lang.String">language</Name>
  <Value className="java.lang.String">en</Value>
</Feature>
<Feature>
  <Name className="java.lang.String">kind</Name>
  <Value className="java.lang.String">word</Value>
</Feature>
<Feature>
  <Name className="java.lang.String">string</Name>
  <Value className="java.lang.String">C</Value>
</Feature>
</Annotation>
<Annotation Id="5122" Type="SpaceToken" StartNode="319" EndNode="320">
<Feature>
  <Name className="java.lang.String">length</Name>
  <Value className="java.lang.String">1</Value>
</Feature>
<Feature>
  <Name className="java.lang.String">kind</Name>
  <Value className="java.lang.String">space</Value>
</Feature>
<Feature>
  <Name className="java.lang.String">string</Name>
  <Value className="java.lang.String"> </Value>
</Feature>
</Annotation>
<Annotation Id="5125" Type="Token" StartNode="322" EndNode="323">
<Feature>
  <Name className="java.lang.String">majorType</Name>
  <Value className="java.lang.String">stop</Value>
</Feature>
<Feature>
  <Name className="java.lang.String">coreferences</Name>
  <Value className="java.util.ArrayList" itemClassName="java.lang.Integer">5133</Value>
</Feature>
<Feature>
  <Name className="java.lang.String">string</Name>
  <Value className="java.lang.String">6</Value>
</Feature>
<Feature>
  <Name className="java.lang.String">length</Name>
  <Value className="java.lang.String">1</Value>
</Feature>
<Feature>
  <Name className="java.lang.String">minorType</Name>
  <Value className="java.lang.String">lc</Value>
</Feature>
<Feature>
  <Name className="java.lang.String">language</Name>
  <Value className="java.lang.String">en</Value>
</Feature>
<Feature>
  <Name className="java.lang.String">kind</Name>
  <Value className="java.lang.String">number</Value>
</Feature>
</Annotation>
<Annotation Id="5124" Type="SpaceToken" StartNode="321" EndNode="322">
<Feature>
  <Name className="java.lang.String">length</Name>
  <Value className="java.lang.String">1</Value>
</Feature>
<Feature>
  <Name className="java.lang.String">kind</Name>
  <Value className="java.lang.String">space</Value>
</Feature>
<Feature>
  <Name className="java.lang.String">string</Name>
  <Value className="java.lang.String"> </Value>
</Feature>
</Annotation>
<Annotation Id="5127" Type="Token" StartNode="324" EndNode="325">
<Feature>
  <Name className="java.lang.String">length</Name>
  <Value className="java.lang.String">1</Value>
</Feature>
<Feature>
  <Name className="java.lang.String">majorType</Name>
  <Value className="java.lang.String">stop</Value>
</Feature>
<Feature>
  <Name className="java.lang.String">minorType</Name>
  <Value className="java.lang.String">lc</Value>
</Feature>
<Feature>
  <Name className="java.lang.String">orth</Name>
  <Value className="java.lang.String">upperInitial</Value>
</Feature>
<Feature>
  <Name className="java.lang.String">language</Name>
  <Value className="java.lang.String">en</Value>
</Feature>
<Feature>
  <Name className="java.lang.String">kind</Name>
  <Value className="java.lang.String">word</Value>
</Feature>
<Feature>
  <Name className="java.lang.String">string</Name>
  <Value className="java.lang.String">H</Value>
</Feature>
</Annotation>
<Annotation Id="5126" Type="SpaceToken" StartNode="323" EndNode="324">
<Feature>
  <Name className="java.lang.String">length</Name>
  <Value className="java.lang.String">1</Value>
</Feature>
<Feature>
  <Name className="java.lang.String">kind</Name>
  <Value className="java.lang.String">space</Value>
</Feature>
<Feature>
  <Name className="java.lang.String">string</Name>
  <Value className="java.lang.String"> </Value>
</Feature>
</Annotation>
<Annotation Id="5144" Type="SpaceToken" StartNode="344" EndNode="345">
<Feature>
  <Name className="java.lang.String">length</Name>
  <Value className="java.lang.String">1</Value>
</Feature>
<Feature>
  <Name className="java.lang.String">kind</Name>
  <Value className="java.lang.String">space</Value>
</Feature>
<Feature>
  <Name className="java.lang.String">string</Name>
  <Value className="java.lang.String"> </Value>
</Feature>
</Annotation>
<Annotation Id="5145" Type="Token" StartNode="345" EndNode="347">
<Feature>
  <Name className="java.lang.String">majorType</Name>
  <Value className="java.lang.String">stop</Value>
</Feature>
<Feature>
  <Name className="java.lang.String">orth</Name>
  <Value className="java.lang.String">upperInitial</Value>
</Feature>
<Feature>
  <Name className="java.lang.String">coreferences</Name>
  <Value className="java.util.ArrayList" itemClassName="java.lang.Integer">5202;5313;5350</Value>
</Feature>
<Feature>
  <Name className="java.lang.String">string</Name>
  <Value className="java.lang.String">It</Value>
</Feature>
<Feature>
  <Name className="java.lang.String">length</Name>
  <Value className="java.lang.String">2</Value>
</Feature>
<Feature>
  <Name className="java.lang.String">minorType</Name>
  <Value className="java.lang.String">lc</Value>
</Feature>
<Feature>
  <Name className="java.lang.String">language</Name>
  <Value className="java.lang.String">en</Value>
</Feature>
<Feature>
  <Name className="java.lang.String">kind</Name>
  <Value className="java.lang.String">word</Value>
</Feature>
</Annotation>
<Annotation Id="5146" Type="SpaceToken" StartNode="347" EndNode="348">
<Feature>
  <Name className="java.lang.String">length</Name>
  <Value className="java.lang.String">1</Value>
</Feature>
<Feature>
  <Name className="java.lang.String">kind</Name>
  <Value className="java.lang.String">space</Value>
</Feature>
<Feature>
  <Name className="java.lang.String">string</Name>
  <Value className="java.lang.String"> </Value>
</Feature>
</Annotation>
<Annotation Id="5147" Type="Token" StartNode="348" EndNode="350">
<Feature>
  <Name className="java.lang.String">length</Name>
  <Value className="java.lang.String">2</Value>
</Feature>
<Feature>
  <Name className="java.lang.String">majorType</Name>
  <Value className="java.lang.String">stop</Value>
</Feature>
<Feature>
  <Name className="java.lang.String">minorType</Name>
  <Value className="java.lang.String">lc</Value>
</Feature>
<Feature>
  <Name className="java.lang.String">orth</Name>
  <Value className="java.lang.String">lowercase</Value>
</Feature>
<Feature>
  <Name className="java.lang.String">language</Name>
  <Value className="java.lang.String">en</Value>
</Feature>
<Feature>
  <Name className="java.lang.String">kind</Name>
  <Value className="java.lang.String">word</Value>
</Feature>
<Feature>
  <Name className="java.lang.String">string</Name>
  <Value className="java.lang.String">is</Value>
</Feature>
</Annotation>
<Annotation Id="5148" Type="SpaceToken" StartNode="350" EndNode="351">
<Feature>
  <Name className="java.lang.String">length</Name>
  <Value className="java.lang.String">1</Value>
</Feature>
<Feature>
  <Name className="java.lang.String">kind</Name>
  <Value className="java.lang.String">space</Value>
</Feature>
<Feature>
  <Name className="java.lang.String">string</Name>
  <Value className="java.lang.String"> </Value>
</Feature>
</Annotation>
<Annotation Id="5149" Type="Token" StartNode="351" EndNode="352">
<Feature>
  <Name className="java.lang.String">length</Name>
  <Value className="java.lang.String">1</Value>
</Feature>
<Feature>
  <Name className="java.lang.String">majorType</Name>
  <Value className="java.lang.String">stop</Value>
</Feature>
<Feature>
  <Name className="java.lang.String">minorType</Name>
  <Value className="java.lang.String">lc</Value>
</Feature>
<Feature>
  <Name className="java.lang.String">orth</Name>
  <Value className="java.lang.String">lowercase</Value>
</Feature>
<Feature>
  <Name className="java.lang.String">language</Name>
  <Value className="java.lang.String">en</Value>
</Feature>
<Feature>
  <Name className="java.lang.String">kind</Name>
  <Value className="java.lang.String">word</Value>
</Feature>
<Feature>
  <Name className="java.lang.String">string</Name>
  <Value className="java.lang.String">a</Value>
</Feature>
</Annotation>
<Annotation Id="5150" Type="SpaceToken" StartNode="352" EndNode="353">
<Feature>
  <Name className="java.lang.String">length</Name>
  <Value className="java.lang.String">1</Value>
</Feature>
<Feature>
  <Name className="java.lang.String">kind</Name>
  <Value className="java.lang.String">space</Value>
</Feature>
<Feature>
  <Name className="java.lang.String">string</Name>
  <Value className="java.lang.String"> </Value>
</Feature>
</Annotation>
<Annotation Id="5151" Type="Token" StartNode="353" EndNode="356">
<Feature>
  <Name className="java.lang.String">length</Name>
  <Value className="java.lang.String">3</Value>
</Feature>
<Feature>
  <Name className="java.lang.String">orth</Name>
  <Value className="java.lang.String">lowercase</Value>
</Feature>
<Feature>
  <Name className="java.lang.String">kind</Name>
  <Value className="java.lang.String">word</Value>
</Feature>
<Feature>
  <Name className="java.lang.String">coreferences</Name>
  <Value className="java.util.ArrayList"></Value>
</Feature>
<Feature>
  <Name className="java.lang.String">string</Name>
  <Value className="java.lang.String">red</Value>
</Feature>
</Annotation>
<Annotation Id="5136" Type="SpaceToken" StartNode="335" EndNode="336">
<Feature>
  <Name className="java.lang.String">length</Name>
  <Value className="java.lang.String">1</Value>
</Feature>
<Feature>
  <Name className="java.lang.String">kind</Name>
  <Value className="java.lang.String">space</Value>
</Feature>
<Feature>
  <Name className="java.lang.String">string</Name>
  <Value className="java.lang.String"> </Value>
</Feature>
</Annotation>
<Annotation Id="5137" Type="Token" StartNode="336" EndNode="337">
<Feature>
  <Name className="java.lang.String">majorType</Name>
  <Value className="java.lang.String">stop</Value>
</Feature>
<Feature>
  <Name className="java.lang.String">coreferences</Name>
  <Value className="java.util.ArrayList" itemClassName="java.lang.Integer">5621</Value>
</Feature>
<Feature>
  <Name className="java.lang.String">string</Name>
  <Value className="java.lang.String">4</Value>
</Feature>
<Feature>
  <Name className="java.lang.String">length</Name>
  <Value className="java.lang.String">1</Value>
</Feature>
<Feature>
  <Name className="java.lang.String">minorType</Name>
  <Value className="java.lang.String">lc</Value>
</Feature>
<Feature>
  <Name className="java.lang.String">language</Name>
  <Value className="java.lang.String">en</Value>
</Feature>
<Feature>
  <Name className="java.lang.String">kind</Name>
  <Value className="java.lang.String">number</Value>
</Feature>
</Annotation>
<Annotation Id="5138" Type="SpaceToken" StartNode="337" EndNode="338">
<Feature>
  <Name className="java.lang.String">length</Name>
  <Value className="java.lang.String">1</Value>
</Feature>
<Feature>
  <Name className="java.lang.String">kind</Name>
  <Value className="java.lang.String">space</Value>
</Feature>
<Feature>
  <Name className="java.lang.String">string</Name>
  <Value className="java.lang.String"> </Value>
</Feature>
</Annotation>
<Annotation Id="5139" Type="Token" StartNode="338" EndNode="340">
<Feature>
  <Name className="java.lang.String">length</Name>
  <Value className="java.lang.String">2</Value>
</Feature>
<Feature>
  <Name className="java.lang.String">majorType</Name>
  <Value className="java.lang.String">stop</Value>
</Feature>
<Feature>
  <Name className="java.lang.String">minorType</Name>
  <Value className="java.lang.String">lc</Value>
</Feature>
<Feature>
  <Name className="java.lang.String">orth</Name>
  <Value className="java.lang.String">allCaps</Value>
</Feature>
<Feature>
  <Name className="java.lang.String">language</Name>
  <Value className="java.lang.String">en</Value>
</Feature>
<Feature>
  <Name className="java.lang.String">kind</Name>
  <Value className="java.lang.String">word</Value>
</Feature>
<Feature>
  <Name className="java.lang.String">string</Name>
  <Value className="java.lang.String">NO</Value>
</Feature>
</Annotation>
<Annotation Id="5140" Type="SpaceToken" StartNode="340" EndNode="341">
<Feature>
  <Name className="java.lang.String">length</Name>
  <Value className="java.lang.String">1</Value>
</Feature>
<Feature>
  <Name className="java.lang.String">kind</Name>
  <Value className="java.lang.String">space</Value>
</Feature>
<Feature>
  <Name className="java.lang.String">string</Name>
  <Value className="java.lang.String"> </Value>
</Feature>
</Annotation>
<Annotation Id="5141" Type="Token" StartNode="341" EndNode="342">
<Feature>
  <Name className="java.lang.String">length</Name>
  <Value className="java.lang.String">1</Value>
</Feature>
<Feature>
  <Name className="java.lang.String">majorType</Name>
  <Value className="java.lang.String">stop</Value>
</Feature>
<Feature>
  <Name className="java.lang.String">minorType</Name>
  <Value className="java.lang.String">lc</Value>
</Feature>
<Feature>
  <Name className="java.lang.String">language</Name>
  <Value className="java.lang.String">en</Value>
</Feature>
<Feature>
  <Name className="java.lang.String">kind</Name>
  <Value className="java.lang.String">number</Value>
</Feature>
<Feature>
  <Name className="java.lang.String">string</Name>
  <Value className="java.lang.String">2</Value>
</Feature>
</Annotation>
<Annotation Id="5142" Type="SpaceToken" StartNode="342" EndNode="343">
<Feature>
  <Name className="java.lang.String">length</Name>
  <Value className="java.lang.String">1</Value>
</Feature>
<Feature>
  <Name className="java.lang.String">kind</Name>
  <Value className="java.lang.String">space</Value>
</Feature>
<Feature>
  <Name className="java.lang.String">string</Name>
  <Value className="java.lang.String"> </Value>
</Feature>
</Annotation>
<Annotation Id="5143" Type="Token" StartNode="343" EndNode="344">
<Feature>
  <Name className="java.lang.String">length</Name>
  <Value className="java.lang.String">1</Value>
</Feature>
<Feature>
  <Name className="java.lang.String">kind</Name>
  <Value className="java.lang.String">punctuation</Value>
</Feature>
<Feature>
  <Name className="java.lang.String">string</Name>
  <Value className="java.lang.String">.</Value>
</Feature>
</Annotation>
<Annotation Id="5350" Type="Token" StartNode="886" EndNode="888">
<Feature>
  <Name className="java.lang.String">length</Name>
  <Value className="java.lang.String">2</Value>
</Feature>
<Feature>
  <Name className="java.lang.String">majorType</Name>
  <Value className="java.lang.String">stop</Value>
</Feature>
<Feature>
  <Name className="java.lang.String">minorType</Name>
  <Value className="java.lang.String">lc</Value>
</Feature>
<Feature>
  <Name className="java.lang.String">orth</Name>
  <Value className="java.lang.String">lowercase</Value>
</Feature>
<Feature>
  <Name className="java.lang.String">language</Name>
  <Value className="java.lang.String">en</Value>
</Feature>
<Feature>
  <Name className="java.lang.String">kind</Name>
  <Value className="java.lang.String">word</Value>
</Feature>
<Feature>
  <Name className="java.lang.String">string</Name>
  <Value className="java.lang.String">it</Value>
</Feature>
</Annotation>
<Annotation Id="5351" Type="SpaceToken" StartNode="888" EndNode="889">
<Feature>
  <Name className="java.lang.String">length</Name>
  <Value className="java.lang.String">1</Value>
</Feature>
<Feature>
  <Name className="java.lang.String">kind</Name>
  <Value className="java.lang.String">space</Value>
</Feature>
<Feature>
  <Name className="java.lang.String">string</Name>
  <Value className="java.lang.String"> </Value>
</Feature>
</Annotation>
<Annotation Id="5348" Type="Token" StartNode="884" EndNode="885">
<Feature>
  <Name className="java.lang.String">length</Name>
  <Value className="java.lang.String">1</Value>
</Feature>
<Feature>
  <Name className="java.lang.String">kind</Name>
  <Value className="java.lang.String">punctuation</Value>
</Feature>
<Feature>
  <Name className="java.lang.String">string</Name>
  <Value className="java.lang.String">,</Value>
</Feature>
</Annotation>
<Annotation Id="5349" Type="SpaceToken" StartNode="885" EndNode="886">
<Feature>
  <Name className="java.lang.String">length</Name>
  <Value className="java.lang.String">1</Value>
</Feature>
<Feature>
  <Name className="java.lang.String">kind</Name>
  <Value className="java.lang.String">space</Value>
</Feature>
<Feature>
  <Name className="java.lang.String">string</Name>
  <Value className="java.lang.String"> </Value>
</Feature>
</Annotation>
<Annotation Id="5346" Type="SpaceToken" StartNode="873" EndNode="874">
<Feature>
  <Name className="java.lang.String">length</Name>
  <Value className="java.lang.String">1</Value>
</Feature>
<Feature>
  <Name className="java.lang.String">kind</Name>
  <Value className="java.lang.String">space</Value>
</Feature>
<Feature>
  <Name className="java.lang.String">string</Name>
  <Value className="java.lang.String"> </Value>
</Feature>
</Annotation>
<Annotation Id="5347" Type="Token" StartNode="874" EndNode="884">
<Feature>
  <Name className="java.lang.String">length</Name>
  <Value className="java.lang.String">10</Value>
</Feature>
<Feature>
  <Name className="java.lang.String">orth</Name>
  <Value className="java.lang.String">lowercase</Value>
</Feature>
<Feature>
  <Name className="java.lang.String">kind</Name>
  <Value className="java.lang.String">word</Value>
</Feature>
<Feature>
  <Name className="java.lang.String">string</Name>
  <Value className="java.lang.String">explosives</Value>
</Feature>
</Annotation>
<Annotation Id="5344" Type="SpaceToken" StartNode="868" EndNode="869">
<Feature>
  <Name className="java.lang.String">length</Name>
  <Value className="java.lang.String">1</Value>
</Feature>
<Feature>
  <Name className="java.lang.String">kind</Name>
  <Value className="java.lang.String">space</Value>
</Feature>
<Feature>
  <Name className="java.lang.String">string</Name>
  <Value className="java.lang.String"> </Value>
</Feature>
</Annotation>
<Annotation Id="5345" Type="Token" StartNode="869" EndNode="873">
<Feature>
  <Name className="java.lang.String">length</Name>
  <Value className="java.lang.String">4</Value>
</Feature>
<Feature>
  <Name className="java.lang.String">orth</Name>
  <Value className="java.lang.String">lowercase</Value>
</Feature>
<Feature>
  <Name className="java.lang.String">kind</Name>
  <Value className="java.lang.String">word</Value>
</Feature>
<Feature>
  <Name className="java.lang.String">string</Name>
  <Value className="java.lang.String">some</Value>
</Feature>
</Annotation>
<Annotation Id="5358" Type="Token" StartNode="900" EndNode="907">
<Feature>
  <Name className="java.lang.String">length</Name>
  <Value className="java.lang.String">7</Value>
</Feature>
<Feature>
  <Name className="java.lang.String">orth</Name>
  <Value className="java.lang.String">lowercase</Value>
</Feature>
<Feature>
  <Name className="java.lang.String">kind</Name>
  <Value className="java.lang.String">word</Value>
</Feature>
<Feature>
  <Name className="java.lang.String">coreferences</Name>
  <Value className="java.util.ArrayList" itemClassName="java.lang.Integer">5379</Value>
</Feature>
<Feature>
  <Name className="java.lang.String">string</Name>
  <Value className="java.lang.String">control</Value>
</Feature>
</Annotation>
<Annotation Id="5359" Type="SpaceToken" StartNode="907" EndNode="908">
<Feature>
  <Name className="java.lang.String">length</Name>
  <Value className="java.lang.String">1</Value>
</Feature>
<Feature>
  <Name className="java.lang.String">kind</Name>
  <Value className="java.lang.String">space</Value>
</Feature>
<Feature>
  <Name className="java.lang.String">string</Name>
  <Value className="java.lang.String"> </Value>
</Feature>
</Annotation>
<Annotation Id="5356" Type="Token" StartNode="897" EndNode="899">
<Feature>
  <Name className="java.lang.String">majorType</Name>
  <Value className="java.lang.String">stop</Value>
</Feature>
<Feature>
  <Name className="java.lang.String">orth</Name>
  <Value className="java.lang.String">lowercase</Value>
</Feature>
<Feature>
  <Name className="java.lang.String">coreferences</Name>
  <Value className="java.util.ArrayList" itemClassName="java.lang.Integer">5377;5413;5591</Value>
</Feature>
<Feature>
  <Name className="java.lang.String">string</Name>
  <Value className="java.lang.String">to</Value>
</Feature>
<Feature>
  <Name className="java.lang.String">length</Name>
  <Value className="java.lang.String">2</Value>
</Feature>
<Feature>
  <Name className="java.lang.String">minorType</Name>
  <Value className="java.lang.String">lc</Value>
</Feature>
<Feature>
  <Name className="java.lang.String">language</Name>
  <Value className="java.lang.String">en</Value>
</Feature>
<Feature>
  <Name className="java.lang.String">kind</Name>
  <Value className="java.lang.String">word</Value>
</Feature>
</Annotation>
<Annotation Id="5357" Type="SpaceToken" StartNode="899" EndNode="900">
<Feature>
  <Name className="java.lang.String">length</Name>
  <Value className="java.lang.String">1</Value>
</Feature>
<Feature>
  <Name className="java.lang.String">kind</Name>
  <Value className="java.lang.String">space</Value>
</Feature>
<Feature>
  <Name className="java.lang.String">string</Name>
  <Value className="java.lang.String"> </Value>
</Feature>
</Annotation>
<Annotation Id="5354" Type="Token" StartNode="892" EndNode="896">
<Feature>
  <Name className="java.lang.String">length</Name>
  <Value className="java.lang.String">4</Value>
</Feature>
<Feature>
  <Name className="java.lang.String">orth</Name>
  <Value className="java.lang.String">lowercase</Value>
</Feature>
<Feature>
  <Name className="java.lang.String">kind</Name>
  <Value className="java.lang.String">word</Value>
</Feature>
<Feature>
  <Name className="java.lang.String">string</Name>
  <Value className="java.lang.String">used</Value>
</Feature>
</Annotation>
<Annotation Id="5355" Type="SpaceToken" StartNode="896" EndNode="897">
<Feature>
  <Name className="java.lang.String">length</Name>
  <Value className="java.lang.String">1</Value>
</Feature>
<Feature>
  <Name className="java.lang.String">kind</Name>
  <Value className="java.lang.String">space</Value>
</Feature>
<Feature>
  <Name className="java.lang.String">string</Name>
  <Value className="java.lang.String"> </Value>
</Feature>
</Annotation>
<Annotation Id="5352" Type="Token" StartNode="889" EndNode="891">
<Feature>
  <Name className="java.lang.String">length</Name>
  <Value className="java.lang.String">2</Value>
</Feature>
<Feature>
  <Name className="java.lang.String">majorType</Name>
  <Value className="java.lang.String">stop</Value>
</Feature>
<Feature>
  <Name className="java.lang.String">minorType</Name>
  <Value className="java.lang.String">lc</Value>
</Feature>
<Feature>
  <Name className="java.lang.String">orth</Name>
  <Value className="java.lang.String">lowercase</Value>
</Feature>
<Feature>
  <Name className="java.lang.String">language</Name>
  <Value className="java.lang.String">en</Value>
</Feature>
<Feature>
  <Name className="java.lang.String">kind</Name>
  <Value className="java.lang.String">word</Value>
</Feature>
<Feature>
  <Name className="java.lang.String">string</Name>
  <Value className="java.lang.String">is</Value>
</Feature>
</Annotation>
<Annotation Id="5353" Type="SpaceToken" StartNode="891" EndNode="892">
<Feature>
  <Name className="java.lang.String">length</Name>
  <Value className="java.lang.String">1</Value>
</Feature>
<Feature>
  <Name className="java.lang.String">kind</Name>
  <Value className="java.lang.String">space</Value>
</Feature>
<Feature>
  <Name className="java.lang.String">string</Name>
  <Value className="java.lang.String"> </Value>
</Feature>
</Annotation>
<Annotation Id="5367" Type="Token" StartNode="927" EndNode="929">
<Feature>
  <Name className="java.lang.String">length</Name>
  <Value className="java.lang.String">2</Value>
</Feature>
<Feature>
  <Name className="java.lang.String">majorType</Name>
  <Value className="java.lang.String">stop</Value>
</Feature>
<Feature>
  <Name className="java.lang.String">minorType</Name>
  <Value className="java.lang.String">lc</Value>
</Feature>
<Feature>
  <Name className="java.lang.String">orth</Name>
  <Value className="java.lang.String">lowercase</Value>
</Feature>
<Feature>
  <Name className="java.lang.String">language</Name>
  <Value className="java.lang.String">en</Value>
</Feature>
<Feature>
  <Name className="java.lang.String">kind</Name>
  <Value className="java.lang.String">word</Value>
</Feature>
<Feature>
  <Name className="java.lang.String">string</Name>
  <Value className="java.lang.String">of</Value>
</Feature>
</Annotation>
<Annotation Id="5366" Type="SpaceToken" StartNode="926" EndNode="927">
<Feature>
  <Name className="java.lang.String">length</Name>
  <Value className="java.lang.String">1</Value>
</Feature>
<Feature>
  <Name className="java.lang.String">kind</Name>
  <Value className="java.lang.String">space</Value>
</Feature>
<Feature>
  <Name className="java.lang.String">string</Name>
  <Value className="java.lang.String"> </Value>
</Feature>
</Annotation>
<Annotation Id="5365" Type="Token" StartNode="923" EndNode="926">
<Feature>
  <Name className="java.lang.String">length</Name>
  <Value className="java.lang.String">3</Value>
</Feature>
<Feature>
  <Name className="java.lang.String">orth</Name>
  <Value className="java.lang.String">upperInitial</Value>
</Feature>
<Feature>
  <Name className="java.lang.String">kind</Name>
  <Value className="java.lang.String">word</Value>
</Feature>
<Feature>
  <Name className="java.lang.String">coreferences</Name>
  <Value className="java.util.ArrayList"></Value>
</Feature>
<Feature>
  <Name className="java.lang.String">string</Name>
  <Value className="java.lang.String">One</Value>
</Feature>
</Annotation>
<Annotation Id="5364" Type="SpaceToken" StartNode="922" EndNode="923">
<Feature>
  <Name className="java.lang.String">length</Name>
  <Value className="java.lang.String">1</Value>
</Feature>
<Feature>
  <Name className="java.lang.String">kind</Name>
  <Value className="java.lang.String">space</Value>
</Feature>
<Feature>
  <Name className="java.lang.String">string</Name>
  <Value className="java.lang.String"> </Value>
</Feature>
</Annotation>
<Annotation Id="5363" Type="Token" StartNode="921" EndNode="922">
<Feature>
  <Name className="java.lang.String">length</Name>
  <Value className="java.lang.String">1</Value>
</Feature>
<Feature>
  <Name className="java.lang.String">kind</Name>
  <Value className="java.lang.String">punctuation</Value>
</Feature>
<Feature>
  <Name className="java.lang.String">string</Name>
  <Value className="java.lang.String">.</Value>
</Feature>
</Annotation>
<Annotation Id="5362" Type="Token" StartNode="912" EndNode="921">
<Feature>
  <Name className="java.lang.String">length</Name>
  <Value className="java.lang.String">9</Value>
</Feature>
<Feature>
  <Name className="java.lang.String">orth</Name>
  <Value className="java.lang.String">lowercase</Value>
</Feature>
<Feature>
  <Name className="java.lang.String">kind</Name>
  <Value className="java.lang.String">word</Value>
</Feature>
<Feature>
  <Name className="java.lang.String">coreferences</Name>
  <Value className="java.util.ArrayList" itemClassName="java.lang.Integer">5383</Value>
</Feature>
<Feature>
  <Name className="java.lang.String">string</Name>
  <Value className="java.lang.String">explosion</Value>
</Feature>
</Annotation>
<Annotation Id="5361" Type="SpaceToken" StartNode="911" EndNode="912">
<Feature>
  <Name className="java.lang.String">length</Name>
  <Value className="java.lang.String">1</Value>
</Feature>
<Feature>
  <Name className="java.lang.String">kind</Name>
  <Value className="java.lang.String">space</Value>
</Feature>
<Feature>
  <Name className="java.lang.String">string</Name>
  <Value className="java.lang.String"> </Value>
</Feature>
</Annotation>
<Annotation Id="5360" Type="Token" StartNode="908" EndNode="911">
<Feature>
  <Name className="java.lang.String">majorType</Name>
  <Value className="java.lang.String">stop</Value>
</Feature>
<Feature>
  <Name className="java.lang.String">orth</Name>
  <Value className="java.lang.String">lowercase</Value>
</Feature>
<Feature>
  <Name className="java.lang.String">coreferences</Name>
  <Value className="java.util.ArrayList" itemClassName="java.lang.Integer">5381;5417;5474;5490;5501;5507;5552;5577;5583;5597</Value>
</Feature>
<Feature>
  <Name className="java.lang.String">string</Name>
  <Value className="java.lang.String">the</Value>
</Feature>
<Feature>
  <Name className="java.lang.String">length</Name>
  <Value className="java.lang.String">3</Value>
</Feature>
<Feature>
  <Name className="java.lang.String">minorType</Name>
  <Value className="java.lang.String">lc</Value>
</Feature>
<Feature>
  <Name className="java.lang.String">language</Name>
  <Value className="java.lang.String">en</Value>
</Feature>
<Feature>
  <Name className="java.lang.String">kind</Name>
  <Value className="java.lang.String">word</Value>
</Feature>
</Annotation>
<Annotation Id="5375" Type="Token" StartNode="945" EndNode="947">
<Feature>
  <Name className="java.lang.String">length</Name>
  <Value className="java.lang.String">2</Value>
</Feature>
<Feature>
  <Name className="java.lang.String">majorType</Name>
  <Value className="java.lang.String">stop</Value>
</Feature>
<Feature>
  <Name className="java.lang.String">minorType</Name>
  <Value className="java.lang.String">lc</Value>
</Feature>
<Feature>
  <Name className="java.lang.String">orth</Name>
  <Value className="java.lang.String">lowercase</Value>
</Feature>
<Feature>
  <Name className="java.lang.String">language</Name>
  <Value className="java.lang.String">en</Value>
</Feature>
<Feature>
  <Name className="java.lang.String">kind</Name>
  <Value className="java.lang.String">word</Value>
</Feature>
<Feature>
  <Name className="java.lang.String">string</Name>
  <Value className="java.lang.String">is</Value>
</Feature>
</Annotation>
<Annotation Id="5374" Type="SpaceToken" StartNode="944" EndNode="945">
<Feature>
  <Name className="java.lang.String">length</Name>
  <Value className="java.lang.String">1</Value>
</Feature>
<Feature>
  <Name className="java.lang.String">kind</Name>
  <Value className="java.lang.String">space</Value>
</Feature>
<Feature>
  <Name className="java.lang.String">string</Name>
  <Value className="java.lang.String"> </Value>
</Feature>
</Annotation>
<Annotation Id="5373" Type="Token" StartNode="940" EndNode="944">
<Feature>
  <Name className="java.lang.String">length</Name>
  <Value className="java.lang.String">4</Value>
</Feature>
<Feature>
  <Name className="java.lang.String">orth</Name>
  <Value className="java.lang.String">lowercase</Value>
</Feature>
<Feature>
  <Name className="java.lang.String">kind</Name>
  <Value className="java.lang.String">word</Value>
</Feature>
<Feature>
  <Name className="java.lang.String">coreferences</Name>
  <Value className="java.util.ArrayList"></Value>
</Feature>
<Feature>
  <Name className="java.lang.String">string</Name>
  <Value className="java.lang.String">uses</Value>
</Feature>
</Annotation>
<Annotation Id="5372" Type="SpaceToken" StartNode="939" EndNode="940">
<Feature>
  <Name className="java.lang.String">length</Name>
  <Value className="java.lang.String">1</Value>
</Feature>
<Feature>
  <Name className="java.lang.String">kind</Name>
  <Value className="java.lang.String">space</Value>
</Feature>
<Feature>
  <Name className="java.lang.String">string</Name>
  <Value className="java.lang.String"> </Value>
</Feature>
</Annotation>
<Annotation Id="5371" Type="Token" StartNode="934" EndNode="939">
<Feature>
  <Name className="java.lang.String">length</Name>
  <Value className="java.lang.String">5</Value>
</Feature>
<Feature>
  <Name className="java.lang.String">orth</Name>
  <Value className="java.lang.String">lowercase</Value>
</Feature>
<Feature>
  <Name className="java.lang.String">kind</Name>
  <Value className="java.lang.String">word</Value>
</Feature>
<Feature>
  <Name className="java.lang.String">coreferences</Name>
  <Value className="java.util.ArrayList" itemClassName="java.lang.Integer">5407</Value>
</Feature>
<Feature>
  <Name className="java.lang.String">string</Name>
  <Value className="java.lang.String">major</Value>
</Feature>
</Annotation>
<Annotation Id="5370" Type="SpaceToken" StartNode="933" EndNode="934">
<Feature>
  <Name className="java.lang.String">length</Name>
  <Value className="java.lang.String">1</Value>
</Feature>
<Feature>
  <Name className="java.lang.String">kind</Name>
  <Value className="java.lang.String">space</Value>
</Feature>
<Feature>
  <Name className="java.lang.String">string</Name>
  <Value className="java.lang.String"> </Value>
</Feature>
</Annotation>
<Annotation Id="5369" Type="Token" StartNode="930" EndNode="933">
<Feature>
  <Name className="java.lang.String">length</Name>
  <Value className="java.lang.String">3</Value>
</Feature>
<Feature>
  <Name className="java.lang.String">majorType</Name>
  <Value className="java.lang.String">stop</Value>
</Feature>
<Feature>
  <Name className="java.lang.String">minorType</Name>
  <Value className="java.lang.String">lc</Value>
</Feature>
<Feature>
  <Name className="java.lang.String">orth</Name>
  <Value className="java.lang.String">lowercase</Value>
</Feature>
<Feature>
  <Name className="java.lang.String">language</Name>
  <Value className="java.lang.String">en</Value>
</Feature>
<Feature>
  <Name className="java.lang.String">kind</Name>
  <Value className="java.lang.String">word</Value>
</Feature>
<Feature>
  <Name className="java.lang.String">string</Name>
  <Value className="java.lang.String">its</Value>
</Feature>
</Annotation>
<Annotation Id="5368" Type="SpaceToken" StartNode="929" EndNode="930">
<Feature>
  <Name className="java.lang.String">length</Name>
  <Value className="java.lang.String">1</Value>
</Feature>
<Feature>
  <Name className="java.lang.String">kind</Name>
  <Value className="java.lang.String">space</Value>
</Feature>
<Feature>
  <Name className="java.lang.String">string</Name>
  <Value className="java.lang.String"> </Value>
</Feature>
</Annotation>
<Annotation Id="5316" Type="SpaceToken" StartNode="791" EndNode="792">
<Feature>
  <Name className="java.lang.String">length</Name>
  <Value className="java.lang.String">1</Value>
</Feature>
<Feature>
  <Name className="java.lang.String">kind</Name>
  <Value className="java.lang.String">space</Value>
</Feature>
<Feature>
  <Name className="java.lang.String">string</Name>
  <Value className="java.lang.String"> </Value>
</Feature>
</Annotation>
<Annotation Id="5317" Type="Token" StartNode="792" EndNode="796">
<Feature>
  <Name className="java.lang.String">length</Name>
  <Value className="java.lang.String">4</Value>
</Feature>
<Feature>
  <Name className="java.lang.String">orth</Name>
  <Value className="java.lang.String">lowercase</Value>
</Feature>
<Feature>
  <Name className="java.lang.String">kind</Name>
  <Value className="java.lang.String">word</Value>
</Feature>
<Feature>
  <Name className="java.lang.String">string</Name>
  <Value className="java.lang.String">also</Value>
</Feature>
</Annotation>
<Annotation Id="5318" Type="SpaceToken" StartNode="796" EndNode="797">
<Feature>
  <Name className="java.lang.String">length</Name>
  <Value className="java.lang.String">1</Value>
</Feature>
<Feature>
  <Name className="java.lang.String">kind</Name>
  <Value className="java.lang.String">space</Value>
</Feature>
<Feature>
  <Name className="java.lang.String">string</Name>
  <Value className="java.lang.String"> </Value>
</Feature>
</Annotation>
<Annotation Id="5319" Type="Token" StartNode="797" EndNode="799">
<Feature>
  <Name className="java.lang.String">length</Name>
  <Value className="java.lang.String">2</Value>
</Feature>
<Feature>
  <Name className="java.lang.String">majorType</Name>
  <Value className="java.lang.String">stop</Value>
</Feature>
<Feature>
  <Name className="java.lang.String">minorType</Name>
  <Value className="java.lang.String">lc</Value>
</Feature>
<Feature>
  <Name className="java.lang.String">orth</Name>
  <Value className="java.lang.String">lowercase</Value>
</Feature>
<Feature>
  <Name className="java.lang.String">language</Name>
  <Value className="java.lang.String">en</Value>
</Feature>
<Feature>
  <Name className="java.lang.String">kind</Name>
  <Value className="java.lang.String">word</Value>
</Feature>
<Feature>
  <Name className="java.lang.String">string</Name>
  <Value className="java.lang.String">an</Value>
</Feature>
</Annotation>
<Annotation Id="5312" Type="SpaceToken" StartNode="785" EndNode="786">
<Feature>
  <Name className="java.lang.String">length</Name>
  <Value className="java.lang.String">1</Value>
</Feature>
<Feature>
  <Name className="java.lang.String">kind</Name>
  <Value className="java.lang.String">space</Value>
</Feature>
<Feature>
  <Name className="java.lang.String">string</Name>
  <Value className="java.lang.String"> </Value>
</Feature>
</Annotation>
<Annotation Id="5313" Type="Token" StartNode="786" EndNode="788">
<Feature>
  <Name className="java.lang.String">length</Name>
  <Value className="java.lang.String">2</Value>
</Feature>
<Feature>
  <Name className="java.lang.String">majorType</Name>
  <Value className="java.lang.String">stop</Value>
</Feature>
<Feature>
  <Name className="java.lang.String">minorType</Name>
  <Value className="java.lang.String">lc</Value>
</Feature>
<Feature>
  <Name className="java.lang.String">orth</Name>
  <Value className="java.lang.String">upperInitial</Value>
</Feature>
<Feature>
  <Name className="java.lang.String">language</Name>
  <Value className="java.lang.String">en</Value>
</Feature>
<Feature>
  <Name className="java.lang.String">kind</Name>
  <Value className="java.lang.String">word</Value>
</Feature>
<Feature>
  <Name className="java.lang.String">string</Name>
  <Value className="java.lang.String">It</Value>
</Feature>
</Annotation>
<Annotation Id="5314" Type="SpaceToken" StartNode="788" EndNode="789">
<Feature>
  <Name className="java.lang.String">length</Name>
  <Value className="java.lang.String">1</Value>
</Feature>
<Feature>
  <Name className="java.lang.String">kind</Name>
  <Value className="java.lang.String">space</Value>
</Feature>
<Feature>
  <Name className="java.lang.String">string</Name>
  <Value className="java.lang.String"> </Value>
</Feature>
</Annotation>
<Annotation Id="5315" Type="Token" StartNode="789" EndNode="791">
<Feature>
  <Name className="java.lang.String">length</Name>
  <Value className="java.lang.String">2</Value>
</Feature>
<Feature>
  <Name className="java.lang.String">majorType</Name>
  <Value className="java.lang.String">stop</Value>
</Feature>
<Feature>
  <Name className="java.lang.String">minorType</Name>
  <Value className="java.lang.String">lc</Value>
</Feature>
<Feature>
  <Name className="java.lang.String">orth</Name>
  <Value className="java.lang.String">lowercase</Value>
</Feature>
<Feature>
  <Name className="java.lang.String">language</Name>
  <Value className="java.lang.String">en</Value>
</Feature>
<Feature>
  <Name className="java.lang.String">kind</Name>
  <Value className="java.lang.String">word</Value>
</Feature>
<Feature>
  <Name className="java.lang.String">string</Name>
  <Value className="java.lang.String">is</Value>
</Feature>
</Annotation>
<Annotation Id="5324" Type="SpaceToken" StartNode="816" EndNode="817">
<Feature>
  <Name className="java.lang.String">length</Name>
  <Value className="java.lang.String">1</Value>
</Feature>
<Feature>
  <Name className="java.lang.String">kind</Name>
  <Value className="java.lang.String">space</Value>
</Feature>
<Feature>
  <Name className="java.lang.String">string</Name>
  <Value className="java.lang.String"> </Value>
</Feature>
</Annotation>
<Annotation Id="5325" Type="Token" StartNode="817" EndNode="824">
<Feature>
  <Name className="java.lang.String">length</Name>
  <Value className="java.lang.String">7</Value>
</Feature>
<Feature>
  <Name className="java.lang.String">orth</Name>
  <Value className="java.lang.String">lowercase</Value>
</Feature>
<Feature>
  <Name className="java.lang.String">kind</Name>
  <Value className="java.lang.String">word</Value>
</Feature>
<Feature>
  <Name className="java.lang.String">string</Name>
  <Value className="java.lang.String">organic</Value>
</Feature>
</Annotation>
<Annotation Id="5326" Type="SpaceToken" StartNode="824" EndNode="825">
<Feature>
  <Name className="java.lang.String">length</Name>
  <Value className="java.lang.String">1</Value>
</Feature>
<Feature>
  <Name className="java.lang.String">kind</Name>
  <Value className="java.lang.String">space</Value>
</Feature>
<Feature>
  <Name className="java.lang.String">string</Name>
  <Value className="java.lang.String"> </Value>
</Feature>
</Annotation>
<Annotation Id="5327" Type="Token" StartNode="825" EndNode="834">
<Feature>
  <Name className="java.lang.String">length</Name>
  <Value className="java.lang.String">9</Value>
</Feature>
<Feature>
  <Name className="java.lang.String">orth</Name>
  <Value className="java.lang.String">lowercase</Value>
</Feature>
<Feature>
  <Name className="java.lang.String">kind</Name>
  <Value className="java.lang.String">word</Value>
</Feature>
<Feature>
  <Name className="java.lang.String">coreferences</Name>
  <Value className="java.util.ArrayList"></Value>
</Feature>
<Feature>
  <Name className="java.lang.String">string</Name>
  <Value className="java.lang.String">synthesis</Value>
</Feature>
</Annotation>
<Annotation Id="5320" Type="SpaceToken" StartNode="799" EndNode="800">
<Feature>
  <Name className="java.lang.String">length</Name>
  <Value className="java.lang.String">1</Value>
</Feature>
<Feature>
  <Name className="java.lang.String">kind</Name>
  <Value className="java.lang.String">space</Value>
</Feature>
<Feature>
  <Name className="java.lang.String">string</Name>
  <Value className="java.lang.String"> </Value>
</Feature>
</Annotation>
<Annotation Id="5321" Type="Token" StartNode="800" EndNode="812">
<Feature>
  <Name className="java.lang.String">length</Name>
  <Value className="java.lang.String">12</Value>
</Feature>
<Feature>
  <Name className="java.lang.String">orth</Name>
  <Value className="java.lang.String">lowercase</Value>
</Feature>
<Feature>
  <Name className="java.lang.String">kind</Name>
  <Value className="java.lang.String">word</Value>
</Feature>
<Feature>
  <Name className="java.lang.String">coreferences</Name>
  <Value className="java.util.ArrayList"></Value>
</Feature>
<Feature>
  <Name className="java.lang.String">string</Name>
  <Value className="java.lang.String">intermediate</Value>
</Feature>
</Annotation>
<Annotation Id="5322" Type="SpaceToken" StartNode="812" EndNode="813">
<Feature>
  <Name className="java.lang.String">length</Name>
  <Value className="java.lang.String">1</Value>
</Feature>
<Feature>
  <Name className="java.lang.String">kind</Name>
  <Value className="java.lang.String">space</Value>
</Feature>
<Feature>
  <Name className="java.lang.String">string</Name>
  <Value className="java.lang.String"> </Value>
</Feature>
</Annotation>
<Annotation Id="5323" Type="Token" StartNode="813" EndNode="816">
<Feature>
  <Name className="java.lang.String">length</Name>
  <Value className="java.lang.String">3</Value>
</Feature>
<Feature>
  <Name className="java.lang.String">majorType</Name>
  <Value className="java.lang.String">stop</Value>
</Feature>
<Feature>
  <Name className="java.lang.String">minorType</Name>
  <Value className="java.lang.String">lc</Value>
</Feature>
<Feature>
  <Name className="java.lang.String">orth</Name>
  <Value className="java.lang.String">lowercase</Value>
</Feature>
<Feature>
  <Name className="java.lang.String">language</Name>
  <Value className="java.lang.String">en</Value>
</Feature>
<Feature>
  <Name className="java.lang.String">kind</Name>
  <Value className="java.lang.String">word</Value>
</Feature>
<Feature>
  <Name className="java.lang.String">string</Name>
  <Value className="java.lang.String">for</Value>
</Feature>
</Annotation>
<Annotation Id="5333" Type="SpaceToken" StartNode="841" EndNode="842">
<Feature>
  <Name className="java.lang.String">length</Name>
  <Value className="java.lang.String">1</Value>
</Feature>
<Feature>
  <Name className="java.lang.String">kind</Name>
  <Value className="java.lang.String">space</Value>
</Feature>
<Feature>
  <Name className="java.lang.String">string</Name>
  <Value className="java.lang.String"> </Value>
</Feature>
</Annotation>
<Annotation Id="5332" Type="Token" StartNode="840" EndNode="841">
<Feature>
  <Name className="java.lang.String">length</Name>
  <Value className="java.lang.String">1</Value>
</Feature>
<Feature>
  <Name className="java.lang.String">majorType</Name>
  <Value className="java.lang.String">stop</Value>
</Feature>
<Feature>
  <Name className="java.lang.String">minorType</Name>
  <Value className="java.lang.String">lc</Value>
</Feature>
<Feature>
  <Name className="java.lang.String">orth</Name>
  <Value className="java.lang.String">lowercase</Value>
</Feature>
<Feature>
  <Name className="java.lang.String">language</Name>
  <Value className="java.lang.String">en</Value>
</Feature>
<Feature>
  <Name className="java.lang.String">kind</Name>
  <Value className="java.lang.String">word</Value>
</Feature>
<Feature>
  <Name className="java.lang.String">string</Name>
  <Value className="java.lang.String">a</Value>
</Feature>
</Annotation>
<Annotation Id="5335" Type="SpaceToken" StartNode="850" EndNode="851">
<Feature>
  <Name className="java.lang.String">length</Name>
  <Value className="java.lang.String">1</Value>
</Feature>
<Feature>
  <Name className="java.lang.String">kind</Name>
  <Value className="java.lang.String">space</Value>
</Feature>
<Feature>
  <Name className="java.lang.String">string</Name>
  <Value className="java.lang.String"> </Value>
</Feature>
</Annotation>
<Annotation Id="5334" Type="Token" StartNode="842" EndNode="850">
<Feature>
  <Name className="java.lang.String">length</Name>
  <Value className="java.lang.String">8</Value>
</Feature>
<Feature>
  <Name className="java.lang.String">orth</Name>
  <Value className="java.lang.String">lowercase</Value>
</Feature>
<Feature>
  <Name className="java.lang.String">kind</Name>
  <Value className="java.lang.String">word</Value>
</Feature>
<Feature>
  <Name className="java.lang.String">coreferences</Name>
  <Value className="java.util.ArrayList"></Value>
</Feature>
<Feature>
  <Name className="java.lang.String">string</Name>
  <Value className="java.lang.String">civilian</Value>
</Feature>
</Annotation>
<Annotation Id="5329" Type="SpaceToken" StartNode="835" EndNode="836">
<Feature>
  <Name className="java.lang.String">length</Name>
  <Value className="java.lang.String">1</Value>
</Feature>
<Feature>
  <Name className="java.lang.String">kind</Name>
  <Value className="java.lang.String">space</Value>
</Feature>
<Feature>
  <Name className="java.lang.String">string</Name>
  <Value className="java.lang.String"> </Value>
</Feature>
</Annotation>
<Annotation Id="5328" Type="Token" StartNode="834" EndNode="835">
<Feature>
  <Name className="java.lang.String">length</Name>
  <Value className="java.lang.String">1</Value>
</Feature>
<Feature>
  <Name className="java.lang.String">kind</Name>
  <Value className="java.lang.String">punctuation</Value>
</Feature>
<Feature>
  <Name className="java.lang.String">string</Name>
  <Value className="java.lang.String">,</Value>
</Feature>
</Annotation>
<Annotation Id="5331" Type="SpaceToken" StartNode="839" EndNode="840">
<Feature>
  <Name className="java.lang.String">length</Name>
  <Value className="java.lang.String">1</Value>
</Feature>
<Feature>
  <Name className="java.lang.String">kind</Name>
  <Value className="java.lang.String">space</Value>
</Feature>
<Feature>
  <Name className="java.lang.String">string</Name>
  <Value className="java.lang.String"> </Value>
</Feature>
</Annotation>
<Annotation Id="5330" Type="Token" StartNode="836" EndNode="839">
<Feature>
  <Name className="java.lang.String">length</Name>
  <Value className="java.lang.String">3</Value>
</Feature>
<Feature>
  <Name className="java.lang.String">majorType</Name>
  <Value className="java.lang.String">stop</Value>
</Feature>
<Feature>
  <Name className="java.lang.String">minorType</Name>
  <Value className="java.lang.String">lc</Value>
</Feature>
<Feature>
  <Name className="java.lang.String">orth</Name>
  <Value className="java.lang.String">lowercase</Value>
</Feature>
<Feature>
  <Name className="java.lang.String">language</Name>
  <Value className="java.lang.String">en</Value>
</Feature>
<Feature>
  <Name className="java.lang.String">kind</Name>
  <Value className="java.lang.String">word</Value>
</Feature>
<Feature>
  <Name className="java.lang.String">string</Name>
  <Value className="java.lang.String">and</Value>
</Feature>
</Annotation>
<Annotation Id="5341" Type="SpaceToken" StartNode="864" EndNode="865">
<Feature>
  <Name className="java.lang.String">length</Name>
  <Value className="java.lang.String">1</Value>
</Feature>
<Feature>
  <Name className="java.lang.String">kind</Name>
  <Value className="java.lang.String">control</Value>
</Feature>
<Feature>
  <Name className="java.lang.String">string</Name>
  <Value className="java.lang.String">
</Value>
</Feature>
</Annotation>
<Annotation Id="5340" Type="Token" StartNode="863" EndNode="864">
<Feature>
  <Name className="java.lang.String">length</Name>
  <Value className="java.lang.String">1</Value>
</Feature>
<Feature>
  <Name className="java.lang.String">kind</Name>
  <Value className="java.lang.String">punctuation</Value>
</Feature>
<Feature>
  <Name className="java.lang.String">string</Name>
  <Value className="java.lang.String">.</Value>
</Feature>
</Annotation>
<Annotation Id="5343" Type="Token" StartNode="866" EndNode="868">
<Feature>
  <Name className="java.lang.String">length</Name>
  <Value className="java.lang.String">2</Value>
</Feature>
<Feature>
  <Name className="java.lang.String">majorType</Name>
  <Value className="java.lang.String">stop</Value>
</Feature>
<Feature>
  <Name className="java.lang.String">minorType</Name>
  <Value className="java.lang.String">lc</Value>
</Feature>
<Feature>
  <Name className="java.lang.String">orth</Name>
  <Value className="java.lang.String">upperInitial</Value>
</Feature>
<Feature>
  <Name className="java.lang.String">language</Name>
  <Value className="java.lang.String">en</Value>
</Feature>
<Feature>
  <Name className="java.lang.String">kind</Name>
  <Value className="java.lang.String">word</Value>
</Feature>
<Feature>
  <Name className="java.lang.String">string</Name>
  <Value className="java.lang.String">In</Value>
</Feature>
</Annotation>
<Annotation Id="5342" Type="SpaceToken" StartNode="865" EndNode="866">
<Feature>
  <Name className="java.lang.String">length</Name>
  <Value className="java.lang.String">1</Value>
</Feature>
<Feature>
  <Name className="java.lang.String">kind</Name>
  <Value className="java.lang.String">control</Value>
</Feature>
<Feature>
  <Name className="java.lang.String">string</Name>
  <Value className="java.lang.String">
</Value>
</Feature>
</Annotation>
<Annotation Id="5337" Type="SpaceToken" StartNode="858" EndNode="859">
<Feature>
  <Name className="java.lang.String">length</Name>
  <Value className="java.lang.String">1</Value>
</Feature>
<Feature>
  <Name className="java.lang.String">kind</Name>
  <Value className="java.lang.String">space</Value>
</Feature>
<Feature>
  <Name className="java.lang.String">string</Name>
  <Value className="java.lang.String"> </Value>
</Feature>
</Annotation>
<Annotation Id="5336" Type="Token" StartNode="851" EndNode="858">
<Feature>
  <Name className="java.lang.String">length</Name>
  <Value className="java.lang.String">7</Value>
</Feature>
<Feature>
  <Name className="java.lang.String">orth</Name>
  <Value className="java.lang.String">lowercase</Value>
</Feature>
<Feature>
  <Name className="java.lang.String">kind</Name>
  <Value className="java.lang.String">word</Value>
</Feature>
<Feature>
  <Name className="java.lang.String">coreferences</Name>
  <Value className="java.util.ArrayList"></Value>
</Feature>
<Feature>
  <Name className="java.lang.String">string</Name>
  <Value className="java.lang.String">solvent</Value>
</Feature>
</Annotation>
<Annotation Id="5339" Type="SpaceToken" StartNode="862" EndNode="863">
<Feature>
  <Name className="java.lang.String">length</Name>
  <Value className="java.lang.String">1</Value>
</Feature>
<Feature>
  <Name className="java.lang.String">kind</Name>
  <Value className="java.lang.String">space</Value>
</Feature>
<Feature>
  <Name className="java.lang.String">string</Name>
  <Value className="java.lang.String"> </Value>
</Feature>
</Annotation>
<Annotation Id="5338" Type="Token" StartNode="859" EndNode="862">
<Feature>
  <Name className="java.lang.String">length</Name>
  <Value className="java.lang.String">3</Value>
</Feature>
<Feature>
  <Name className="java.lang.String">orth</Name>
  <Value className="java.lang.String">lowercase</Value>
</Feature>
<Feature>
  <Name className="java.lang.String">kind</Name>
  <Value className="java.lang.String">word</Value>
</Feature>
<Feature>
  <Name className="java.lang.String">coreferences</Name>
  <Value className="java.util.ArrayList"></Value>
</Feature>
<Feature>
  <Name className="java.lang.String">string</Name>
  <Value className="java.lang.String">dye</Value>
</Feature>
</Annotation>
<Annotation Id="5282" Type="SpaceToken" StartNode="698" EndNode="699">
<Feature>
  <Name className="java.lang.String">length</Name>
  <Value className="java.lang.String">1</Value>
</Feature>
<Feature>
  <Name className="java.lang.String">kind</Name>
  <Value className="java.lang.String">space</Value>
</Feature>
<Feature>
  <Name className="java.lang.String">string</Name>
  <Value className="java.lang.String"> </Value>
</Feature>
</Annotation>
<Annotation Id="5283" Type="Token" StartNode="699" EndNode="700">
<Feature>
  <Name className="java.lang.String">length</Name>
  <Value className="java.lang.String">1</Value>
</Feature>
<Feature>
  <Name className="java.lang.String">kind</Name>
  <Value className="java.lang.String">punctuation</Value>
</Feature>
<Feature>
  <Name className="java.lang.String">string</Name>
  <Value className="java.lang.String">,</Value>
</Feature>
</Annotation>
<Annotation Id="5280" Type="SpaceToken" StartNode="690" EndNode="691">
<Feature>
  <Name className="java.lang.String">length</Name>
  <Value className="java.lang.String">1</Value>
</Feature>
<Feature>
  <Name className="java.lang.String">kind</Name>
  <Value className="java.lang.String">space</Value>
</Feature>
<Feature>
  <Name className="java.lang.String">string</Name>
  <Value className="java.lang.String"> </Value>
</Feature>
</Annotation>
<Annotation Id="5281" Type="Token" StartNode="691" EndNode="698">
<Feature>
  <Name className="java.lang.String">length</Name>
  <Value className="java.lang.String">7</Value>
</Feature>
<Feature>
  <Name className="java.lang.String">orth</Name>
  <Value className="java.lang.String">lowercase</Value>
</Feature>
<Feature>
  <Name className="java.lang.String">kind</Name>
  <Value className="java.lang.String">word</Value>
</Feature>
<Feature>
  <Name className="java.lang.String">coreferences</Name>
  <Value className="java.util.ArrayList"></Value>
</Feature>
<Feature>
  <Name className="java.lang.String">string</Name>
  <Value className="java.lang.String">rockets</Value>
</Feature>
</Annotation>
<Annotation Id="5286" Type="SpaceToken" StartNode="704" EndNode="705">
<Feature>
  <Name className="java.lang.String">length</Name>
  <Value className="java.lang.String">1</Value>
</Feature>
<Feature>
  <Name className="java.lang.String">kind</Name>
  <Value className="java.lang.String">space</Value>
</Feature>
<Feature>
  <Name className="java.lang.String">string</Name>
  <Value className="java.lang.String"> </Value>
</Feature>
</Annotation>
<Annotation Id="5287" Type="Token" StartNode="705" EndNode="707">
<Feature>
  <Name className="java.lang.String">length</Name>
  <Value className="java.lang.String">2</Value>
</Feature>
<Feature>
  <Name className="java.lang.String">majorType</Name>
  <Value className="java.lang.String">stop</Value>
</Feature>
<Feature>
  <Name className="java.lang.String">minorType</Name>
  <Value className="java.lang.String">lc</Value>
</Feature>
<Feature>
  <Name className="java.lang.String">orth</Name>
  <Value className="java.lang.String">lowercase</Value>
</Feature>
<Feature>
  <Name className="java.lang.String">language</Name>
  <Value className="java.lang.String">en</Value>
</Feature>
<Feature>
  <Name className="java.lang.String">kind</Name>
  <Value className="java.lang.String">word</Value>
</Feature>
<Feature>
  <Name className="java.lang.String">string</Name>
  <Value className="java.lang.String">in</Value>
</Feature>
</Annotation>
<Annotation Id="5284" Type="SpaceToken" StartNode="700" EndNode="701">
<Feature>
  <Name className="java.lang.String">length</Name>
  <Value className="java.lang.String">1</Value>
</Feature>
<Feature>
  <Name className="java.lang.String">kind</Name>
  <Value className="java.lang.String">space</Value>
</Feature>
<Feature>
  <Name className="java.lang.String">string</Name>
  <Value className="java.lang.String"> </Value>
</Feature>
</Annotation>
<Annotation Id="5285" Type="Token" StartNode="701" EndNode="704">
<Feature>
  <Name className="java.lang.String">length</Name>
  <Value className="java.lang.String">3</Value>
</Feature>
<Feature>
  <Name className="java.lang.String">majorType</Name>
  <Value className="java.lang.String">stop</Value>
</Feature>
<Feature>
  <Name className="java.lang.String">minorType</Name>
  <Value className="java.lang.String">lc</Value>
</Feature>
<Feature>
  <Name className="java.lang.String">orth</Name>
  <Value className="java.lang.String">lowercase</Value>
</Feature>
<Feature>
  <Name className="java.lang.String">language</Name>
  <Value className="java.lang.String">en</Value>
</Feature>
<Feature>
  <Name className="java.lang.String">kind</Name>
  <Value className="java.lang.String">word</Value>
</Feature>
<Feature>
  <Name className="java.lang.String">string</Name>
  <Value className="java.lang.String">and</Value>
</Feature>
</Annotation>
<Annotation Id="5290" Type="SpaceToken" StartNode="713" EndNode="714">
<Feature>
  <Name className="java.lang.String">length</Name>
  <Value className="java.lang.String">1</Value>
</Feature>
<Feature>
  <Name className="java.lang.String">kind</Name>
  <Value className="java.lang.String">space</Value>
</Feature>
<Feature>
  <Name className="java.lang.String">string</Name>
  <Value className="java.lang.String"> </Value>
</Feature>
</Annotation>
<Annotation Id="5291" Type="Token" StartNode="714" EndNode="726">
<Feature>
  <Name className="java.lang.String">length</Name>
  <Value className="java.lang.String">12</Value>
</Feature>
<Feature>
  <Name className="java.lang.String">orth</Name>
  <Value className="java.lang.String">lowercase</Value>
</Feature>
<Feature>
  <Name className="java.lang.String">kind</Name>
  <Value className="java.lang.String">word</Value>
</Feature>
<Feature>
  <Name className="java.lang.String">coreferences</Name>
  <Value className="java.util.ArrayList"></Value>
</Feature>
<Feature>
  <Name className="java.lang.String">string</Name>
  <Value className="java.lang.String">applications</Value>
</Feature>
</Annotation>
<Annotation Id="5288" Type="SpaceToken" StartNode="707" EndNode="708">
<Feature>
  <Name className="java.lang.String">length</Name>
  <Value className="java.lang.String">1</Value>
</Feature>
<Feature>
  <Name className="java.lang.String">kind</Name>
  <Value className="java.lang.String">space</Value>
</Feature>
<Feature>
  <Name className="java.lang.String">string</Name>
  <Value className="java.lang.String"> </Value>
</Feature>
</Annotation>
<Annotation Id="5289" Type="Token" StartNode="708" EndNode="713">
<Feature>
  <Name className="java.lang.String">length</Name>
  <Value className="java.lang.String">5</Value>
</Feature>
<Feature>
  <Name className="java.lang.String">orth</Name>
  <Value className="java.lang.String">lowercase</Value>
</Feature>
<Feature>
  <Name className="java.lang.String">kind</Name>
  <Value className="java.lang.String">word</Value>
</Feature>
<Feature>
  <Name className="java.lang.String">coreferences</Name>
  <Value className="java.util.ArrayList" itemClassName="java.lang.Integer">5607</Value>
</Feature>
<Feature>
  <Name className="java.lang.String">string</Name>
  <Value className="java.lang.String">other</Value>
</Feature>
</Annotation>
<Annotation Id="5294" Type="SpaceToken" StartNode="736" EndNode="737">
<Feature>
  <Name className="java.lang.String">length</Name>
  <Value className="java.lang.String">1</Value>
</Feature>
<Feature>
  <Name className="java.lang.String">kind</Name>
  <Value className="java.lang.String">space</Value>
</Feature>
<Feature>
  <Name className="java.lang.String">string</Name>
  <Value className="java.lang.String"> </Value>
</Feature>
</Annotation>
<Annotation Id="5295" Type="Token" StartNode="737" EndNode="743">
<Feature>
  <Name className="java.lang.String">length</Name>
  <Value className="java.lang.String">6</Value>
</Feature>
<Feature>
  <Name className="java.lang.String">orth</Name>
  <Value className="java.lang.String">lowercase</Value>
</Feature>
<Feature>
  <Name className="java.lang.String">kind</Name>
  <Value className="java.lang.String">word</Value>
</Feature>
<Feature>
  <Name className="java.lang.String">coreferences</Name>
  <Value className="java.util.ArrayList" itemClassName="java.lang.Integer">5439</Value>
</Feature>
<Feature>
  <Name className="java.lang.String">string</Name>
  <Value className="java.lang.String">nitric</Value>
</Feature>
</Annotation>
<Annotation Id="5292" Type="SpaceToken" StartNode="726" EndNode="727">
<Feature>
  <Name className="java.lang.String">length</Name>
  <Value className="java.lang.String">1</Value>
</Feature>
<Feature>
  <Name className="java.lang.String">kind</Name>
  <Value className="java.lang.String">space</Value>
</Feature>
<Feature>
  <Name className="java.lang.String">string</Name>
  <Value className="java.lang.String"> </Value>
</Feature>
</Annotation>
<Annotation Id="5293" Type="Token" StartNode="727" EndNode="736">
<Feature>
  <Name className="java.lang.String">length</Name>
  <Value className="java.lang.String">9</Value>
</Feature>
<Feature>
  <Name className="java.lang.String">orth</Name>
  <Value className="java.lang.String">lowercase</Value>
</Feature>
<Feature>
  <Name className="java.lang.String">kind</Name>
  <Value className="java.lang.String">word</Value>
</Feature>
<Feature>
  <Name className="java.lang.String">coreferences</Name>
  <Value className="java.util.ArrayList"></Value>
</Feature>
<Feature>
  <Name className="java.lang.String">string</Name>
  <Value className="java.lang.String">involving</Value>
</Feature>
</Annotation>
<Annotation Id="5299" Type="Token" StartNode="749" EndNode="755">
<Feature>
  <Name className="java.lang.String">length</Name>
  <Value className="java.lang.String">6</Value>
</Feature>
<Feature>
  <Name className="java.lang.String">orth</Name>
  <Value className="java.lang.String">lowercase</Value>
</Feature>
<Feature>
  <Name className="java.lang.String">kind</Name>
  <Value className="java.lang.String">word</Value>
</Feature>
<Feature>
  <Name className="java.lang.String">coreferences</Name>
  <Value className="java.util.ArrayList" itemClassName="java.lang.Integer">5443</Value>
</Feature>
<Feature>
  <Name className="java.lang.String">string</Name>
  <Value className="java.lang.String">esters</Value>
</Feature>
</Annotation>
<Annotation Id="5298" Type="SpaceToken" StartNode="748" EndNode="749">
<Feature>
  <Name className="java.lang.String">length</Name>
  <Value className="java.lang.String">1</Value>
</Feature>
<Feature>
  <Name className="java.lang.String">kind</Name>
  <Value className="java.lang.String">space</Value>
</Feature>
<Feature>
  <Name className="java.lang.String">string</Name>
  <Value className="java.lang.String"> </Value>
</Feature>
</Annotation>
<Annotation Id="5297" Type="Token" StartNode="744" EndNode="748">
<Feature>
  <Name className="java.lang.String">length</Name>
  <Value className="java.lang.String">4</Value>
</Feature>
<Feature>
  <Name className="java.lang.String">orth</Name>
  <Value className="java.lang.String">lowercase</Value>
</Feature>
<Feature>
  <Name className="java.lang.String">kind</Name>
  <Value className="java.lang.String">word</Value>
</Feature>
<Feature>
  <Name className="java.lang.String">coreferences</Name>
  <Value className="java.util.ArrayList" itemClassName="java.lang.Integer">5441</Value>
</Feature>
<Feature>
  <Name className="java.lang.String">string</Name>
  <Value className="java.lang.String">acid</Value>
</Feature>
</Annotation>
<Annotation Id="5296" Type="SpaceToken" StartNode="743" EndNode="744">
<Feature>
  <Name className="java.lang.String">length</Name>
  <Value className="java.lang.String">1</Value>
</Feature>
<Feature>
  <Name className="java.lang.String">kind</Name>
  <Value className="java.lang.String">space</Value>
</Feature>
<Feature>
  <Name className="java.lang.String">string</Name>
  <Value className="java.lang.String"> </Value>
</Feature>
</Annotation>
<Annotation Id="5303" Type="Token" StartNode="758" EndNode="766">
<Feature>
  <Name className="java.lang.String">length</Name>
  <Value className="java.lang.String">8</Value>
</Feature>
<Feature>
  <Name className="java.lang.String">orth</Name>
  <Value className="java.lang.String">lowercase</Value>
</Feature>
<Feature>
  <Name className="java.lang.String">kind</Name>
  <Value className="java.lang.String">word</Value>
</Feature>
<Feature>
  <Name className="java.lang.String">coreferences</Name>
  <Value className="java.util.ArrayList"></Value>
</Feature>
<Feature>
  <Name className="java.lang.String">string</Name>
  <Value className="java.lang.String">plastics</Value>
</Feature>
</Annotation>
<Annotation Id="5302" Type="SpaceToken" StartNode="757" EndNode="758">
<Feature>
  <Name className="java.lang.String">length</Name>
  <Value className="java.lang.String">1</Value>
</Feature>
<Feature>
  <Name className="java.lang.String">kind</Name>
  <Value className="java.lang.String">space</Value>
</Feature>
<Feature>
  <Name className="java.lang.String">string</Name>
  <Value className="java.lang.String"> </Value>
</Feature>
</Annotation>
<Annotation Id="5301" Type="Token" StartNode="756" EndNode="757">
<Feature>
  <Name className="java.lang.String">length</Name>
  <Value className="java.lang.String">1</Value>
</Feature>
<Feature>
  <Name className="java.lang.String">kind</Name>
  <Value className="java.lang.String">punctuation</Value>
</Feature>
<Feature>
  <Name className="java.lang.String">string</Name>
  <Value className="java.lang.String">,</Value>
</Feature>
</Annotation>
<Annotation Id="5300" Type="Token" StartNode="755" EndNode="756">
<Feature>
  <Name className="java.lang.String">position</Name>
  <Value className="java.lang.String">endpunct</Value>
</Feature>
<Feature>
  <Name className="java.lang.String">length</Name>
  <Value className="java.lang.String">1</Value>
</Feature>
<Feature>
  <Name className="java.lang.String">kind</Name>
  <Value className="java.lang.String">punctuation</Value>
</Feature>
<Feature>
  <Name className="java.lang.String">coreferences</Name>
  <Value className="java.util.ArrayList" itemClassName="java.lang.Integer">5542</Value>
</Feature>
<Feature>
  <Name className="java.lang.String">string</Name>
  <Value className="java.lang.String">)</Value>
</Feature>
</Annotation>
<Annotation Id="5307" Type="Token" StartNode="769" EndNode="772">
<Feature>
  <Name className="java.lang.String">length</Name>
  <Value className="java.lang.String">3</Value>
</Feature>
<Feature>
  <Name className="java.lang.String">majorType</Name>
  <Value className="java.lang.String">stop</Value>
</Feature>
<Feature>
  <Name className="java.lang.String">minorType</Name>
  <Value className="java.lang.String">lc</Value>
</Feature>
<Feature>
  <Name className="java.lang.String">orth</Name>
  <Value className="java.lang.String">lowercase</Value>
</Feature>
<Feature>
  <Name className="java.lang.String">language</Name>
  <Value className="java.lang.String">en</Value>
</Feature>
<Feature>
  <Name className="java.lang.String">kind</Name>
  <Value className="java.lang.String">word</Value>
</Feature>
<Feature>
  <Name className="java.lang.String">string</Name>
  <Value className="java.lang.String">and</Value>
</Feature>
</Annotation>
<Annotation Id="5306" Type="SpaceToken" StartNode="768" EndNode="769">
<Feature>
  <Name className="java.lang.String">length</Name>
  <Value className="java.lang.String">1</Value>
</Feature>
<Feature>
  <Name className="java.lang.String">kind</Name>
  <Value className="java.lang.String">space</Value>
</Feature>
<Feature>
  <Name className="java.lang.String">string</Name>
  <Value className="java.lang.String"> </Value>
</Feature>
</Annotation>
<Annotation Id="5305" Type="Token" StartNode="767" EndNode="768">
<Feature>
  <Name className="java.lang.String">length</Name>
  <Value className="java.lang.String">1</Value>
</Feature>
<Feature>
  <Name className="java.lang.String">kind</Name>
  <Value className="java.lang.String">punctuation</Value>
</Feature>
<Feature>
  <Name className="java.lang.String">string</Name>
  <Value className="java.lang.String">,</Value>
</Feature>
</Annotation>
<Annotation Id="5304" Type="SpaceToken" StartNode="766" EndNode="767">
<Feature>
  <Name className="java.lang.String">length</Name>
  <Value className="java.lang.String">1</Value>
</Feature>
<Feature>
  <Name className="java.lang.String">kind</Name>
  <Value className="java.lang.String">space</Value>
</Feature>
<Feature>
  <Name className="java.lang.String">string</Name>
  <Value className="java.lang.String"> </Value>
</Feature>
</Annotation>
<Annotation Id="5311" Type="Token" StartNode="784" EndNode="785">
<Feature>
  <Name className="java.lang.String">length</Name>
  <Value className="java.lang.String">1</Value>
</Feature>
<Feature>
  <Name className="java.lang.String">kind</Name>
  <Value className="java.lang.String">punctuation</Value>
</Feature>
<Feature>
  <Name className="java.lang.String">string</Name>
  <Value className="java.lang.String">.</Value>
</Feature>
</Annotation>
<Annotation Id="5310" Type="SpaceToken" StartNode="783" EndNode="784">
<Feature>
  <Name className="java.lang.String">length</Name>
  <Value className="java.lang.String">1</Value>
</Feature>
<Feature>
  <Name className="java.lang.String">kind</Name>
  <Value className="java.lang.String">space</Value>
</Feature>
<Feature>
  <Name className="java.lang.String">string</Name>
  <Value className="java.lang.String"> </Value>
</Feature>
</Annotation>
<Annotation Id="5309" Type="Token" StartNode="773" EndNode="783">
<Feature>
  <Name className="java.lang.String">length</Name>
  <Value className="java.lang.String">10</Value>
</Feature>
<Feature>
  <Name className="java.lang.String">orth</Name>
  <Value className="java.lang.String">lowercase</Value>
</Feature>
<Feature>
  <Name className="java.lang.String">kind</Name>
  <Value className="java.lang.String">word</Value>
</Feature>
<Feature>
  <Name className="java.lang.String">coreferences</Name>
  <Value className="java.util.ArrayList"></Value>
</Feature>
<Feature>
  <Name className="java.lang.String">string</Name>
  <Value className="java.lang.String">lubricants</Value>
</Feature>
</Annotation>
<Annotation Id="5308" Type="SpaceToken" StartNode="772" EndNode="773">
<Feature>
  <Name className="java.lang.String">length</Name>
  <Value className="java.lang.String">1</Value>
</Feature>
<Feature>
  <Name className="java.lang.String">kind</Name>
  <Value className="java.lang.String">space</Value>
</Feature>
<Feature>
  <Name className="java.lang.String">string</Name>
  <Value className="java.lang.String"> </Value>
</Feature>
</Annotation>
<Annotation Id="5248" Type="SpaceToken" StartNode="603" EndNode="604">
<Feature>
  <Name className="java.lang.String">length</Name>
  <Value className="java.lang.String">1</Value>
</Feature>
<Feature>
  <Name className="java.lang.String">kind</Name>
  <Value className="java.lang.String">space</Value>
</Feature>
<Feature>
  <Name className="java.lang.String">string</Name>
  <Value className="java.lang.String"> </Value>
</Feature>
</Annotation>
<Annotation Id="5249" Type="Token" StartNode="604" EndNode="606">
<Feature>
  <Name className="java.lang.String">length</Name>
  <Value className="java.lang.String">2</Value>
</Feature>
<Feature>
  <Name className="java.lang.String">majorType</Name>
  <Value className="java.lang.String">stop</Value>
</Feature>
<Feature>
  <Name className="java.lang.String">minorType</Name>
  <Value className="java.lang.String">lc</Value>
</Feature>
<Feature>
  <Name className="java.lang.String">orth</Name>
  <Value className="java.lang.String">lowercase</Value>
</Feature>
<Feature>
  <Name className="java.lang.String">language</Name>
  <Value className="java.lang.String">en</Value>
</Feature>
<Feature>
  <Name className="java.lang.String">kind</Name>
  <Value className="java.lang.String">word</Value>
</Feature>
<Feature>
  <Name className="java.lang.String">string</Name>
  <Value className="java.lang.String">in</Value>
</Feature>
</Annotation>
<Annotation Id="5250" Type="SpaceToken" StartNode="606" EndNode="607">
<Feature>
  <Name className="java.lang.String">length</Name>
  <Value className="java.lang.String">1</Value>
</Feature>
<Feature>
  <Name className="java.lang.String">kind</Name>
  <Value className="java.lang.String">space</Value>
</Feature>
<Feature>
  <Name className="java.lang.String">string</Name>
  <Value className="java.lang.String"> </Value>
</Feature>
</Annotation>
<Annotation Id="5251" Type="Token" StartNode="607" EndNode="611">
<Feature>
  <Name className="java.lang.String">length</Name>
  <Value className="java.lang.String">4</Value>
</Feature>
<Feature>
  <Name className="java.lang.String">orth</Name>
  <Value className="java.lang.String">upperInitial</Value>
</Feature>
<Feature>
  <Name className="java.lang.String">kind</Name>
  <Value className="java.lang.String">word</Value>
</Feature>
<Feature>
  <Name className="java.lang.String">coreferences</Name>
  <Value className="java.util.ArrayList"></Value>
</Feature>
<Feature>
  <Name className="java.lang.String">string</Name>
  <Value className="java.lang.String">Otto</Value>
</Feature>
</Annotation>
<Annotation Id="5252" Type="SpaceToken" StartNode="611" EndNode="612">
<Feature>
  <Name className="java.lang.String">length</Name>
  <Value className="java.lang.String">1</Value>
</Feature>
<Feature>
  <Name className="java.lang.String">kind</Name>
  <Value className="java.lang.String">space</Value>
</Feature>
<Feature>
  <Name className="java.lang.String">string</Name>
  <Value className="java.lang.String"> </Value>
</Feature>
</Annotation>
<Annotation Id="5253" Type="Token" StartNode="612" EndNode="616">
<Feature>
  <Name className="java.lang.String">length</Name>
  <Value className="java.lang.String">4</Value>
</Feature>
<Feature>
  <Name className="java.lang.String">orth</Name>
  <Value className="java.lang.String">lowercase</Value>
</Feature>
<Feature>
  <Name className="java.lang.String">kind</Name>
  <Value className="java.lang.String">word</Value>
</Feature>
<Feature>
  <Name className="java.lang.String">coreferences</Name>
  <Value className="java.util.ArrayList"></Value>
</Feature>
<Feature>
  <Name className="java.lang.String">string</Name>
  <Value className="java.lang.String">fuel</Value>
</Feature>
</Annotation>
<Annotation Id="5254" Type="SpaceToken" StartNode="616" EndNode="617">
<Feature>
  <Name className="java.lang.String">length</Name>
  <Value className="java.lang.String">1</Value>
</Feature>
<Feature>
  <Name className="java.lang.String">kind</Name>
  <Value className="java.lang.String">space</Value>
</Feature>
<Feature>
  <Name className="java.lang.String">string</Name>
  <Value className="java.lang.String"> </Value>
</Feature>
</Annotation>
<Annotation Id="5255" Type="Token" StartNode="617" EndNode="619">
<Feature>
  <Name className="java.lang.String">length</Name>
  <Value className="java.lang.String">2</Value>
</Feature>
<Feature>
  <Name className="java.lang.String">orth</Name>
  <Value className="java.lang.String">allCaps</Value>
</Feature>
<Feature>
  <Name className="java.lang.String">kind</Name>
  <Value className="java.lang.String">word</Value>
</Feature>
<Feature>
  <Name className="java.lang.String">coreferences</Name>
  <Value className="java.util.ArrayList"></Value>
</Feature>
<Feature>
  <Name className="java.lang.String">string</Name>
  <Value className="java.lang.String">II</Value>
</Feature>
</Annotation>
<Annotation Id="5256" Type="SpaceToken" StartNode="619" EndNode="620">
<Feature>
  <Name className="java.lang.String">length</Name>
  <Value className="java.lang.String">1</Value>
</Feature>
<Feature>
  <Name className="java.lang.String">kind</Name>
  <Value className="java.lang.String">space</Value>
</Feature>
<Feature>
  <Name className="java.lang.String">string</Name>
  <Value className="java.lang.String"> </Value>
</Feature>
</Annotation>
<Annotation Id="5257" Type="Token" StartNode="620" EndNode="621">
<Feature>
  <Name className="java.lang.String">length</Name>
  <Value className="java.lang.String">1</Value>
</Feature>
<Feature>
  <Name className="java.lang.String">kind</Name>
  <Value className="java.lang.String">punctuation</Value>
</Feature>
<Feature>
  <Name className="java.lang.String">string</Name>
  <Value className="java.lang.String">,</Value>
</Feature>
</Annotation>
<Annotation Id="5258" Type="SpaceToken" StartNode="621" EndNode="622">
<Feature>
  <Name className="java.lang.String">length</Name>
  <Value className="java.lang.String">1</Value>
</Feature>
<Feature>
  <Name className="java.lang.String">kind</Name>
  <Value className="java.lang.String">space</Value>
</Feature>
<Feature>
  <Name className="java.lang.String">string</Name>
  <Value className="java.lang.String"> </Value>
</Feature>
</Annotation>
<Annotation Id="5259" Type="Token" StartNode="622" EndNode="631">
<Feature>
  <Name className="java.lang.String">length</Name>
  <Value className="java.lang.String">9</Value>
</Feature>
<Feature>
  <Name className="java.lang.String">orth</Name>
  <Value className="java.lang.String">lowercase</Value>
</Feature>
<Feature>
  <Name className="java.lang.String">kind</Name>
  <Value className="java.lang.String">word</Value>
</Feature>
<Feature>
  <Name className="java.lang.String">coreferences</Name>
  <Value className="java.util.ArrayList"></Value>
</Feature>
<Feature>
  <Name className="java.lang.String">string</Name>
  <Value className="java.lang.String">smokeless</Value>
</Feature>
</Annotation>
<Annotation Id="5260" Type="SpaceToken" StartNode="631" EndNode="632">
<Feature>
  <Name className="java.lang.String">length</Name>
  <Value className="java.lang.String">1</Value>
</Feature>
<Feature>
  <Name className="java.lang.String">kind</Name>
  <Value className="java.lang.String">space</Value>
</Feature>
<Feature>
  <Name className="java.lang.String">string</Name>
  <Value className="java.lang.String"> </Value>
</Feature>
</Annotation>
<Annotation Id="5261" Type="Token" StartNode="632" EndNode="639">
<Feature>
  <Name className="java.lang.String">length</Name>
  <Value className="java.lang.String">7</Value>
</Feature>
<Feature>
  <Name className="java.lang.String">orth</Name>
  <Value className="java.lang.String">lowercase</Value>
</Feature>
<Feature>
  <Name className="java.lang.String">kind</Name>
  <Value className="java.lang.String">word</Value>
</Feature>
<Feature>
  <Name className="java.lang.String">coreferences</Name>
  <Value className="java.util.ArrayList"></Value>
</Feature>
<Feature>
  <Name className="java.lang.String">string</Name>
  <Value className="java.lang.String">powders</Value>
</Feature>
</Annotation>
<Annotation Id="5262" Type="SpaceToken" StartNode="639" EndNode="640">
<Feature>
  <Name className="java.lang.String">length</Name>
  <Value className="java.lang.String">1</Value>
</Feature>
<Feature>
  <Name className="java.lang.String">kind</Name>
  <Value className="java.lang.String">space</Value>
</Feature>
<Feature>
  <Name className="java.lang.String">string</Name>
  <Value className="java.lang.String"> </Value>
</Feature>
</Annotation>
<Annotation Id="5263" Type="Token" StartNode="640" EndNode="641">
<Feature>
  <Name className="java.lang.String">length</Name>
  <Value className="java.lang.String">1</Value>
</Feature>
<Feature>
  <Name className="java.lang.String">kind</Name>
  <Value className="java.lang.String">punctuation</Value>
</Feature>
<Feature>
  <Name className="java.lang.String">string</Name>
  <Value className="java.lang.String">,</Value>
</Feature>
</Annotation>
<Annotation Id="5265" Type="Token" StartNode="642" EndNode="644">
<Feature>
  <Name className="java.lang.String">length</Name>
  <Value className="java.lang.String">2</Value>
</Feature>
<Feature>
  <Name className="java.lang.String">majorType</Name>
  <Value className="java.lang.String">stop</Value>
</Feature>
<Feature>
  <Name className="java.lang.String">minorType</Name>
  <Value className="java.lang.String">lc</Value>
</Feature>
<Feature>
  <Name className="java.lang.String">orth</Name>
  <Value className="java.lang.String">lowercase</Value>
</Feature>
<Feature>
  <Name className="java.lang.String">language</Name>
  <Value className="java.lang.String">en</Value>
</Feature>
<Feature>
  <Name className="java.lang.String">kind</Name>
  <Value className="java.lang.String">word</Value>
</Feature>
<Feature>
  <Name className="java.lang.String">string</Name>
  <Value className="java.lang.String">in</Value>
</Feature>
</Annotation>
<Annotation Id="5264" Type="SpaceToken" StartNode="641" EndNode="642">
<Feature>
  <Name className="java.lang.String">length</Name>
  <Value className="java.lang.String">1</Value>
</Feature>
<Feature>
  <Name className="java.lang.String">kind</Name>
  <Value className="java.lang.String">space</Value>
</Feature>
<Feature>
  <Name className="java.lang.String">string</Name>
  <Value className="java.lang.String"> </Value>
</Feature>
</Annotation>
<Annotation Id="5267" Type="Token" StartNode="645" EndNode="649">
<Feature>
  <Name className="java.lang.String">length</Name>
  <Value className="java.lang.String">4</Value>
</Feature>
<Feature>
  <Name className="java.lang.String">orth</Name>
  <Value className="java.lang.String">lowercase</Value>
</Feature>
<Feature>
  <Name className="java.lang.String">kind</Name>
  <Value className="java.lang.String">word</Value>
</Feature>
<Feature>
  <Name className="java.lang.String">coreferences</Name>
  <Value className="java.util.ArrayList" itemClassName="java.lang.Integer">5345</Value>
</Feature>
<Feature>
  <Name className="java.lang.String">string</Name>
  <Value className="java.lang.String">some</Value>
</Feature>
</Annotation>
<Annotation Id="5266" Type="SpaceToken" StartNode="644" EndNode="645">
<Feature>
  <Name className="java.lang.String">length</Name>
  <Value className="java.lang.String">1</Value>
</Feature>
<Feature>
  <Name className="java.lang.String">kind</Name>
  <Value className="java.lang.String">space</Value>
</Feature>
<Feature>
  <Name className="java.lang.String">string</Name>
  <Value className="java.lang.String"> </Value>
</Feature>
</Annotation>
<Annotation Id="5269" Type="Token" StartNode="650" EndNode="652">
<Feature>
  <Name className="java.lang.String">majorType</Name>
  <Value className="java.lang.String">stop</Value>
</Feature>
<Feature>
  <Name className="java.lang.String">orth</Name>
  <Value className="java.lang.String">allCaps</Value>
</Feature>
<Feature>
  <Name className="java.lang.String">coreferences</Name>
  <Value className="java.util.ArrayList"></Value>
</Feature>
<Feature>
  <Name className="java.lang.String">string</Name>
  <Value className="java.lang.String">US</Value>
</Feature>
<Feature>
  <Name className="java.lang.String">length</Name>
  <Value className="java.lang.String">2</Value>
</Feature>
<Feature>
  <Name className="java.lang.String">minorType</Name>
  <Value className="java.lang.String">lc</Value>
</Feature>
<Feature>
  <Name className="java.lang.String">language</Name>
  <Value className="java.lang.String">en</Value>
</Feature>
<Feature>
  <Name className="java.lang.String">kind</Name>
  <Value className="java.lang.String">word</Value>
</Feature>
</Annotation>
<Annotation Id="5268" Type="SpaceToken" StartNode="649" EndNode="650">
<Feature>
  <Name className="java.lang.String">length</Name>
  <Value className="java.lang.String">1</Value>
</Feature>
<Feature>
  <Name className="java.lang.String">kind</Name>
  <Value className="java.lang.String">space</Value>
</Feature>
<Feature>
  <Name className="java.lang.String">string</Name>
  <Value className="java.lang.String"> </Value>
</Feature>
</Annotation>
<Annotation Id="5271" Type="Token" StartNode="653" EndNode="657">
<Feature>
  <Name className="java.lang.String">length</Name>
  <Value className="java.lang.String">4</Value>
</Feature>
<Feature>
  <Name className="java.lang.String">orth</Name>
  <Value className="java.lang.String">upperInitial</Value>
</Feature>
<Feature>
  <Name className="java.lang.String">kind</Name>
  <Value className="java.lang.String">word</Value>
</Feature>
<Feature>
  <Name className="java.lang.String">coreferences</Name>
  <Value className="java.util.ArrayList"></Value>
</Feature>
<Feature>
  <Name className="java.lang.String">string</Name>
  <Value className="java.lang.String">Army</Value>
</Feature>
</Annotation>
<Annotation Id="5270" Type="SpaceToken" StartNode="652" EndNode="653">
<Feature>
  <Name className="java.lang.String">length</Name>
  <Value className="java.lang.String">1</Value>
</Feature>
<Feature>
  <Name className="java.lang.String">kind</Name>
  <Value className="java.lang.String">space</Value>
</Feature>
<Feature>
  <Name className="java.lang.String">string</Name>
  <Value className="java.lang.String"> </Value>
</Feature>
</Annotation>
<Annotation Id="5273" Type="Token" StartNode="658" EndNode="669">
<Feature>
  <Name className="java.lang.String">length</Name>
  <Value className="java.lang.String">11</Value>
</Feature>
<Feature>
  <Name className="java.lang.String">orth</Name>
  <Value className="java.lang.String">lowercase</Value>
</Feature>
<Feature>
  <Name className="java.lang.String">kind</Name>
  <Value className="java.lang.String">word</Value>
</Feature>
<Feature>
  <Name className="java.lang.String">coreferences</Name>
  <Value className="java.util.ArrayList"></Value>
</Feature>
<Feature>
  <Name className="java.lang.String">string</Name>
  <Value className="java.lang.String">double-base</Value>
</Feature>
</Annotation>
<Annotation Id="5272" Type="SpaceToken" StartNode="657" EndNode="658">
<Feature>
  <Name className="java.lang.String">length</Name>
  <Value className="java.lang.String">1</Value>
</Feature>
<Feature>
  <Name className="java.lang.String">kind</Name>
  <Value className="java.lang.String">space</Value>
</Feature>
<Feature>
  <Name className="java.lang.String">string</Name>
  <Value className="java.lang.String"> </Value>
</Feature>
</Annotation>
<Annotation Id="5275" Type="Token" StartNode="670" EndNode="681">
<Feature>
  <Name className="java.lang.String">length</Name>
  <Value className="java.lang.String">11</Value>
</Feature>
<Feature>
  <Name className="java.lang.String">orth</Name>
  <Value className="java.lang.String">lowercase</Value>
</Feature>
<Feature>
  <Name className="java.lang.String">kind</Name>
  <Value className="java.lang.String">word</Value>
</Feature>
<Feature>
  <Name className="java.lang.String">string</Name>
  <Value className="java.lang.String">propellants</Value>
</Feature>
</Annotation>
<Annotation Id="5274" Type="SpaceToken" StartNode="669" EndNode="670">
<Feature>
  <Name className="java.lang.String">length</Name>
  <Value className="java.lang.String">1</Value>
</Feature>
<Feature>
  <Name className="java.lang.String">kind</Name>
  <Value className="java.lang.String">space</Value>
</Feature>
<Feature>
  <Name className="java.lang.String">string</Name>
  <Value className="java.lang.String"> </Value>
</Feature>
</Annotation>
<Annotation Id="5277" Type="Token" StartNode="682" EndNode="684">
<Feature>
  <Name className="java.lang.String">length</Name>
  <Value className="java.lang.String">2</Value>
</Feature>
<Feature>
  <Name className="java.lang.String">majorType</Name>
  <Value className="java.lang.String">stop</Value>
</Feature>
<Feature>
  <Name className="java.lang.String">minorType</Name>
  <Value className="java.lang.String">lc</Value>
</Feature>
<Feature>
  <Name className="java.lang.String">orth</Name>
  <Value className="java.lang.String">lowercase</Value>
</Feature>
<Feature>
  <Name className="java.lang.String">language</Name>
  <Value className="java.lang.String">en</Value>
</Feature>
<Feature>
  <Name className="java.lang.String">kind</Name>
  <Value className="java.lang.String">word</Value>
</Feature>
<Feature>
  <Name className="java.lang.String">string</Name>
  <Value className="java.lang.String">in</Value>
</Feature>
</Annotation>
<Annotation Id="5276" Type="SpaceToken" StartNode="681" EndNode="682">
<Feature>
  <Name className="java.lang.String">length</Name>
  <Value className="java.lang.String">1</Value>
</Feature>
<Feature>
  <Name className="java.lang.String">kind</Name>
  <Value className="java.lang.String">space</Value>
</Feature>
<Feature>
  <Name className="java.lang.String">string</Name>
  <Value className="java.lang.String"> </Value>
</Feature>
</Annotation>
<Annotation Id="5279" Type="Token" StartNode="685" EndNode="690">
<Feature>
  <Name className="java.lang.String">length</Name>
  <Value className="java.lang.String">5</Value>
</Feature>
<Feature>
  <Name className="java.lang.String">orth</Name>
  <Value className="java.lang.String">lowercase</Value>
</Feature>
<Feature>
  <Name className="java.lang.String">kind</Name>
  <Value className="java.lang.String">word</Value>
</Feature>
<Feature>
  <Name className="java.lang.String">string</Name>
  <Value className="java.lang.String">solid</Value>
</Feature>
</Annotation>
<Annotation Id="5278" Type="SpaceToken" StartNode="684" EndNode="685">
<Feature>
  <Name className="java.lang.String">length</Name>
  <Value className="java.lang.String">1</Value>
</Feature>
<Feature>
  <Name className="java.lang.String">kind</Name>
  <Value className="java.lang.String">space</Value>
</Feature>
<Feature>
  <Name className="java.lang.String">string</Name>
  <Value className="java.lang.String"> </Value>
</Feature>
</Annotation>
<Annotation Id="5978" Type="MetaMap" StartNode="1492" EndNode="1496">
<Feature>
  <Name className="java.lang.String">IsHead</Name>
  <Value className="java.lang.Boolean">true</Value>
</Feature>
<Feature>
  <Name className="java.lang.String">PreferredName</Name>
  <Value className="java.lang.String">Less Than</Value>
</Feature>
<Feature>
  <Name className="java.lang.String">ConceptId</Name>
  <Value className="java.lang.String">C0439092</Value>
</Feature>
<Feature>
  <Name className="java.lang.String">SemanticTypesString</Name>
  <Value className="java.lang.String">[inpr]</Value>
</Feature>
<Feature>
  <Name className="java.lang.String">SemanticTypes</Name>
  <Value className="java.util.ArrayList" itemClassName="java.lang.String">inpr</Value>
</Feature>
<Feature>
  <Name className="java.lang.String">IsOvermatch</Name>
  <Value className="java.lang.Boolean">false</Value>
</Feature>
<Feature>
  <Name className="java.lang.String">Type</Name>
  <Value className="java.lang.String">Mapping</Value>
</Feature>
<Feature>
  <Name className="java.lang.String">SourcesString</Name>
  <Value className="java.lang.String">[CHV, NCI, SNOMEDCT_US]</Value>
</Feature>
<Feature>
  <Name className="java.lang.String">Sources</Name>
  <Value className="java.lang.String">[CHV, NCI, SNOMEDCT_US]</Value>
</Feature>
<Feature>
  <Name className="java.lang.String">ConceptName</Name>
  <Value className="java.lang.String">less</Value>
</Feature>
<Feature>
  <Name className="java.lang.String">Score</Name>
  <Value className="java.lang.Integer">-1000</Value>
</Feature>
</Annotation>
<Annotation Id="5979" Type="MetaMap" StartNode="1492" EndNode="1496">
<Feature>
  <Name className="java.lang.String">IsHead</Name>
  <Value className="java.lang.Boolean">true</Value>
</Feature>
<Feature>
  <Name className="java.lang.String">PreferredName</Name>
  <Value className="java.lang.String">Smaller</Value>
</Feature>
<Feature>
  <Name className="java.lang.String">ConceptId</Name>
  <Value className="java.lang.String">C0547044</Value>
</Feature>
<Feature>
  <Name className="java.lang.String">SemanticTypesString</Name>
  <Value className="java.lang.String">[qlco]</Value>
</Feature>
<Feature>
  <Name className="java.lang.String">SemanticTypes</Name>
  <Value className="java.util.ArrayList" itemClassName="java.lang.String">qlco</Value>
</Feature>
<Feature>
  <Name className="java.lang.String">IsOvermatch</Name>
  <Value className="java.lang.Boolean">false</Value>
</Feature>
<Feature>
  <Name className="java.lang.String">Type</Name>
  <Value className="java.lang.String">Mapping</Value>
</Feature>
<Feature>
  <Name className="java.lang.String">SourcesString</Name>
  <Value className="java.lang.String">[MTH, NCI, SNOMEDCT_US]</Value>
</Feature>
<Feature>
  <Name className="java.lang.String">Sources</Name>
  <Value className="java.lang.String">[MTH, NCI, SNOMEDCT_US]</Value>
</Feature>
<Feature>
  <Name className="java.lang.String">ConceptName</Name>
  <Value className="java.lang.String">Less</Value>
</Feature>
<Feature>
  <Name className="java.lang.String">Score</Name>
  <Value className="java.lang.Integer">-1000</Value>
</Feature>
</Annotation>
<Annotation Id="5976" Type="MetaMap" StartNode="1429" EndNode="1436">
<Feature>
  <Name className="java.lang.String">IsHead</Name>
  <Value className="java.lang.Boolean">true</Value>
</Feature>
<Feature>
  <Name className="java.lang.String">PreferredName</Name>
  <Value className="java.lang.String">Feeling content</Value>
</Feature>
<Feature>
  <Name className="java.lang.String">ConceptId</Name>
  <Value className="java.lang.String">C0423896</Value>
</Feature>
<Feature>
  <Name className="java.lang.String">SemanticTypesString</Name>
  <Value className="java.lang.String">[menp]</Value>
</Feature>
<Feature>
  <Name className="java.lang.String">SemanticTypes</Name>
  <Value className="java.util.ArrayList" itemClassName="java.lang.String">menp</Value>
</Feature>
<Feature>
  <Name className="java.lang.String">IsOvermatch</Name>
  <Value className="java.lang.Boolean">false</Value>
</Feature>
<Feature>
  <Name className="java.lang.String">Type</Name>
  <Value className="java.lang.String">Mapping</Value>
</Feature>
<Feature>
  <Name className="java.lang.String">SourcesString</Name>
  <Value className="java.lang.String">[MTH, NCI, SNOMEDCT_US]</Value>
</Feature>
<Feature>
  <Name className="java.lang.String">Sources</Name>
  <Value className="java.lang.String">[MTH, NCI, SNOMEDCT_US]</Value>
</Feature>
<Feature>
  <Name className="java.lang.String">ConceptName</Name>
  <Value className="java.lang.String">Content</Value>
</Feature>
<Feature>
  <Name className="java.lang.String">Score</Name>
  <Value className="java.lang.Integer">-1000</Value>
</Feature>
</Annotation>
<Annotation Id="5977" Type="MetaMap" StartNode="1429" EndNode="1436">
<Feature>
  <Name className="java.lang.String">IsHead</Name>
  <Value className="java.lang.Boolean">true</Value>
</Feature>
<Feature>
  <Name className="java.lang.String">PreferredName</Name>
  <Value className="java.lang.String">Contents</Value>
</Feature>
<Feature>
  <Name className="java.lang.String">ConceptId</Name>
  <Value className="java.lang.String">C0456205</Value>
</Feature>
<Feature>
  <Name className="java.lang.String">SemanticTypesString</Name>
  <Value className="java.lang.String">[cnce]</Value>
</Feature>
<Feature>
  <Name className="java.lang.String">SemanticTypes</Name>
  <Value className="java.util.ArrayList" itemClassName="java.lang.String">cnce</Value>
</Feature>
<Feature>
  <Name className="java.lang.String">IsOvermatch</Name>
  <Value className="java.lang.Boolean">false</Value>
</Feature>
<Feature>
  <Name className="java.lang.String">Type</Name>
  <Value className="java.lang.String">Mapping</Value>
</Feature>
<Feature>
  <Name className="java.lang.String">SourcesString</Name>
  <Value className="java.lang.String">[MTH, NCI]</Value>
</Feature>
<Feature>
  <Name className="java.lang.String">Sources</Name>
  <Value className="java.lang.String">[MTH, NCI]</Value>
</Feature>
<Feature>
  <Name className="java.lang.String">ConceptName</Name>
  <Value className="java.lang.String">Content</Value>
</Feature>
<Feature>
  <Name className="java.lang.String">Score</Name>
  <Value className="java.lang.Integer">-1000</Value>
</Feature>
</Annotation>
<Annotation Id="5970" Type="MetaMap" StartNode="1143" EndNode="1147">
<Feature>
  <Name className="java.lang.String">IsHead</Name>
  <Value className="java.lang.Boolean">true</Value>
</Feature>
<Feature>
  <Name className="java.lang.String">PreferredName</Name>
  <Value className="java.lang.String">Acids</Value>
</Feature>
<Feature>
  <Name className="java.lang.String">ConceptId</Name>
  <Value className="java.lang.String">C0001128</Value>
</Feature>
<Feature>
  <Name className="java.lang.String">SemanticTypesString</Name>
  <Value className="java.lang.String">[chem]</Value>
</Feature>
<Feature>
  <Name className="java.lang.String">SemanticTypes</Name>
  <Value className="java.util.ArrayList" itemClassName="java.lang.String">chem</Value>
</Feature>
<Feature>
  <Name className="java.lang.String">IsOvermatch</Name>
  <Value className="java.lang.Boolean">false</Value>
</Feature>
<Feature>
  <Name className="java.lang.String">Type</Name>
  <Value className="java.lang.String">Mapping</Value>
</Feature>
<Feature>
  <Name className="java.lang.String">SourcesString</Name>
  <Value className="java.lang.String">[CHV, MTH, NCI, SNOMEDCT_US]</Value>
</Feature>
<Feature>
  <Name className="java.lang.String">Sources</Name>
  <Value className="java.lang.String">[CHV, MTH, NCI, SNOMEDCT_US]</Value>
</Feature>
<Feature>
  <Name className="java.lang.String">ConceptName</Name>
  <Value className="java.lang.String">Acid</Value>
</Feature>
<Feature>
  <Name className="java.lang.String">Score</Name>
  <Value className="java.lang.Integer">-1000</Value>
</Feature>
</Annotation>
<Annotation Id="5971" Type="MetaMap" StartNode="1143" EndNode="1147">
<Feature>
  <Name className="java.lang.String">IsHead</Name>
  <Value className="java.lang.Boolean">true</Value>
</Feature>
<Feature>
  <Name className="java.lang.String">PreferredName</Name>
  <Value className="java.lang.String">Lysergic acid diethylamide measurement</Value>
</Feature>
<Feature>
  <Name className="java.lang.String">ConceptId</Name>
  <Value className="java.lang.String">C0202406</Value>
</Feature>
<Feature>
  <Name className="java.lang.String">SemanticTypesString</Name>
  <Value className="java.lang.String">[lbpr]</Value>
</Feature>
<Feature>
  <Name className="java.lang.String">SemanticTypes</Name>
  <Value className="java.util.ArrayList" itemClassName="java.lang.String">lbpr</Value>
</Feature>
<Feature>
  <Name className="java.lang.String">IsOvermatch</Name>
  <Value className="java.lang.Boolean">false</Value>
</Feature>
<Feature>
  <Name className="java.lang.String">Type</Name>
  <Value className="java.lang.String">Mapping</Value>
</Feature>
<Feature>
  <Name className="java.lang.String">SourcesString</Name>
  <Value className="java.lang.String">[MTH, NCI, SNMI, SNOMEDCT_US]</Value>
</Feature>
<Feature>
  <Name className="java.lang.String">Sources</Name>
  <Value className="java.lang.String">[MTH, NCI, SNMI, SNOMEDCT_US]</Value>
</Feature>
<Feature>
  <Name className="java.lang.String">ConceptName</Name>
  <Value className="java.lang.String">Acid</Value>
</Feature>
<Feature>
  <Name className="java.lang.String">Score</Name>
  <Value className="java.lang.Integer">-1000</Value>
</Feature>
</Annotation>
<Annotation Id="5968" Type="MetaMap" StartNode="1712" EndNode="1714">
<Feature>
  <Name className="java.lang.String">IsHead</Name>
  <Value className="java.lang.Boolean">true</Value>
</Feature>
<Feature>
  <Name className="java.lang.String">PreferredName</Name>
  <Value className="java.lang.String">N+ (tumor staging)</Value>
</Feature>
<Feature>
  <Name className="java.lang.String">ConceptId</Name>
  <Value className="java.lang.String">C0441922</Value>
</Feature>
<Feature>
  <Name className="java.lang.String">SemanticTypesString</Name>
  <Value className="java.lang.String">[inpr]</Value>
</Feature>
<Feature>
  <Name className="java.lang.String">SemanticTypes</Name>
  <Value className="java.util.ArrayList" itemClassName="java.lang.String">inpr</Value>
</Feature>
<Feature>
  <Name className="java.lang.String">IsOvermatch</Name>
  <Value className="java.lang.Boolean">false</Value>
</Feature>
<Feature>
  <Name className="java.lang.String">Type</Name>
  <Value className="java.lang.String">Mapping</Value>
</Feature>
<Feature>
  <Name className="java.lang.String">SourcesString</Name>
  <Value className="java.lang.String">[SNOMEDCT_US]</Value>
</Feature>
<Feature>
  <Name className="java.lang.String">Sources</Name>
  <Value className="java.lang.String">[SNOMEDCT_US]</Value>
</Feature>
<Feature>
  <Name className="java.lang.String">ConceptName</Name>
  <Value className="java.lang.String">N+</Value>
</Feature>
<Feature>
  <Name className="java.lang.String">Score</Name>
  <Value className="java.lang.Integer">-1000</Value>
</Feature>
</Annotation>
<Annotation Id="5969" Type="MetaMap" StartNode="1148" EndNode="1154">
<Feature>
  <Name className="java.lang.String">IsHead</Name>
  <Value className="java.lang.Boolean">true</Value>
</Feature>
<Feature>
  <Name className="java.lang.String">PreferredName</Name>
  <Value className="java.lang.String">Esters</Value>
</Feature>
<Feature>
  <Name className="java.lang.String">ConceptId</Name>
  <Value className="java.lang.String">C0014898</Value>
</Feature>
<Feature>
  <Name className="java.lang.String">SemanticTypesString</Name>
  <Value className="java.lang.String">[orch]</Value>
</Feature>
<Feature>
  <Name className="java.lang.String">SemanticTypes</Name>
  <Value className="java.util.ArrayList" itemClassName="java.lang.String">orch</Value>
</Feature>
<Feature>
  <Name className="java.lang.String">IsOvermatch</Name>
  <Value className="java.lang.Boolean">false</Value>
</Feature>
<Feature>
  <Name className="java.lang.String">Type</Name>
  <Value className="java.lang.String">Mapping</Value>
</Feature>
<Feature>
  <Name className="java.lang.String">SourcesString</Name>
  <Value className="java.lang.String">[MSH, NCI, SNOMEDCT_US]</Value>
</Feature>
<Feature>
  <Name className="java.lang.String">Sources</Name>
  <Value className="java.lang.String">[MSH, NCI, SNOMEDCT_US]</Value>
</Feature>
<Feature>
  <Name className="java.lang.String">ConceptName</Name>
  <Value className="java.lang.String">Esters</Value>
</Feature>
<Feature>
  <Name className="java.lang.String">Score</Name>
  <Value className="java.lang.Integer">-1000</Value>
</Feature>
</Annotation>
<Annotation Id="5974" Type="MetaMap" StartNode="817" EndNode="824">
<Feature>
  <Name className="java.lang.String">IsHead</Name>
  <Value className="java.lang.Boolean">true</Value>
</Feature>
<Feature>
  <Name className="java.lang.String">PreferredName</Name>
  <Value className="java.lang.String">Organic</Value>
</Feature>
<Feature>
  <Name className="java.lang.String">ConceptId</Name>
  <Value className="java.lang.String">C0747055</Value>
</Feature>
<Feature>
  <Name className="java.lang.String">SemanticTypesString</Name>
  <Value className="java.lang.String">[qlco]</Value>
</Feature>
<Feature>
  <Name className="java.lang.String">SemanticTypes</Name>
  <Value className="java.util.ArrayList" itemClassName="java.lang.String">qlco</Value>
</Feature>
<Feature>
  <Name className="java.lang.String">IsOvermatch</Name>
  <Value className="java.lang.Boolean">false</Value>
</Feature>
<Feature>
  <Name className="java.lang.String">Type</Name>
  <Value className="java.lang.String">Mapping</Value>
</Feature>
<Feature>
  <Name className="java.lang.String">SourcesString</Name>
  <Value className="java.lang.String">[CHV, NCI]</Value>
</Feature>
<Feature>
  <Name className="java.lang.String">Sources</Name>
  <Value className="java.lang.String">[CHV, NCI]</Value>
</Feature>
<Feature>
  <Name className="java.lang.String">ConceptName</Name>
  <Value className="java.lang.String">Organic</Value>
</Feature>
<Feature>
  <Name className="java.lang.String">Score</Name>
  <Value className="java.lang.Integer">-1000</Value>
</Feature>
</Annotation>
<Annotation Id="5972" Type="MetaMap" StartNode="277" EndNode="285">
<Feature>
  <Name className="java.lang.String">IsHead</Name>
  <Value className="java.lang.Boolean">true</Value>
</Feature>
<Feature>
  <Name className="java.lang.String">PreferredName</Name>
  <Value className="java.lang.String">Chemical or Textual Reference to Actual Test or Parameter</Value>
</Feature>
<Feature>
  <Name className="java.lang.String">ConceptId</Name>
  <Value className="java.lang.String">C3272558</Value>
</Feature>
<Feature>
  <Name className="java.lang.String">SemanticTypesString</Name>
  <Value className="java.lang.String">[inpr]</Value>
</Feature>
<Feature>
  <Name className="java.lang.String">SemanticTypes</Name>
  <Value className="java.util.ArrayList" itemClassName="java.lang.String">inpr</Value>
</Feature>
<Feature>
  <Name className="java.lang.String">IsOvermatch</Name>
  <Value className="java.lang.Boolean">false</Value>
</Feature>
<Feature>
  <Name className="java.lang.String">Type</Name>
  <Value className="java.lang.String">Mapping</Value>
</Feature>
<Feature>
  <Name className="java.lang.String">SourcesString</Name>
  <Value className="java.lang.String">[NCI]</Value>
</Feature>
<Feature>
  <Name className="java.lang.String">Sources</Name>
  <Value className="java.lang.String">[NCI]</Value>
</Feature>
<Feature>
  <Name className="java.lang.String">ConceptName</Name>
  <Value className="java.lang.String">Chemical</Value>
</Feature>
<Feature>
  <Name className="java.lang.String">Score</Name>
  <Value className="java.lang.Integer">-1000</Value>
</Feature>
</Annotation>
<Annotation Id="5973" Type="MetaMap" StartNode="277" EndNode="285">
<Feature>
  <Name className="java.lang.String">IsHead</Name>
  <Value className="java.lang.Boolean">true</Value>
</Feature>
<Feature>
  <Name className="java.lang.String">PreferredName</Name>
  <Value className="java.lang.String">Chemicals</Value>
</Feature>
<Feature>
  <Name className="java.lang.String">ConceptId</Name>
  <Value className="java.lang.String">C0220806</Value>
</Feature>
<Feature>
  <Name className="java.lang.String">SemanticTypesString</Name>
  <Value className="java.lang.String">[chem]</Value>
</Feature>
<Feature>
  <Name className="java.lang.String">SemanticTypes</Name>
  <Value className="java.util.ArrayList" itemClassName="java.lang.String">chem</Value>
</Feature>
<Feature>
  <Name className="java.lang.String">IsOvermatch</Name>
  <Value className="java.lang.Boolean">false</Value>
</Feature>
<Feature>
  <Name className="java.lang.String">Type</Name>
  <Value className="java.lang.String">Mapping</Value>
</Feature>
<Feature>
  <Name className="java.lang.String">SourcesString</Name>
  <Value className="java.lang.String">[AOD, HL7V3.0, MTH, NCI, SNMI, SNOMEDCT_US]</Value>
</Feature>
<Feature>
  <Name className="java.lang.String">Sources</Name>
  <Value className="java.lang.String">[AOD, HL7V3.0, MTH, NCI, SNMI, SNOMEDCT_US]</Value>
</Feature>
<Feature>
  <Name className="java.lang.String">ConceptName</Name>
  <Value className="java.lang.String">Chemical</Value>
</Feature>
<Feature>
  <Name className="java.lang.String">Score</Name>
  <Value className="java.lang.Integer">-1000</Value>
</Feature>
</Annotation>
<Annotation Id="5963" Type="MetaMap" StartNode="162" EndNode="164">
<Feature>
  <Name className="java.lang.String">IsHead</Name>
  <Value className="java.lang.Boolean">true</Value>
</Feature>
<Feature>
  <Name className="java.lang.String">PreferredName</Name>
  <Value className="java.lang.String">N not otherwise specified Antibody</Value>
</Feature>
<Feature>
  <Name className="java.lang.String">ConceptId</Name>
  <Value className="java.lang.String">C0369718</Value>
</Feature>
<Feature>
  <Name className="java.lang.String">SemanticTypesString</Name>
  <Value className="java.lang.String">[aapp, imft]</Value>
</Feature>
<Feature>
  <Name className="java.lang.String">SemanticTypes</Name>
  <Value className="java.util.ArrayList" itemClassName="java.lang.String">aapp;imft</Value>
</Feature>
<Feature>
  <Name className="java.lang.String">IsOvermatch</Name>
  <Value className="java.lang.Boolean">false</Value>
</Feature>
<Feature>
  <Name className="java.lang.String">Type</Name>
  <Value className="java.lang.String">Mapping</Value>
</Feature>
<Feature>
  <Name className="java.lang.String">SourcesString</Name>
  <Value className="java.lang.String">[LNC, MTH, NLMSubSyn]</Value>
</Feature>
<Feature>
  <Name className="java.lang.String">Sources</Name>
  <Value className="java.lang.String">[LNC, MTH, NLMSubSyn]</Value>
</Feature>
<Feature>
  <Name className="java.lang.String">ConceptName</Name>
  <Value className="java.lang.String">N NOS</Value>
</Feature>
<Feature>
  <Name className="java.lang.String">Score</Name>
  <Value className="java.lang.Integer">-1000</Value>
</Feature>
</Annotation>
<Annotation Id="5962" Type="MetaMap" StartNode="1032" EndNode="1037">
<Feature>
  <Name className="java.lang.String">IsHead</Name>
  <Value className="java.lang.Boolean">true</Value>
</Feature>
<Feature>
  <Name className="java.lang.String">PreferredName</Name>
  <Value className="java.lang.String">Major</Value>
</Feature>
<Feature>
  <Name className="java.lang.String">ConceptId</Name>
  <Value className="java.lang.String">C0205164</Value>
</Feature>
<Feature>
  <Name className="java.lang.String">SemanticTypesString</Name>
  <Value className="java.lang.String">[qlco]</Value>
</Feature>
<Feature>
  <Name className="java.lang.String">SemanticTypes</Name>
  <Value className="java.util.ArrayList" itemClassName="java.lang.String">qlco</Value>
</Feature>
<Feature>
  <Name className="java.lang.String">IsOvermatch</Name>
  <Value className="java.lang.Boolean">false</Value>
</Feature>
<Feature>
  <Name className="java.lang.String">Type</Name>
  <Value className="java.lang.String">Mapping</Value>
</Feature>
<Feature>
  <Name className="java.lang.String">SourcesString</Name>
  <Value className="java.lang.String">[SNOMEDCT_US]</Value>
</Feature>
<Feature>
  <Name className="java.lang.String">Sources</Name>
  <Value className="java.lang.String">[SNOMEDCT_US]</Value>
</Feature>
<Feature>
  <Name className="java.lang.String">ConceptName</Name>
  <Value className="java.lang.String">Major</Value>
</Feature>
<Feature>
  <Name className="java.lang.String">Score</Name>
  <Value className="java.lang.Integer">-1000</Value>
</Feature>
</Annotation>
<Annotation Id="5961" Type="MetaMap" StartNode="44" EndNode="48">
<Feature>
  <Name className="java.lang.String">IsHead</Name>
  <Value className="java.lang.Boolean">true</Value>
</Feature>
<Feature>
  <Name className="java.lang.String">PreferredName</Name>
  <Value className="java.lang.String">Nitrosodipropylamine</Value>
</Feature>
<Feature>
  <Name className="java.lang.String">ConceptId</Name>
  <Value className="java.lang.String">C1709233</Value>
</Feature>
<Feature>
  <Name className="java.lang.String">SemanticTypesString</Name>
  <Value className="java.lang.String">[hops, orch]</Value>
</Feature>
<Feature>
  <Name className="java.lang.String">SemanticTypes</Name>
  <Value className="java.util.ArrayList" itemClassName="java.lang.String">hops;orch</Value>
</Feature>
<Feature>
  <Name className="java.lang.String">IsOvermatch</Name>
  <Value className="java.lang.Boolean">false</Value>
</Feature>
<Feature>
  <Name className="java.lang.String">Type</Name>
  <Value className="java.lang.String">Mapping</Value>
</Feature>
<Feature>
  <Name className="java.lang.String">SourcesString</Name>
  <Value className="java.lang.String">[NCI]</Value>
</Feature>
<Feature>
  <Name className="java.lang.String">Sources</Name>
  <Value className="java.lang.String">[NCI]</Value>
</Feature>
<Feature>
  <Name className="java.lang.String">ConceptName</Name>
  <Value className="java.lang.String">NDPA</Value>
</Feature>
<Feature>
  <Name className="java.lang.String">Score</Name>
  <Value className="java.lang.Integer">-1000</Value>
</Feature>
</Annotation>
<Annotation Id="5960" Type="MetaMap" StartNode="963" EndNode="972">
<Feature>
  <Name className="java.lang.String">IsHead</Name>
  <Value className="java.lang.Boolean">true</Value>
</Feature>
<Feature>
  <Name className="java.lang.String">PreferredName</Name>
  <Value className="java.lang.String">Blast Injuries</Value>
</Feature>
<Feature>
  <Name className="java.lang.String">ConceptId</Name>
  <Value className="java.lang.String">C0005700</Value>
</Feature>
<Feature>
  <Name className="java.lang.String">SemanticTypesString</Name>
  <Value className="java.lang.String">[inpo]</Value>
</Feature>
<Feature>
  <Name className="java.lang.String">SemanticTypes</Name>
  <Value className="java.util.ArrayList" itemClassName="java.lang.String">inpo</Value>
</Feature>
<Feature>
  <Name className="java.lang.String">IsOvermatch</Name>
  <Value className="java.lang.Boolean">false</Value>
</Feature>
<Feature>
  <Name className="java.lang.String">Type</Name>
  <Value className="java.lang.String">Mapping</Value>
</Feature>
<Feature>
  <Name className="java.lang.String">SourcesString</Name>
  <Value className="java.lang.String">[AOD, MTH, NLMSubSyn, SNOMEDCT_US]</Value>
</Feature>
<Feature>
  <Name className="java.lang.String">Sources</Name>
  <Value className="java.lang.String">[AOD, MTH, NLMSubSyn, SNOMEDCT_US]</Value>
</Feature>
<Feature>
  <Name className="java.lang.String">ConceptName</Name>
  <Value className="java.lang.String">explosion</Value>
</Feature>
<Feature>
  <Name className="java.lang.String">Score</Name>
  <Value className="java.lang.Integer">-1000</Value>
</Feature>
</Annotation>
<Annotation Id="5967" Type="MetaMap" StartNode="1712" EndNode="1714">
<Feature>
  <Name className="java.lang.String">IsHead</Name>
  <Value className="java.lang.Boolean">true</Value>
</Feature>
<Feature>
  <Name className="java.lang.String">PreferredName</Name>
  <Value className="java.lang.String">N not otherwise specified Antibody</Value>
</Feature>
<Feature>
  <Name className="java.lang.String">ConceptId</Name>
  <Value className="java.lang.String">C0369718</Value>
</Feature>
<Feature>
  <Name className="java.lang.String">SemanticTypesString</Name>
  <Value className="java.lang.String">[aapp, imft]</Value>
</Feature>
<Feature>
  <Name className="java.lang.String">SemanticTypes</Name>
  <Value className="java.util.ArrayList" itemClassName="java.lang.String">aapp;imft</Value>
</Feature>
<Feature>
  <Name className="java.lang.String">IsOvermatch</Name>
  <Value className="java.lang.Boolean">false</Value>
</Feature>
<Feature>
  <Name className="java.lang.String">Type</Name>
  <Value className="java.lang.String">Mapping</Value>
</Feature>
<Feature>
  <Name className="java.lang.String">SourcesString</Name>
  <Value className="java.lang.String">[LNC, MTH, NLMSubSyn]</Value>
</Feature>
<Feature>
  <Name className="java.lang.String">Sources</Name>
  <Value className="java.lang.String">[LNC, MTH, NLMSubSyn]</Value>
</Feature>
<Feature>
  <Name className="java.lang.String">ConceptName</Name>
  <Value className="java.lang.String">N NOS</Value>
</Feature>
<Feature>
  <Name className="java.lang.String">Score</Name>
  <Value className="java.lang.Integer">-1000</Value>
</Feature>
</Annotation>
<Annotation Id="5966" Type="MetaMap" StartNode="1687" EndNode="1689">
<Feature>
  <Name className="java.lang.String">IsHead</Name>
  <Value className="java.lang.Boolean">true</Value>
</Feature>
<Feature>
  <Name className="java.lang.String">PreferredName</Name>
  <Value className="java.lang.String">N+ (tumor staging)</Value>
</Feature>
<Feature>
  <Name className="java.lang.String">ConceptId</Name>
  <Value className="java.lang.String">C0441922</Value>
</Feature>
<Feature>
  <Name className="java.lang.String">SemanticTypesString</Name>
  <Value className="java.lang.String">[inpr]</Value>
</Feature>
<Feature>
  <Name className="java.lang.String">SemanticTypes</Name>
  <Value className="java.util.ArrayList" itemClassName="java.lang.String">inpr</Value>
</Feature>
<Feature>
  <Name className="java.lang.String">IsOvermatch</Name>
  <Value className="java.lang.Boolean">false</Value>
</Feature>
<Feature>
  <Name className="java.lang.String">Type</Name>
  <Value className="java.lang.String">Mapping</Value>
</Feature>
<Feature>
  <Name className="java.lang.String">SourcesString</Name>
  <Value className="java.lang.String">[SNOMEDCT_US]</Value>
</Feature>
<Feature>
  <Name className="java.lang.String">Sources</Name>
  <Value className="java.lang.String">[SNOMEDCT_US]</Value>
</Feature>
<Feature>
  <Name className="java.lang.String">ConceptName</Name>
  <Value className="java.lang.String">N+</Value>
</Feature>
<Feature>
  <Name className="java.lang.String">Score</Name>
  <Value className="java.lang.Integer">-1000</Value>
</Feature>
</Annotation>
<Annotation Id="5965" Type="MetaMap" StartNode="1687" EndNode="1689">
<Feature>
  <Name className="java.lang.String">IsHead</Name>
  <Value className="java.lang.Boolean">true</Value>
</Feature>
<Feature>
  <Name className="java.lang.String">PreferredName</Name>
  <Value className="java.lang.String">N not otherwise specified Antibody</Value>
</Feature>
<Feature>
  <Name className="java.lang.String">ConceptId</Name>
  <Value className="java.lang.String">C0369718</Value>
</Feature>
<Feature>
  <Name className="java.lang.String">SemanticTypesString</Name>
  <Value className="java.lang.String">[aapp, imft]</Value>
</Feature>
<Feature>
  <Name className="java.lang.String">SemanticTypes</Name>
  <Value className="java.util.ArrayList" itemClassName="java.lang.String">aapp;imft</Value>
</Feature>
<Feature>
  <Name className="java.lang.String">IsOvermatch</Name>
  <Value className="java.lang.Boolean">false</Value>
</Feature>
<Feature>
  <Name className="java.lang.String">Type</Name>
  <Value className="java.lang.String">Mapping</Value>
</Feature>
<Feature>
  <Name className="java.lang.String">SourcesString</Name>
  <Value className="java.lang.String">[LNC, MTH, NLMSubSyn]</Value>
</Feature>
<Feature>
  <Name className="java.lang.String">Sources</Name>
  <Value className="java.lang.String">[LNC, MTH, NLMSubSyn]</Value>
</Feature>
<Feature>
  <Name className="java.lang.String">ConceptName</Name>
  <Value className="java.lang.String">N NOS</Value>
</Feature>
<Feature>
  <Name className="java.lang.String">Score</Name>
  <Value className="java.lang.Integer">-1000</Value>
</Feature>
</Annotation>
<Annotation Id="5964" Type="MetaMap" StartNode="162" EndNode="164">
<Feature>
  <Name className="java.lang.String">IsHead</Name>
  <Value className="java.lang.Boolean">true</Value>
</Feature>
<Feature>
  <Name className="java.lang.String">PreferredName</Name>
  <Value className="java.lang.String">N+ (tumor staging)</Value>
</Feature>
<Feature>
  <Name className="java.lang.String">ConceptId</Name>
  <Value className="java.lang.String">C0441922</Value>
</Feature>
<Feature>
  <Name className="java.lang.String">SemanticTypesString</Name>
  <Value className="java.lang.String">[inpr]</Value>
</Feature>
<Feature>
  <Name className="java.lang.String">SemanticTypes</Name>
  <Value className="java.util.ArrayList" itemClassName="java.lang.String">inpr</Value>
</Feature>
<Feature>
  <Name className="java.lang.String">IsOvermatch</Name>
  <Value className="java.lang.Boolean">false</Value>
</Feature>
<Feature>
  <Name className="java.lang.String">Type</Name>
  <Value className="java.lang.String">Mapping</Value>
</Feature>
<Feature>
  <Name className="java.lang.String">SourcesString</Name>
  <Value className="java.lang.String">[SNOMEDCT_US]</Value>
</Feature>
<Feature>
  <Name className="java.lang.String">Sources</Name>
  <Value className="java.lang.String">[SNOMEDCT_US]</Value>
</Feature>
<Feature>
  <Name className="java.lang.String">ConceptName</Name>
  <Value className="java.lang.String">N+</Value>
</Feature>
<Feature>
  <Name className="java.lang.String">Score</Name>
  <Value className="java.lang.Integer">-1000</Value>
</Feature>
</Annotation>
<Annotation Id="5955" Type="MetaMap" StartNode="951" EndNode="958">
<Feature>
  <Name className="java.lang.String">IsHead</Name>
  <Value className="java.lang.Boolean">true</Value>
</Feature>
<Feature>
  <Name className="java.lang.String">PreferredName</Name>
  <Value className="java.lang.String">control aspects</Value>
</Feature>
<Feature>
  <Name className="java.lang.String">ConceptId</Name>
  <Value className="java.lang.String">C0243148</Value>
</Feature>
<Feature>
  <Name className="java.lang.String">SemanticTypesString</Name>
  <Value className="java.lang.String">[qlco]</Value>
</Feature>
<Feature>
  <Name className="java.lang.String">SemanticTypes</Name>
  <Value className="java.util.ArrayList" itemClassName="java.lang.String">qlco</Value>
</Feature>
<Feature>
  <Name className="java.lang.String">IsOvermatch</Name>
  <Value className="java.lang.Boolean">false</Value>
</Feature>
<Feature>
  <Name className="java.lang.String">Type</Name>
  <Value className="java.lang.String">Mapping</Value>
</Feature>
<Feature>
  <Name className="java.lang.String">SourcesString</Name>
  <Value className="java.lang.String">[MSH, MTH]</Value>
</Feature>
<Feature>
  <Name className="java.lang.String">Sources</Name>
  <Value className="java.lang.String">[MSH, MTH]</Value>
</Feature>
<Feature>
  <Name className="java.lang.String">ConceptName</Name>
  <Value className="java.lang.String">control</Value>
</Feature>
<Feature>
  <Name className="java.lang.String">Score</Name>
  <Value className="java.lang.Integer">-1000</Value>
</Feature>
</Annotation>
<Annotation Id="5954" Type="MetaMap" StartNode="951" EndNode="958">
<Feature>
  <Name className="java.lang.String">IsHead</Name>
  <Value className="java.lang.Boolean">true</Value>
</Feature>
<Feature>
  <Name className="java.lang.String">PreferredName</Name>
  <Value className="java.lang.String">Scientific Control</Value>
</Feature>
<Feature>
  <Name className="java.lang.String">ConceptId</Name>
  <Value className="java.lang.String">C1882979</Value>
</Feature>
<Feature>
  <Name className="java.lang.String">SemanticTypesString</Name>
  <Value className="java.lang.String">[cnce]</Value>
</Feature>
<Feature>
  <Name className="java.lang.String">SemanticTypes</Name>
  <Value className="java.util.ArrayList" itemClassName="java.lang.String">cnce</Value>
</Feature>
<Feature>
  <Name className="java.lang.String">IsOvermatch</Name>
  <Value className="java.lang.Boolean">false</Value>
</Feature>
<Feature>
  <Name className="java.lang.String">Type</Name>
  <Value className="java.lang.String">Mapping</Value>
</Feature>
<Feature>
  <Name className="java.lang.String">SourcesString</Name>
  <Value className="java.lang.String">[MTH, NCI]</Value>
</Feature>
<Feature>
  <Name className="java.lang.String">Sources</Name>
  <Value className="java.lang.String">[MTH, NCI]</Value>
</Feature>
<Feature>
  <Name className="java.lang.String">ConceptName</Name>
  <Value className="java.lang.String">Control</Value>
</Feature>
<Feature>
  <Name className="java.lang.String">Score</Name>
  <Value className="java.lang.Integer">-1000</Value>
</Feature>
</Annotation>
<Annotation Id="5953" Type="MetaMap" StartNode="951" EndNode="958">
<Feature>
  <Name className="java.lang.String">IsHead</Name>
  <Value className="java.lang.Boolean">true</Value>
</Feature>
<Feature>
  <Name className="java.lang.String">PreferredName</Name>
  <Value className="java.lang.String">control substance</Value>
</Feature>
<Feature>
  <Name className="java.lang.String">ConceptId</Name>
  <Value className="java.lang.String">C1550141</Value>
</Feature>
<Feature>
  <Name className="java.lang.String">SemanticTypesString</Name>
  <Value className="java.lang.String">[sbst]</Value>
</Feature>
<Feature>
  <Name className="java.lang.String">SemanticTypes</Name>
  <Value className="java.util.ArrayList" itemClassName="java.lang.String">sbst</Value>
</Feature>
<Feature>
  <Name className="java.lang.String">IsOvermatch</Name>
  <Value className="java.lang.Boolean">false</Value>
</Feature>
<Feature>
  <Name className="java.lang.String">Type</Name>
  <Value className="java.lang.String">Mapping</Value>
</Feature>
<Feature>
  <Name className="java.lang.String">SourcesString</Name>
  <Value className="java.lang.String">[HL7V2.5, MTH]</Value>
</Feature>
<Feature>
  <Name className="java.lang.String">Sources</Name>
  <Value className="java.lang.String">[HL7V2.5, MTH]</Value>
</Feature>
<Feature>
  <Name className="java.lang.String">ConceptName</Name>
  <Value className="java.lang.String">Control</Value>
</Feature>
<Feature>
  <Name className="java.lang.String">Score</Name>
  <Value className="java.lang.Integer">-1000</Value>
</Feature>
</Annotation>
<Annotation Id="5952" Type="MetaMap" StartNode="951" EndNode="958">
<Feature>
  <Name className="java.lang.String">IsHead</Name>
  <Value className="java.lang.Boolean">true</Value>
</Feature>
<Feature>
  <Name className="java.lang.String">PreferredName</Name>
  <Value className="java.lang.String">True Control Status</Value>
</Feature>
<Feature>
  <Name className="java.lang.String">ConceptId</Name>
  <Value className="java.lang.String">C3274648</Value>
</Feature>
<Feature>
  <Name className="java.lang.String">SemanticTypesString</Name>
  <Value className="java.lang.String">[qlco]</Value>
</Feature>
<Feature>
  <Name className="java.lang.String">SemanticTypes</Name>
  <Value className="java.util.ArrayList" itemClassName="java.lang.String">qlco</Value>
</Feature>
<Feature>
  <Name className="java.lang.String">IsOvermatch</Name>
  <Value className="java.lang.Boolean">false</Value>
</Feature>
<Feature>
  <Name className="java.lang.String">Type</Name>
  <Value className="java.lang.String">Mapping</Value>
</Feature>
<Feature>
  <Name className="java.lang.String">SourcesString</Name>
  <Value className="java.lang.String">[MTH, NCI]</Value>
</Feature>
<Feature>
  <Name className="java.lang.String">Sources</Name>
  <Value className="java.lang.String">[MTH, NCI]</Value>
</Feature>
<Feature>
  <Name className="java.lang.String">ConceptName</Name>
  <Value className="java.lang.String">Control</Value>
</Feature>
<Feature>
  <Name className="java.lang.String">Score</Name>
  <Value className="java.lang.Integer">-1000</Value>
</Feature>
</Annotation>
<Annotation Id="5959" Type="MetaMap" StartNode="963" EndNode="972">
<Feature>
  <Name className="java.lang.String">IsHead</Name>
  <Value className="java.lang.Boolean">true</Value>
</Feature>
<Feature>
  <Name className="java.lang.String">PreferredName</Name>
  <Value className="java.lang.String">Explosion</Value>
</Feature>
<Feature>
  <Name className="java.lang.String">ConceptId</Name>
  <Value className="java.lang.String">C0015329</Value>
</Feature>
<Feature>
  <Name className="java.lang.String">SemanticTypesString</Name>
  <Value className="java.lang.String">[phpr]</Value>
</Feature>
<Feature>
  <Name className="java.lang.String">SemanticTypes</Name>
  <Value className="java.util.ArrayList" itemClassName="java.lang.String">phpr</Value>
</Feature>
<Feature>
  <Name className="java.lang.String">IsOvermatch</Name>
  <Value className="java.lang.Boolean">false</Value>
</Feature>
<Feature>
  <Name className="java.lang.String">Type</Name>
  <Value className="java.lang.String">Mapping</Value>
</Feature>
<Feature>
  <Name className="java.lang.String">SourcesString</Name>
  <Value className="java.lang.String">[MSH, MTH]</Value>
</Feature>
<Feature>
  <Name className="java.lang.String">Sources</Name>
  <Value className="java.lang.String">[MSH, MTH]</Value>
</Feature>
<Feature>
  <Name className="java.lang.String">ConceptName</Name>
  <Value className="java.lang.String">Explosion</Value>
</Feature>
<Feature>
  <Name className="java.lang.String">Score</Name>
  <Value className="java.lang.Integer">-1000</Value>
</Feature>
</Annotation>
<Annotation Id="6008" Type="LookupList" StartNode="991" EndNode="997">
<Feature>
  <Name className="java.lang.String">cuis</Name>
  <Value className="java.util.HashSet" itemClassName="java.lang.String">C0017951;C0017945</Value>
</Feature>
<Feature>
  <Name className="java.lang.String">lookups</Name>
  <Value className="java.util.HashSet" itemClassName="java.lang.Integer">6149;6150;5817;5816</Value>
</Feature>
</Annotation>
<Annotation Id="6009" Type="LookupList" StartNode="44" EndNode="48">
<Feature>
  <Name className="java.lang.String">cuis</Name>
  <Value className="java.util.HashSet" itemClassName="java.lang.String">C1709233</Value>
</Feature>
<Feature>
  <Name className="java.lang.String">lookups</Name>
  <Value className="java.util.HashSet" itemClassName="java.lang.Integer">5961;6151;6152</Value>
</Feature>
</Annotation>
<Annotation Id="6010" Type="LookupList" StartNode="1038" EndNode="1042">
<Feature>
  <Name className="java.lang.String">cuis</Name>
  <Value className="java.util.HashSet" itemClassName="java.lang.String">C0035820;C1705810</Value>
</Feature>
<Feature>
  <Name className="java.lang.String">lookups</Name>
  <Value className="java.util.HashSet" itemClassName="java.lang.Integer">6153;6154;5819;5818</Value>
</Feature>
</Annotation>
<Annotation Id="6011" Type="LookupList" StartNode="395" EndNode="401">
<Feature>
  <Name className="java.lang.String">cuis</Name>
  <Value className="java.util.HashSet" itemClassName="java.lang.String">C0991509</Value>
</Feature>
<Feature>
  <Name className="java.lang.String">lookups</Name>
  <Value className="java.util.HashSet" itemClassName="java.lang.Integer">5757;6155;6156</Value>
</Feature>
</Annotation>
<Annotation Id="6012" Type="LookupList" StartNode="1758" EndNode="1768">
<Feature>
  <Name className="java.lang.String">cuis</Name>
  <Value className="java.util.HashSet" itemClassName="java.lang.String">C1514811;C1706462</Value>
</Feature>
<Feature>
  <Name className="java.lang.String">lookups</Name>
  <Value className="java.util.HashSet" itemClassName="java.lang.Integer">5875;5874;6157;6158</Value>
</Feature>
</Annotation>
<Annotation Id="6013" Type="LookupList" StartNode="1305" EndNode="1314">
<Feature>
  <Name className="java.lang.String">cuis</Name>
  <Value className="java.util.HashSet" itemClassName="java.lang.String">C0443149</Value>
</Feature>
<Feature>
  <Name className="java.lang.String">lookups</Name>
  <Value className="java.util.HashSet" itemClassName="java.lang.Integer">6160;6159;5838</Value>
</Feature>
</Annotation>
<Annotation Id="6014" Type="LookupList" StartNode="1447" EndNode="1456">
<Feature>
  <Name className="java.lang.String">cuis</Name>
  <Value className="java.util.HashSet" itemClassName="java.lang.String">C0442805;C0205217</Value>
</Feature>
<Feature>
  <Name className="java.lang.String">lookups</Name>
  <Value className="java.util.HashSet" itemClassName="java.lang.Integer">6161;6162;5856;5855</Value>
</Feature>
</Annotation>
<Annotation Id="6015" Type="LookupList" StartNode="1562" EndNode="1572">
<Feature>
  <Name className="java.lang.String">cuis</Name>
  <Value className="java.util.HashSet" itemClassName="java.lang.String">C1550603;C0920880;C1705532</Value>
</Feature>
<Feature>
  <Name className="java.lang.String">lookups</Name>
  <Value className="java.util.HashSet" itemClassName="java.lang.Integer">6163;6164;5893;5892;5891</Value>
</Feature>
</Annotation>
<Annotation Id="6000" Type="LookupList" StartNode="1331" EndNode="1337">
<Feature>
  <Name className="java.lang.String">cuis</Name>
  <Value className="java.util.HashSet" itemClassName="java.lang.String">C1265611</Value>
</Feature>
<Feature>
  <Name className="java.lang.String">lookups</Name>
  <Value className="java.util.HashSet" itemClassName="java.lang.Integer">5901;6165;6166</Value>
</Feature>
</Annotation>
<Annotation Id="6001" Type="LookupList" StartNode="1148" EndNode="1154">
<Feature>
  <Name className="java.lang.String">cuis</Name>
  <Value className="java.util.HashSet" itemClassName="java.lang.String">C0014898</Value>
</Feature>
<Feature>
  <Name className="java.lang.String">lookups</Name>
  <Value className="java.util.HashSet" itemClassName="java.lang.Integer">6167;6168;5969</Value>
</Feature>
</Annotation>
<Annotation Id="6002" Type="LookupList" StartNode="1545" EndNode="1554">
<Feature>
  <Name className="java.lang.String">cuis</Name>
  <Value className="java.util.HashSet" itemClassName="java.lang.String">C0333668</Value>
</Feature>
<Feature>
  <Name className="java.lang.String">lookups</Name>
  <Value className="java.util.HashSet" itemClassName="java.lang.Integer">5863;6169;6170</Value>
</Feature>
</Annotation>
<Annotation Id="6003" Type="LookupList" StartNode="1645" EndNode="1652">
<Feature>
  <Name className="java.lang.String">cuis</Name>
  <Value className="java.util.HashSet" itemClassName="java.lang.String">C2348205</Value>
</Feature>
<Feature>
  <Name className="java.lang.String">lookups</Name>
  <Value className="java.util.HashSet" itemClassName="java.lang.Integer">6171;6172;5870</Value>
</Feature>
</Annotation>
<Annotation Id="6004" Type="LookupList" StartNode="1083" EndNode="1091">
<Feature>
  <Name className="java.lang.String">cuis</Name>
  <Value className="java.util.HashSet" itemClassName="java.lang.String">C1550581;C0028158</Value>
</Feature>
<Feature>
  <Name className="java.lang.String">lookups</Name>
  <Value className="java.util.HashSet" itemClassName="java.lang.Integer">5824;5823;6173;6174</Value>
</Feature>
</Annotation>
<Annotation Id="6005" Type="LookupList" StartNode="1653" EndNode="1659">
<Feature>
  <Name className="java.lang.String">cuis</Name>
  <Value className="java.util.HashSet" itemClassName="java.lang.String">C0349590;C1262865</Value>
</Feature>
<Feature>
  <Name className="java.lang.String">lookups</Name>
  <Value className="java.util.HashSet" itemClassName="java.lang.Integer">6176;5872;5871;6175</Value>
</Feature>
</Annotation>
<Annotation Id="6006" Type="LookupList" StartNode="1818" EndNode="1820">
<Feature>
  <Name className="java.lang.String">cuis</Name>
  <Value className="java.util.HashSet" itemClassName="java.lang.String">C0011198;C3541240;C0017480</Value>
</Feature>
<Feature>
  <Name className="java.lang.String">lookups</Name>
  <Value className="java.util.HashSet" itemClassName="java.lang.Integer">6178;6177;5883;5882;5884</Value>
</Feature>
</Annotation>
<Annotation Id="6007" Type="LookupList" StartNode="1376" EndNode="1385">
<Feature>
  <Name className="java.lang.String">cuis</Name>
  <Value className="java.util.HashSet" itemClassName="java.lang.String">C1527428</Value>
</Feature>
<Feature>
  <Name className="java.lang.String">lookups</Name>
  <Value className="java.util.HashSet" itemClassName="java.lang.Integer">6179;6180;5846</Value>
</Feature>
</Annotation>
<Annotation Id="5993" Type="LookupList" StartNode="586" EndNode="597">
<Feature>
  <Name className="java.lang.String">cuis</Name>
  <Value className="java.util.HashSet" itemClassName="java.lang.String">C0599677</Value>
</Feature>
<Feature>
  <Name className="java.lang.String">lookups</Name>
  <Value className="java.util.HashSet" itemClassName="java.lang.Integer">6182;6181;5775</Value>
</Feature>
</Annotation>
<Annotation Id="5992" Type="LookupList" StartNode="217" EndNode="225">
<Feature>
  <Name className="java.lang.String">cuis</Name>
  <Value className="java.util.HashSet" itemClassName="java.lang.String">C1328815;C0699857;C0028125</Value>
</Feature>
<Feature>
  <Name className="java.lang.String">lookups</Name>
  <Value className="java.util.HashSet" itemClassName="java.lang.Integer">6183;5731;6184;5733;5732</Value>
</Feature>
</Annotation>
<Annotation Id="5995" Type="LookupList" StartNode="196" EndNode="203">
<Feature>
  <Name className="java.lang.String">cuis</Name>
  <Value className="java.util.HashSet" itemClassName="java.lang.String">C0747055</Value>
</Feature>
<Feature>
  <Name className="java.lang.String">lookups</Name>
  <Value className="java.util.HashSet" itemClassName="java.lang.Integer">6186;6185;5728</Value>
</Feature>
</Annotation>
<Annotation Id="5994" Type="LookupList" StartNode="1092" EndNode="1098">
<Feature>
  <Name className="java.lang.String">cuis</Name>
  <Value className="java.util.HashSet" itemClassName="java.lang.String">C0030015</Value>
</Feature>
<Feature>
  <Name className="java.lang.String">lookups</Name>
  <Value className="java.util.HashSet" itemClassName="java.lang.Integer">5825;6187;6188</Value>
</Feature>
</Annotation>
<Annotation Id="5997" Type="LookupList" StartNode="1687" EndNode="1689">
<Feature>
  <Name className="java.lang.String">cuis</Name>
  <Value className="java.util.HashSet" itemClassName="java.lang.String">C0441922;C0369718</Value>
</Feature>
<Feature>
  <Name className="java.lang.String">lookups</Name>
  <Value className="java.util.HashSet" itemClassName="java.lang.Integer">5966;5965;6190;6189</Value>
</Feature>
</Annotation>
<Annotation Id="5996" Type="LookupList" StartNode="825" EndNode="834">
<Feature>
  <Name className="java.lang.String">cuis</Name>
  <Value className="java.util.HashSet" itemClassName="java.lang.String">C0220781;C1883254</Value>
</Feature>
<Feature>
  <Name className="java.lang.String">lookups</Name>
  <Value className="java.util.HashSet" itemClassName="java.lang.Integer">5798;6192;5797;6191</Value>
</Feature>
</Annotation>
<Annotation Id="5999" Type="LookupList" StartNode="1292" EndNode="1302">
<Feature>
  <Name className="java.lang.String">cuis</Name>
  <Value className="java.util.HashSet" itemClassName="java.lang.String">C0599677</Value>
</Feature>
<Feature>
  <Name className="java.lang.String">lookups</Name>
  <Value className="java.util.HashSet" itemClassName="java.lang.Integer">6194;6193;5836</Value>
</Feature>
</Annotation>
<Annotation Id="5998" Type="LookupList" StartNode="1792" EndNode="1803">
<Feature>
  <Name className="java.lang.String">cuis</Name>
  <Value className="java.util.HashSet" itemClassName="java.lang.String">C1533716</Value>
</Feature>
<Feature>
  <Name className="java.lang.String">lookups</Name>
  <Value className="java.util.HashSet" itemClassName="java.lang.Integer">6195;6196;5881</Value>
</Feature>
</Annotation>
<Annotation Id="5989" Type="LookupList" StartNode="1769" EndNode="1777">
<Feature>
  <Name className="java.lang.String">cuis</Name>
  <Value className="java.util.HashSet" itemClassName="java.lang.String">C0205101</Value>
</Feature>
<Feature>
  <Name className="java.lang.String">lookups</Name>
  <Value className="java.util.HashSet" itemClassName="java.lang.Integer">6198;6197;5876</Value>
</Feature>
</Annotation>
<Annotation Id="5988" Type="MetaMap" StartNode="1742" EndNode="1755">
<Feature>
  <Name className="java.lang.String">IsHead</Name>
  <Value className="java.lang.Boolean">true</Value>
</Feature>
<Feature>
  <Name className="java.lang.String">PreferredName</Name>
  <Value className="java.lang.String">Diphenylamine</Value>
</Feature>
<Feature>
  <Name className="java.lang.String">ConceptId</Name>
  <Value className="java.lang.String">C0012528</Value>
</Feature>
<Feature>
  <Name className="java.lang.String">SemanticTypesString</Name>
  <Value className="java.lang.String">[orch, phsu]</Value>
</Feature>
<Feature>
  <Name className="java.lang.String">SemanticTypes</Name>
  <Value className="java.util.ArrayList" itemClassName="java.lang.String">orch;phsu</Value>
</Feature>
<Feature>
  <Name className="java.lang.String">IsOvermatch</Name>
  <Value className="java.lang.Boolean">false</Value>
</Feature>
<Feature>
  <Name className="java.lang.String">Type</Name>
  <Value className="java.lang.String">Mapping</Value>
</Feature>
<Feature>
  <Name className="java.lang.String">SourcesString</Name>
  <Value className="java.lang.String">[MSH]</Value>
</Feature>
<Feature>
  <Name className="java.lang.String">Sources</Name>
  <Value className="java.lang.String">[MSH]</Value>
</Feature>
<Feature>
  <Name className="java.lang.String">ConceptName</Name>
  <Value className="java.lang.String">Diphenylamine</Value>
</Feature>
<Feature>
  <Name className="java.lang.String">Score</Name>
  <Value className="java.lang.Integer">-1000</Value>
</Feature>
</Annotation>
<Annotation Id="5991" Type="LookupList" StartNode="353" EndNode="356">
<Feature>
  <Name className="java.lang.String">cuis</Name>
  <Value className="java.util.HashSet" itemClassName="java.lang.String">C0332575;C1260956</Value>
</Feature>
<Feature>
  <Name className="java.lang.String">lookups</Name>
  <Value className="java.util.HashSet" itemClassName="java.lang.Integer">6199;6200;5748;5749</Value>
</Feature>
</Annotation>
<Annotation Id="5990" Type="LookupList" StartNode="900" EndNode="907">
<Feature>
  <Name className="java.lang.String">cuis</Name>
  <Value className="java.util.HashSet" itemClassName="java.lang.String">C0243148;C3274648;C2587213;C1550141;C1882979</Value>
</Feature>
<Feature>
  <Name className="java.lang.String">lookups</Name>
  <Value className="java.util.HashSet" itemClassName="java.lang.Integer">6202;5806;5807;5804;6201;5805;5803</Value>
</Feature>
</Annotation>
<Annotation Id="5906" Type="MetaMap" StartNode="456" EndNode="461">
<Feature>
  <Name className="java.lang.String">IsHead</Name>
  <Value className="java.lang.Boolean">true</Value>
</Feature>
<Feature>
  <Name className="java.lang.String">PreferredName</Name>
  <Value className="java.lang.String">Point Name</Value>
</Feature>
<Feature>
  <Name className="java.lang.String">ConceptId</Name>
  <Value className="java.lang.String">C2347617</Value>
</Feature>
<Feature>
  <Name className="java.lang.String">SemanticTypesString</Name>
  <Value className="java.lang.String">[qnco]</Value>
</Feature>
<Feature>
  <Name className="java.lang.String">SemanticTypes</Name>
  <Value className="java.util.ArrayList" itemClassName="java.lang.String">qnco</Value>
</Feature>
<Feature>
  <Name className="java.lang.String">IsOvermatch</Name>
  <Value className="java.lang.Boolean">false</Value>
</Feature>
<Feature>
  <Name className="java.lang.String">Type</Name>
  <Value className="java.lang.String">Mapping</Value>
</Feature>
<Feature>
  <Name className="java.lang.String">SourcesString</Name>
  <Value className="java.lang.String">[MTH, NCI]</Value>
</Feature>
<Feature>
  <Name className="java.lang.String">Sources</Name>
  <Value className="java.lang.String">[MTH, NCI]</Value>
</Feature>
<Feature>
  <Name className="java.lang.String">ConceptName</Name>
  <Value className="java.lang.String">point</Value>
</Feature>
<Feature>
  <Name className="java.lang.String">Score</Name>
  <Value className="java.lang.Integer">-1000</Value>
</Feature>
</Annotation>
<Annotation Id="5904" Type="MetaMap" StartNode="685" EndNode="690">
<Feature>
  <Name className="java.lang.String">IsHead</Name>
  <Value className="java.lang.Boolean">true</Value>
</Feature>
<Feature>
  <Name className="java.lang.String">PreferredName</Name>
  <Value className="java.lang.String">Solid</Value>
</Feature>
<Feature>
  <Name className="java.lang.String">ConceptId</Name>
  <Value className="java.lang.String">C0205208</Value>
</Feature>
<Feature>
  <Name className="java.lang.String">SemanticTypesString</Name>
  <Value className="java.lang.String">[qlco]</Value>
</Feature>
<Feature>
  <Name className="java.lang.String">SemanticTypes</Name>
  <Value className="java.util.ArrayList" itemClassName="java.lang.String">qlco</Value>
</Feature>
<Feature>
  <Name className="java.lang.String">IsOvermatch</Name>
  <Value className="java.lang.Boolean">false</Value>
</Feature>
<Feature>
  <Name className="java.lang.String">Type</Name>
  <Value className="java.lang.String">Mapping</Value>
</Feature>
<Feature>
  <Name className="java.lang.String">SourcesString</Name>
  <Value className="java.lang.String">[CHV, MTH, SNOMEDCT_US]</Value>
</Feature>
<Feature>
  <Name className="java.lang.String">Sources</Name>
  <Value className="java.lang.String">[CHV, MTH, SNOMEDCT_US]</Value>
</Feature>
<Feature>
  <Name className="java.lang.String">ConceptName</Name>
  <Value className="java.lang.String">Solid</Value>
</Feature>
<Feature>
  <Name className="java.lang.String">Score</Name>
  <Value className="java.lang.Integer">-1000</Value>
</Feature>
</Annotation>
<Annotation Id="5905" Type="MetaMap" StartNode="456" EndNode="461">
<Feature>
  <Name className="java.lang.String">IsHead</Name>
  <Value className="java.lang.Boolean">true</Value>
</Feature>
<Feature>
  <Name className="java.lang.String">PreferredName</Name>
  <Value className="java.lang.String">point - UnitsOfMeasure</Value>
</Feature>
<Feature>
  <Name className="java.lang.String">ConceptId</Name>
  <Value className="java.lang.String">C1552961</Value>
</Feature>
<Feature>
  <Name className="java.lang.String">SemanticTypesString</Name>
  <Value className="java.lang.String">[qnco]</Value>
</Feature>
<Feature>
  <Name className="java.lang.String">SemanticTypes</Name>
  <Value className="java.util.ArrayList" itemClassName="java.lang.String">qnco</Value>
</Feature>
<Feature>
  <Name className="java.lang.String">IsOvermatch</Name>
  <Value className="java.lang.Boolean">false</Value>
</Feature>
<Feature>
  <Name className="java.lang.String">Type</Name>
  <Value className="java.lang.String">Mapping</Value>
</Feature>
<Feature>
  <Name className="java.lang.String">SourcesString</Name>
  <Value className="java.lang.String">[FMA, MTH]</Value>
</Feature>
<Feature>
  <Name className="java.lang.String">Sources</Name>
  <Value className="java.lang.String">[FMA, MTH]</Value>
</Feature>
<Feature>
  <Name className="java.lang.String">ConceptName</Name>
  <Value className="java.lang.String">Point</Value>
</Feature>
<Feature>
  <Name className="java.lang.String">Score</Name>
  <Value className="java.lang.Integer">-1000</Value>
</Feature>
</Annotation>
<Annotation Id="5903" Type="MetaMap" StartNode="685" EndNode="690">
<Feature>
  <Name className="java.lang.String">IsHead</Name>
  <Value className="java.lang.Boolean">true</Value>
</Feature>
<Feature>
  <Name className="java.lang.String">PreferredName</Name>
  <Value className="java.lang.String">Solid Dose Form</Value>
</Feature>
<Feature>
  <Name className="java.lang.String">ConceptId</Name>
  <Value className="java.lang.String">C1378566</Value>
</Feature>
<Feature>
  <Name className="java.lang.String">SemanticTypesString</Name>
  <Value className="java.lang.String">[bodm]</Value>
</Feature>
<Feature>
  <Name className="java.lang.String">SemanticTypes</Name>
  <Value className="java.util.ArrayList" itemClassName="java.lang.String">bodm</Value>
</Feature>
<Feature>
  <Name className="java.lang.String">IsOvermatch</Name>
  <Value className="java.lang.Boolean">false</Value>
</Feature>
<Feature>
  <Name className="java.lang.String">Type</Name>
  <Value className="java.lang.String">Mapping</Value>
</Feature>
<Feature>
  <Name className="java.lang.String">SourcesString</Name>
  <Value className="java.lang.String">[MTH, NCI, NLMSubSyn, RXNORM]</Value>
</Feature>
<Feature>
  <Name className="java.lang.String">Sources</Name>
  <Value className="java.lang.String">[MTH, NCI, NLMSubSyn, RXNORM]</Value>
</Feature>
<Feature>
  <Name className="java.lang.String">ConceptName</Name>
  <Value className="java.lang.String">Solid</Value>
</Feature>
<Feature>
  <Name className="java.lang.String">Score</Name>
  <Value className="java.lang.Integer">-1000</Value>
</Feature>
</Annotation>
<Annotation Id="5902" Type="MetaMap" StartNode="685" EndNode="690">
<Feature>
  <Name className="java.lang.String">IsHead</Name>
  <Value className="java.lang.Boolean">true</Value>
</Feature>
<Feature>
  <Name className="java.lang.String">PreferredName</Name>
  <Value className="java.lang.String">solid substance</Value>
</Feature>
<Feature>
  <Name className="java.lang.String">ConceptId</Name>
  <Value className="java.lang.String">C0302909</Value>
</Feature>
<Feature>
  <Name className="java.lang.String">SemanticTypesString</Name>
  <Value className="java.lang.String">[sbst]</Value>
</Feature>
<Feature>
  <Name className="java.lang.String">SemanticTypes</Name>
  <Value className="java.util.ArrayList" itemClassName="java.lang.String">sbst</Value>
</Feature>
<Feature>
  <Name className="java.lang.String">IsOvermatch</Name>
  <Value className="java.lang.Boolean">false</Value>
</Feature>
<Feature>
  <Name className="java.lang.String">Type</Name>
  <Value className="java.lang.String">Mapping</Value>
</Feature>
<Feature>
  <Name className="java.lang.String">SourcesString</Name>
  <Value className="java.lang.String">[CHV, MTH, SNOMEDCT_US]</Value>
</Feature>
<Feature>
  <Name className="java.lang.String">Sources</Name>
  <Value className="java.lang.String">[CHV, MTH, SNOMEDCT_US]</Value>
</Feature>
<Feature>
  <Name className="java.lang.String">ConceptName</Name>
  <Value className="java.lang.String">Solid</Value>
</Feature>
<Feature>
  <Name className="java.lang.String">Score</Name>
  <Value className="java.lang.Integer">-1000</Value>
</Feature>
</Annotation>
<Annotation Id="5901" Type="MetaMap" StartNode="1331" EndNode="1337">
<Feature>
  <Name className="java.lang.String">IsHead</Name>
  <Value className="java.lang.Boolean">true</Value>
</Feature>
<Feature>
  <Name className="java.lang.String">PreferredName</Name>
  <Value className="java.lang.String">Quantity</Value>
</Feature>
<Feature>
  <Name className="java.lang.String">ConceptId</Name>
  <Value className="java.lang.String">C1265611</Value>
</Feature>
<Feature>
  <Name className="java.lang.String">SemanticTypesString</Name>
  <Value className="java.lang.String">[qnco]</Value>
</Feature>
<Feature>
  <Name className="java.lang.String">SemanticTypes</Name>
  <Value className="java.util.ArrayList" itemClassName="java.lang.String">qnco</Value>
</Feature>
<Feature>
  <Name className="java.lang.String">IsOvermatch</Name>
  <Value className="java.lang.Boolean">false</Value>
</Feature>
<Feature>
  <Name className="java.lang.String">Type</Name>
  <Value className="java.lang.String">Mapping</Value>
</Feature>
<Feature>
  <Name className="java.lang.String">SourcesString</Name>
  <Value className="java.lang.String">[CHV, MTH, NCI, SNMI, SNOMEDCT_US]</Value>
</Feature>
<Feature>
  <Name className="java.lang.String">Sources</Name>
  <Value className="java.lang.String">[CHV, MTH, NCI, SNMI, SNOMEDCT_US]</Value>
</Feature>
<Feature>
  <Name className="java.lang.String">ConceptName</Name>
  <Value className="java.lang.String">Amount</Value>
</Feature>
<Feature>
  <Name className="java.lang.String">Score</Name>
  <Value className="java.lang.Integer">-1000</Value>
</Feature>
</Annotation>
<Annotation Id="5898" Type="MetaMap" StartNode="874" EndNode="884">
<Feature>
  <Name className="java.lang.String">IsHead</Name>
  <Value className="java.lang.Boolean">true</Value>
</Feature>
<Feature>
  <Name className="java.lang.String">PreferredName</Name>
  <Value className="java.lang.String">Explosive Agents</Value>
</Feature>
<Feature>
  <Name className="java.lang.String">ConceptId</Name>
  <Value className="java.lang.String">C1721090</Value>
</Feature>
<Feature>
  <Name className="java.lang.String">SemanticTypesString</Name>
  <Value className="java.lang.String">[chvf]</Value>
</Feature>
<Feature>
  <Name className="java.lang.String">SemanticTypes</Name>
  <Value className="java.util.ArrayList" itemClassName="java.lang.String">chvf</Value>
</Feature>
<Feature>
  <Name className="java.lang.String">IsOvermatch</Name>
  <Value className="java.lang.Boolean">false</Value>
</Feature>
<Feature>
  <Name className="java.lang.String">Type</Name>
  <Value className="java.lang.String">Mapping</Value>
</Feature>
<Feature>
  <Name className="java.lang.String">SourcesString</Name>
  <Value className="java.lang.String">[MSH, MTH]</Value>
</Feature>
<Feature>
  <Name className="java.lang.String">Sources</Name>
  <Value className="java.lang.String">[MSH, MTH]</Value>
</Feature>
<Feature>
  <Name className="java.lang.String">ConceptName</Name>
  <Value className="java.lang.String">Explosives</Value>
</Feature>
<Feature>
  <Name className="java.lang.String">Score</Name>
  <Value className="java.lang.Integer">-1000</Value>
</Feature>
</Annotation>
<Annotation Id="5897" Type="MetaMap" StartNode="874" EndNode="884">
<Feature>
  <Name className="java.lang.String">IsHead</Name>
  <Value className="java.lang.Boolean">true</Value>
</Feature>
<Feature>
  <Name className="java.lang.String">PreferredName</Name>
  <Value className="java.lang.String">Explosive device</Value>
</Feature>
<Feature>
  <Name className="java.lang.String">ConceptId</Name>
  <Value className="java.lang.String">C0015330</Value>
</Feature>
<Feature>
  <Name className="java.lang.String">SemanticTypesString</Name>
  <Value className="java.lang.String">[mnob]</Value>
</Feature>
<Feature>
  <Name className="java.lang.String">SemanticTypes</Name>
  <Value className="java.util.ArrayList" itemClassName="java.lang.String">mnob</Value>
</Feature>
<Feature>
  <Name className="java.lang.String">IsOvermatch</Name>
  <Value className="java.lang.Boolean">false</Value>
</Feature>
<Feature>
  <Name className="java.lang.String">Type</Name>
  <Value className="java.lang.String">Mapping</Value>
</Feature>
<Feature>
  <Name className="java.lang.String">SourcesString</Name>
  <Value className="java.lang.String">[CHV, MTH, SNMI, SNOMEDCT_US]</Value>
</Feature>
<Feature>
  <Name className="java.lang.String">Sources</Name>
  <Value className="java.lang.String">[CHV, MTH, SNMI, SNOMEDCT_US]</Value>
</Feature>
<Feature>
  <Name className="java.lang.String">ConceptName</Name>
  <Value className="java.lang.String">explosives</Value>
</Feature>
<Feature>
  <Name className="java.lang.String">Score</Name>
  <Value className="java.lang.Integer">-1000</Value>
</Feature>
</Annotation>
<Annotation Id="5896" Type="MetaMap" StartNode="670" EndNode="681">
<Feature>
  <Name className="java.lang.String">IsHead</Name>
  <Value className="java.lang.Boolean">true</Value>
</Feature>
<Feature>
  <Name className="java.lang.String">PreferredName</Name>
  <Value className="java.lang.String">propellant</Value>
</Feature>
<Feature>
  <Name className="java.lang.String">ConceptId</Name>
  <Value className="java.lang.String">C0599677</Value>
</Feature>
<Feature>
  <Name className="java.lang.String">SemanticTypesString</Name>
  <Value className="java.lang.String">[chvf]</Value>
</Feature>
<Feature>
  <Name className="java.lang.String">SemanticTypes</Name>
  <Value className="java.util.ArrayList" itemClassName="java.lang.String">chvf</Value>
</Feature>
<Feature>
  <Name className="java.lang.String">IsOvermatch</Name>
  <Value className="java.lang.Boolean">false</Value>
</Feature>
<Feature>
  <Name className="java.lang.String">Type</Name>
  <Value className="java.lang.String">Mapping</Value>
</Feature>
<Feature>
  <Name className="java.lang.String">SourcesString</Name>
  <Value className="java.lang.String">[CHV, CSP]</Value>
</Feature>
<Feature>
  <Name className="java.lang.String">Sources</Name>
  <Value className="java.lang.String">[CHV, CSP]</Value>
</Feature>
<Feature>
  <Name className="java.lang.String">ConceptName</Name>
  <Value className="java.lang.String">propellants</Value>
</Feature>
<Feature>
  <Name className="java.lang.String">Score</Name>
  <Value className="java.lang.Integer">-1000</Value>
</Feature>
</Annotation>
<Annotation Id="5895" Type="MetaMap" StartNode="892" EndNode="896">
<Feature>
  <Name className="java.lang.String">IsHead</Name>
  <Value className="java.lang.Boolean">true</Value>
</Feature>
<Feature>
  <Name className="java.lang.String">PreferredName</Name>
  <Value className="java.lang.String">Used by</Value>
</Feature>
<Feature>
  <Name className="java.lang.String">ConceptId</Name>
  <Value className="java.lang.String">C1273517</Value>
</Feature>
<Feature>
  <Name className="java.lang.String">SemanticTypesString</Name>
  <Value className="java.lang.String">[fndg]</Value>
</Feature>
<Feature>
  <Name className="java.lang.String">SemanticTypes</Name>
  <Value className="java.util.ArrayList" itemClassName="java.lang.String">fndg</Value>
</Feature>
<Feature>
  <Name className="java.lang.String">IsOvermatch</Name>
  <Value className="java.lang.Boolean">false</Value>
</Feature>
<Feature>
  <Name className="java.lang.String">Type</Name>
  <Value className="java.lang.String">Mapping</Value>
</Feature>
<Feature>
  <Name className="java.lang.String">SourcesString</Name>
  <Value className="java.lang.String">[CHV, SNOMEDCT_US]</Value>
</Feature>
<Feature>
  <Name className="java.lang.String">Sources</Name>
  <Value className="java.lang.String">[CHV, SNOMEDCT_US]</Value>
</Feature>
<Feature>
  <Name className="java.lang.String">ConceptName</Name>
  <Value className="java.lang.String">used</Value>
</Feature>
<Feature>
  <Name className="java.lang.String">Score</Name>
  <Value className="java.lang.Integer">-1000</Value>
</Feature>
</Annotation>
<Annotation Id="5894" Type="MetaMap" StartNode="1605" EndNode="1615">
<Feature>
  <Name className="java.lang.String">IsHead</Name>
  <Value className="java.lang.Boolean">true</Value>
</Feature>
<Feature>
  <Name className="java.lang.String">PreferredName</Name>
  <Value className="java.lang.String">propellant</Value>
</Feature>
<Feature>
  <Name className="java.lang.String">ConceptId</Name>
  <Value className="java.lang.String">C0599677</Value>
</Feature>
<Feature>
  <Name className="java.lang.String">SemanticTypesString</Name>
  <Value className="java.lang.String">[chvf]</Value>
</Feature>
<Feature>
  <Name className="java.lang.String">SemanticTypes</Name>
  <Value className="java.util.ArrayList" itemClassName="java.lang.String">chvf</Value>
</Feature>
<Feature>
  <Name className="java.lang.String">IsOvermatch</Name>
  <Value className="java.lang.Boolean">false</Value>
</Feature>
<Feature>
  <Name className="java.lang.String">Type</Name>
  <Value className="java.lang.String">Mapping</Value>
</Feature>
<Feature>
  <Name className="java.lang.String">SourcesString</Name>
  <Value className="java.lang.String">[CHV, CSP]</Value>
</Feature>
<Feature>
  <Name className="java.lang.String">Sources</Name>
  <Value className="java.lang.String">[CHV, CSP]</Value>
</Feature>
<Feature>
  <Name className="java.lang.String">ConceptName</Name>
  <Value className="java.lang.String">propellant</Value>
</Feature>
<Feature>
  <Name className="java.lang.String">Score</Name>
  <Value className="java.lang.Integer">-1000</Value>
</Feature>
</Annotation>
<Annotation Id="5893" Type="MetaMap" StartNode="1562" EndNode="1572">
<Feature>
  <Name className="java.lang.String">IsHead</Name>
  <Value className="java.lang.Boolean">true</Value>
</Feature>
<Feature>
  <Name className="java.lang.String">PreferredName</Name>
  <Value className="java.lang.String">Stabilizer Device Component</Value>
</Feature>
<Feature>
  <Name className="java.lang.String">ConceptId</Name>
  <Value className="java.lang.String">C1705532</Value>
</Feature>
<Feature>
  <Name className="java.lang.String">SemanticTypesString</Name>
  <Value className="java.lang.String">[medd]</Value>
</Feature>
<Feature>
  <Name className="java.lang.String">SemanticTypes</Name>
  <Value className="java.util.ArrayList" itemClassName="java.lang.String">medd</Value>
</Feature>
<Feature>
  <Name className="java.lang.String">IsOvermatch</Name>
  <Value className="java.lang.Boolean">false</Value>
</Feature>
<Feature>
  <Name className="java.lang.String">Type</Name>
  <Value className="java.lang.String">Mapping</Value>
</Feature>
<Feature>
  <Name className="java.lang.String">SourcesString</Name>
  <Value className="java.lang.String">[MTH, NCI]</Value>
</Feature>
<Feature>
  <Name className="java.lang.String">Sources</Name>
  <Value className="java.lang.String">[MTH, NCI]</Value>
</Feature>
<Feature>
  <Name className="java.lang.String">ConceptName</Name>
  <Value className="java.lang.String">Stabilizer</Value>
</Feature>
<Feature>
  <Name className="java.lang.String">Score</Name>
  <Value className="java.lang.Integer">-1000</Value>
</Feature>
</Annotation>
<Annotation Id="5892" Type="MetaMap" StartNode="1562" EndNode="1572">
<Feature>
  <Name className="java.lang.String">IsHead</Name>
  <Value className="java.lang.Boolean">true</Value>
</Feature>
<Feature>
  <Name className="java.lang.String">PreferredName</Name>
  <Value className="java.lang.String">stabilizer - ingredient</Value>
</Feature>
<Feature>
  <Name className="java.lang.String">ConceptId</Name>
  <Value className="java.lang.String">C1550603</Value>
</Feature>
<Feature>
  <Name className="java.lang.String">SemanticTypesString</Name>
  <Value className="java.lang.String">[sbst]</Value>
</Feature>
<Feature>
  <Name className="java.lang.String">SemanticTypes</Name>
  <Value className="java.util.ArrayList" itemClassName="java.lang.String">sbst</Value>
</Feature>
<Feature>
  <Name className="java.lang.String">IsOvermatch</Name>
  <Value className="java.lang.Boolean">false</Value>
</Feature>
<Feature>
  <Name className="java.lang.String">Type</Name>
  <Value className="java.lang.String">Mapping</Value>
</Feature>
<Feature>
  <Name className="java.lang.String">SourcesString</Name>
  <Value className="java.lang.String">[HL7V3.0, MTH]</Value>
</Feature>
<Feature>
  <Name className="java.lang.String">Sources</Name>
  <Value className="java.lang.String">[HL7V3.0, MTH]</Value>
</Feature>
<Feature>
  <Name className="java.lang.String">ConceptName</Name>
  <Value className="java.lang.String">stabilizer</Value>
</Feature>
<Feature>
  <Name className="java.lang.String">Score</Name>
  <Value className="java.lang.Integer">-1000</Value>
</Feature>
</Annotation>
<Annotation Id="5891" Type="MetaMap" StartNode="1562" EndNode="1572">
<Feature>
  <Name className="java.lang.String">IsHead</Name>
  <Value className="java.lang.Boolean">true</Value>
</Feature>
<Feature>
  <Name className="java.lang.String">PreferredName</Name>
  <Value className="java.lang.String">Stabilizer - function</Value>
</Feature>
<Feature>
  <Name className="java.lang.String">ConceptId</Name>
  <Value className="java.lang.String">C0920880</Value>
</Feature>
<Feature>
  <Name className="java.lang.String">SemanticTypesString</Name>
  <Value className="java.lang.String">[ortf]</Value>
</Feature>
<Feature>
  <Name className="java.lang.String">SemanticTypes</Name>
  <Value className="java.util.ArrayList" itemClassName="java.lang.String">ortf</Value>
</Feature>
<Feature>
  <Name className="java.lang.String">IsOvermatch</Name>
  <Value className="java.lang.Boolean">false</Value>
</Feature>
<Feature>
  <Name className="java.lang.String">Type</Name>
  <Value className="java.lang.String">Mapping</Value>
</Feature>
<Feature>
  <Name className="java.lang.String">SourcesString</Name>
  <Value className="java.lang.String">[CHV, MTH, UWDA]</Value>
</Feature>
<Feature>
  <Name className="java.lang.String">Sources</Name>
  <Value className="java.lang.String">[CHV, MTH, UWDA]</Value>
</Feature>
<Feature>
  <Name className="java.lang.String">ConceptName</Name>
  <Value className="java.lang.String">Stabilizer</Value>
</Feature>
<Feature>
  <Name className="java.lang.String">Score</Name>
  <Value className="java.lang.Integer">-1000</Value>
</Feature>
</Annotation>
<Annotation Id="5890" Type="MetaMap" StartNode="1345" EndNode="1355">
<Feature>
  <Name className="java.lang.String">IsHead</Name>
  <Value className="java.lang.Boolean">true</Value>
</Feature>
<Feature>
  <Name className="java.lang.String">PreferredName</Name>
  <Value className="java.lang.String">Stabilizer Device Component</Value>
</Feature>
<Feature>
  <Name className="java.lang.String">ConceptId</Name>
  <Value className="java.lang.String">C1705532</Value>
</Feature>
<Feature>
  <Name className="java.lang.String">SemanticTypesString</Name>
  <Value className="java.lang.String">[medd]</Value>
</Feature>
<Feature>
  <Name className="java.lang.String">SemanticTypes</Name>
  <Value className="java.util.ArrayList" itemClassName="java.lang.String">medd</Value>
</Feature>
<Feature>
  <Name className="java.lang.String">IsOvermatch</Name>
  <Value className="java.lang.Boolean">false</Value>
</Feature>
<Feature>
  <Name className="java.lang.String">Type</Name>
  <Value className="java.lang.String">Mapping</Value>
</Feature>
<Feature>
  <Name className="java.lang.String">SourcesString</Name>
  <Value className="java.lang.String">[MTH, NCI]</Value>
</Feature>
<Feature>
  <Name className="java.lang.String">Sources</Name>
  <Value className="java.lang.String">[MTH, NCI]</Value>
</Feature>
<Feature>
  <Name className="java.lang.String">ConceptName</Name>
  <Value className="java.lang.String">Stabilizer</Value>
</Feature>
<Feature>
  <Name className="java.lang.String">Score</Name>
  <Value className="java.lang.Integer">-1000</Value>
</Feature>
</Annotation>
<Annotation Id="5889" Type="MetaMap" StartNode="1345" EndNode="1355">
<Feature>
  <Name className="java.lang.String">IsHead</Name>
  <Value className="java.lang.Boolean">true</Value>
</Feature>
<Feature>
  <Name className="java.lang.String">PreferredName</Name>
  <Value className="java.lang.String">stabilizer - ingredient</Value>
</Feature>
<Feature>
  <Name className="java.lang.String">ConceptId</Name>
  <Value className="java.lang.String">C1550603</Value>
</Feature>
<Feature>
  <Name className="java.lang.String">SemanticTypesString</Name>
  <Value className="java.lang.String">[sbst]</Value>
</Feature>
<Feature>
  <Name className="java.lang.String">SemanticTypes</Name>
  <Value className="java.util.ArrayList" itemClassName="java.lang.String">sbst</Value>
</Feature>
<Feature>
  <Name className="java.lang.String">IsOvermatch</Name>
  <Value className="java.lang.Boolean">false</Value>
</Feature>
<Feature>
  <Name className="java.lang.String">Type</Name>
  <Value className="java.lang.String">Mapping</Value>
</Feature>
<Feature>
  <Name className="java.lang.String">SourcesString</Name>
  <Value className="java.lang.String">[HL7V3.0, MTH]</Value>
</Feature>
<Feature>
  <Name className="java.lang.String">Sources</Name>
  <Value className="java.lang.String">[HL7V3.0, MTH]</Value>
</Feature>
<Feature>
  <Name className="java.lang.String">ConceptName</Name>
  <Value className="java.lang.String">stabilizer</Value>
</Feature>
<Feature>
  <Name className="java.lang.String">Score</Name>
  <Value className="java.lang.Integer">-1000</Value>
</Feature>
</Annotation>
<Annotation Id="5888" Type="MetaMap" StartNode="1345" EndNode="1355">
<Feature>
  <Name className="java.lang.String">IsHead</Name>
  <Value className="java.lang.Boolean">true</Value>
</Feature>
<Feature>
  <Name className="java.lang.String">PreferredName</Name>
  <Value className="java.lang.String">Stabilizer - function</Value>
</Feature>
<Feature>
  <Name className="java.lang.String">ConceptId</Name>
  <Value className="java.lang.String">C0920880</Value>
</Feature>
<Feature>
  <Name className="java.lang.String">SemanticTypesString</Name>
  <Value className="java.lang.String">[ortf]</Value>
</Feature>
<Feature>
  <Name className="java.lang.String">SemanticTypes</Name>
  <Value className="java.util.ArrayList" itemClassName="java.lang.String">ortf</Value>
</Feature>
<Feature>
  <Name className="java.lang.String">IsOvermatch</Name>
  <Value className="java.lang.Boolean">false</Value>
</Feature>
<Feature>
  <Name className="java.lang.String">Type</Name>
  <Value className="java.lang.String">Mapping</Value>
</Feature>
<Feature>
  <Name className="java.lang.String">SourcesString</Name>
  <Value className="java.lang.String">[CHV, MTH, UWDA]</Value>
</Feature>
<Feature>
  <Name className="java.lang.String">Sources</Name>
  <Value className="java.lang.String">[CHV, MTH, UWDA]</Value>
</Feature>
<Feature>
  <Name className="java.lang.String">ConceptName</Name>
  <Value className="java.lang.String">Stabilizer</Value>
</Feature>
<Feature>
  <Name className="java.lang.String">Score</Name>
  <Value className="java.lang.Integer">-1000</Value>
</Feature>
</Annotation>
<Annotation Id="5951" Type="MetaMap" StartNode="951" EndNode="958">
<Feature>
  <Name className="java.lang.String">IsHead</Name>
  <Value className="java.lang.Boolean">true</Value>
</Feature>
<Feature>
  <Name className="java.lang.String">PreferredName</Name>
  <Value className="java.lang.String">Control function</Value>
</Feature>
<Feature>
  <Name className="java.lang.String">ConceptId</Name>
  <Value className="java.lang.String">C2587213</Value>
</Feature>
<Feature>
  <Name className="java.lang.String">SemanticTypesString</Name>
  <Value className="java.lang.String">[ftcn]</Value>
</Feature>
<Feature>
  <Name className="java.lang.String">SemanticTypes</Name>
  <Value className="java.util.ArrayList" itemClassName="java.lang.String">ftcn</Value>
</Feature>
<Feature>
  <Name className="java.lang.String">IsOvermatch</Name>
  <Value className="java.lang.Boolean">false</Value>
</Feature>
<Feature>
  <Name className="java.lang.String">Type</Name>
  <Value className="java.lang.String">Mapping</Value>
</Feature>
<Feature>
  <Name className="java.lang.String">SourcesString</Name>
  <Value className="java.lang.String">[MTH, NCI, NLMSubSyn, SNOMEDCT_US]</Value>
</Feature>
<Feature>
  <Name className="java.lang.String">Sources</Name>
  <Value className="java.lang.String">[MTH, NCI, NLMSubSyn, SNOMEDCT_US]</Value>
</Feature>
<Feature>
  <Name className="java.lang.String">ConceptName</Name>
  <Value className="java.lang.String">Control</Value>
</Feature>
<Feature>
  <Name className="java.lang.String">Score</Name>
  <Value className="java.lang.Integer">-1000</Value>
</Feature>
</Annotation>
<Annotation Id="6099" Type="LookupList" StartNode="800" EndNode="812">
<Feature>
  <Name className="java.lang.String">cuis</Name>
  <Value className="java.util.HashSet" itemClassName="java.lang.String">C2827755;C1550465;C0205103</Value>
</Feature>
<Feature>
  <Name className="java.lang.String">lookups</Name>
  <Value className="java.util.HashSet" itemClassName="java.lang.Integer">5796;6103;5794;5795;6104</Value>
</Feature>
</Annotation>
<Annotation Id="6098" Type="LookupList" StartNode="934" EndNode="939">
<Feature>
  <Name className="java.lang.String">cuis</Name>
  <Value className="java.util.HashSet" itemClassName="java.lang.String">C0205164</Value>
</Feature>
<Feature>
  <Name className="java.lang.String">lookups</Name>
  <Value className="java.util.HashSet" itemClassName="java.lang.Integer">5811;6106;6105</Value>
</Feature>
</Annotation>
<Annotation Id="6097" Type="LookupList" StartNode="55" EndNode="58">
<Feature>
  <Name className="java.lang.String">cuis</Name>
  <Value className="java.util.HashSet" itemClassName="java.lang.String">C0079258;C0042291</Value>
</Feature>
<Feature>
  <Name className="java.lang.String">lookups</Name>
  <Value className="java.util.HashSet" itemClassName="java.lang.Integer">6107;5716;5717;6108</Value>
</Feature>
</Annotation>
<Annotation Id="6096" Type="LookupList" StartNode="851" EndNode="858">
<Feature>
  <Name className="java.lang.String">cuis</Name>
  <Value className="java.util.HashSet" itemClassName="java.lang.String">C0037638</Value>
</Feature>
<Feature>
  <Name className="java.lang.String">lookups</Name>
  <Value className="java.util.HashSet" itemClassName="java.lang.Integer">6110;6109;5800</Value>
</Feature>
</Annotation>
<Annotation Id="6103" Type="MetaMap" StartNode="800" EndNode="812">
<Feature>
  <Name className="java.lang.String">PreferredName</Name>
  <Value className="java.lang.String">(Correct Answer Not Present)</Value>
</Feature>
</Annotation>
<Annotation Id="6102" Type="LookupList" StartNode="1386" EndNode="1393">
<Feature>
  <Name className="java.lang.String">cuis</Name>
  <Value className="java.util.HashSet" itemClassName="java.lang.String">C0456205;C0423896</Value>
</Feature>
<Feature>
  <Name className="java.lang.String">lookups</Name>
  <Value className="java.util.HashSet" itemClassName="java.lang.Integer">6112;5847;5848;6111</Value>
</Feature>
</Annotation>
<Annotation Id="6101" Type="LookupList" StartNode="563" EndNode="570">
<Feature>
  <Name className="java.lang.String">cuis</Name>
  <Value className="java.util.HashSet" itemClassName="java.lang.String">C0035918</Value>
</Feature>
<Feature>
  <Name className="java.lang.String">lookups</Name>
  <Value className="java.util.HashSet" itemClassName="java.lang.Integer">6113;6114;5772</Value>
</Feature>
</Annotation>
<Annotation Id="6100" Type="LookupList" StartNode="940" EndNode="944">
<Feature>
  <Name className="java.lang.String">cuis</Name>
  <Value className="java.util.HashSet" itemClassName="java.lang.String">C0457083</Value>
</Feature>
<Feature>
  <Name className="java.lang.String">lookups</Name>
  <Value className="java.util.HashSet" itemClassName="java.lang.Integer">6115;5812;6116</Value>
</Feature>
</Annotation>
<Annotation Id="6107" Type="MetaMap" StartNode="55" EndNode="58">
<Feature>
  <Name className="java.lang.String">PreferredName</Name>
  <Value className="java.lang.String">(Correct Answer Not Present)</Value>
</Feature>
</Annotation>
<Annotation Id="6106" Type="MetaMap" StartNode="934" EndNode="939">
<Feature>
  <Name className="java.lang.String">PreferredName</Name>
  <Value className="java.lang.String">(Spurious)</Value>
</Feature>
</Annotation>
<Annotation Id="6105" Type="MetaMap" StartNode="934" EndNode="939">
<Feature>
  <Name className="java.lang.String">PreferredName</Name>
  <Value className="java.lang.String">(Correct Answer Not Present)</Value>
</Feature>
</Annotation>
<Annotation Id="6104" Type="MetaMap" StartNode="800" EndNode="812">
<Feature>
  <Name className="java.lang.String">PreferredName</Name>
  <Value className="java.lang.String">(Spurious)</Value>
</Feature>
</Annotation>
<Annotation Id="6111" Type="MetaMap" StartNode="1386" EndNode="1393">
<Feature>
  <Name className="java.lang.String">PreferredName</Name>
  <Value className="java.lang.String">(Correct Answer Not Present)</Value>
</Feature>
</Annotation>
<Annotation Id="6110" Type="MetaMap" StartNode="851" EndNode="858">
<Feature>
  <Name className="java.lang.String">PreferredName</Name>
  <Value className="java.lang.String">(Spurious)</Value>
</Feature>
</Annotation>
<Annotation Id="6109" Type="MetaMap" StartNode="851" EndNode="858">
<Feature>
  <Name className="java.lang.String">PreferredName</Name>
  <Value className="java.lang.String">(Correct Answer Not Present)</Value>
</Feature>
</Annotation>
<Annotation Id="6108" Type="MetaMap" StartNode="55" EndNode="58">
<Feature>
  <Name className="java.lang.String">PreferredName</Name>
  <Value className="java.lang.String">(Spurious)</Value>
</Feature>
</Annotation>
<Annotation Id="6082" Type="LookupList" StartNode="842" EndNode="850">
<Feature>
  <Name className="java.lang.String">cuis</Name>
  <Value className="java.util.HashSet" itemClassName="java.lang.String">C0680413</Value>
</Feature>
<Feature>
  <Name className="java.lang.String">lookups</Name>
  <Value className="java.util.HashSet" itemClassName="java.lang.Integer">5799;6117;6118</Value>
</Feature>
</Annotation>
<Annotation Id="6083" Type="LookupList" StartNode="1315" EndNode="1325">
<Feature>
  <Name className="java.lang.String">cuis</Name>
  <Value className="java.util.HashSet" itemClassName="java.lang.String">C1292721;C0871161</Value>
</Feature>
<Feature>
  <Name className="java.lang.String">lookups</Name>
  <Value className="java.util.HashSet" itemClassName="java.lang.Integer">5840;6119;6120;5839</Value>
</Feature>
</Annotation>
<Annotation Id="6080" Type="LookupList" StartNode="35" EndNode="39">
<Feature>
  <Name className="java.lang.String">cuis</Name>
  <Value className="java.util.HashSet" itemClassName="java.lang.String">C1709233</Value>
</Feature>
<Feature>
  <Name className="java.lang.String">lookups</Name>
  <Value className="java.util.HashSet" itemClassName="java.lang.Integer">6121;6122;5715</Value>
</Feature>
</Annotation>
<Annotation Id="6081" Type="LookupList" StartNode="963" EndNode="972">
<Feature>
  <Name className="java.lang.String">cuis</Name>
  <Value className="java.util.HashSet" itemClassName="java.lang.String">C0005700;C0015329</Value>
</Feature>
<Feature>
  <Name className="java.lang.String">lookups</Name>
  <Value className="java.util.HashSet" itemClassName="java.lang.Integer">5960;6123;6124;5959</Value>
</Feature>
</Annotation>
<Annotation Id="6086" Type="LookupList" StartNode="1248" EndNode="1255">
<Feature>
  <Name className="java.lang.String">cuis</Name>
  <Value className="java.util.HashSet" itemClassName="java.lang.String">C0439962</Value>
</Feature>
<Feature>
  <Name className="java.lang.String">lookups</Name>
  <Value className="java.util.HashSet" itemClassName="java.lang.Integer">5831;6125;6126</Value>
</Feature>
</Annotation>
<Annotation Id="6087" Type="LookupList" StartNode="670" EndNode="681">
<Feature>
  <Name className="java.lang.String">cuis</Name>
  <Value className="java.util.HashSet" itemClassName="java.lang.String">C0599677</Value>
</Feature>
<Feature>
  <Name className="java.lang.String">lookups</Name>
  <Value className="java.util.HashSet" itemClassName="java.lang.Integer">6128;5896;6127</Value>
</Feature>
</Annotation>
<Annotation Id="6084" Type="LookupList" StartNode="632" EndNode="639">
<Feature>
  <Name className="java.lang.String">cuis</Name>
  <Value className="java.util.HashSet" itemClassName="java.lang.String">C0032861</Value>
</Feature>
<Feature>
  <Name className="java.lang.String">lookups</Name>
  <Value className="java.util.HashSet" itemClassName="java.lang.Integer">6129;6130;5779</Value>
</Feature>
</Annotation>
<Annotation Id="6085" Type="LookupList" StartNode="1191" EndNode="1198">
<Feature>
  <Name className="java.lang.String">cuis</Name>
  <Value className="java.util.HashSet" itemClassName="java.lang.String">C1517331</Value>
</Feature>
<Feature>
  <Name className="java.lang.String">lookups</Name>
  <Value className="java.util.HashSet" itemClassName="java.lang.Integer">6131;5827;6132</Value>
</Feature>
</Annotation>
<Annotation Id="6090" Type="LookupList" StartNode="226" EndNode="234">
<Feature>
  <Name className="java.lang.String">cuis</Name>
  <Value className="java.util.HashSet" itemClassName="java.lang.String">C0772162</Value>
</Feature>
<Feature>
  <Name className="java.lang.String">lookups</Name>
  <Value className="java.util.HashSet" itemClassName="java.lang.Integer">6133;6134;5734</Value>
</Feature>
</Annotation>
<Annotation Id="6091" Type="LookupList" StartNode="1477" EndNode="1485">
<Feature>
  <Name className="java.lang.String">cuis</Name>
  <Value className="java.util.HashSet" itemClassName="java.lang.String">C0336683</Value>
</Feature>
<Feature>
  <Name className="java.lang.String">lookups</Name>
  <Value className="java.util.HashSet" itemClassName="java.lang.Integer">5859;6135;6136</Value>
</Feature>
</Annotation>
<Annotation Id="6088" Type="LookupList" StartNode="912" EndNode="921">
<Feature>
  <Name className="java.lang.String">cuis</Name>
  <Value className="java.util.HashSet" itemClassName="java.lang.String">C0005700;C0015329</Value>
</Feature>
<Feature>
  <Name className="java.lang.String">lookups</Name>
  <Value className="java.util.HashSet" itemClassName="java.lang.Integer">5809;5808;6137;6138</Value>
</Feature>
</Annotation>
<Annotation Id="6089" Type="LookupList" StartNode="1370" EndNode="1374">
<Feature>
  <Name className="java.lang.String">cuis</Name>
  <Value className="java.util.HashSet" itemClassName="java.lang.String">C0040223;C3541383</Value>
</Feature>
<Feature>
  <Name className="java.lang.String">lookups</Name>
  <Value className="java.util.HashSet" itemClassName="java.lang.Integer">5845;5844;6139;6140</Value>
</Feature>
</Annotation>
<Annotation Id="6094" Type="LookupList" StartNode="286" EndNode="293">
<Feature>
  <Name className="java.lang.String">cuis</Name>
  <Value className="java.util.HashSet" itemClassName="java.lang.String">C1705501;C0489829</Value>
</Feature>
<Feature>
  <Name className="java.lang.String">lookups</Name>
  <Value className="java.util.HashSet" itemClassName="java.lang.Integer">5739;5738;6141;6142</Value>
</Feature>
</Annotation>
<Annotation Id="6095" Type="LookupList" StartNode="714" EndNode="726">
<Feature>
  <Name className="java.lang.String">cuis</Name>
  <Value className="java.util.HashSet" itemClassName="java.lang.String">C0185125</Value>
</Feature>
<Feature>
  <Name className="java.lang.String">lookups</Name>
  <Value className="java.util.HashSet" itemClassName="java.lang.Integer">6144;6143;5787</Value>
</Feature>
</Annotation>
<Annotation Id="6092" Type="LookupList" StartNode="859" EndNode="862">
<Feature>
  <Name className="java.lang.String">cuis</Name>
  <Value className="java.util.HashSet" itemClassName="java.lang.String">C0013343</Value>
</Feature>
<Feature>
  <Name className="java.lang.String">lookups</Name>
  <Value className="java.util.HashSet" itemClassName="java.lang.Integer">6145;6146;5801</Value>
</Feature>
</Annotation>
<Annotation Id="6093" Type="LookupList" StartNode="175" EndNode="187">
<Feature>
  <Name className="java.lang.String">cuis</Name>
  <Value className="java.util.HashSet" itemClassName="java.lang.String">C0068820</Value>
</Feature>
<Feature>
  <Name className="java.lang.String">lookups</Name>
  <Value className="java.util.HashSet" itemClassName="java.lang.Integer">6147;6148;5727</Value>
</Feature>
</Annotation>
<Annotation Id="6129" Type="MetaMap" StartNode="632" EndNode="639">
<Feature>
  <Name className="java.lang.String">PreferredName</Name>
  <Value className="java.lang.String">(Correct Answer Not Present)</Value>
</Feature>
</Annotation>
<Annotation Id="6128" Type="MetaMap" StartNode="670" EndNode="681">
<Feature>
  <Name className="java.lang.String">PreferredName</Name>
  <Value className="java.lang.String">(Spurious)</Value>
</Feature>
</Annotation>
<Annotation Id="6131" Type="MetaMap" StartNode="1191" EndNode="1198">
<Feature>
  <Name className="java.lang.String">PreferredName</Name>
  <Value className="java.lang.String">(Correct Answer Not Present)</Value>
</Feature>
</Annotation>
<Annotation Id="6130" Type="MetaMap" StartNode="632" EndNode="639">
<Feature>
  <Name className="java.lang.String">PreferredName</Name>
  <Value className="java.lang.String">(Spurious)</Value>
</Feature>
</Annotation>
<Annotation Id="6133" Type="MetaMap" StartNode="226" EndNode="234">
<Feature>
  <Name className="java.lang.String">PreferredName</Name>
  <Value className="java.lang.String">(Correct Answer Not Present)</Value>
</Feature>
</Annotation>
<Annotation Id="6132" Type="MetaMap" StartNode="1191" EndNode="1198">
<Feature>
  <Name className="java.lang.String">PreferredName</Name>
  <Value className="java.lang.String">(Spurious)</Value>
</Feature>
</Annotation>
<Annotation Id="6135" Type="MetaMap" StartNode="1477" EndNode="1485">
<Feature>
  <Name className="java.lang.String">PreferredName</Name>
  <Value className="java.lang.String">(Correct Answer Not Present)</Value>
</Feature>
</Annotation>
<Annotation Id="6134" Type="MetaMap" StartNode="226" EndNode="234">
<Feature>
  <Name className="java.lang.String">PreferredName</Name>
  <Value className="java.lang.String">(Spurious)</Value>
</Feature>
</Annotation>
<Annotation Id="6137" Type="MetaMap" StartNode="912" EndNode="921">
<Feature>
  <Name className="java.lang.String">PreferredName</Name>
  <Value className="java.lang.String">(Correct Answer Not Present)</Value>
</Feature>
</Annotation>
<Annotation Id="6136" Type="MetaMap" StartNode="1477" EndNode="1485">
<Feature>
  <Name className="java.lang.String">PreferredName</Name>
  <Value className="java.lang.String">(Spurious)</Value>
</Feature>
</Annotation>
<Annotation Id="6139" Type="MetaMap" StartNode="1370" EndNode="1374">
<Feature>
  <Name className="java.lang.String">PreferredName</Name>
  <Value className="java.lang.String">(Correct Answer Not Present)</Value>
</Feature>
</Annotation>
<Annotation Id="6138" Type="MetaMap" StartNode="912" EndNode="921">
<Feature>
  <Name className="java.lang.String">PreferredName</Name>
  <Value className="java.lang.String">(Spurious)</Value>
</Feature>
</Annotation>
<Annotation Id="6141" Type="MetaMap" StartNode="286" EndNode="293">
<Feature>
  <Name className="java.lang.String">PreferredName</Name>
  <Value className="java.lang.String">(Correct Answer Not Present)</Value>
</Feature>
</Annotation>
<Annotation Id="6140" Type="MetaMap" StartNode="1370" EndNode="1374">
<Feature>
  <Name className="java.lang.String">PreferredName</Name>
  <Value className="java.lang.String">(Spurious)</Value>
</Feature>
</Annotation>
<Annotation Id="6143" Type="MetaMap" StartNode="714" EndNode="726">
<Feature>
  <Name className="java.lang.String">PreferredName</Name>
  <Value className="java.lang.String">(Correct Answer Not Present)</Value>
</Feature>
</Annotation>
<Annotation Id="6142" Type="MetaMap" StartNode="286" EndNode="293">
<Feature>
  <Name className="java.lang.String">PreferredName</Name>
  <Value className="java.lang.String">(Spurious)</Value>
</Feature>
</Annotation>
<Annotation Id="6112" Type="MetaMap" StartNode="1386" EndNode="1393">
<Feature>
  <Name className="java.lang.String">PreferredName</Name>
  <Value className="java.lang.String">(Spurious)</Value>
</Feature>
</Annotation>
<Annotation Id="6113" Type="MetaMap" StartNode="563" EndNode="570">
<Feature>
  <Name className="java.lang.String">PreferredName</Name>
  <Value className="java.lang.String">(Correct Answer Not Present)</Value>
</Feature>
</Annotation>
<Annotation Id="6114" Type="MetaMap" StartNode="563" EndNode="570">
<Feature>
  <Name className="java.lang.String">PreferredName</Name>
  <Value className="java.lang.String">(Spurious)</Value>
</Feature>
</Annotation>
<Annotation Id="6115" Type="MetaMap" StartNode="940" EndNode="944">
<Feature>
  <Name className="java.lang.String">PreferredName</Name>
  <Value className="java.lang.String">(Correct Answer Not Present)</Value>
</Feature>
</Annotation>
<Annotation Id="6116" Type="MetaMap" StartNode="940" EndNode="944">
<Feature>
  <Name className="java.lang.String">PreferredName</Name>
  <Value className="java.lang.String">(Spurious)</Value>
</Feature>
</Annotation>
<Annotation Id="6117" Type="MetaMap" StartNode="842" EndNode="850">
<Feature>
  <Name className="java.lang.String">PreferredName</Name>
  <Value className="java.lang.String">(Correct Answer Not Present)</Value>
</Feature>
</Annotation>
<Annotation Id="6118" Type="MetaMap" StartNode="842" EndNode="850">
<Feature>
  <Name className="java.lang.String">PreferredName</Name>
  <Value className="java.lang.String">(Spurious)</Value>
</Feature>
</Annotation>
<Annotation Id="6119" Type="MetaMap" StartNode="1315" EndNode="1325">
<Feature>
  <Name className="java.lang.String">PreferredName</Name>
  <Value className="java.lang.String">(Correct Answer Not Present)</Value>
</Feature>
</Annotation>
<Annotation Id="6120" Type="MetaMap" StartNode="1315" EndNode="1325">
<Feature>
  <Name className="java.lang.String">PreferredName</Name>
  <Value className="java.lang.String">(Spurious)</Value>
</Feature>
</Annotation>
<Annotation Id="6121" Type="MetaMap" StartNode="35" EndNode="39">
<Feature>
  <Name className="java.lang.String">PreferredName</Name>
  <Value className="java.lang.String">(Correct Answer Not Present)</Value>
</Feature>
</Annotation>
<Annotation Id="6122" Type="MetaMap" StartNode="35" EndNode="39">
<Feature>
  <Name className="java.lang.String">PreferredName</Name>
  <Value className="java.lang.String">(Spurious)</Value>
</Feature>
</Annotation>
<Annotation Id="6123" Type="MetaMap" StartNode="963" EndNode="972">
<Feature>
  <Name className="java.lang.String">PreferredName</Name>
  <Value className="java.lang.String">(Correct Answer Not Present)</Value>
</Feature>
</Annotation>
<Annotation Id="6124" Type="MetaMap" StartNode="963" EndNode="972">
<Feature>
  <Name className="java.lang.String">PreferredName</Name>
  <Value className="java.lang.String">(Spurious)</Value>
</Feature>
</Annotation>
<Annotation Id="6125" Type="MetaMap" StartNode="1248" EndNode="1255">
<Feature>
  <Name className="java.lang.String">PreferredName</Name>
  <Value className="java.lang.String">(Correct Answer Not Present)</Value>
</Feature>
</Annotation>
<Annotation Id="6126" Type="MetaMap" StartNode="1248" EndNode="1255">
<Feature>
  <Name className="java.lang.String">PreferredName</Name>
  <Value className="java.lang.String">(Spurious)</Value>
</Feature>
</Annotation>
<Annotation Id="6127" Type="MetaMap" StartNode="670" EndNode="681">
<Feature>
  <Name className="java.lang.String">PreferredName</Name>
  <Value className="java.lang.String">(Correct Answer Not Present)</Value>
</Feature>
</Annotation>
<Annotation Id="6039" Type="LookupList" StartNode="405" EndNode="411">
<Feature>
  <Name className="java.lang.String">cuis</Name>
  <Value className="java.util.HashSet" itemClassName="java.lang.String">C1382110;C0032861</Value>
</Feature>
<Feature>
  <Name className="java.lang.String">lookups</Name>
  <Value className="java.util.HashSet" itemClassName="java.lang.Integer">5758;5759;6203;6204</Value>
</Feature>
</Annotation>
<Annotation Id="6038" Type="LookupList" StartNode="758" EndNode="766">
<Feature>
  <Name className="java.lang.String">cuis</Name>
  <Value className="java.util.HashSet" itemClassName="java.lang.String">C0032167</Value>
</Feature>
<Feature>
  <Name className="java.lang.String">lookups</Name>
  <Value className="java.util.HashSet" itemClassName="java.lang.Integer">5792;6206;6205</Value>
</Feature>
</Annotation>
<Annotation Id="6037" Type="LookupList" StartNode="162" EndNode="164">
<Feature>
  <Name className="java.lang.String">cuis</Name>
  <Value className="java.util.HashSet" itemClassName="java.lang.String">C0441922;C0369718</Value>
</Feature>
<Feature>
  <Name className="java.lang.String">lookups</Name>
  <Value className="java.util.HashSet" itemClassName="java.lang.Integer">5963;6208;5964;6207</Value>
</Feature>
</Annotation>
<Annotation Id="6036" Type="LookupList" StartNode="235" EndNode="240">
<Feature>
  <Name className="java.lang.String">cuis</Name>
  <Value className="java.util.HashSet" itemClassName="java.lang.String">C1879694;C0002508</Value>
</Feature>
<Feature>
  <Name className="java.lang.String">lookups</Name>
  <Value className="java.util.HashSet" itemClassName="java.lang.Integer">5736;6209;6210;5735</Value>
</Feature>
</Annotation>
<Annotation Id="6035" Type="LookupList" StartNode="1628" EndNode="1639">
<Feature>
  <Name className="java.lang.String">cuis</Name>
  <Value className="java.util.HashSet" itemClassName="java.lang.String">C0920880</Value>
</Feature>
<Feature>
  <Name className="java.lang.String">lookups</Name>
  <Value className="java.util.HashSet" itemClassName="java.lang.Integer">6212;6211;5869</Value>
</Feature>
</Annotation>
<Annotation Id="6034" Type="LookupList" StartNode="1345" EndNode="1355">
<Feature>
  <Name className="java.lang.String">cuis</Name>
  <Value className="java.util.HashSet" itemClassName="java.lang.String">C1550603;C0920880;C1705532</Value>
</Feature>
<Feature>
  <Name className="java.lang.String">lookups</Name>
  <Value className="java.util.HashSet" itemClassName="java.lang.Integer">6213;6214;5890;5889;5888</Value>
</Feature>
</Annotation>
<Annotation Id="6033" Type="LookupList" StartNode="456" EndNode="461">
<Feature>
  <Name className="java.lang.String">cuis</Name>
  <Value className="java.util.HashSet" itemClassName="java.lang.String">C2347617;C1552961</Value>
</Feature>
<Feature>
  <Name className="java.lang.String">lookups</Name>
  <Value className="java.util.HashSet" itemClassName="java.lang.Integer">6215;5906;6216;5905</Value>
</Feature>
</Annotation>
<Annotation Id="6032" Type="LookupList" StartNode="1528" EndNode="1536">
<Feature>
  <Name className="java.lang.String">cuis</Name>
  <Value className="java.util.HashSet" itemClassName="java.lang.String">C1707797</Value>
</Feature>
<Feature>
  <Name className="java.lang.String">lookups</Name>
  <Value className="java.util.HashSet" itemClassName="java.lang.Integer">5862;6217;6218</Value>
</Feature>
</Annotation>
<Annotation Id="6047" Type="LookupList" StartNode="874" EndNode="884">
<Feature>
  <Name className="java.lang.String">cuis</Name>
  <Value className="java.util.HashSet" itemClassName="java.lang.String">C0015330;C1721090</Value>
</Feature>
<Feature>
  <Name className="java.lang.String">lookups</Name>
  <Value className="java.util.HashSet" itemClassName="java.lang.Integer">5898;5897;6220;6219</Value>
</Feature>
</Annotation>
<Annotation Id="6046" Type="LookupList" StartNode="973" EndNode="977">
<Feature>
  <Name className="java.lang.String">cuis</Name>
  <Value className="java.util.HashSet" itemClassName="java.lang.String">C0871208;C1521828</Value>
</Feature>
<Feature>
  <Name className="java.lang.String">lookups</Name>
  <Value className="java.util.HashSet" itemClassName="java.lang.Integer">5814;5813;6221;6222</Value>
</Feature>
</Annotation>
<Annotation Id="6045" Type="LookupList" StartNode="1218" EndNode="1224">
<Feature>
  <Name className="java.lang.String">cuis</Name>
  <Value className="java.util.HashSet" itemClassName="java.lang.String">C1265611</Value>
</Feature>
<Feature>
  <Name className="java.lang.String">lookups</Name>
  <Value className="java.util.HashSet" itemClassName="java.lang.Integer">6224;5828;6223</Value>
</Feature>
</Annotation>
<Annotation Id="6044" Type="LookupList" StartNode="749" EndNode="755">
<Feature>
  <Name className="java.lang.String">cuis</Name>
  <Value className="java.util.HashSet" itemClassName="java.lang.String">C0014898</Value>
</Feature>
<Feature>
  <Name className="java.lang.String">lookups</Name>
  <Value className="java.util.HashSet" itemClassName="java.lang.Integer">6225;6226;5791</Value>
</Feature>
</Annotation>
<Annotation Id="6043" Type="LookupList" StartNode="1264" EndNode="1271">
<Feature>
  <Name className="java.lang.String">cuis</Name>
  <Value className="java.util.HashSet" itemClassName="java.lang.String">C1265611</Value>
</Feature>
<Feature>
  <Name className="java.lang.String">lookups</Name>
  <Value className="java.util.HashSet" itemClassName="java.lang.Integer">6228;6227;5835</Value>
</Feature>
</Annotation>
<Annotation Id="6042" Type="LookupList" StartNode="28" EndNode="34">
<Feature>
  <Name className="java.lang.String">cuis</Name>
  <Value className="java.util.HashSet" itemClassName="java.lang.String">C0679006;C1947967</Value>
</Feature>
<Feature>
  <Name className="java.lang.String">lookups</Name>
  <Value className="java.util.HashSet" itemClassName="java.lang.Integer">6229;6230;5713;5714</Value>
</Feature>
</Annotation>
<Annotation Id="6041" Type="LookupList" StartNode="612" EndNode="616">
<Feature>
  <Name className="java.lang.String">cuis</Name>
  <Value className="java.util.HashSet" itemClassName="java.lang.String">C0556991</Value>
</Feature>
<Feature>
  <Name className="java.lang.String">lookups</Name>
  <Value className="java.util.HashSet" itemClassName="java.lang.Integer">6231;5777;6232</Value>
</Feature>
</Annotation>
<Annotation Id="6040" Type="LookupList" StartNode="1429" EndNode="1436">
<Feature>
  <Name className="java.lang.String">cuis</Name>
  <Value className="java.util.HashSet" itemClassName="java.lang.String">C0456205;C0423896</Value>
</Feature>
<Feature>
  <Name className="java.lang.String">lookups</Name>
  <Value className="java.util.HashSet" itemClassName="java.lang.Integer">5976;5977;6233;6234</Value>
</Feature>
</Annotation>
<Annotation Id="6022" Type="LookupList" StartNode="387" EndNode="391">
<Feature>
  <Name className="java.lang.String">cuis</Name>
  <Value className="java.util.HashSet" itemClassName="java.lang.String">C1522492;C0348078;C0376315</Value>
</Feature>
<Feature>
  <Name className="java.lang.String">lookups</Name>
  <Value className="java.util.HashSet" itemClassName="java.lang.Integer">5754;5755;5756;6236;6235</Value>
</Feature>
</Annotation>
<Annotation Id="6023" Type="LookupList" StartNode="1418" EndNode="1425">
<Feature>
  <Name className="java.lang.String">cuis</Name>
  <Value className="java.util.HashSet" itemClassName="java.lang.String">C1279901;C1555582;C1705685;C0205265</Value>
</Feature>
<Feature>
  <Name className="java.lang.String">lookups</Name>
  <Value className="java.util.HashSet" itemClassName="java.lang.Integer">6237;6238;5851;5853;5852;5854</Value>
</Feature>
</Annotation>
<Annotation Id="6020" Type="LookupList" StartNode="773" EndNode="783">
<Feature>
  <Name className="java.lang.String">cuis</Name>
  <Value className="java.util.HashSet" itemClassName="java.lang.String">C0282222</Value>
</Feature>
<Feature>
  <Name className="java.lang.String">lookups</Name>
  <Value className="java.util.HashSet" itemClassName="java.lang.Integer">6240;5793;6239</Value>
</Feature>
</Annotation>
<Annotation Id="6021" Type="LookupList" StartNode="1397" EndNode="1401">
<Feature>
  <Name className="java.lang.String">cuis</Name>
  <Value className="java.util.HashSet" itemClassName="java.lang.String">C0439092;C0547044</Value>
</Feature>
<Feature>
  <Name className="java.lang.String">lookups</Name>
  <Value className="java.util.HashSet" itemClassName="java.lang.Integer">6242;6241;5849;5850</Value>
</Feature>
</Annotation>
<Annotation Id="6018" Type="LookupList" StartNode="448" EndNode="455">
<Feature>
  <Name className="java.lang.String">cuis</Name>
  <Value className="java.util.HashSet" itemClassName="java.lang.String">C1546559;C0242301</Value>
</Feature>
<Feature>
  <Name className="java.lang.String">lookups</Name>
  <Value className="java.util.HashSet" itemClassName="java.lang.Integer">5764;6244;6243;5763</Value>
</Feature>
</Annotation>
<Annotation Id="6019" Type="LookupList" StartNode="981" EndNode="990">
<Feature>
  <Name className="java.lang.String">cuis</Name>
  <Value className="java.util.HashSet" itemClassName="java.lang.String">C0072221</Value>
</Feature>
<Feature>
  <Name className="java.lang.String">lookups</Name>
  <Value className="java.util.HashSet" itemClassName="java.lang.Integer">5815;6246;6245</Value>
</Feature>
</Annotation>
<Annotation Id="6016" Type="LookupList" StartNode="685" EndNode="690">
<Feature>
  <Name className="java.lang.String">cuis</Name>
  <Value className="java.util.HashSet" itemClassName="java.lang.String">C0205208;C1378566;C0302909</Value>
</Feature>
<Feature>
  <Name className="java.lang.String">lookups</Name>
  <Value className="java.util.HashSet" itemClassName="java.lang.Integer">6247;5903;5902;5904;6248</Value>
</Feature>
</Annotation>
<Annotation Id="6017" Type="LookupList" StartNode="105" EndNode="111">
<Feature>
  <Name className="java.lang.String">cuis</Name>
  <Value className="java.util.HashSet" itemClassName="java.lang.String">C2945751</Value>
</Feature>
<Feature>
  <Name className="java.lang.String">lookups</Name>
  <Value className="java.util.HashSet" itemClassName="java.lang.Integer">5722;6250;6249</Value>
</Feature>
</Annotation>
<Annotation Id="6030" Type="LookupList" StartNode="426" EndNode="431">
<Feature>
  <Name className="java.lang.String">cuis</Name>
  <Value className="java.util.HashSet" itemClassName="java.lang.String">C2347617;C1552961</Value>
</Feature>
<Feature>
  <Name className="java.lang.String">lookups</Name>
  <Value className="java.util.HashSet" itemClassName="java.lang.Integer">5761;5762;6252;6251</Value>
</Feature>
</Annotation>
<Annotation Id="6031" Type="LookupList" StartNode="369" EndNode="374">
<Feature>
  <Name className="java.lang.String">cuis</Name>
  <Value className="java.util.HashSet" itemClassName="java.lang.String">C0205208;C1378566;C0302909</Value>
</Feature>
<Feature>
  <Name className="java.lang.String">lookups</Name>
  <Value className="java.util.HashSet" itemClassName="java.lang.Integer">5752;5753;6254;6253;5751</Value>
</Feature>
</Annotation>
<Annotation Id="6028" Type="LookupList" StartNode="1111" EndNode="1118">
<Feature>
  <Name className="java.lang.String">cuis</Name>
  <Value className="java.util.HashSet" itemClassName="java.lang.String">C0439833</Value>
</Feature>
<Feature>
  <Name className="java.lang.String">lookups</Name>
  <Value className="java.util.HashSet" itemClassName="java.lang.Integer">5826;6256;6255</Value>
</Feature>
</Annotation>
<Annotation Id="6029" Type="LookupList" StartNode="1492" EndNode="1496">
<Feature>
  <Name className="java.lang.String">cuis</Name>
  <Value className="java.util.HashSet" itemClassName="java.lang.String">C0439092;C0547044</Value>
</Feature>
<Feature>
  <Name className="java.lang.String">lookups</Name>
  <Value className="java.util.HashSet" itemClassName="java.lang.Integer">5978;5979;6258;6257</Value>
</Feature>
</Annotation>
<Annotation Id="6026" Type="LookupList" StartNode="204" EndNode="212">
<Feature>
  <Name className="java.lang.String">cuis</Name>
  <Value className="java.util.HashSet" itemClassName="java.lang.String">C3272558;C0220806</Value>
</Feature>
<Feature>
  <Name className="java.lang.String">lookups</Name>
  <Value className="java.util.HashSet" itemClassName="java.lang.Integer">6260;6259;5730;5729</Value>
</Feature>
</Annotation>
<Annotation Id="6027" Type="LookupList" StartNode="479" EndNode="484">
<Feature>
  <Name className="java.lang.String">cuis</Name>
  <Value className="java.util.HashSet" itemClassName="java.lang.String">C0813983</Value>
</Feature>
<Feature>
  <Name className="java.lang.String">lookups</Name>
  <Value className="java.util.HashSet" itemClassName="java.lang.Integer">6262;5765;6261</Value>
</Feature>
</Annotation>
<Annotation Id="6024" Type="LookupList" StartNode="1070" EndNode="1078">
<Feature>
  <Name className="java.lang.String">cuis</Name>
  <Value className="java.util.HashSet" itemClassName="java.lang.String">C0699857;C0028125</Value>
</Feature>
<Feature>
  <Name className="java.lang.String">lookups</Name>
  <Value className="java.util.HashSet" itemClassName="java.lang.Integer">6263;5822;5821;6264</Value>
</Feature>
</Annotation>
<Annotation Id="6025" Type="LookupList" StartNode="61" EndNode="66">
<Feature>
  <Name className="java.lang.String">cuis</Name>
  <Value className="java.util.HashSet" itemClassName="java.lang.String">C0038642</Value>
</Feature>
<Feature>
  <Name className="java.lang.String">lookups</Name>
  <Value className="java.util.HashSet" itemClassName="java.lang.Integer">6266;5718;6265</Value>
</Feature>
</Annotation>
<Annotation Id="6069" Type="LookupList" StartNode="1605" EndNode="1615">
<Feature>
  <Name className="java.lang.String">cuis</Name>
  <Value className="java.util.HashSet" itemClassName="java.lang.String">C0599677</Value>
</Feature>
<Feature>
  <Name className="java.lang.String">lookups</Name>
  <Value className="java.util.HashSet" itemClassName="java.lang.Integer">5894;6268;6267</Value>
</Feature>
</Annotation>
<Annotation Id="6068" Type="LookupList" StartNode="1712" EndNode="1714">
<Feature>
  <Name className="java.lang.String">cuis</Name>
  <Value className="java.util.HashSet" itemClassName="java.lang.String">C0441922;C0369718</Value>
</Feature>
<Feature>
  <Name className="java.lang.String">lookups</Name>
  <Value className="java.util.HashSet" itemClassName="java.lang.Integer">5967;6270;5968;6269</Value>
</Feature>
</Annotation>
<Annotation Id="6071" Type="LookupList" StartNode="489" EndNode="500">
<Feature>
  <Name className="java.lang.String">cuis</Name>
  <Value className="java.util.HashSet" itemClassName="java.lang.String">C0598629</Value>
</Feature>
<Feature>
  <Name className="java.lang.String">lookups</Name>
  <Value className="java.util.HashSet" itemClassName="java.lang.Integer">5766;6272;6271</Value>
</Feature>
</Annotation>
<Annotation Id="6070" Type="LookupList" StartNode="892" EndNode="896">
<Feature>
  <Name className="java.lang.String">cuis</Name>
  <Value className="java.util.HashSet" itemClassName="java.lang.String">C1273517</Value>
</Feature>
<Feature>
  <Name className="java.lang.String">lookups</Name>
  <Value className="java.util.HashSet" itemClassName="java.lang.Integer">5895;6273;6274</Value>
</Feature>
</Annotation>
<Annotation Id="6065" Type="LookupList" StartNode="1778" EndNode="1783">
<Feature>
  <Name className="java.lang.String">cuis</Name>
  <Value className="java.util.HashSet" itemClassName="java.lang.String">C1517892;C1704666</Value>
</Feature>
<Feature>
  <Name className="java.lang.String">lookups</Name>
  <Value className="java.util.HashSet" itemClassName="java.lang.Integer">5878;5877;6275;6276</Value>
</Feature>
</Annotation>
<Annotation Id="6064" Type="LookupList" StartNode="357" EndNode="368">
<Feature>
  <Name className="java.lang.String">cuis</Name>
  <Value className="java.util.HashSet" itemClassName="java.lang.String">C0444626</Value>
</Feature>
<Feature>
  <Name className="java.lang.String">lookups</Name>
  <Value className="java.util.HashSet" itemClassName="java.lang.Integer">5750;6277;6278</Value>
</Feature>
</Annotation>
<Annotation Id="6067" Type="LookupList" StartNode="1784" EndNode="1791">
<Feature>
  <Name className="java.lang.String">cuis</Name>
  <Value className="java.util.HashSet" itemClassName="java.lang.String">C0205246;C1553889</Value>
</Feature>
<Feature>
  <Name className="java.lang.String">lookups</Name>
  <Value className="java.util.HashSet" itemClassName="java.lang.Integer">6280;5879;5880;6279</Value>
</Feature>
</Annotation>
<Annotation Id="6066" Type="LookupList" StartNode="622" EndNode="631">
<Feature>
  <Name className="java.lang.String">cuis</Name>
  <Value className="java.util.HashSet" itemClassName="java.lang.String">C1450035</Value>
</Feature>
<Feature>
  <Name className="java.lang.String">lookups</Name>
  <Value className="java.util.HashSet" itemClassName="java.lang.Integer">6281;6282;5778</Value>
</Feature>
</Annotation>
<Annotation Id="6077" Type="LookupList" StartNode="1016" EndNode="1026">
<Feature>
  <Name className="java.lang.String">cuis</Name>
  <Value className="java.util.HashSet" itemClassName="java.lang.String">C1550603;C0920880;C1705532</Value>
</Feature>
<Feature>
  <Name className="java.lang.String">lookups</Name>
  <Value className="java.util.HashSet" itemClassName="java.lang.Integer">6283;6284;5887;5886;5885</Value>
</Feature>
</Annotation>
<Annotation Id="6076" Type="LookupList" StartNode="1356" EndNode="1364">
<Feature>
  <Name className="java.lang.String">cuis</Name>
  <Value className="java.util.HashSet" itemClassName="java.lang.String">C1550032;C1996907;C1880497</Value>
</Feature>
<Feature>
  <Name className="java.lang.String">lookups</Name>
  <Value className="java.util.HashSet" itemClassName="java.lang.Integer">5841;5843;5842;6285;6286</Value>
</Feature>
</Annotation>
<Annotation Id="6079" Type="LookupList" StartNode="277" EndNode="285">
<Feature>
  <Name className="java.lang.String">cuis</Name>
  <Value className="java.util.HashSet" itemClassName="java.lang.String">C3272558;C0220806</Value>
</Feature>
<Feature>
  <Name className="java.lang.String">lookups</Name>
  <Value className="java.util.HashSet" itemClassName="java.lang.Integer">6287;6288;5972;5973</Value>
</Feature>
</Annotation>
<Annotation Id="6078" Type="LookupList" StartNode="573" EndNode="583">
<Feature>
  <Name className="java.lang.String">cuis</Name>
  <Value className="java.util.HashSet" itemClassName="java.lang.String">C1721090;C0015330</Value>
</Feature>
<Feature>
  <Name className="java.lang.String">lookups</Name>
  <Value className="java.util.HashSet" itemClassName="java.lang.Integer">6289;5773;5774;6290</Value>
</Feature>
</Annotation>
<Annotation Id="6073" Type="LookupList" StartNode="538" EndNode="548">
<Feature>
  <Name className="java.lang.String">cuis</Name>
  <Value className="java.util.HashSet" itemClassName="java.lang.String">C1550603;C0920880;C1705532</Value>
</Feature>
<Feature>
  <Name className="java.lang.String">lookups</Name>
  <Value className="java.util.HashSet" itemClassName="java.lang.Integer">6291;5768;6292;5769;5770</Value>
</Feature>
</Annotation>
<Annotation Id="6072" Type="LookupList" StartNode="1457" EndNode="1469">
<Feature>
  <Name className="java.lang.String">cuis</Name>
  <Value className="java.util.HashSet" itemClassName="java.lang.String">C0220920;C0733511</Value>
</Feature>
<Feature>
  <Name className="java.lang.String">lookups</Name>
  <Value className="java.util.HashSet" itemClassName="java.lang.Integer">5858;5857;6293;6294</Value>
</Feature>
</Annotation>
<Annotation Id="6075" Type="LookupList" StartNode="1143" EndNode="1147">
<Feature>
  <Name className="java.lang.String">cuis</Name>
  <Value className="java.util.HashSet" itemClassName="java.lang.String">C0202406;C0001128</Value>
</Feature>
<Feature>
  <Name className="java.lang.String">lookups</Name>
  <Value className="java.util.HashSet" itemClassName="java.lang.Integer">6296;5970;5971;6295</Value>
</Feature>
</Annotation>
<Annotation Id="6074" Type="LookupList" StartNode="744" EndNode="748">
<Feature>
  <Name className="java.lang.String">cuis</Name>
  <Value className="java.util.HashSet" itemClassName="java.lang.String">C0202406;C0001128</Value>
</Feature>
<Feature>
  <Name className="java.lang.String">lookups</Name>
  <Value className="java.util.HashSet" itemClassName="java.lang.Integer">6297;6298;5789;5790</Value>
</Feature>
</Annotation>
<Annotation Id="6052" Type="LookupList" StartNode="1577" EndNode="1581">
<Feature>
  <Name className="java.lang.String">cuis</Name>
  <Value className="java.util.HashSet" itemClassName="java.lang.String">C0023175;C2348269;C1522538;C3275067;C1442948</Value>
</Feature>
<Feature>
  <Name className="java.lang.String">lookups</Name>
  <Value className="java.util.HashSet" itemClassName="java.lang.Integer">6299;6300;5866;5867;5864;5865;5868</Value>
</Feature>
</Annotation>
<Annotation Id="6053" Type="LookupList" StartNode="817" EndNode="824">
<Feature>
  <Name className="java.lang.String">cuis</Name>
  <Value className="java.util.HashSet" itemClassName="java.lang.String">C0747055</Value>
</Feature>
<Feature>
  <Name className="java.lang.String">lookups</Name>
  <Value className="java.util.HashSet" itemClassName="java.lang.Integer">6301;6302;5974</Value>
</Feature>
</Annotation>
<Annotation Id="6054" Type="LookupList" StartNode="1742" EndNode="1755">
<Feature>
  <Name className="java.lang.String">cuis</Name>
  <Value className="java.util.HashSet" itemClassName="java.lang.String">C0012528</Value>
</Feature>
<Feature>
  <Name className="java.lang.String">lookups</Name>
  <Value className="java.util.HashSet" itemClassName="java.lang.Integer">6303;6304;5988</Value>
</Feature>
</Annotation>
<Annotation Id="6055" Type="LookupList" StartNode="923" EndNode="926">
<Feature>
  <Name className="java.lang.String">cuis</Name>
  <Value className="java.util.HashSet" itemClassName="java.lang.String">C0205447</Value>
</Feature>
<Feature>
  <Name className="java.lang.String">lookups</Name>
  <Value className="java.util.HashSet" itemClassName="java.lang.Integer">5810;6306;6305</Value>
</Feature>
</Annotation>
<Annotation Id="6048" Type="LookupList" StartNode="1063" EndNode="1069">
<Feature>
  <Name className="java.lang.String">cuis</Name>
  <Value className="java.util.HashSet" itemClassName="java.lang.String">C0001128</Value>
</Feature>
<Feature>
  <Name className="java.lang.String">lookups</Name>
  <Value className="java.util.HashSet" itemClassName="java.lang.Integer">6307;5820;6308</Value>
</Feature>
</Annotation>
<Annotation Id="6049" Type="LookupList" StartNode="951" EndNode="958">
<Feature>
  <Name className="java.lang.String">cuis</Name>
  <Value className="java.util.HashSet" itemClassName="java.lang.String">C0243148;C3274648;C2587213;C1550141;C1882979</Value>
</Feature>
<Feature>
  <Name className="java.lang.String">lookups</Name>
  <Value className="java.util.HashSet" itemClassName="java.lang.Integer">5951;5955;5954;5953;5952;6310;6309</Value>
</Feature>
</Annotation>
<Annotation Id="6050" Type="LookupList" StartNode="553" EndNode="562">
<Feature>
  <Name className="java.lang.String">cuis</Name>
  <Value className="java.util.HashSet" itemClassName="java.lang.String">C1883254</Value>
</Feature>
<Feature>
  <Name className="java.lang.String">lookups</Name>
  <Value className="java.util.HashSet" itemClassName="java.lang.Integer">6312;6311;5771</Value>
</Feature>
</Annotation>
<Annotation Id="6051" Type="LookupList" StartNode="1518" EndNode="1527">
<Feature>
  <Name className="java.lang.String">cuis</Name>
  <Value className="java.util.HashSet" itemClassName="java.lang.String">C0205548;C0205253</Value>
</Feature>
<Feature>
  <Name className="java.lang.String">lookups</Name>
  <Value className="java.util.HashSet" itemClassName="java.lang.Integer">6314;6313;5860;5861</Value>
</Feature>
</Annotation>
<Annotation Id="6060" Type="LookupList" StartNode="528" EndNode="532">
<Feature>
  <Name className="java.lang.String">cuis</Name>
  <Value className="java.util.HashSet" itemClassName="java.lang.String">C1273517</Value>
</Feature>
<Feature>
  <Name className="java.lang.String">lookups</Name>
  <Value className="java.util.HashSet" itemClassName="java.lang.Integer">6315;5767;6316</Value>
</Feature>
</Annotation>
<Annotation Id="6061" Type="LookupList" StartNode="418" EndNode="425">
<Feature>
  <Name className="java.lang.String">cuis</Name>
  <Value className="java.util.HashSet" itemClassName="java.lang.String">C0599882</Value>
</Feature>
<Feature>
  <Name className="java.lang.String">lookups</Name>
  <Value className="java.util.HashSet" itemClassName="java.lang.Integer">6318;5760;6317</Value>
</Feature>
</Annotation>
<Annotation Id="6062" Type="LookupList" StartNode="67" EndNode="73">
<Feature>
  <Name className="java.lang.String">cuis</Name>
  <Value className="java.util.HashSet" itemClassName="java.lang.String">C0221205</Value>
</Feature>
<Feature>
  <Name className="java.lang.String">lookups</Name>
  <Value className="java.util.HashSet" itemClassName="java.lang.Integer">6319;6320;5719</Value>
</Feature>
</Annotation>
<Annotation Id="6063" Type="LookupList" StartNode="257" EndNode="270">
<Feature>
  <Name className="java.lang.String">cuis</Name>
  <Value className="java.util.HashSet" itemClassName="java.lang.String">C0012528</Value>
</Feature>
<Feature>
  <Name className="java.lang.String">lookups</Name>
  <Value className="java.util.HashSet" itemClassName="java.lang.Integer">5737;6322;6321</Value>
</Feature>
</Annotation>
<Annotation Id="6056" Type="LookupList" StartNode="653" EndNode="657">
<Feature>
  <Name className="java.lang.String">cuis</Name>
  <Value className="java.util.HashSet" itemClassName="java.lang.String">C0680778</Value>
</Feature>
<Feature>
  <Name className="java.lang.String">lookups</Name>
  <Value className="java.util.HashSet" itemClassName="java.lang.Integer">5780;6323;6324</Value>
</Feature>
</Annotation>
<Annotation Id="6057" Type="LookupList" StartNode="1257" EndNode="1263">
<Feature>
  <Name className="java.lang.String">cuis</Name>
  <Value className="java.util.HashSet" itemClassName="java.lang.String">C2700149;C1299351;C0205250</Value>
</Feature>
<Feature>
  <Name className="java.lang.String">lookups</Name>
  <Value className="java.util.HashSet" itemClassName="java.lang.Integer">5832;5833;5834;6326;6325</Value>
</Feature>
</Annotation>
<Annotation Id="6058" Type="LookupList" StartNode="727" EndNode="736">
<Feature>
  <Name className="java.lang.String">cuis</Name>
  <Value className="java.util.HashSet" itemClassName="java.lang.String">C1314939</Value>
</Feature>
<Feature>
  <Name className="java.lang.String">lookups</Name>
  <Value className="java.util.HashSet" itemClassName="java.lang.Integer">6328;5788;6327</Value>
</Feature>
</Annotation>
<Annotation Id="6059" Type="LookupList" StartNode="1032" EndNode="1037">
<Feature>
  <Name className="java.lang.String">cuis</Name>
  <Value className="java.util.HashSet" itemClassName="java.lang.String">C0205164</Value>
</Feature>
<Feature>
  <Name className="java.lang.String">lookups</Name>
  <Value className="java.util.HashSet" itemClassName="java.lang.Integer">6330;5962;6329</Value>
</Feature>
</Annotation>
<Annotation Id="5705" Type="Sentence" StartNode="1758" EndNode="1768">
</Annotation>
<Annotation Id="5704" Type="Sentence" StartNode="1622" EndNode="1757">
</Annotation>
<Annotation Id="5707" Type="Sentence" StartNode="1784" EndNode="1803">
</Annotation>
<Annotation Id="5706" Type="Sentence" StartNode="1769" EndNode="1783">
</Annotation>
<Annotation Id="5709" Type="Sentence" StartNode="1818" EndNode="1840">
</Annotation>
<Annotation Id="5708" Type="Sentence" StartNode="1805" EndNode="1816">
</Annotation>
<Annotation Id="5697" Type="Sentence" StartNode="786" EndNode="864">
</Annotation>
<Annotation Id="5696" Type="Sentence" StartNode="504" EndNode="785">
</Annotation>
<Annotation Id="5699" Type="Sentence" StartNode="923" EndNode="1009">
</Annotation>
<Annotation Id="5698" Type="Sentence" StartNode="866" EndNode="922">
</Annotation>
<Annotation Id="5701" Type="Sentence" StartNode="1214" EndNode="1326">
</Annotation>
<Annotation Id="5700" Type="Sentence" StartNode="1011" EndNode="1213">
</Annotation>
<Annotation Id="5703" Type="Sentence" StartNode="1617" EndNode="1620">
</Annotation>
<Annotation Id="5702" Type="Sentence" StartNode="1327" EndNode="1616">
</Annotation>
<Annotation Id="5722" Type="MetaMap" StartNode="105" EndNode="111">
<Feature>
  <Name className="java.lang.String">IsHead</Name>
  <Value className="java.lang.Boolean">true</Value>
</Feature>
<Feature>
  <Name className="java.lang.String">PreferredName</Name>
  <Value className="java.lang.String">phenyl</Value>
</Feature>
<Feature>
  <Name className="java.lang.String">ConceptId</Name>
  <Value className="java.lang.String">C2945751</Value>
</Feature>
<Feature>
  <Name className="java.lang.String">SemanticTypesString</Name>
  <Value className="java.lang.String">[chvs]</Value>
</Feature>
<Feature>
  <Name className="java.lang.String">SemanticTypes</Name>
  <Value className="java.util.ArrayList" itemClassName="java.lang.String">chvs</Value>
</Feature>
<Feature>
  <Name className="java.lang.String">IsOvermatch</Name>
  <Value className="java.lang.Boolean">false</Value>
</Feature>
<Feature>
  <Name className="java.lang.String">Type</Name>
  <Value className="java.lang.String">Mapping</Value>
</Feature>
<Feature>
  <Name className="java.lang.String">SourcesString</Name>
  <Value className="java.lang.String">[CHV]</Value>
</Feature>
<Feature>
  <Name className="java.lang.String">Sources</Name>
  <Value className="java.lang.String">[CHV]</Value>
</Feature>
<Feature>
  <Name className="java.lang.String">ConceptName</Name>
  <Value className="java.lang.String">phenyl</Value>
</Feature>
<Feature>
  <Name className="java.lang.String">Score</Name>
  <Value className="java.lang.Integer">-1000</Value>
</Feature>
</Annotation>
<Annotation Id="5727" Type="MetaMap" StartNode="175" EndNode="187">
<Feature>
  <Name className="java.lang.String">IsHead</Name>
  <Value className="java.lang.Boolean">true</Value>
</Feature>
<Feature>
  <Name className="java.lang.String">PreferredName</Name>
  <Value className="java.lang.String">nitroaniline</Value>
</Feature>
<Feature>
  <Name className="java.lang.String">ConceptId</Name>
  <Value className="java.lang.String">C0068820</Value>
</Feature>
<Feature>
  <Name className="java.lang.String">SemanticTypesString</Name>
  <Value className="java.lang.String">[orch]</Value>
</Feature>
<Feature>
  <Name className="java.lang.String">SemanticTypes</Name>
  <Value className="java.util.ArrayList" itemClassName="java.lang.String">orch</Value>
</Feature>
<Feature>
  <Name className="java.lang.String">IsOvermatch</Name>
  <Value className="java.lang.Boolean">false</Value>
</Feature>
<Feature>
  <Name className="java.lang.String">Type</Name>
  <Value className="java.lang.String">Mapping</Value>
</Feature>
<Feature>
  <Name className="java.lang.String">SourcesString</Name>
  <Value className="java.lang.String">[MSH]</Value>
</Feature>
<Feature>
  <Name className="java.lang.String">Sources</Name>
  <Value className="java.lang.String">[MSH]</Value>
</Feature>
<Feature>
  <Name className="java.lang.String">ConceptName</Name>
  <Value className="java.lang.String">nitroaniline</Value>
</Feature>
<Feature>
  <Name className="java.lang.String">Score</Name>
  <Value className="java.lang.Integer">-1000</Value>
</Feature>
</Annotation>
<Annotation Id="5713" Type="MetaMap" StartNode="28" EndNode="34">
<Feature>
  <Name className="java.lang.String">IsHead</Name>
  <Value className="java.lang.Boolean">true</Value>
</Feature>
<Feature>
  <Name className="java.lang.String">PreferredName</Name>
  <Value className="java.lang.String">Decision</Value>
</Feature>
<Feature>
  <Name className="java.lang.String">ConceptId</Name>
  <Value className="java.lang.String">C0679006</Value>
</Feature>
<Feature>
  <Name className="java.lang.String">SemanticTypesString</Name>
  <Value className="java.lang.String">[menp]</Value>
</Feature>
<Feature>
  <Name className="java.lang.String">SemanticTypes</Name>
  <Value className="java.util.ArrayList" itemClassName="java.lang.String">menp</Value>
</Feature>
<Feature>
  <Name className="java.lang.String">IsOvermatch</Name>
  <Value className="java.lang.Boolean">false</Value>
</Feature>
<Feature>
  <Name className="java.lang.String">Type</Name>
  <Value className="java.lang.String">Mapping</Value>
</Feature>
<Feature>
  <Name className="java.lang.String">SourcesString</Name>
  <Value className="java.lang.String">[CHV, MTH, NCI]</Value>
</Feature>
<Feature>
  <Name className="java.lang.String">Sources</Name>
  <Value className="java.lang.String">[CHV, MTH, NCI]</Value>
</Feature>
<Feature>
  <Name className="java.lang.String">ConceptName</Name>
  <Value className="java.lang.String">Call</Value>
</Feature>
<Feature>
  <Name className="java.lang.String">Score</Name>
  <Value className="java.lang.Integer">-966</Value>
</Feature>
</Annotation>
<Annotation Id="5714" Type="MetaMap" StartNode="28" EndNode="34">
<Feature>
  <Name className="java.lang.String">IsHead</Name>
  <Value className="java.lang.Boolean">true</Value>
</Feature>
<Feature>
  <Name className="java.lang.String">PreferredName</Name>
  <Value className="java.lang.String">Call (Instruction)</Value>
</Feature>
<Feature>
  <Name className="java.lang.String">ConceptId</Name>
  <Value className="java.lang.String">C1947967</Value>
</Feature>
<Feature>
  <Name className="java.lang.String">SemanticTypesString</Name>
  <Value className="java.lang.String">[ftcn]</Value>
</Feature>
<Feature>
  <Name className="java.lang.String">SemanticTypes</Name>
  <Value className="java.util.ArrayList" itemClassName="java.lang.String">ftcn</Value>
</Feature>
<Feature>
  <Name className="java.lang.String">IsOvermatch</Name>
  <Value className="java.lang.Boolean">false</Value>
</Feature>
<Feature>
  <Name className="java.lang.String">Type</Name>
  <Value className="java.lang.String">Mapping</Value>
</Feature>
<Feature>
  <Name className="java.lang.String">SourcesString</Name>
  <Value className="java.lang.String">[MTH, NCI]</Value>
</Feature>
<Feature>
  <Name className="java.lang.String">Sources</Name>
  <Value className="java.lang.String">[MTH, NCI]</Value>
</Feature>
<Feature>
  <Name className="java.lang.String">ConceptName</Name>
  <Value className="java.lang.String">Call</Value>
</Feature>
<Feature>
  <Name className="java.lang.String">Score</Name>
  <Value className="java.lang.Integer">-966</Value>
</Feature>
</Annotation>
<Annotation Id="5715" Type="MetaMap" StartNode="35" EndNode="39">
<Feature>
  <Name className="java.lang.String">IsHead</Name>
  <Value className="java.lang.Boolean">true</Value>
</Feature>
<Feature>
  <Name className="java.lang.String">PreferredName</Name>
  <Value className="java.lang.String">Nitrosodipropylamine</Value>
</Feature>
<Feature>
  <Name className="java.lang.String">ConceptId</Name>
  <Value className="java.lang.String">C1709233</Value>
</Feature>
<Feature>
  <Name className="java.lang.String">SemanticTypesString</Name>
  <Value className="java.lang.String">[hops, orch]</Value>
</Feature>
<Feature>
  <Name className="java.lang.String">SemanticTypes</Name>
  <Value className="java.util.ArrayList" itemClassName="java.lang.String">hops;orch</Value>
</Feature>
<Feature>
  <Name className="java.lang.String">IsOvermatch</Name>
  <Value className="java.lang.Boolean">false</Value>
</Feature>
<Feature>
  <Name className="java.lang.String">Type</Name>
  <Value className="java.lang.String">Mapping</Value>
</Feature>
<Feature>
  <Name className="java.lang.String">SourcesString</Name>
  <Value className="java.lang.String">[NCI]</Value>
</Feature>
<Feature>
  <Name className="java.lang.String">Sources</Name>
  <Value className="java.lang.String">[NCI]</Value>
</Feature>
<Feature>
  <Name className="java.lang.String">ConceptName</Name>
  <Value className="java.lang.String">NDPA</Value>
</Feature>
<Feature>
  <Name className="java.lang.String">Score</Name>
  <Value className="java.lang.Integer">-1000</Value>
</Feature>
</Annotation>
<Annotation Id="5716" Type="MetaMap" StartNode="55" EndNode="58">
<Feature>
  <Name className="java.lang.String">IsHead</Name>
  <Value className="java.lang.Boolean">true</Value>
</Feature>
<Feature>
  <Name className="java.lang.String">PreferredName</Name>
  <Value className="java.lang.String">Valproic Acid</Value>
</Feature>
<Feature>
  <Name className="java.lang.String">ConceptId</Name>
  <Value className="java.lang.String">C0042291</Value>
</Feature>
<Feature>
  <Name className="java.lang.String">SemanticTypesString</Name>
  <Value className="java.lang.String">[orch, phsu]</Value>
</Feature>
<Feature>
  <Name className="java.lang.String">SemanticTypes</Name>
  <Value className="java.util.ArrayList" itemClassName="java.lang.String">orch;phsu</Value>
</Feature>
<Feature>
  <Name className="java.lang.String">IsOvermatch</Name>
  <Value className="java.lang.Boolean">false</Value>
</Feature>
<Feature>
  <Name className="java.lang.String">Type</Name>
  <Value className="java.lang.String">Mapping</Value>
</Feature>
<Feature>
  <Name className="java.lang.String">SourcesString</Name>
  <Value className="java.lang.String">[MSH, MTH, NCI, SNMI, SNOMEDCT_US]</Value>
</Feature>
<Feature>
  <Name className="java.lang.String">Sources</Name>
  <Value className="java.lang.String">[MSH, MTH, NCI, SNMI, SNOMEDCT_US]</Value>
</Feature>
<Feature>
  <Name className="java.lang.String">ConceptName</Name>
  <Value className="java.lang.String">DPA</Value>
</Feature>
<Feature>
  <Name className="java.lang.String">Score</Name>
  <Value className="java.lang.Integer">-1000</Value>
</Feature>
</Annotation>
<Annotation Id="5717" Type="MetaMap" StartNode="55" EndNode="58">
<Feature>
  <Name className="java.lang.String">IsHead</Name>
  <Value className="java.lang.Boolean">true</Value>
</Feature>
<Feature>
  <Name className="java.lang.String">PreferredName</Name>
  <Value className="java.lang.String">Durable power of attorney</Value>
</Feature>
<Feature>
  <Name className="java.lang.String">ConceptId</Name>
  <Value className="java.lang.String">C0079258</Value>
</Feature>
<Feature>
  <Name className="java.lang.String">SemanticTypesString</Name>
  <Value className="java.lang.String">[rnlw]</Value>
</Feature>
<Feature>
  <Name className="java.lang.String">SemanticTypes</Name>
  <Value className="java.util.ArrayList" itemClassName="java.lang.String">rnlw</Value>
</Feature>
<Feature>
  <Name className="java.lang.String">IsOvermatch</Name>
  <Value className="java.lang.Boolean">false</Value>
</Feature>
<Feature>
  <Name className="java.lang.String">Type</Name>
  <Value className="java.lang.String">Mapping</Value>
</Feature>
<Feature>
  <Name className="java.lang.String">SourcesString</Name>
  <Value className="java.lang.String">[CHV, MTH, NCI]</Value>
</Feature>
<Feature>
  <Name className="java.lang.String">Sources</Name>
  <Value className="java.lang.String">[CHV, MTH, NCI]</Value>
</Feature>
<Feature>
  <Name className="java.lang.String">ConceptName</Name>
  <Value className="java.lang.String">DPA</Value>
</Feature>
<Feature>
  <Name className="java.lang.String">Score</Name>
  <Value className="java.lang.Integer">-1000</Value>
</Feature>
</Annotation>
<Annotation Id="5718" Type="MetaMap" StartNode="61" EndNode="66">
<Feature>
  <Name className="java.lang.String">IsHead</Name>
  <Value className="java.lang.Boolean">true</Value>
</Feature>
<Feature>
  <Name className="java.lang.String">PreferredName</Name>
  <Value className="java.lang.String">Sudan</Value>
</Feature>
<Feature>
  <Name className="java.lang.String">ConceptId</Name>
  <Value className="java.lang.String">C0038642</Value>
</Feature>
<Feature>
  <Name className="java.lang.String">SemanticTypesString</Name>
  <Value className="java.lang.String">[geoa]</Value>
</Feature>
<Feature>
  <Name className="java.lang.String">SemanticTypes</Name>
  <Value className="java.util.ArrayList" itemClassName="java.lang.String">geoa</Value>
</Feature>
<Feature>
  <Name className="java.lang.String">IsOvermatch</Name>
  <Value className="java.lang.Boolean">false</Value>
</Feature>
<Feature>
  <Name className="java.lang.String">Type</Name>
  <Value className="java.lang.String">Mapping</Value>
</Feature>
<Feature>
  <Name className="java.lang.String">SourcesString</Name>
  <Value className="java.lang.String">[CHV, MSH, MTH, NCI]</Value>
</Feature>
<Feature>
  <Name className="java.lang.String">Sources</Name>
  <Value className="java.lang.String">[CHV, MSH, MTH, NCI]</Value>
</Feature>
<Feature>
  <Name className="java.lang.String">ConceptName</Name>
  <Value className="java.lang.String">Sudan</Value>
</Feature>
<Feature>
  <Name className="java.lang.String">Score</Name>
  <Value className="java.lang.Integer">-1000</Value>
</Feature>
</Annotation>
<Annotation Id="5719" Type="MetaMap" StartNode="67" EndNode="73">
<Feature>
  <Name className="java.lang.String">IsHead</Name>
  <Value className="java.lang.Boolean">true</Value>
</Feature>
<Feature>
  <Name className="java.lang.String">PreferredName</Name>
  <Value className="java.lang.String">Yellow color</Value>
</Feature>
<Feature>
  <Name className="java.lang.String">ConceptId</Name>
  <Value className="java.lang.String">C0221205</Value>
</Feature>
<Feature>
  <Name className="java.lang.String">SemanticTypesString</Name>
  <Value className="java.lang.String">[qlco]</Value>
</Feature>
<Feature>
  <Name className="java.lang.String">SemanticTypes</Name>
  <Value className="java.util.ArrayList" itemClassName="java.lang.String">qlco</Value>
</Feature>
<Feature>
  <Name className="java.lang.String">IsOvermatch</Name>
  <Value className="java.lang.Boolean">false</Value>
</Feature>
<Feature>
  <Name className="java.lang.String">Type</Name>
  <Value className="java.lang.String">Mapping</Value>
</Feature>
<Feature>
  <Name className="java.lang.String">SourcesString</Name>
  <Value className="java.lang.String">[CHV, MTH, SNOMEDCT_US]</Value>
</Feature>
<Feature>
  <Name className="java.lang.String">Sources</Name>
  <Value className="java.lang.String">[CHV, MTH, SNOMEDCT_US]</Value>
</Feature>
<Feature>
  <Name className="java.lang.String">ConceptName</Name>
  <Value className="java.lang.String">Yellow</Value>
</Feature>
<Feature>
  <Name className="java.lang.String">Score</Name>
  <Value className="java.lang.Integer">-1000</Value>
</Feature>
</Annotation>
<Annotation Id="5739" Type="MetaMap" StartNode="286" EndNode="293">
<Feature>
  <Name className="java.lang.String">IsHead</Name>
  <Value className="java.lang.Boolean">true</Value>
</Feature>
<Feature>
  <Name className="java.lang.String">PreferredName</Name>
  <Value className="java.lang.String">Chemical Formula</Value>
</Feature>
<Feature>
  <Name className="java.lang.String">ConceptId</Name>
  <Value className="java.lang.String">C1705501</Value>
</Feature>
<Feature>
  <Name className="java.lang.String">SemanticTypesString</Name>
  <Value className="java.lang.String">[inpr]</Value>
</Feature>
<Feature>
  <Name className="java.lang.String">SemanticTypes</Name>
  <Value className="java.util.ArrayList" itemClassName="java.lang.String">inpr</Value>
</Feature>
<Feature>
  <Name className="java.lang.String">IsOvermatch</Name>
  <Value className="java.lang.Boolean">false</Value>
</Feature>
<Feature>
  <Name className="java.lang.String">Type</Name>
  <Value className="java.lang.String">Mapping</Value>
</Feature>
<Feature>
  <Name className="java.lang.String">SourcesString</Name>
  <Value className="java.lang.String">[MTH, NCI]</Value>
</Feature>
<Feature>
  <Name className="java.lang.String">Sources</Name>
  <Value className="java.lang.String">[MTH, NCI]</Value>
</Feature>
<Feature>
  <Name className="java.lang.String">ConceptName</Name>
  <Value className="java.lang.String">Formula</Value>
</Feature>
<Feature>
  <Name className="java.lang.String">Score</Name>
  <Value className="java.lang.Integer">-1000</Value>
</Feature>
</Annotation>
<Annotation Id="5738" Type="MetaMap" StartNode="286" EndNode="293">
<Feature>
  <Name className="java.lang.String">IsHead</Name>
  <Value className="java.lang.Boolean">true</Value>
</Feature>
<Feature>
  <Name className="java.lang.String">PreferredName</Name>
  <Value className="java.lang.String">Mathematical formula</Value>
</Feature>
<Feature>
  <Name className="java.lang.String">ConceptId</Name>
  <Value className="java.lang.String">C0489829</Value>
</Feature>
<Feature>
  <Name className="java.lang.String">SemanticTypesString</Name>
  <Value className="java.lang.String">[inpr]</Value>
</Feature>
<Feature>
  <Name className="java.lang.String">SemanticTypes</Name>
  <Value className="java.util.ArrayList" itemClassName="java.lang.String">inpr</Value>
</Feature>
<Feature>
  <Name className="java.lang.String">IsOvermatch</Name>
  <Value className="java.lang.Boolean">false</Value>
</Feature>
<Feature>
  <Name className="java.lang.String">Type</Name>
  <Value className="java.lang.String">Mapping</Value>
</Feature>
<Feature>
  <Name className="java.lang.String">SourcesString</Name>
  <Value className="java.lang.String">[LNC, MTH]</Value>
</Feature>
<Feature>
  <Name className="java.lang.String">Sources</Name>
  <Value className="java.lang.String">[LNC, MTH]</Value>
</Feature>
<Feature>
  <Name className="java.lang.String">ConceptName</Name>
  <Value className="java.lang.String">Formula</Value>
</Feature>
<Feature>
  <Name className="java.lang.String">Score</Name>
  <Value className="java.lang.Integer">-1000</Value>
</Feature>
</Annotation>
<Annotation Id="5737" Type="MetaMap" StartNode="257" EndNode="270">
<Feature>
  <Name className="java.lang.String">IsHead</Name>
  <Value className="java.lang.Boolean">true</Value>
</Feature>
<Feature>
  <Name className="java.lang.String">PreferredName</Name>
  <Value className="java.lang.String">Diphenylamine</Value>
</Feature>
<Feature>
  <Name className="java.lang.String">ConceptId</Name>
  <Value className="java.lang.String">C0012528</Value>
</Feature>
<Feature>
  <Name className="java.lang.String">SemanticTypesString</Name>
  <Value className="java.lang.String">[orch, phsu]</Value>
</Feature>
<Feature>
  <Name className="java.lang.String">SemanticTypes</Name>
  <Value className="java.util.ArrayList" itemClassName="java.lang.String">orch;phsu</Value>
</Feature>
<Feature>
  <Name className="java.lang.String">IsOvermatch</Name>
  <Value className="java.lang.Boolean">false</Value>
</Feature>
<Feature>
  <Name className="java.lang.String">Type</Name>
  <Value className="java.lang.String">Mapping</Value>
</Feature>
<Feature>
  <Name className="java.lang.String">SourcesString</Name>
  <Value className="java.lang.String">[MSH]</Value>
</Feature>
<Feature>
  <Name className="java.lang.String">Sources</Name>
  <Value className="java.lang.String">[MSH]</Value>
</Feature>
<Feature>
  <Name className="java.lang.String">ConceptName</Name>
  <Value className="java.lang.String">Diphenylamine</Value>
</Feature>
<Feature>
  <Name className="java.lang.String">Score</Name>
  <Value className="java.lang.Integer">-1000</Value>
</Feature>
</Annotation>
<Annotation Id="5736" Type="MetaMap" StartNode="235" EndNode="240">
<Feature>
  <Name className="java.lang.String">IsHead</Name>
  <Value className="java.lang.Boolean">true</Value>
</Feature>
<Feature>
  <Name className="java.lang.String">PreferredName</Name>
  <Value className="java.lang.String">Amine Group</Value>
</Feature>
<Feature>
  <Name className="java.lang.String">ConceptId</Name>
  <Value className="java.lang.String">C1879694</Value>
</Feature>
<Feature>
  <Name className="java.lang.String">SemanticTypesString</Name>
  <Value className="java.lang.String">[orch]</Value>
</Feature>
<Feature>
  <Name className="java.lang.String">SemanticTypes</Name>
  <Value className="java.util.ArrayList" itemClassName="java.lang.String">orch</Value>
</Feature>
<Feature>
  <Name className="java.lang.String">IsOvermatch</Name>
  <Value className="java.lang.Boolean">false</Value>
</Feature>
<Feature>
  <Name className="java.lang.String">Type</Name>
  <Value className="java.lang.String">Mapping</Value>
</Feature>
<Feature>
  <Name className="java.lang.String">SourcesString</Name>
  <Value className="java.lang.String">[MTH, NCI]</Value>
</Feature>
<Feature>
  <Name className="java.lang.String">Sources</Name>
  <Value className="java.lang.String">[MTH, NCI]</Value>
</Feature>
<Feature>
  <Name className="java.lang.String">ConceptName</Name>
  <Value className="java.lang.String">Amine</Value>
</Feature>
<Feature>
  <Name className="java.lang.String">Score</Name>
  <Value className="java.lang.Integer">-1000</Value>
</Feature>
</Annotation>
<Annotation Id="5731" Type="MetaMap" StartNode="217" EndNode="225">
<Feature>
  <Name className="java.lang.String">IsHead</Name>
  <Value className="java.lang.Boolean">true</Value>
</Feature>
<Feature>
  <Name className="java.lang.String">PreferredName</Name>
  <Value className="java.lang.String">Nitrates</Value>
</Feature>
<Feature>
  <Name className="java.lang.String">ConceptId</Name>
  <Value className="java.lang.String">C0028125</Value>
</Feature>
<Feature>
  <Name className="java.lang.String">SemanticTypesString</Name>
  <Value className="java.lang.String">[chvs]</Value>
</Feature>
<Feature>
  <Name className="java.lang.String">SemanticTypes</Name>
  <Value className="java.util.ArrayList" itemClassName="java.lang.String">chvs</Value>
</Feature>
<Feature>
  <Name className="java.lang.String">IsOvermatch</Name>
  <Value className="java.lang.Boolean">false</Value>
</Feature>
<Feature>
  <Name className="java.lang.String">Type</Name>
  <Value className="java.lang.String">Mapping</Value>
</Feature>
<Feature>
  <Name className="java.lang.String">SourcesString</Name>
  <Value className="java.lang.String">[CHV, MTH, SNM, SNOMEDCT_US]</Value>
</Feature>
<Feature>
  <Name className="java.lang.String">Sources</Name>
  <Value className="java.lang.String">[CHV, MTH, SNM, SNOMEDCT_US]</Value>
</Feature>
<Feature>
  <Name className="java.lang.String">ConceptName</Name>
  <Value className="java.lang.String">Nitrate</Value>
</Feature>
<Feature>
  <Name className="java.lang.String">Score</Name>
  <Value className="java.lang.Integer">-928</Value>
</Feature>
</Annotation>
<Annotation Id="5730" Type="MetaMap" StartNode="204" EndNode="212">
<Feature>
  <Name className="java.lang.String">IsHead</Name>
  <Value className="java.lang.Boolean">true</Value>
</Feature>
<Feature>
  <Name className="java.lang.String">PreferredName</Name>
  <Value className="java.lang.String">Chemical or Textual Reference to Actual Test or Parameter</Value>
</Feature>
<Feature>
  <Name className="java.lang.String">ConceptId</Name>
  <Value className="java.lang.String">C3272558</Value>
</Feature>
<Feature>
  <Name className="java.lang.String">SemanticTypesString</Name>
  <Value className="java.lang.String">[inpr]</Value>
</Feature>
<Feature>
  <Name className="java.lang.String">SemanticTypes</Name>
  <Value className="java.util.ArrayList" itemClassName="java.lang.String">inpr</Value>
</Feature>
<Feature>
  <Name className="java.lang.String">IsOvermatch</Name>
  <Value className="java.lang.Boolean">false</Value>
</Feature>
<Feature>
  <Name className="java.lang.String">Type</Name>
  <Value className="java.lang.String">Mapping</Value>
</Feature>
<Feature>
  <Name className="java.lang.String">SourcesString</Name>
  <Value className="java.lang.String">[NCI]</Value>
</Feature>
<Feature>
  <Name className="java.lang.String">Sources</Name>
  <Value className="java.lang.String">[NCI]</Value>
</Feature>
<Feature>
  <Name className="java.lang.String">ConceptName</Name>
  <Value className="java.lang.String">Chemical</Value>
</Feature>
<Feature>
  <Name className="java.lang.String">Score</Name>
  <Value className="java.lang.Integer">-1000</Value>
</Feature>
</Annotation>
<Annotation Id="5729" Type="MetaMap" StartNode="204" EndNode="212">
<Feature>
  <Name className="java.lang.String">IsHead</Name>
  <Value className="java.lang.Boolean">true</Value>
</Feature>
<Feature>
  <Name className="java.lang.String">PreferredName</Name>
  <Value className="java.lang.String">Chemicals</Value>
</Feature>
<Feature>
  <Name className="java.lang.String">ConceptId</Name>
  <Value className="java.lang.String">C0220806</Value>
</Feature>
<Feature>
  <Name className="java.lang.String">SemanticTypesString</Name>
  <Value className="java.lang.String">[chem]</Value>
</Feature>
<Feature>
  <Name className="java.lang.String">SemanticTypes</Name>
  <Value className="java.util.ArrayList" itemClassName="java.lang.String">chem</Value>
</Feature>
<Feature>
  <Name className="java.lang.String">IsOvermatch</Name>
  <Value className="java.lang.Boolean">false</Value>
</Feature>
<Feature>
  <Name className="java.lang.String">Type</Name>
  <Value className="java.lang.String">Mapping</Value>
</Feature>
<Feature>
  <Name className="java.lang.String">SourcesString</Name>
  <Value className="java.lang.String">[AOD, HL7V3.0, MTH, NCI, SNMI, SNOMEDCT_US]</Value>
</Feature>
<Feature>
  <Name className="java.lang.String">Sources</Name>
  <Value className="java.lang.String">[AOD, HL7V3.0, MTH, NCI, SNMI, SNOMEDCT_US]</Value>
</Feature>
<Feature>
  <Name className="java.lang.String">ConceptName</Name>
  <Value className="java.lang.String">Chemical</Value>
</Feature>
<Feature>
  <Name className="java.lang.String">Score</Name>
  <Value className="java.lang.Integer">-1000</Value>
</Feature>
</Annotation>
<Annotation Id="5728" Type="MetaMap" StartNode="196" EndNode="203">
<Feature>
  <Name className="java.lang.String">IsHead</Name>
  <Value className="java.lang.Boolean">true</Value>
</Feature>
<Feature>
  <Name className="java.lang.String">PreferredName</Name>
  <Value className="java.lang.String">Organic</Value>
</Feature>
<Feature>
  <Name className="java.lang.String">ConceptId</Name>
  <Value className="java.lang.String">C0747055</Value>
</Feature>
<Feature>
  <Name className="java.lang.String">SemanticTypesString</Name>
  <Value className="java.lang.String">[qlco]</Value>
</Feature>
<Feature>
  <Name className="java.lang.String">SemanticTypes</Name>
  <Value className="java.util.ArrayList" itemClassName="java.lang.String">qlco</Value>
</Feature>
<Feature>
  <Name className="java.lang.String">IsOvermatch</Name>
  <Value className="java.lang.Boolean">false</Value>
</Feature>
<Feature>
  <Name className="java.lang.String">Type</Name>
  <Value className="java.lang.String">Mapping</Value>
</Feature>
<Feature>
  <Name className="java.lang.String">SourcesString</Name>
  <Value className="java.lang.String">[CHV, NCI]</Value>
</Feature>
<Feature>
  <Name className="java.lang.String">Sources</Name>
  <Value className="java.lang.String">[CHV, NCI]</Value>
</Feature>
<Feature>
  <Name className="java.lang.String">ConceptName</Name>
  <Value className="java.lang.String">Organic</Value>
</Feature>
<Feature>
  <Name className="java.lang.String">Score</Name>
  <Value className="java.lang.Integer">-1000</Value>
</Feature>
</Annotation>
<Annotation Id="5735" Type="MetaMap" StartNode="235" EndNode="240">
<Feature>
  <Name className="java.lang.String">IsHead</Name>
  <Value className="java.lang.Boolean">true</Value>
</Feature>
<Feature>
  <Name className="java.lang.String">PreferredName</Name>
  <Value className="java.lang.String">Amines</Value>
</Feature>
<Feature>
  <Name className="java.lang.String">ConceptId</Name>
  <Value className="java.lang.String">C0002508</Value>
</Feature>
<Feature>
  <Name className="java.lang.String">SemanticTypesString</Name>
  <Value className="java.lang.String">[orch]</Value>
</Feature>
<Feature>
  <Name className="java.lang.String">SemanticTypes</Name>
  <Value className="java.util.ArrayList" itemClassName="java.lang.String">orch</Value>
</Feature>
<Feature>
  <Name className="java.lang.String">IsOvermatch</Name>
  <Value className="java.lang.Boolean">false</Value>
</Feature>
<Feature>
  <Name className="java.lang.String">Type</Name>
  <Value className="java.lang.String">Mapping</Value>
</Feature>
<Feature>
  <Name className="java.lang.String">SourcesString</Name>
  <Value className="java.lang.String">[MTH, NCI, SNOMEDCT_US]</Value>
</Feature>
<Feature>
  <Name className="java.lang.String">Sources</Name>
  <Value className="java.lang.String">[MTH, NCI, SNOMEDCT_US]</Value>
</Feature>
<Feature>
  <Name className="java.lang.String">ConceptName</Name>
  <Value className="java.lang.String">Amine</Value>
</Feature>
<Feature>
  <Name className="java.lang.String">Score</Name>
  <Value className="java.lang.Integer">-1000</Value>
</Feature>
</Annotation>
<Annotation Id="5734" Type="MetaMap" StartNode="226" EndNode="234">
<Feature>
  <Name className="java.lang.String">IsHead</Name>
  <Value className="java.lang.Boolean">true</Value>
</Feature>
<Feature>
  <Name className="java.lang.String">PreferredName</Name>
  <Value className="java.lang.String">AROMATICS</Value>
</Feature>
<Feature>
  <Name className="java.lang.String">ConceptId</Name>
  <Value className="java.lang.String">C0772162</Value>
</Feature>
<Feature>
  <Name className="java.lang.String">SemanticTypesString</Name>
  <Value className="java.lang.String">[orch, phsu]</Value>
</Feature>
<Feature>
  <Name className="java.lang.String">SemanticTypes</Name>
  <Value className="java.util.ArrayList" itemClassName="java.lang.String">orch;phsu</Value>
</Feature>
<Feature>
  <Name className="java.lang.String">IsOvermatch</Name>
  <Value className="java.lang.Boolean">false</Value>
</Feature>
<Feature>
  <Name className="java.lang.String">Type</Name>
  <Value className="java.lang.String">Mapping</Value>
</Feature>
<Feature>
  <Name className="java.lang.String">SourcesString</Name>
  <Value className="java.lang.String">[NCI, VANDF]</Value>
</Feature>
<Feature>
  <Name className="java.lang.String">Sources</Name>
  <Value className="java.lang.String">[NCI, VANDF]</Value>
</Feature>
<Feature>
  <Name className="java.lang.String">ConceptName</Name>
  <Value className="java.lang.String">Aromatic</Value>
</Feature>
<Feature>
  <Name className="java.lang.String">Score</Name>
  <Value className="java.lang.Integer">-1000</Value>
</Feature>
</Annotation>
<Annotation Id="5733" Type="MetaMap" StartNode="217" EndNode="225">
<Feature>
  <Name className="java.lang.String">IsHead</Name>
  <Value className="java.lang.Boolean">true</Value>
</Feature>
<Feature>
  <Name className="java.lang.String">PreferredName</Name>
  <Value className="java.lang.String">nitration</Value>
</Feature>
<Feature>
  <Name className="java.lang.String">ConceptId</Name>
  <Value className="java.lang.String">C1328815</Value>
</Feature>
<Feature>
  <Name className="java.lang.String">SemanticTypesString</Name>
  <Value className="java.lang.String">[phpr]</Value>
</Feature>
<Feature>
  <Name className="java.lang.String">SemanticTypes</Name>
  <Value className="java.util.ArrayList" itemClassName="java.lang.String">phpr</Value>
</Feature>
<Feature>
  <Name className="java.lang.String">IsOvermatch</Name>
  <Value className="java.lang.Boolean">false</Value>
</Feature>
<Feature>
  <Name className="java.lang.String">Type</Name>
  <Value className="java.lang.String">Mapping</Value>
</Feature>
<Feature>
  <Name className="java.lang.String">SourcesString</Name>
  <Value className="java.lang.String">[CSP]</Value>
</Feature>
<Feature>
  <Name className="java.lang.String">Sources</Name>
  <Value className="java.lang.String">[CSP]</Value>
</Feature>
<Feature>
  <Name className="java.lang.String">ConceptName</Name>
  <Value className="java.lang.String">nitration</Value>
</Feature>
<Feature>
  <Name className="java.lang.String">Score</Name>
  <Value className="java.lang.Integer">-928</Value>
</Feature>
</Annotation>
<Annotation Id="5732" Type="MetaMap" StartNode="217" EndNode="225">
<Feature>
  <Name className="java.lang.String">IsHead</Name>
  <Value className="java.lang.Boolean">true</Value>
</Feature>
<Feature>
  <Name className="java.lang.String">PreferredName</Name>
  <Value className="java.lang.String">Nitrate</Value>
</Feature>
<Feature>
  <Name className="java.lang.String">ConceptId</Name>
  <Value className="java.lang.String">C0699857</Value>
</Feature>
<Feature>
  <Name className="java.lang.String">SemanticTypesString</Name>
  <Value className="java.lang.String">[inch]</Value>
</Feature>
<Feature>
  <Name className="java.lang.String">SemanticTypes</Name>
  <Value className="java.util.ArrayList" itemClassName="java.lang.String">inch</Value>
</Feature>
<Feature>
  <Name className="java.lang.String">IsOvermatch</Name>
  <Value className="java.lang.Boolean">false</Value>
</Feature>
<Feature>
  <Name className="java.lang.String">Type</Name>
  <Value className="java.lang.String">Mapping</Value>
</Feature>
<Feature>
  <Name className="java.lang.String">SourcesString</Name>
  <Value className="java.lang.String">[MTH]</Value>
</Feature>
<Feature>
  <Name className="java.lang.String">Sources</Name>
  <Value className="java.lang.String">[MTH]</Value>
</Feature>
<Feature>
  <Name className="java.lang.String">ConceptName</Name>
  <Value className="java.lang.String">Nitrate</Value>
</Feature>
<Feature>
  <Name className="java.lang.String">Score</Name>
  <Value className="java.lang.Integer">-928</Value>
</Feature>
</Annotation>
<Annotation Id="5754" Type="MetaMap" StartNode="387" EndNode="391">
<Feature>
  <Name className="java.lang.String">IsHead</Name>
  <Value className="java.lang.Boolean">true</Value>
</Feature>
<Feature>
  <Name className="java.lang.String">PreferredName</Name>
  <Value className="java.lang.String">Qualitative form</Value>
</Feature>
<Feature>
  <Name className="java.lang.String">ConceptId</Name>
  <Value className="java.lang.String">C0348078</Value>
</Feature>
<Feature>
  <Name className="java.lang.String">SemanticTypesString</Name>
  <Value className="java.lang.String">[qlco]</Value>
</Feature>
<Feature>
  <Name className="java.lang.String">SemanticTypes</Name>
  <Value className="java.util.ArrayList" itemClassName="java.lang.String">qlco</Value>
</Feature>
<Feature>
  <Name className="java.lang.String">IsOvermatch</Name>
  <Value className="java.lang.Boolean">false</Value>
</Feature>
<Feature>
  <Name className="java.lang.String">Type</Name>
  <Value className="java.lang.String">Mapping</Value>
</Feature>
<Feature>
  <Name className="java.lang.String">SourcesString</Name>
  <Value className="java.lang.String">[CHV, MTH, SNOMEDCT_US]</Value>
</Feature>
<Feature>
  <Name className="java.lang.String">Sources</Name>
  <Value className="java.lang.String">[CHV, MTH, SNOMEDCT_US]</Value>
</Feature>
<Feature>
  <Name className="java.lang.String">ConceptName</Name>
  <Value className="java.lang.String">Form</Value>
</Feature>
<Feature>
  <Name className="java.lang.String">Score</Name>
  <Value className="java.lang.Integer">-1000</Value>
</Feature>
</Annotation>
<Annotation Id="5755" Type="MetaMap" StartNode="387" EndNode="391">
<Feature>
  <Name className="java.lang.String">IsHead</Name>
  <Value className="java.lang.Boolean">true</Value>
</Feature>
<Feature>
  <Name className="java.lang.String">PreferredName</Name>
  <Value className="java.lang.String">Manufactured form</Value>
</Feature>
<Feature>
  <Name className="java.lang.String">ConceptId</Name>
  <Value className="java.lang.String">C0376315</Value>
</Feature>
<Feature>
  <Name className="java.lang.String">SemanticTypesString</Name>
  <Value className="java.lang.String">[mnob]</Value>
</Feature>
<Feature>
  <Name className="java.lang.String">SemanticTypes</Name>
  <Value className="java.util.ArrayList" itemClassName="java.lang.String">mnob</Value>
</Feature>
<Feature>
  <Name className="java.lang.String">IsOvermatch</Name>
  <Value className="java.lang.Boolean">false</Value>
</Feature>
<Feature>
  <Name className="java.lang.String">Type</Name>
  <Value className="java.lang.String">Mapping</Value>
</Feature>
<Feature>
  <Name className="java.lang.String">SourcesString</Name>
  <Value className="java.lang.String">[MSH, MTH, NCI]</Value>
</Feature>
<Feature>
  <Name className="java.lang.String">Sources</Name>
  <Value className="java.lang.String">[MSH, MTH, NCI]</Value>
</Feature>
<Feature>
  <Name className="java.lang.String">ConceptName</Name>
  <Value className="java.lang.String">Form</Value>
</Feature>
<Feature>
  <Name className="java.lang.String">Score</Name>
  <Value className="java.lang.Integer">-1000</Value>
</Feature>
</Annotation>
<Annotation Id="5752" Type="MetaMap" StartNode="369" EndNode="374">
<Feature>
  <Name className="java.lang.String">IsHead</Name>
  <Value className="java.lang.Boolean">true</Value>
</Feature>
<Feature>
  <Name className="java.lang.String">PreferredName</Name>
  <Value className="java.lang.String">solid substance</Value>
</Feature>
<Feature>
  <Name className="java.lang.String">ConceptId</Name>
  <Value className="java.lang.String">C0302909</Value>
</Feature>
<Feature>
  <Name className="java.lang.String">SemanticTypesString</Name>
  <Value className="java.lang.String">[sbst]</Value>
</Feature>
<Feature>
  <Name className="java.lang.String">SemanticTypes</Name>
  <Value className="java.util.ArrayList" itemClassName="java.lang.String">sbst</Value>
</Feature>
<Feature>
  <Name className="java.lang.String">IsOvermatch</Name>
  <Value className="java.lang.Boolean">false</Value>
</Feature>
<Feature>
  <Name className="java.lang.String">Type</Name>
  <Value className="java.lang.String">Mapping</Value>
</Feature>
<Feature>
  <Name className="java.lang.String">SourcesString</Name>
  <Value className="java.lang.String">[CHV, MTH, SNOMEDCT_US]</Value>
</Feature>
<Feature>
  <Name className="java.lang.String">Sources</Name>
  <Value className="java.lang.String">[CHV, MTH, SNOMEDCT_US]</Value>
</Feature>
<Feature>
  <Name className="java.lang.String">ConceptName</Name>
  <Value className="java.lang.String">Solid</Value>
</Feature>
<Feature>
  <Name className="java.lang.String">Score</Name>
  <Value className="java.lang.Integer">-1000</Value>
</Feature>
</Annotation>
<Annotation Id="5753" Type="MetaMap" StartNode="369" EndNode="374">
<Feature>
  <Name className="java.lang.String">IsHead</Name>
  <Value className="java.lang.Boolean">true</Value>
</Feature>
<Feature>
  <Name className="java.lang.String">PreferredName</Name>
  <Value className="java.lang.String">Solid Dose Form</Value>
</Feature>
<Feature>
  <Name className="java.lang.String">ConceptId</Name>
  <Value className="java.lang.String">C1378566</Value>
</Feature>
<Feature>
  <Name className="java.lang.String">SemanticTypesString</Name>
  <Value className="java.lang.String">[bodm]</Value>
</Feature>
<Feature>
  <Name className="java.lang.String">SemanticTypes</Name>
  <Value className="java.util.ArrayList" itemClassName="java.lang.String">bodm</Value>
</Feature>
<Feature>
  <Name className="java.lang.String">IsOvermatch</Name>
  <Value className="java.lang.Boolean">false</Value>
</Feature>
<Feature>
  <Name className="java.lang.String">Type</Name>
  <Value className="java.lang.String">Mapping</Value>
</Feature>
<Feature>
  <Name className="java.lang.String">SourcesString</Name>
  <Value className="java.lang.String">[MTH, NCI, NLMSubSyn, RXNORM]</Value>
</Feature>
<Feature>
  <Name className="java.lang.String">Sources</Name>
  <Value className="java.lang.String">[MTH, NCI, NLMSubSyn, RXNORM]</Value>
</Feature>
<Feature>
  <Name className="java.lang.String">ConceptName</Name>
  <Value className="java.lang.String">Solid</Value>
</Feature>
<Feature>
  <Name className="java.lang.String">Score</Name>
  <Value className="java.lang.Integer">-1000</Value>
</Feature>
</Annotation>
<Annotation Id="5758" Type="MetaMap" StartNode="405" EndNode="411">
<Feature>
  <Name className="java.lang.String">IsHead</Name>
  <Value className="java.lang.Boolean">true</Value>
</Feature>
<Feature>
  <Name className="java.lang.String">PreferredName</Name>
  <Value className="java.lang.String">Powder dose form</Value>
</Feature>
<Feature>
  <Name className="java.lang.String">ConceptId</Name>
  <Value className="java.lang.String">C0032861</Value>
</Feature>
<Feature>
  <Name className="java.lang.String">SemanticTypesString</Name>
  <Value className="java.lang.String">[bodm]</Value>
</Feature>
<Feature>
  <Name className="java.lang.String">SemanticTypes</Name>
  <Value className="java.util.ArrayList" itemClassName="java.lang.String">bodm</Value>
</Feature>
<Feature>
  <Name className="java.lang.String">IsOvermatch</Name>
  <Value className="java.lang.Boolean">false</Value>
</Feature>
<Feature>
  <Name className="java.lang.String">Type</Name>
  <Value className="java.lang.String">Mapping</Value>
</Feature>
<Feature>
  <Name className="java.lang.String">SourcesString</Name>
  <Value className="java.lang.String">[CHV, HL7V3.0, MSH, MTH, NCI, NLMSubSyn, RXNORM, SNOMEDCT_US]</Value>
</Feature>
<Feature>
  <Name className="java.lang.String">Sources</Name>
  <Value className="java.lang.String">[CHV, HL7V3.0, MSH, MTH, NCI, NLMSubSyn, RXNORM, SNOMEDCT_US]</Value>
</Feature>
<Feature>
  <Name className="java.lang.String">ConceptName</Name>
  <Value className="java.lang.String">Powder</Value>
</Feature>
<Feature>
  <Name className="java.lang.String">Score</Name>
  <Value className="java.lang.Integer">-1000</Value>
</Feature>
</Annotation>
<Annotation Id="5759" Type="MetaMap" StartNode="405" EndNode="411">
<Feature>
  <Name className="java.lang.String">IsHead</Name>
  <Value className="java.lang.Boolean">true</Value>
</Feature>
<Feature>
  <Name className="java.lang.String">PreferredName</Name>
  <Value className="java.lang.String">powder physical state</Value>
</Feature>
<Feature>
  <Name className="java.lang.String">ConceptId</Name>
  <Value className="java.lang.String">C1382110</Value>
</Feature>
<Feature>
  <Name className="java.lang.String">SemanticTypesString</Name>
  <Value className="java.lang.String">[sbst]</Value>
</Feature>
<Feature>
  <Name className="java.lang.String">SemanticTypes</Name>
  <Value className="java.util.ArrayList" itemClassName="java.lang.String">sbst</Value>
</Feature>
<Feature>
  <Name className="java.lang.String">IsOvermatch</Name>
  <Value className="java.lang.Boolean">false</Value>
</Feature>
<Feature>
  <Name className="java.lang.String">Type</Name>
  <Value className="java.lang.String">Mapping</Value>
</Feature>
<Feature>
  <Name className="java.lang.String">SourcesString</Name>
  <Value className="java.lang.String">[MTH, NCI]</Value>
</Feature>
<Feature>
  <Name className="java.lang.String">Sources</Name>
  <Value className="java.lang.String">[MTH, NCI]</Value>
</Feature>
<Feature>
  <Name className="java.lang.String">ConceptName</Name>
  <Value className="java.lang.String">Powder</Value>
</Feature>
<Feature>
  <Name className="java.lang.String">Score</Name>
  <Value className="java.lang.Integer">-1000</Value>
</Feature>
</Annotation>
<Annotation Id="5756" Type="MetaMap" StartNode="387" EndNode="391">
<Feature>
  <Name className="java.lang.String">IsHead</Name>
  <Value className="java.lang.Boolean">true</Value>
</Feature>
<Feature>
  <Name className="java.lang.String">PreferredName</Name>
  <Value className="java.lang.String">Formation</Value>
</Feature>
<Feature>
  <Name className="java.lang.String">ConceptId</Name>
  <Value className="java.lang.String">C1522492</Value>
</Feature>
<Feature>
  <Name className="java.lang.String">SemanticTypesString</Name>
  <Value className="java.lang.String">[ftcn]</Value>
</Feature>
<Feature>
  <Name className="java.lang.String">SemanticTypes</Name>
  <Value className="java.util.ArrayList" itemClassName="java.lang.String">ftcn</Value>
</Feature>
<Feature>
  <Name className="java.lang.String">IsOvermatch</Name>
  <Value className="java.lang.Boolean">false</Value>
</Feature>
<Feature>
  <Name className="java.lang.String">Type</Name>
  <Value className="java.lang.String">Mapping</Value>
</Feature>
<Feature>
  <Name className="java.lang.String">SourcesString</Name>
  <Value className="java.lang.String">[MTH, NCI]</Value>
</Feature>
<Feature>
  <Name className="java.lang.String">Sources</Name>
  <Value className="java.lang.String">[MTH, NCI]</Value>
</Feature>
<Feature>
  <Name className="java.lang.String">ConceptName</Name>
  <Value className="java.lang.String">Form</Value>
</Feature>
<Feature>
  <Name className="java.lang.String">Score</Name>
  <Value className="java.lang.Integer">-1000</Value>
</Feature>
</Annotation>
<Annotation Id="5757" Type="MetaMap" StartNode="395" EndNode="401">
<Feature>
  <Name className="java.lang.String">IsHead</Name>
  <Value className="java.lang.Boolean">true</Value>
</Feature>
<Feature>
  <Name className="java.lang.String">PreferredName</Name>
  <Value className="java.lang.String">Flake Dosage Form</Value>
</Feature>
<Feature>
  <Name className="java.lang.String">ConceptId</Name>
  <Value className="java.lang.String">C0991509</Value>
</Feature>
<Feature>
  <Name className="java.lang.String">SemanticTypesString</Name>
  <Value className="java.lang.String">[bodm]</Value>
</Feature>
<Feature>
  <Name className="java.lang.String">SemanticTypes</Name>
  <Value className="java.util.ArrayList" itemClassName="java.lang.String">bodm</Value>
</Feature>
<Feature>
  <Name className="java.lang.String">IsOvermatch</Name>
  <Value className="java.lang.Boolean">false</Value>
</Feature>
<Feature>
  <Name className="java.lang.String">Type</Name>
  <Value className="java.lang.String">Mapping</Value>
</Feature>
<Feature>
  <Name className="java.lang.String">SourcesString</Name>
  <Value className="java.lang.String">[MTH, NCI, RXNORM]</Value>
</Feature>
<Feature>
  <Name className="java.lang.String">Sources</Name>
  <Value className="java.lang.String">[MTH, NCI, RXNORM]</Value>
</Feature>
<Feature>
  <Name className="java.lang.String">ConceptName</Name>
  <Value className="java.lang.String">Flakes</Value>
</Feature>
<Feature>
  <Name className="java.lang.String">Score</Name>
  <Value className="java.lang.Integer">-1000</Value>
</Feature>
</Annotation>
<Annotation Id="5750" Type="MetaMap" StartNode="357" EndNode="368">
<Feature>
  <Name className="java.lang.String">IsHead</Name>
  <Value className="java.lang.Boolean">true</Value>
</Feature>
<Feature>
  <Name className="java.lang.String">PreferredName</Name>
  <Value className="java.lang.String">Crystal Structure</Value>
</Feature>
<Feature>
  <Name className="java.lang.String">ConceptId</Name>
  <Value className="java.lang.String">C0444626</Value>
</Feature>
<Feature>
  <Name className="java.lang.String">SemanticTypesString</Name>
  <Value className="java.lang.String">[chvs]</Value>
</Feature>
<Feature>
  <Name className="java.lang.String">SemanticTypes</Name>
  <Value className="java.util.ArrayList" itemClassName="java.lang.String">chvs</Value>
</Feature>
<Feature>
  <Name className="java.lang.String">IsOvermatch</Name>
  <Value className="java.lang.Boolean">false</Value>
</Feature>
<Feature>
  <Name className="java.lang.String">Type</Name>
  <Value className="java.lang.String">Mapping</Value>
</Feature>
<Feature>
  <Name className="java.lang.String">SourcesString</Name>
  <Value className="java.lang.String">[MTH, NCI, SNOMEDCT_US]</Value>
</Feature>
<Feature>
  <Name className="java.lang.String">Sources</Name>
  <Value className="java.lang.String">[MTH, NCI, SNOMEDCT_US]</Value>
</Feature>
<Feature>
  <Name className="java.lang.String">ConceptName</Name>
  <Value className="java.lang.String">Crystalline</Value>
</Feature>
<Feature>
  <Name className="java.lang.String">Score</Name>
  <Value className="java.lang.Integer">-1000</Value>
</Feature>
</Annotation>
<Annotation Id="5751" Type="MetaMap" StartNode="369" EndNode="374">
<Feature>
  <Name className="java.lang.String">IsHead</Name>
  <Value className="java.lang.Boolean">true</Value>
</Feature>
<Feature>
  <Name className="java.lang.String">PreferredName</Name>
  <Value className="java.lang.String">Solid</Value>
</Feature>
<Feature>
  <Name className="java.lang.String">ConceptId</Name>
  <Value className="java.lang.String">C0205208</Value>
</Feature>
<Feature>
  <Name className="java.lang.String">SemanticTypesString</Name>
  <Value className="java.lang.String">[qlco]</Value>
</Feature>
<Feature>
  <Name className="java.lang.String">SemanticTypes</Name>
  <Value className="java.util.ArrayList" itemClassName="java.lang.String">qlco</Value>
</Feature>
<Feature>
  <Name className="java.lang.String">IsOvermatch</Name>
  <Value className="java.lang.Boolean">false</Value>
</Feature>
<Feature>
  <Name className="java.lang.String">Type</Name>
  <Value className="java.lang.String">Mapping</Value>
</Feature>
<Feature>
  <Name className="java.lang.String">SourcesString</Name>
  <Value className="java.lang.String">[CHV, MTH, SNOMEDCT_US]</Value>
</Feature>
<Feature>
  <Name className="java.lang.String">Sources</Name>
  <Value className="java.lang.String">[CHV, MTH, SNOMEDCT_US]</Value>
</Feature>
<Feature>
  <Name className="java.lang.String">ConceptName</Name>
  <Value className="java.lang.String">Solid</Value>
</Feature>
<Feature>
  <Name className="java.lang.String">Score</Name>
  <Value className="java.lang.Integer">-1000</Value>
</Feature>
</Annotation>
<Annotation Id="5748" Type="MetaMap" StartNode="353" EndNode="356">
<Feature>
  <Name className="java.lang.String">IsHead</Name>
  <Value className="java.lang.Boolean">true</Value>
</Feature>
<Feature>
  <Name className="java.lang.String">PreferredName</Name>
  <Value className="java.lang.String">Redness</Value>
</Feature>
<Feature>
  <Name className="java.lang.String">ConceptId</Name>
  <Value className="java.lang.String">C0332575</Value>
</Feature>
<Feature>
  <Name className="java.lang.String">SemanticTypesString</Name>
  <Value className="java.lang.String">[fndg]</Value>
</Feature>
<Feature>
  <Name className="java.lang.String">SemanticTypes</Name>
  <Value className="java.util.ArrayList" itemClassName="java.lang.String">fndg</Value>
</Feature>
<Feature>
  <Name className="java.lang.String">IsOvermatch</Name>
  <Value className="java.lang.Boolean">false</Value>
</Feature>
<Feature>
  <Name className="java.lang.String">Type</Name>
  <Value className="java.lang.String">Mapping</Value>
</Feature>
<Feature>
  <Name className="java.lang.String">SourcesString</Name>
  <Value className="java.lang.String">[MTH, SNM, SNOMEDCT_US]</Value>
</Feature>
<Feature>
  <Name className="java.lang.String">Sources</Name>
  <Value className="java.lang.String">[MTH, SNM, SNOMEDCT_US]</Value>
</Feature>
<Feature>
  <Name className="java.lang.String">ConceptName</Name>
  <Value className="java.lang.String">Red</Value>
</Feature>
<Feature>
  <Name className="java.lang.String">Score</Name>
  <Value className="java.lang.Integer">-1000</Value>
</Feature>
</Annotation>
<Annotation Id="5749" Type="MetaMap" StartNode="353" EndNode="356">
<Feature>
  <Name className="java.lang.String">IsHead</Name>
  <Value className="java.lang.Boolean">true</Value>
</Feature>
<Feature>
  <Name className="java.lang.String">PreferredName</Name>
  <Value className="java.lang.String">Red color</Value>
</Feature>
<Feature>
  <Name className="java.lang.String">ConceptId</Name>
  <Value className="java.lang.String">C1260956</Value>
</Feature>
<Feature>
  <Name className="java.lang.String">SemanticTypesString</Name>
  <Value className="java.lang.String">[qlco]</Value>
</Feature>
<Feature>
  <Name className="java.lang.String">SemanticTypes</Name>
  <Value className="java.util.ArrayList" itemClassName="java.lang.String">qlco</Value>
</Feature>
<Feature>
  <Name className="java.lang.String">IsOvermatch</Name>
  <Value className="java.lang.Boolean">false</Value>
</Feature>
<Feature>
  <Name className="java.lang.String">Type</Name>
  <Value className="java.lang.String">Mapping</Value>
</Feature>
<Feature>
  <Name className="java.lang.String">SourcesString</Name>
  <Value className="java.lang.String">[CHV, MTH, SNOMEDCT_US]</Value>
</Feature>
<Feature>
  <Name className="java.lang.String">Sources</Name>
  <Value className="java.lang.String">[CHV, MTH, SNOMEDCT_US]</Value>
</Feature>
<Feature>
  <Name className="java.lang.String">ConceptName</Name>
  <Value className="java.lang.String">Red</Value>
</Feature>
<Feature>
  <Name className="java.lang.String">Score</Name>
  <Value className="java.lang.Integer">-1000</Value>
</Feature>
</Annotation>
<Annotation Id="5645" Type="Token" StartNode="1769" EndNode="1777">
<Feature>
  <Name className="java.lang.String">length</Name>
  <Value className="java.lang.String">8</Value>
</Feature>
<Feature>
  <Name className="java.lang.String">orth</Name>
  <Value className="java.lang.String">upperInitial</Value>
</Feature>
<Feature>
  <Name className="java.lang.String">kind</Name>
  <Value className="java.lang.String">word</Value>
</Feature>
<Feature>
  <Name className="java.lang.String">coreferences</Name>
  <Value className="java.util.ArrayList"></Value>
</Feature>
<Feature>
  <Name className="java.lang.String">string</Name>
  <Value className="java.lang.String">External</Value>
</Feature>
</Annotation>
<Annotation Id="5644" Type="SpaceToken" StartNode="1768" EndNode="1769">
<Feature>
  <Name className="java.lang.String">length</Name>
  <Value className="java.lang.String">1</Value>
</Feature>
<Feature>
  <Name className="java.lang.String">kind</Name>
  <Value className="java.lang.String">control</Value>
</Feature>
<Feature>
  <Name className="java.lang.String">string</Name>
  <Value className="java.lang.String">
</Value>
</Feature>
</Annotation>
<Annotation Id="5647" Type="Token" StartNode="1778" EndNode="1783">
<Feature>
  <Name className="java.lang.String">length</Name>
  <Value className="java.lang.String">5</Value>
</Feature>
<Feature>
  <Name className="java.lang.String">orth</Name>
  <Value className="java.lang.String">lowercase</Value>
</Feature>
<Feature>
  <Name className="java.lang.String">kind</Name>
  <Value className="java.lang.String">word</Value>
</Feature>
<Feature>
  <Name className="java.lang.String">coreferences</Name>
  <Value className="java.util.ArrayList"></Value>
</Feature>
<Feature>
  <Name className="java.lang.String">string</Name>
  <Value className="java.lang.String">links</Value>
</Feature>
</Annotation>
<Annotation Id="5646" Type="SpaceToken" StartNode="1777" EndNode="1778">
<Feature>
  <Name className="java.lang.String">length</Name>
  <Value className="java.lang.String">1</Value>
</Feature>
<Feature>
  <Name className="java.lang.String">kind</Name>
  <Value className="java.lang.String">space</Value>
</Feature>
<Feature>
  <Name className="java.lang.String">string</Name>
  <Value className="java.lang.String"> </Value>
</Feature>
</Annotation>
<Annotation Id="5641" Type="Token" StartNode="1756" EndNode="1757">
<Feature>
  <Name className="java.lang.String">length</Name>
  <Value className="java.lang.String">1</Value>
</Feature>
<Feature>
  <Name className="java.lang.String">kind</Name>
  <Value className="java.lang.String">punctuation</Value>
</Feature>
<Feature>
  <Name className="java.lang.String">string</Name>
  <Value className="java.lang.String">.</Value>
</Feature>
</Annotation>
<Annotation Id="5640" Type="SpaceToken" StartNode="1755" EndNode="1756">
<Feature>
  <Name className="java.lang.String">length</Name>
  <Value className="java.lang.String">1</Value>
</Feature>
<Feature>
  <Name className="java.lang.String">kind</Name>
  <Value className="java.lang.String">space</Value>
</Feature>
<Feature>
  <Name className="java.lang.String">string</Name>
  <Value className="java.lang.String"> </Value>
</Feature>
</Annotation>
<Annotation Id="5643" Type="Token" StartNode="1758" EndNode="1768">
<Feature>
  <Name className="java.lang.String">length</Name>
  <Value className="java.lang.String">10</Value>
</Feature>
<Feature>
  <Name className="java.lang.String">orth</Name>
  <Value className="java.lang.String">upperInitial</Value>
</Feature>
<Feature>
  <Name className="java.lang.String">kind</Name>
  <Value className="java.lang.String">word</Value>
</Feature>
<Feature>
  <Name className="java.lang.String">coreferences</Name>
  <Value className="java.util.ArrayList"></Value>
</Feature>
<Feature>
  <Name className="java.lang.String">string</Name>
  <Value className="java.lang.String">References</Value>
</Feature>
</Annotation>
<Annotation Id="5642" Type="SpaceToken" StartNode="1757" EndNode="1758">
<Feature>
  <Name className="java.lang.String">length</Name>
  <Value className="java.lang.String">1</Value>
</Feature>
<Feature>
  <Name className="java.lang.String">kind</Name>
  <Value className="java.lang.String">control</Value>
</Feature>
<Feature>
  <Name className="java.lang.String">string</Name>
  <Value className="java.lang.String">
</Value>
</Feature>
</Annotation>
<Annotation Id="5637" Type="Token" StartNode="1738" EndNode="1741">
<Feature>
  <Name className="java.lang.String">length</Name>
  <Value className="java.lang.String">3</Value>
</Feature>
<Feature>
  <Name className="java.lang.String">majorType</Name>
  <Value className="java.lang.String">stop</Value>
</Feature>
<Feature>
  <Name className="java.lang.String">minorType</Name>
  <Value className="java.lang.String">lc</Value>
</Feature>
<Feature>
  <Name className="java.lang.String">orth</Name>
  <Value className="java.lang.String">lowercase</Value>
</Feature>
<Feature>
  <Name className="java.lang.String">language</Name>
  <Value className="java.lang.String">en</Value>
</Feature>
<Feature>
  <Name className="java.lang.String">kind</Name>
  <Value className="java.lang.String">word</Value>
</Feature>
<Feature>
  <Name className="java.lang.String">string</Name>
  <Value className="java.lang.String">and</Value>
</Feature>
</Annotation>
<Annotation Id="5636" Type="SpaceToken" StartNode="1737" EndNode="1738">
<Feature>
  <Name className="java.lang.String">length</Name>
  <Value className="java.lang.String">1</Value>
</Feature>
<Feature>
  <Name className="java.lang.String">kind</Name>
  <Value className="java.lang.String">space</Value>
</Feature>
<Feature>
  <Name className="java.lang.String">string</Name>
  <Value className="java.lang.String"> </Value>
</Feature>
</Annotation>
<Annotation Id="5639" Type="Token" StartNode="1742" EndNode="1755">
<Feature>
  <Name className="java.lang.String">length</Name>
  <Value className="java.lang.String">13</Value>
</Feature>
<Feature>
  <Name className="java.lang.String">orth</Name>
  <Value className="java.lang.String">lowercase</Value>
</Feature>
<Feature>
  <Name className="java.lang.String">kind</Name>
  <Value className="java.lang.String">word</Value>
</Feature>
<Feature>
  <Name className="java.lang.String">string</Name>
  <Value className="java.lang.String">diphenylamine</Value>
</Feature>
</Annotation>
<Annotation Id="5638" Type="SpaceToken" StartNode="1741" EndNode="1742">
<Feature>
  <Name className="java.lang.String">length</Name>
  <Value className="java.lang.String">1</Value>
</Feature>
<Feature>
  <Name className="java.lang.String">kind</Name>
  <Value className="java.lang.String">space</Value>
</Feature>
<Feature>
  <Name className="java.lang.String">string</Name>
  <Value className="java.lang.String"> </Value>
</Feature>
</Annotation>
<Annotation Id="5633" Type="Token" StartNode="1714" EndNode="1735">
<Feature>
  <Name className="java.lang.String">length</Name>
  <Value className="java.lang.String">21</Value>
</Feature>
<Feature>
  <Name className="java.lang.String">orth</Name>
  <Value className="java.lang.String">lowercase</Value>
</Feature>
<Feature>
  <Name className="java.lang.String">kind</Name>
  <Value className="java.lang.String">word</Value>
</Feature>
<Feature>
  <Name className="java.lang.String">coreferences</Name>
  <Value className="java.util.ArrayList"></Value>
</Feature>
<Feature>
  <Name className="java.lang.String">string</Name>
  <Value className="java.lang.String">methyl-p-nitroaniline</Value>
</Feature>
</Annotation>
<Annotation Id="5632" Type="Token" StartNode="1712" EndNode="1714">
<Feature>
  <Name className="java.lang.String">length</Name>
  <Value className="java.lang.String">2</Value>
</Feature>
<Feature>
  <Name className="java.lang.String">orth</Name>
  <Value className="java.lang.String">allCaps</Value>
</Feature>
<Feature>
  <Name className="java.lang.String">kind</Name>
  <Value className="java.lang.String">word</Value>
</Feature>
<Feature>
  <Name className="java.lang.String">string</Name>
  <Value className="java.lang.String">N-</Value>
</Feature>
</Annotation>
<Annotation Id="5635" Type="Token" StartNode="1736" EndNode="1737">
<Feature>
  <Name className="java.lang.String">length</Name>
  <Value className="java.lang.String">1</Value>
</Feature>
<Feature>
  <Name className="java.lang.String">kind</Name>
  <Value className="java.lang.String">punctuation</Value>
</Feature>
<Feature>
  <Name className="java.lang.String">string</Name>
  <Value className="java.lang.String">,</Value>
</Feature>
</Annotation>
<Annotation Id="5634" Type="SpaceToken" StartNode="1735" EndNode="1736">
<Feature>
  <Name className="java.lang.String">length</Name>
  <Value className="java.lang.String">1</Value>
</Feature>
<Feature>
  <Name className="java.lang.String">kind</Name>
  <Value className="java.lang.String">space</Value>
</Feature>
<Feature>
  <Name className="java.lang.String">string</Name>
  <Value className="java.lang.String"> </Value>
</Feature>
</Annotation>
<Annotation Id="5660" Type="Token" StartNode="1822" EndNode="1823">
<Feature>
  <Name className="java.lang.String">subkind</Name>
  <Value className="java.lang.String">dashpunct</Value>
</Feature>
<Feature>
  <Name className="java.lang.String">length</Name>
  <Value className="java.lang.String">1</Value>
</Feature>
<Feature>
  <Name className="java.lang.String">kind</Name>
  <Value className="java.lang.String">punctuation</Value>
</Feature>
<Feature>
  <Name className="java.lang.String">string</Name>
  <Value className="java.lang.String">-</Value>
</Feature>
</Annotation>
<Annotation Id="5661" Type="Token" StartNode="1823" EndNode="1840">
<Feature>
  <Name className="java.lang.String">length</Name>
  <Value className="java.lang.String">17</Value>
</Feature>
<Feature>
  <Name className="java.lang.String">orth</Name>
  <Value className="java.lang.String">upperInitial</Value>
</Feature>
<Feature>
  <Name className="java.lang.String">kind</Name>
  <Value className="java.lang.String">word</Value>
</Feature>
<Feature>
  <Name className="java.lang.String">coreferences</Name>
  <Value className="java.util.ArrayList"></Value>
</Feature>
<Feature>
  <Name className="java.lang.String">string</Name>
  <Value className="java.lang.String">Nitrodiphenylamin</Value>
</Feature>
</Annotation>
<Annotation Id="5662" Type="SpaceToken" StartNode="1840" EndNode="1841">
<Feature>
  <Name className="java.lang.String">length</Name>
  <Value className="java.lang.String">1</Value>
</Feature>
<Feature>
  <Name className="java.lang.String">kind</Name>
  <Value className="java.lang.String">control</Value>
</Feature>
<Feature>
  <Name className="java.lang.String">string</Name>
  <Value className="java.lang.String">
</Value>
</Feature>
</Annotation>
<Annotation Id="5656" Type="SpaceToken" StartNode="1817" EndNode="1818">
<Feature>
  <Name className="java.lang.String">length</Name>
  <Value className="java.lang.String">1</Value>
</Feature>
<Feature>
  <Name className="java.lang.String">kind</Name>
  <Value className="java.lang.String">control</Value>
</Feature>
<Feature>
  <Name className="java.lang.String">string</Name>
  <Value className="java.lang.String">
</Value>
</Feature>
</Annotation>
<Annotation Id="5657" Type="Token" StartNode="1818" EndNode="1820">
<Feature>
  <Name className="java.lang.String">length</Name>
  <Value className="java.lang.String">2</Value>
</Feature>
<Feature>
  <Name className="java.lang.String">orth</Name>
  <Value className="java.lang.String">lowercase</Value>
</Feature>
<Feature>
  <Name className="java.lang.String">kind</Name>
  <Value className="java.lang.String">word</Value>
</Feature>
<Feature>
  <Name className="java.lang.String">coreferences</Name>
  <Value className="java.util.ArrayList"></Value>
</Feature>
<Feature>
  <Name className="java.lang.String">string</Name>
  <Value className="java.lang.String">de</Value>
</Feature>
</Annotation>
<Annotation Id="5658" Type="Token" StartNode="1820" EndNode="1821">
<Feature>
  <Name className="java.lang.String">length</Name>
  <Value className="java.lang.String">1</Value>
</Feature>
<Feature>
  <Name className="java.lang.String">kind</Name>
  <Value className="java.lang.String">punctuation</Value>
</Feature>
<Feature>
  <Name className="java.lang.String">coreferences</Name>
  <Value className="java.util.ArrayList"></Value>
</Feature>
<Feature>
  <Name className="java.lang.String">string</Name>
  <Value className="java.lang.String">:</Value>
</Feature>
</Annotation>
<Annotation Id="5659" Type="Token" StartNode="1821" EndNode="1822">
<Feature>
  <Name className="java.lang.String">length</Name>
  <Value className="java.lang.String">1</Value>
</Feature>
<Feature>
  <Name className="java.lang.String">majorType</Name>
  <Value className="java.lang.String">stop</Value>
</Feature>
<Feature>
  <Name className="java.lang.String">minorType</Name>
  <Value className="java.lang.String">lc</Value>
</Feature>
<Feature>
  <Name className="java.lang.String">language</Name>
  <Value className="java.lang.String">en</Value>
</Feature>
<Feature>
  <Name className="java.lang.String">kind</Name>
  <Value className="java.lang.String">number</Value>
</Feature>
<Feature>
  <Name className="java.lang.String">string</Name>
  <Value className="java.lang.String">2</Value>
</Feature>
</Annotation>
<Annotation Id="5652" Type="SpaceToken" StartNode="1803" EndNode="1804">
<Feature>
  <Name className="java.lang.String">length</Name>
  <Value className="java.lang.String">1</Value>
</Feature>
<Feature>
  <Name className="java.lang.String">kind</Name>
  <Value className="java.lang.String">control</Value>
</Feature>
<Feature>
  <Name className="java.lang.String">string</Name>
  <Value className="java.lang.String">
</Value>
</Feature>
</Annotation>
<Annotation Id="5653" Type="SpaceToken" StartNode="1804" EndNode="1805">
<Feature>
  <Name className="java.lang.String">length</Name>
  <Value className="java.lang.String">1</Value>
</Feature>
<Feature>
  <Name className="java.lang.String">kind</Name>
  <Value className="java.lang.String">control</Value>
</Feature>
<Feature>
  <Name className="java.lang.String">string</Name>
  <Value className="java.lang.String">
</Value>
</Feature>
</Annotation>
<Annotation Id="5654" Type="Token" StartNode="1805" EndNode="1816">
<Feature>
  <Name className="java.lang.String">length</Name>
  <Value className="java.lang.String">11</Value>
</Feature>
<Feature>
  <Name className="java.lang.String">orth</Name>
  <Value className="java.lang.String">allCaps</Value>
</Feature>
<Feature>
  <Name className="java.lang.String">kind</Name>
  <Value className="java.lang.String">word</Value>
</Feature>
<Feature>
  <Name className="java.lang.String">coreferences</Name>
  <Value className="java.util.ArrayList"></Value>
</Feature>
<Feature>
  <Name className="java.lang.String">string</Name>
  <Value className="java.lang.String">DEFAULTSORT</Value>
</Feature>
</Annotation>
<Annotation Id="5655" Type="SpaceToken" StartNode="1816" EndNode="1817">
<Feature>
  <Name className="java.lang.String">length</Name>
  <Value className="java.lang.String">1</Value>
</Feature>
<Feature>
  <Name className="java.lang.String">kind</Name>
  <Value className="java.lang.String">control</Value>
</Feature>
<Feature>
  <Name className="java.lang.String">string</Name>
  <Value className="java.lang.String">
</Value>
</Feature>
</Annotation>
<Annotation Id="5648" Type="SpaceToken" StartNode="1783" EndNode="1784">
<Feature>
  <Name className="java.lang.String">length</Name>
  <Value className="java.lang.String">1</Value>
</Feature>
<Feature>
  <Name className="java.lang.String">kind</Name>
  <Value className="java.lang.String">control</Value>
</Feature>
<Feature>
  <Name className="java.lang.String">string</Name>
  <Value className="java.lang.String">
</Value>
</Feature>
</Annotation>
<Annotation Id="5649" Type="Token" StartNode="1784" EndNode="1791">
<Feature>
  <Name className="java.lang.String">length</Name>
  <Value className="java.lang.String">7</Value>
</Feature>
<Feature>
  <Name className="java.lang.String">orth</Name>
  <Value className="java.lang.String">upperInitial</Value>
</Feature>
<Feature>
  <Name className="java.lang.String">kind</Name>
  <Value className="java.lang.String">word</Value>
</Feature>
<Feature>
  <Name className="java.lang.String">coreferences</Name>
  <Value className="java.util.ArrayList"></Value>
</Feature>
<Feature>
  <Name className="java.lang.String">string</Name>
  <Value className="java.lang.String">General</Value>
</Feature>
</Annotation>
<Annotation Id="5650" Type="SpaceToken" StartNode="1791" EndNode="1792">
<Feature>
  <Name className="java.lang.String">length</Name>
  <Value className="java.lang.String">1</Value>
</Feature>
<Feature>
  <Name className="java.lang.String">kind</Name>
  <Value className="java.lang.String">space</Value>
</Feature>
<Feature>
  <Name className="java.lang.String">string</Name>
  <Value className="java.lang.String"> </Value>
</Feature>
</Annotation>
<Annotation Id="5651" Type="Token" StartNode="1792" EndNode="1803">
<Feature>
  <Name className="java.lang.String">length</Name>
  <Value className="java.lang.String">11</Value>
</Feature>
<Feature>
  <Name className="java.lang.String">orth</Name>
  <Value className="java.lang.String">lowercase</Value>
</Feature>
<Feature>
  <Name className="java.lang.String">kind</Name>
  <Value className="java.lang.String">word</Value>
</Feature>
<Feature>
  <Name className="java.lang.String">coreferences</Name>
  <Value className="java.util.ArrayList"></Value>
</Feature>
<Feature>
  <Name className="java.lang.String">string</Name>
  <Value className="java.lang.String">information</Value>
</Feature>
</Annotation>
<Annotation Id="5679" Type="Split" StartNode="1212" EndNode="1213">
<Feature>
  <Name className="java.lang.String">kind</Name>
  <Value className="java.lang.String">internal</Value>
</Feature>
</Annotation>
<Annotation Id="5678" Type="Split" StartNode="1010" EndNode="1011">
<Feature>
  <Name className="java.lang.String">kind</Name>
  <Value className="java.lang.String">external</Value>
</Feature>
</Annotation>
<Annotation Id="5677" Type="Split" StartNode="1009" EndNode="1010">
<Feature>
  <Name className="java.lang.String">kind</Name>
  <Value className="java.lang.String">external</Value>
</Feature>
</Annotation>
<Annotation Id="5676" Type="Split" StartNode="1008" EndNode="1009">
<Feature>
  <Name className="java.lang.String">kind</Name>
  <Value className="java.lang.String">internal</Value>
</Feature>
</Annotation>
<Annotation Id="5675" Type="Split" StartNode="921" EndNode="922">
<Feature>
  <Name className="java.lang.String">kind</Name>
  <Value className="java.lang.String">internal</Value>
</Feature>
</Annotation>
<Annotation Id="5674" Type="Split" StartNode="865" EndNode="866">
<Feature>
  <Name className="java.lang.String">kind</Name>
  <Value className="java.lang.String">external</Value>
</Feature>
</Annotation>
<Annotation Id="5673" Type="Split" StartNode="864" EndNode="865">
<Feature>
  <Name className="java.lang.String">kind</Name>
  <Value className="java.lang.String">external</Value>
</Feature>
</Annotation>
<Annotation Id="5672" Type="Split" StartNode="863" EndNode="864">
<Feature>
  <Name className="java.lang.String">kind</Name>
  <Value className="java.lang.String">internal</Value>
</Feature>
</Annotation>
<Annotation Id="5671" Type="Split" StartNode="784" EndNode="785">
<Feature>
  <Name className="java.lang.String">kind</Name>
  <Value className="java.lang.String">internal</Value>
</Feature>
</Annotation>
<Annotation Id="5670" Type="Split" StartNode="503" EndNode="504">
<Feature>
  <Name className="java.lang.String">kind</Name>
  <Value className="java.lang.String">external</Value>
</Feature>
</Annotation>
<Annotation Id="5669" Type="Split" StartNode="502" EndNode="503">
<Feature>
  <Name className="java.lang.String">kind</Name>
  <Value className="java.lang.String">external</Value>
</Feature>
</Annotation>
<Annotation Id="5668" Type="Split" StartNode="501" EndNode="502">
<Feature>
  <Name className="java.lang.String">kind</Name>
  <Value className="java.lang.String">internal</Value>
</Feature>
</Annotation>
<Annotation Id="5667" Type="Split" StartNode="343" EndNode="344">
<Feature>
  <Name className="java.lang.String">kind</Name>
  <Value className="java.lang.String">internal</Value>
</Feature>
</Annotation>
<Annotation Id="5666" Type="Split" StartNode="271" EndNode="272">
<Feature>
  <Name className="java.lang.String">kind</Name>
  <Value className="java.lang.String">internal</Value>
</Feature>
</Annotation>
<Annotation Id="5694" Type="Sentence" StartNode="273" EndNode="344">
</Annotation>
<Annotation Id="5695" Type="Sentence" StartNode="345" EndNode="502">
</Annotation>
<Annotation Id="5692" Type="Split" StartNode="1840" EndNode="1841">
<Feature>
  <Name className="java.lang.String">kind</Name>
  <Value className="java.lang.String">external</Value>
</Feature>
</Annotation>
<Annotation Id="5693" Type="Sentence" StartNode="0" EndNode="272">
</Annotation>
<Annotation Id="5690" Type="Split" StartNode="1816" EndNode="1817">
<Feature>
  <Name className="java.lang.String">kind</Name>
  <Value className="java.lang.String">external</Value>
</Feature>
</Annotation>
<Annotation Id="5691" Type="Split" StartNode="1817" EndNode="1818">
<Feature>
  <Name className="java.lang.String">kind</Name>
  <Value className="java.lang.String">external</Value>
</Feature>
</Annotation>
<Annotation Id="5688" Type="Split" StartNode="1803" EndNode="1804">
<Feature>
  <Name className="java.lang.String">kind</Name>
  <Value className="java.lang.String">external</Value>
</Feature>
</Annotation>
<Annotation Id="5689" Type="Split" StartNode="1804" EndNode="1805">
<Feature>
  <Name className="java.lang.String">kind</Name>
  <Value className="java.lang.String">external</Value>
</Feature>
</Annotation>
<Annotation Id="5686" Type="Split" StartNode="1768" EndNode="1769">
<Feature>
  <Name className="java.lang.String">kind</Name>
  <Value className="java.lang.String">external</Value>
</Feature>
</Annotation>
<Annotation Id="5687" Type="Split" StartNode="1783" EndNode="1784">
<Feature>
  <Name className="java.lang.String">kind</Name>
  <Value className="java.lang.String">external</Value>
</Feature>
</Annotation>
<Annotation Id="5684" Type="Split" StartNode="1756" EndNode="1757">
<Feature>
  <Name className="java.lang.String">kind</Name>
  <Value className="java.lang.String">internal</Value>
</Feature>
</Annotation>
<Annotation Id="5685" Type="Split" StartNode="1757" EndNode="1758">
<Feature>
  <Name className="java.lang.String">kind</Name>
  <Value className="java.lang.String">external</Value>
</Feature>
</Annotation>
<Annotation Id="5682" Type="Split" StartNode="1620" EndNode="1621">
<Feature>
  <Name className="java.lang.String">kind</Name>
  <Value className="java.lang.String">external</Value>
</Feature>
</Annotation>
<Annotation Id="5683" Type="Split" StartNode="1621" EndNode="1622">
<Feature>
  <Name className="java.lang.String">kind</Name>
  <Value className="java.lang.String">external</Value>
</Feature>
</Annotation>
<Annotation Id="5680" Type="Split" StartNode="1325" EndNode="1326">
<Feature>
  <Name className="java.lang.String">kind</Name>
  <Value className="java.lang.String">internal</Value>
</Feature>
</Annotation>
<Annotation Id="5681" Type="Split" StartNode="1615" EndNode="1616">
<Feature>
  <Name className="java.lang.String">kind</Name>
  <Value className="java.lang.String">internal</Value>
</Feature>
</Annotation>
<Annotation Id="5824" Type="MetaMap" StartNode="1083" EndNode="1091">
<Feature>
  <Name className="java.lang.String">IsHead</Name>
  <Value className="java.lang.Boolean">true</Value>
</Feature>
<Feature>
  <Name className="java.lang.String">PreferredName</Name>
  <Value className="java.lang.String">Nitrogen Handling</Value>
</Feature>
<Feature>
  <Name className="java.lang.String">ConceptId</Name>
  <Value className="java.lang.String">C1550581</Value>
</Feature>
<Feature>
  <Name className="java.lang.String">SemanticTypesString</Name>
  <Value className="java.lang.String">[hcpp]</Value>
</Feature>
<Feature>
  <Name className="java.lang.String">SemanticTypes</Name>
  <Value className="java.util.ArrayList" itemClassName="java.lang.String">hcpp</Value>
</Feature>
<Feature>
  <Name className="java.lang.String">IsOvermatch</Name>
  <Value className="java.lang.Boolean">false</Value>
</Feature>
<Feature>
  <Name className="java.lang.String">Type</Name>
  <Value className="java.lang.String">Mapping</Value>
</Feature>
<Feature>
  <Name className="java.lang.String">SourcesString</Name>
  <Value className="java.lang.String">[HL7V3.0, MTH]</Value>
</Feature>
<Feature>
  <Name className="java.lang.String">Sources</Name>
  <Value className="java.lang.String">[HL7V3.0, MTH]</Value>
</Feature>
<Feature>
  <Name className="java.lang.String">ConceptName</Name>
  <Value className="java.lang.String">nitrogen</Value>
</Feature>
<Feature>
  <Name className="java.lang.String">Score</Name>
  <Value className="java.lang.Integer">-1000</Value>
</Feature>
</Annotation>
<Annotation Id="5825" Type="MetaMap" StartNode="1092" EndNode="1098">
<Feature>
  <Name className="java.lang.String">IsHead</Name>
  <Value className="java.lang.Boolean">true</Value>
</Feature>
<Feature>
  <Name className="java.lang.String">PreferredName</Name>
  <Value className="java.lang.String">Oxides</Value>
</Feature>
<Feature>
  <Name className="java.lang.String">ConceptId</Name>
  <Value className="java.lang.String">C0030015</Value>
</Feature>
<Feature>
  <Name className="java.lang.String">SemanticTypesString</Name>
  <Value className="java.lang.String">[inch]</Value>
</Feature>
<Feature>
  <Name className="java.lang.String">SemanticTypes</Name>
  <Value className="java.util.ArrayList" itemClassName="java.lang.String">inch</Value>
</Feature>
<Feature>
  <Name className="java.lang.String">IsOvermatch</Name>
  <Value className="java.lang.Boolean">false</Value>
</Feature>
<Feature>
  <Name className="java.lang.String">Type</Name>
  <Value className="java.lang.String">Mapping</Value>
</Feature>
<Feature>
  <Name className="java.lang.String">SourcesString</Name>
  <Value className="java.lang.String">[CSP, MTH]</Value>
</Feature>
<Feature>
  <Name className="java.lang.String">Sources</Name>
  <Value className="java.lang.String">[CSP, MTH]</Value>
</Feature>
<Feature>
  <Name className="java.lang.String">ConceptName</Name>
  <Value className="java.lang.String">Oxides</Value>
</Feature>
<Feature>
  <Name className="java.lang.String">Score</Name>
  <Value className="java.lang.Integer">-1000</Value>
</Feature>
</Annotation>
<Annotation Id="5826" Type="MetaMap" StartNode="1111" EndNode="1118">
<Feature>
  <Name className="java.lang.String">IsHead</Name>
  <Value className="java.lang.Boolean">true</Value>
</Feature>
<Feature>
  <Name className="java.lang.String">PreferredName</Name>
  <Value className="java.lang.String">Gradual</Value>
</Feature>
<Feature>
  <Name className="java.lang.String">ConceptId</Name>
  <Value className="java.lang.String">C0439833</Value>
</Feature>
<Feature>
  <Name className="java.lang.String">SemanticTypesString</Name>
  <Value className="java.lang.String">[qlco]</Value>
</Feature>
<Feature>
  <Name className="java.lang.String">SemanticTypes</Name>
  <Value className="java.util.ArrayList" itemClassName="java.lang.String">qlco</Value>
</Feature>
<Feature>
  <Name className="java.lang.String">IsOvermatch</Name>
  <Value className="java.lang.Boolean">false</Value>
</Feature>
<Feature>
  <Name className="java.lang.String">Type</Name>
  <Value className="java.lang.String">Mapping</Value>
</Feature>
<Feature>
  <Name className="java.lang.String">SourcesString</Name>
  <Value className="java.lang.String">[SNOMEDCT_US]</Value>
</Feature>
<Feature>
  <Name className="java.lang.String">Sources</Name>
  <Value className="java.lang.String">[SNOMEDCT_US]</Value>
</Feature>
<Feature>
  <Name className="java.lang.String">ConceptName</Name>
  <Value className="java.lang.String">Gradual</Value>
</Feature>
<Feature>
  <Name className="java.lang.String">Score</Name>
  <Value className="java.lang.Integer">-1000</Value>
</Feature>
</Annotation>
<Annotation Id="5827" Type="MetaMap" StartNode="1191" EndNode="1198">
<Feature>
  <Name className="java.lang.String">IsHead</Name>
  <Value className="java.lang.Boolean">true</Value>
</Feature>
<Feature>
  <Name className="java.lang.String">PreferredName</Name>
  <Value className="java.lang.String">Further</Value>
</Feature>
<Feature>
  <Name className="java.lang.String">ConceptId</Name>
  <Value className="java.lang.String">C1517331</Value>
</Feature>
<Feature>
  <Name className="java.lang.String">SemanticTypesString</Name>
  <Value className="java.lang.String">[spco]</Value>
</Feature>
<Feature>
  <Name className="java.lang.String">SemanticTypes</Name>
  <Value className="java.util.ArrayList" itemClassName="java.lang.String">spco</Value>
</Feature>
<Feature>
  <Name className="java.lang.String">IsOvermatch</Name>
  <Value className="java.lang.Boolean">false</Value>
</Feature>
<Feature>
  <Name className="java.lang.String">Type</Name>
  <Value className="java.lang.String">Mapping</Value>
</Feature>
<Feature>
  <Name className="java.lang.String">SourcesString</Name>
  <Value className="java.lang.String">[NCI]</Value>
</Feature>
<Feature>
  <Name className="java.lang.String">Sources</Name>
  <Value className="java.lang.String">[NCI]</Value>
</Feature>
<Feature>
  <Name className="java.lang.String">ConceptName</Name>
  <Value className="java.lang.String">Further</Value>
</Feature>
<Feature>
  <Name className="java.lang.String">Score</Name>
  <Value className="java.lang.Integer">-1000</Value>
</Feature>
</Annotation>
<Annotation Id="5828" Type="MetaMap" StartNode="1218" EndNode="1224">
<Feature>
  <Name className="java.lang.String">IsHead</Name>
  <Value className="java.lang.Boolean">true</Value>
</Feature>
<Feature>
  <Name className="java.lang.String">PreferredName</Name>
  <Value className="java.lang.String">Quantity</Value>
</Feature>
<Feature>
  <Name className="java.lang.String">ConceptId</Name>
  <Value className="java.lang.String">C1265611</Value>
</Feature>
<Feature>
  <Name className="java.lang.String">SemanticTypesString</Name>
  <Value className="java.lang.String">[qnco]</Value>
</Feature>
<Feature>
  <Name className="java.lang.String">SemanticTypes</Name>
  <Value className="java.util.ArrayList" itemClassName="java.lang.String">qnco</Value>
</Feature>
<Feature>
  <Name className="java.lang.String">IsOvermatch</Name>
  <Value className="java.lang.Boolean">false</Value>
</Feature>
<Feature>
  <Name className="java.lang.String">Type</Name>
  <Value className="java.lang.String">Mapping</Value>
</Feature>
<Feature>
  <Name className="java.lang.String">SourcesString</Name>
  <Value className="java.lang.String">[CHV, MTH, NCI, SNMI, SNOMEDCT_US]</Value>
</Feature>
<Feature>
  <Name className="java.lang.String">Sources</Name>
  <Value className="java.lang.String">[CHV, MTH, NCI, SNMI, SNOMEDCT_US]</Value>
</Feature>
<Feature>
  <Name className="java.lang.String">ConceptName</Name>
  <Value className="java.lang.String">Amount</Value>
</Feature>
<Feature>
  <Name className="java.lang.String">Score</Name>
  <Value className="java.lang.Integer">-1000</Value>
</Feature>
</Annotation>
<Annotation Id="5831" Type="MetaMap" StartNode="1248" EndNode="1255">
<Feature>
  <Name className="java.lang.String">IsHead</Name>
  <Value className="java.lang.Boolean">true</Value>
</Feature>
<Feature>
  <Name className="java.lang.String">PreferredName</Name>
  <Value className="java.lang.String">Mixture</Value>
</Feature>
<Feature>
  <Name className="java.lang.String">ConceptId</Name>
  <Value className="java.lang.String">C0439962</Value>
</Feature>
<Feature>
  <Name className="java.lang.String">SemanticTypesString</Name>
  <Value className="java.lang.String">[sbst]</Value>
</Feature>
<Feature>
  <Name className="java.lang.String">SemanticTypes</Name>
  <Value className="java.util.ArrayList" itemClassName="java.lang.String">sbst</Value>
</Feature>
<Feature>
  <Name className="java.lang.String">IsOvermatch</Name>
  <Value className="java.lang.Boolean">false</Value>
</Feature>
<Feature>
  <Name className="java.lang.String">Type</Name>
  <Value className="java.lang.String">Mapping</Value>
</Feature>
<Feature>
  <Name className="java.lang.String">SourcesString</Name>
  <Value className="java.lang.String">[CHV, NCI, SNOMEDCT_US]</Value>
</Feature>
<Feature>
  <Name className="java.lang.String">Sources</Name>
  <Value className="java.lang.String">[CHV, NCI, SNOMEDCT_US]</Value>
</Feature>
<Feature>
  <Name className="java.lang.String">ConceptName</Name>
  <Value className="java.lang.String">Mixture</Value>
</Feature>
<Feature>
  <Name className="java.lang.String">Score</Name>
  <Value className="java.lang.Integer">-1000</Value>
</Feature>
</Annotation>
<Annotation Id="5832" Type="MetaMap" StartNode="1257" EndNode="1263">
<Feature>
  <Name className="java.lang.String">IsHead</Name>
  <Value className="java.lang.Boolean">true</Value>
</Feature>
<Feature>
  <Name className="java.lang.String">PreferredName</Name>
  <Value className="java.lang.String">High</Value>
</Feature>
<Feature>
  <Name className="java.lang.String">ConceptId</Name>
  <Value className="java.lang.String">C0205250</Value>
</Feature>
<Feature>
  <Name className="java.lang.String">SemanticTypesString</Name>
  <Value className="java.lang.String">[qlco]</Value>
</Feature>
<Feature>
  <Name className="java.lang.String">SemanticTypes</Name>
  <Value className="java.util.ArrayList" itemClassName="java.lang.String">qlco</Value>
</Feature>
<Feature>
  <Name className="java.lang.String">IsOvermatch</Name>
  <Value className="java.lang.Boolean">false</Value>
</Feature>
<Feature>
  <Name className="java.lang.String">Type</Name>
  <Value className="java.lang.String">Mapping</Value>
</Feature>
<Feature>
  <Name className="java.lang.String">SourcesString</Name>
  <Value className="java.lang.String">[CHV, MTH, NCI, SNOMEDCT_US]</Value>
</Feature>
<Feature>
  <Name className="java.lang.String">Sources</Name>
  <Value className="java.lang.String">[CHV, MTH, NCI, SNOMEDCT_US]</Value>
</Feature>
<Feature>
  <Name className="java.lang.String">ConceptName</Name>
  <Value className="java.lang.String">High</Value>
</Feature>
<Feature>
  <Name className="java.lang.String">Score</Name>
  <Value className="java.lang.Integer">-966</Value>
</Feature>
</Annotation>
<Annotation Id="5833" Type="MetaMap" StartNode="1257" EndNode="1263">
<Feature>
  <Name className="java.lang.String">IsHead</Name>
  <Value className="java.lang.Boolean">true</Value>
</Feature>
<Feature>
  <Name className="java.lang.String">PreferredName</Name>
  <Value className="java.lang.String">Abnormally high</Value>
</Feature>
<Feature>
  <Name className="java.lang.String">ConceptId</Name>
  <Value className="java.lang.String">C1299351</Value>
</Feature>
<Feature>
  <Name className="java.lang.String">SemanticTypesString</Name>
  <Value className="java.lang.String">[qlco]</Value>
</Feature>
<Feature>
  <Name className="java.lang.String">SemanticTypes</Name>
  <Value className="java.util.ArrayList" itemClassName="java.lang.String">qlco</Value>
</Feature>
<Feature>
  <Name className="java.lang.String">IsOvermatch</Name>
  <Value className="java.lang.Boolean">false</Value>
</Feature>
<Feature>
  <Name className="java.lang.String">Type</Name>
  <Value className="java.lang.String">Mapping</Value>
</Feature>
<Feature>
  <Name className="java.lang.String">SourcesString</Name>
  <Value className="java.lang.String">[HL7V3.0, MTH]</Value>
</Feature>
<Feature>
  <Name className="java.lang.String">Sources</Name>
  <Value className="java.lang.String">[HL7V3.0, MTH]</Value>
</Feature>
<Feature>
  <Name className="java.lang.String">ConceptName</Name>
  <Value className="java.lang.String">High</Value>
</Feature>
<Feature>
  <Name className="java.lang.String">Score</Name>
  <Value className="java.lang.Integer">-966</Value>
</Feature>
</Annotation>
<Annotation Id="5834" Type="MetaMap" StartNode="1257" EndNode="1263">
<Feature>
  <Name className="java.lang.String">IsHead</Name>
  <Value className="java.lang.Boolean">true</Value>
</Feature>
<Feature>
  <Name className="java.lang.String">PreferredName</Name>
  <Value className="java.lang.String">Value Above Reference Range</Value>
</Feature>
<Feature>
  <Name className="java.lang.String">ConceptId</Name>
  <Value className="java.lang.String">C2700149</Value>
</Feature>
<Feature>
  <Name className="java.lang.String">SemanticTypesString</Name>
  <Value className="java.lang.String">[inpr]</Value>
</Feature>
<Feature>
  <Name className="java.lang.String">SemanticTypes</Name>
  <Value className="java.util.ArrayList" itemClassName="java.lang.String">inpr</Value>
</Feature>
<Feature>
  <Name className="java.lang.String">IsOvermatch</Name>
  <Value className="java.lang.Boolean">false</Value>
</Feature>
<Feature>
  <Name className="java.lang.String">Type</Name>
  <Value className="java.lang.String">Mapping</Value>
</Feature>
<Feature>
  <Name className="java.lang.String">SourcesString</Name>
  <Value className="java.lang.String">[MTH, NCI]</Value>
</Feature>
<Feature>
  <Name className="java.lang.String">Sources</Name>
  <Value className="java.lang.String">[MTH, NCI]</Value>
</Feature>
<Feature>
  <Name className="java.lang.String">ConceptName</Name>
  <Value className="java.lang.String">HIGH</Value>
</Feature>
<Feature>
  <Name className="java.lang.String">Score</Name>
  <Value className="java.lang.Integer">-966</Value>
</Feature>
</Annotation>
<Annotation Id="5835" Type="MetaMap" StartNode="1264" EndNode="1271">
<Feature>
  <Name className="java.lang.String">IsHead</Name>
  <Value className="java.lang.Boolean">true</Value>
</Feature>
<Feature>
  <Name className="java.lang.String">PreferredName</Name>
  <Value className="java.lang.String">Quantity</Value>
</Feature>
<Feature>
  <Name className="java.lang.String">ConceptId</Name>
  <Value className="java.lang.String">C1265611</Value>
</Feature>
<Feature>
  <Name className="java.lang.String">SemanticTypesString</Name>
  <Value className="java.lang.String">[qnco]</Value>
</Feature>
<Feature>
  <Name className="java.lang.String">SemanticTypes</Name>
  <Value className="java.util.ArrayList" itemClassName="java.lang.String">qnco</Value>
</Feature>
<Feature>
  <Name className="java.lang.String">IsOvermatch</Name>
  <Value className="java.lang.Boolean">false</Value>
</Feature>
<Feature>
  <Name className="java.lang.String">Type</Name>
  <Value className="java.lang.String">Mapping</Value>
</Feature>
<Feature>
  <Name className="java.lang.String">SourcesString</Name>
  <Value className="java.lang.String">[CHV, MTH, NCI, SNMI, SNOMEDCT_US]</Value>
</Feature>
<Feature>
  <Name className="java.lang.String">Sources</Name>
  <Value className="java.lang.String">[CHV, MTH, NCI, SNMI, SNOMEDCT_US]</Value>
</Feature>
<Feature>
  <Name className="java.lang.String">ConceptName</Name>
  <Value className="java.lang.String">amounts</Value>
</Feature>
<Feature>
  <Name className="java.lang.String">Score</Name>
  <Value className="java.lang.Integer">-1000</Value>
</Feature>
</Annotation>
<Annotation Id="5836" Type="MetaMap" StartNode="1292" EndNode="1302">
<Feature>
  <Name className="java.lang.String">IsHead</Name>
  <Value className="java.lang.Boolean">true</Value>
</Feature>
<Feature>
  <Name className="java.lang.String">PreferredName</Name>
  <Value className="java.lang.String">propellant</Value>
</Feature>
<Feature>
  <Name className="java.lang.String">ConceptId</Name>
  <Value className="java.lang.String">C0599677</Value>
</Feature>
<Feature>
  <Name className="java.lang.String">SemanticTypesString</Name>
  <Value className="java.lang.String">[chvf]</Value>
</Feature>
<Feature>
  <Name className="java.lang.String">SemanticTypes</Name>
  <Value className="java.util.ArrayList" itemClassName="java.lang.String">chvf</Value>
</Feature>
<Feature>
  <Name className="java.lang.String">IsOvermatch</Name>
  <Value className="java.lang.Boolean">false</Value>
</Feature>
<Feature>
  <Name className="java.lang.String">Type</Name>
  <Value className="java.lang.String">Mapping</Value>
</Feature>
<Feature>
  <Name className="java.lang.String">SourcesString</Name>
  <Value className="java.lang.String">[CHV, CSP]</Value>
</Feature>
<Feature>
  <Name className="java.lang.String">Sources</Name>
  <Value className="java.lang.String">[CHV, CSP]</Value>
</Feature>
<Feature>
  <Name className="java.lang.String">ConceptName</Name>
  <Value className="java.lang.String">propellant</Value>
</Feature>
<Feature>
  <Name className="java.lang.String">Score</Name>
  <Value className="java.lang.Integer">-1000</Value>
</Feature>
</Annotation>
<Annotation Id="5838" Type="MetaMap" StartNode="1305" EndNode="1314">
<Feature>
  <Name className="java.lang.String">IsHead</Name>
  <Value className="java.lang.Boolean">true</Value>
</Feature>
<Feature>
  <Name className="java.lang.String">PreferredName</Name>
  <Value className="java.lang.String">Ballistic</Value>
</Feature>
<Feature>
  <Name className="java.lang.String">ConceptId</Name>
  <Value className="java.lang.String">C0443149</Value>
</Feature>
<Feature>
  <Name className="java.lang.String">SemanticTypesString</Name>
  <Value className="java.lang.String">[qlco]</Value>
</Feature>
<Feature>
  <Name className="java.lang.String">SemanticTypes</Name>
  <Value className="java.util.ArrayList" itemClassName="java.lang.String">qlco</Value>
</Feature>
<Feature>
  <Name className="java.lang.String">IsOvermatch</Name>
  <Value className="java.lang.Boolean">false</Value>
</Feature>
<Feature>
  <Name className="java.lang.String">Type</Name>
  <Value className="java.lang.String">Mapping</Value>
</Feature>
<Feature>
  <Name className="java.lang.String">SourcesString</Name>
  <Value className="java.lang.String">[SNOMEDCT_US]</Value>
</Feature>
<Feature>
  <Name className="java.lang.String">Sources</Name>
  <Value className="java.lang.String">[SNOMEDCT_US]</Value>
</Feature>
<Feature>
  <Name className="java.lang.String">ConceptName</Name>
  <Value className="java.lang.String">Ballistic</Value>
</Feature>
<Feature>
  <Name className="java.lang.String">Score</Name>
  <Value className="java.lang.Integer">-1000</Value>
</Feature>
</Annotation>
<Annotation Id="5839" Type="MetaMap" StartNode="1315" EndNode="1325">
<Feature>
  <Name className="java.lang.String">IsHead</Name>
  <Value className="java.lang.Boolean">true</Value>
</Feature>
<Feature>
  <Name className="java.lang.String">PreferredName</Name>
  <Value className="java.lang.String">Property (attribute)</Value>
</Feature>
<Feature>
  <Name className="java.lang.String">ConceptId</Name>
  <Value className="java.lang.String">C0871161</Value>
</Feature>
<Feature>
  <Name className="java.lang.String">SemanticTypesString</Name>
  <Value className="java.lang.String">[qlco]</Value>
</Feature>
<Feature>
  <Name className="java.lang.String">SemanticTypes</Name>
  <Value className="java.util.ArrayList" itemClassName="java.lang.String">qlco</Value>
</Feature>
<Feature>
  <Name className="java.lang.String">IsOvermatch</Name>
  <Value className="java.lang.Boolean">false</Value>
</Feature>
<Feature>
  <Name className="java.lang.String">Type</Name>
  <Value className="java.lang.String">Mapping</Value>
</Feature>
<Feature>
  <Name className="java.lang.String">SourcesString</Name>
  <Value className="java.lang.String">[CHV, SNOMEDCT_US]</Value>
</Feature>
<Feature>
  <Name className="java.lang.String">Sources</Name>
  <Value className="java.lang.String">[CHV, SNOMEDCT_US]</Value>
</Feature>
<Feature>
  <Name className="java.lang.String">ConceptName</Name>
  <Value className="java.lang.String">properties</Value>
</Feature>
<Feature>
  <Name className="java.lang.String">Score</Name>
  <Value className="java.lang.Integer">-1000</Value>
</Feature>
</Annotation>
<Annotation Id="5841" Type="MetaMap" StartNode="1356" EndNode="1364">
<Feature>
  <Name className="java.lang.String">IsHead</Name>
  <Value className="java.lang.Boolean">true</Value>
</Feature>
<Feature>
  <Name className="java.lang.String">PreferredName</Name>
  <Value className="java.lang.String">Unload</Value>
</Feature>
<Feature>
  <Name className="java.lang.String">ConceptId</Name>
  <Value className="java.lang.String">C1550032</Value>
</Feature>
<Feature>
  <Name className="java.lang.String">SemanticTypesString</Name>
  <Value className="java.lang.String">[idcn]</Value>
</Feature>
<Feature>
  <Name className="java.lang.String">SemanticTypes</Name>
  <Value className="java.util.ArrayList" itemClassName="java.lang.String">idcn</Value>
</Feature>
<Feature>
  <Name className="java.lang.String">IsOvermatch</Name>
  <Value className="java.lang.Boolean">false</Value>
</Feature>
<Feature>
  <Name className="java.lang.String">Type</Name>
  <Value className="java.lang.String">Mapping</Value>
</Feature>
<Feature>
  <Name className="java.lang.String">SourcesString</Name>
  <Value className="java.lang.String">[HL7V2.5]</Value>
</Feature>
<Feature>
  <Name className="java.lang.String">Sources</Name>
  <Value className="java.lang.String">[HL7V2.5]</Value>
</Feature>
<Feature>
  <Name className="java.lang.String">ConceptName</Name>
  <Value className="java.lang.String">Unload</Value>
</Feature>
<Feature>
  <Name className="java.lang.String">Score</Name>
  <Value className="java.lang.Integer">-944</Value>
</Feature>
</Annotation>
<Annotation Id="5840" Type="MetaMap" StartNode="1315" EndNode="1325">
<Feature>
  <Name className="java.lang.String">IsHead</Name>
  <Value className="java.lang.Boolean">true</Value>
</Feature>
<Feature>
  <Name className="java.lang.String">PreferredName</Name>
  <Value className="java.lang.String">Has property</Value>
</Feature>
<Feature>
  <Name className="java.lang.String">ConceptId</Name>
  <Value className="java.lang.String">C1292721</Value>
</Feature>
<Feature>
  <Name className="java.lang.String">SemanticTypesString</Name>
  <Value className="java.lang.String">[ftcn]</Value>
</Feature>
<Feature>
  <Name className="java.lang.String">SemanticTypes</Name>
  <Value className="java.util.ArrayList" itemClassName="java.lang.String">ftcn</Value>
</Feature>
<Feature>
  <Name className="java.lang.String">IsOvermatch</Name>
  <Value className="java.lang.Boolean">false</Value>
</Feature>
<Feature>
  <Name className="java.lang.String">Type</Name>
  <Value className="java.lang.String">Mapping</Value>
</Feature>
<Feature>
  <Name className="java.lang.String">SourcesString</Name>
  <Value className="java.lang.String">[CHV, SNOMEDCT_US]</Value>
</Feature>
<Feature>
  <Name className="java.lang.String">Sources</Name>
  <Value className="java.lang.String">[CHV, SNOMEDCT_US]</Value>
</Feature>
<Feature>
  <Name className="java.lang.String">ConceptName</Name>
  <Value className="java.lang.String">properties</Value>
</Feature>
<Feature>
  <Name className="java.lang.String">Score</Name>
  <Value className="java.lang.Integer">-1000</Value>
</Feature>
</Annotation>
<Annotation Id="5843" Type="MetaMap" StartNode="1356" EndNode="1364">
<Feature>
  <Name className="java.lang.String">IsHead</Name>
  <Value className="java.lang.Boolean">true</Value>
</Feature>
<Feature>
  <Name className="java.lang.String">PreferredName</Name>
  <Value className="java.lang.String">Emptying</Value>
</Feature>
<Feature>
  <Name className="java.lang.String">ConceptId</Name>
  <Value className="java.lang.String">C1996907</Value>
</Feature>
<Feature>
  <Name className="java.lang.String">SemanticTypesString</Name>
  <Value className="java.lang.String">[acty]</Value>
</Feature>
<Feature>
  <Name className="java.lang.String">SemanticTypes</Name>
  <Value className="java.util.ArrayList" itemClassName="java.lang.String">acty</Value>
</Feature>
<Feature>
  <Name className="java.lang.String">IsOvermatch</Name>
  <Value className="java.lang.Boolean">false</Value>
</Feature>
<Feature>
  <Name className="java.lang.String">Type</Name>
  <Value className="java.lang.String">Mapping</Value>
</Feature>
<Feature>
  <Name className="java.lang.String">SourcesString</Name>
  <Value className="java.lang.String">[MTH]</Value>
</Feature>
<Feature>
  <Name className="java.lang.String">Sources</Name>
  <Value className="java.lang.String">[MTH]</Value>
</Feature>
<Feature>
  <Name className="java.lang.String">ConceptName</Name>
  <Value className="java.lang.String">Emptying</Value>
</Feature>
<Feature>
  <Name className="java.lang.String">Score</Name>
  <Value className="java.lang.Integer">-944</Value>
</Feature>
</Annotation>
<Annotation Id="5842" Type="MetaMap" StartNode="1356" EndNode="1364">
<Feature>
  <Name className="java.lang.String">IsHead</Name>
  <Value className="java.lang.Boolean">true</Value>
</Feature>
<Feature>
  <Name className="java.lang.String">PreferredName</Name>
  <Value className="java.lang.String">Empty (qualifier)</Value>
</Feature>
<Feature>
  <Name className="java.lang.String">ConceptId</Name>
  <Value className="java.lang.String">C1880497</Value>
</Feature>
<Feature>
  <Name className="java.lang.String">SemanticTypesString</Name>
  <Value className="java.lang.String">[qlco]</Value>
</Feature>
<Feature>
  <Name className="java.lang.String">SemanticTypes</Name>
  <Value className="java.util.ArrayList" itemClassName="java.lang.String">qlco</Value>
</Feature>
<Feature>
  <Name className="java.lang.String">IsOvermatch</Name>
  <Value className="java.lang.Boolean">false</Value>
</Feature>
<Feature>
  <Name className="java.lang.String">Type</Name>
  <Value className="java.lang.String">Mapping</Value>
</Feature>
<Feature>
  <Name className="java.lang.String">SourcesString</Name>
  <Value className="java.lang.String">[MTH, NCI]</Value>
</Feature>
<Feature>
  <Name className="java.lang.String">Sources</Name>
  <Value className="java.lang.String">[MTH, NCI]</Value>
</Feature>
<Feature>
  <Name className="java.lang.String">ConceptName</Name>
  <Value className="java.lang.String">Empty</Value>
</Feature>
<Feature>
  <Name className="java.lang.String">Score</Name>
  <Value className="java.lang.Integer">-944</Value>
</Feature>
</Annotation>
<Annotation Id="5845" Type="MetaMap" StartNode="1370" EndNode="1374">
<Feature>
  <Name className="java.lang.String">IsHead</Name>
  <Value className="java.lang.Boolean">true</Value>
</Feature>
<Feature>
  <Name className="java.lang.String">PreferredName</Name>
  <Value className="java.lang.String">Time (foundation metadata concept)</Value>
</Feature>
<Feature>
  <Name className="java.lang.String">ConceptId</Name>
  <Value className="java.lang.String">C3541383</Value>
</Feature>
<Feature>
  <Name className="java.lang.String">SemanticTypesString</Name>
  <Value className="java.lang.String">[tmco]</Value>
</Feature>
<Feature>
  <Name className="java.lang.String">SemanticTypes</Name>
  <Value className="java.util.ArrayList" itemClassName="java.lang.String">tmco</Value>
</Feature>
<Feature>
  <Name className="java.lang.String">IsOvermatch</Name>
  <Value className="java.lang.Boolean">false</Value>
</Feature>
<Feature>
  <Name className="java.lang.String">Type</Name>
  <Value className="java.lang.String">Mapping</Value>
</Feature>
<Feature>
  <Name className="java.lang.String">SourcesString</Name>
  <Value className="java.lang.String">[SNOMEDCT_US]</Value>
</Feature>
<Feature>
  <Name className="java.lang.String">Sources</Name>
  <Value className="java.lang.String">[SNOMEDCT_US]</Value>
</Feature>
<Feature>
  <Name className="java.lang.String">ConceptName</Name>
  <Value className="java.lang.String">Time</Value>
</Feature>
<Feature>
  <Name className="java.lang.String">Score</Name>
  <Value className="java.lang.Integer">-1000</Value>
</Feature>
</Annotation>
<Annotation Id="5844" Type="MetaMap" StartNode="1370" EndNode="1374">
<Feature>
  <Name className="java.lang.String">IsHead</Name>
  <Value className="java.lang.Boolean">true</Value>
</Feature>
<Feature>
  <Name className="java.lang.String">PreferredName</Name>
  <Value className="java.lang.String">Time</Value>
</Feature>
<Feature>
  <Name className="java.lang.String">ConceptId</Name>
  <Value className="java.lang.String">C0040223</Value>
</Feature>
<Feature>
  <Name className="java.lang.String">SemanticTypesString</Name>
  <Value className="java.lang.String">[tmco]</Value>
</Feature>
<Feature>
  <Name className="java.lang.String">SemanticTypes</Name>
  <Value className="java.util.ArrayList" itemClassName="java.lang.String">tmco</Value>
</Feature>
<Feature>
  <Name className="java.lang.String">IsOvermatch</Name>
  <Value className="java.lang.Boolean">false</Value>
</Feature>
<Feature>
  <Name className="java.lang.String">Type</Name>
  <Value className="java.lang.String">Mapping</Value>
</Feature>
<Feature>
  <Name className="java.lang.String">SourcesString</Name>
  <Value className="java.lang.String">[CHV, MTH, NCI]</Value>
</Feature>
<Feature>
  <Name className="java.lang.String">Sources</Name>
  <Value className="java.lang.String">[CHV, MTH, NCI]</Value>
</Feature>
<Feature>
  <Name className="java.lang.String">ConceptName</Name>
  <Value className="java.lang.String">Time</Value>
</Feature>
<Feature>
  <Name className="java.lang.String">Score</Name>
  <Value className="java.lang.Integer">-1000</Value>
</Feature>
</Annotation>
<Annotation Id="5847" Type="MetaMap" StartNode="1386" EndNode="1393">
<Feature>
  <Name className="java.lang.String">IsHead</Name>
  <Value className="java.lang.Boolean">true</Value>
</Feature>
<Feature>
  <Name className="java.lang.String">PreferredName</Name>
  <Value className="java.lang.String">Feeling content</Value>
</Feature>
<Feature>
  <Name className="java.lang.String">ConceptId</Name>
  <Value className="java.lang.String">C0423896</Value>
</Feature>
<Feature>
  <Name className="java.lang.String">SemanticTypesString</Name>
  <Value className="java.lang.String">[menp]</Value>
</Feature>
<Feature>
  <Name className="java.lang.String">SemanticTypes</Name>
  <Value className="java.util.ArrayList" itemClassName="java.lang.String">menp</Value>
</Feature>
<Feature>
  <Name className="java.lang.String">IsOvermatch</Name>
  <Value className="java.lang.Boolean">false</Value>
</Feature>
<Feature>
  <Name className="java.lang.String">Type</Name>
  <Value className="java.lang.String">Mapping</Value>
</Feature>
<Feature>
  <Name className="java.lang.String">SourcesString</Name>
  <Value className="java.lang.String">[MTH, NCI, SNOMEDCT_US]</Value>
</Feature>
<Feature>
  <Name className="java.lang.String">Sources</Name>
  <Value className="java.lang.String">[MTH, NCI, SNOMEDCT_US]</Value>
</Feature>
<Feature>
  <Name className="java.lang.String">ConceptName</Name>
  <Value className="java.lang.String">Content</Value>
</Feature>
<Feature>
  <Name className="java.lang.String">Score</Name>
  <Value className="java.lang.Integer">-1000</Value>
</Feature>
</Annotation>
<Annotation Id="5846" Type="MetaMap" StartNode="1376" EndNode="1385">
<Feature>
  <Name className="java.lang.String">IsHead</Name>
  <Value className="java.lang.Boolean">true</Value>
</Feature>
<Feature>
  <Name className="java.lang.String">PreferredName</Name>
  <Value className="java.lang.String">Remaining</Value>
</Feature>
<Feature>
  <Name className="java.lang.String">ConceptId</Name>
  <Value className="java.lang.String">C1527428</Value>
</Feature>
<Feature>
  <Name className="java.lang.String">SemanticTypesString</Name>
  <Value className="java.lang.String">[qlco]</Value>
</Feature>
<Feature>
  <Name className="java.lang.String">SemanticTypes</Name>
  <Value className="java.util.ArrayList" itemClassName="java.lang.String">qlco</Value>
</Feature>
<Feature>
  <Name className="java.lang.String">IsOvermatch</Name>
  <Value className="java.lang.Boolean">false</Value>
</Feature>
<Feature>
  <Name className="java.lang.String">Type</Name>
  <Value className="java.lang.String">Mapping</Value>
</Feature>
<Feature>
  <Name className="java.lang.String">SourcesString</Name>
  <Value className="java.lang.String">[NCI]</Value>
</Feature>
<Feature>
  <Name className="java.lang.String">Sources</Name>
  <Value className="java.lang.String">[NCI]</Value>
</Feature>
<Feature>
  <Name className="java.lang.String">ConceptName</Name>
  <Value className="java.lang.String">Remaining</Value>
</Feature>
<Feature>
  <Name className="java.lang.String">Score</Name>
  <Value className="java.lang.Integer">-1000</Value>
</Feature>
</Annotation>
<Annotation Id="5849" Type="MetaMap" StartNode="1397" EndNode="1401">
<Feature>
  <Name className="java.lang.String">IsHead</Name>
  <Value className="java.lang.Boolean">true</Value>
</Feature>
<Feature>
  <Name className="java.lang.String">PreferredName</Name>
  <Value className="java.lang.String">Less Than</Value>
</Feature>
<Feature>
  <Name className="java.lang.String">ConceptId</Name>
  <Value className="java.lang.String">C0439092</Value>
</Feature>
<Feature>
  <Name className="java.lang.String">SemanticTypesString</Name>
  <Value className="java.lang.String">[inpr]</Value>
</Feature>
<Feature>
  <Name className="java.lang.String">SemanticTypes</Name>
  <Value className="java.util.ArrayList" itemClassName="java.lang.String">inpr</Value>
</Feature>
<Feature>
  <Name className="java.lang.String">IsOvermatch</Name>
  <Value className="java.lang.Boolean">false</Value>
</Feature>
<Feature>
  <Name className="java.lang.String">Type</Name>
  <Value className="java.lang.String">Mapping</Value>
</Feature>
<Feature>
  <Name className="java.lang.String">SourcesString</Name>
  <Value className="java.lang.String">[CHV, NCI, SNOMEDCT_US]</Value>
</Feature>
<Feature>
  <Name className="java.lang.String">Sources</Name>
  <Value className="java.lang.String">[CHV, NCI, SNOMEDCT_US]</Value>
</Feature>
<Feature>
  <Name className="java.lang.String">ConceptName</Name>
  <Value className="java.lang.String">less</Value>
</Feature>
<Feature>
  <Name className="java.lang.String">Score</Name>
  <Value className="java.lang.Integer">-1000</Value>
</Feature>
</Annotation>
<Annotation Id="5848" Type="MetaMap" StartNode="1386" EndNode="1393">
<Feature>
  <Name className="java.lang.String">IsHead</Name>
  <Value className="java.lang.Boolean">true</Value>
</Feature>
<Feature>
  <Name className="java.lang.String">PreferredName</Name>
  <Value className="java.lang.String">Contents</Value>
</Feature>
<Feature>
  <Name className="java.lang.String">ConceptId</Name>
  <Value className="java.lang.String">C0456205</Value>
</Feature>
<Feature>
  <Name className="java.lang.String">SemanticTypesString</Name>
  <Value className="java.lang.String">[cnce]</Value>
</Feature>
<Feature>
  <Name className="java.lang.String">SemanticTypes</Name>
  <Value className="java.util.ArrayList" itemClassName="java.lang.String">cnce</Value>
</Feature>
<Feature>
  <Name className="java.lang.String">IsOvermatch</Name>
  <Value className="java.lang.Boolean">false</Value>
</Feature>
<Feature>
  <Name className="java.lang.String">Type</Name>
  <Value className="java.lang.String">Mapping</Value>
</Feature>
<Feature>
  <Name className="java.lang.String">SourcesString</Name>
  <Value className="java.lang.String">[MTH, NCI]</Value>
</Feature>
<Feature>
  <Name className="java.lang.String">Sources</Name>
  <Value className="java.lang.String">[MTH, NCI]</Value>
</Feature>
<Feature>
  <Name className="java.lang.String">ConceptName</Name>
  <Value className="java.lang.String">Content</Value>
</Feature>
<Feature>
  <Name className="java.lang.String">Score</Name>
  <Value className="java.lang.Integer">-1000</Value>
</Feature>
</Annotation>
<Annotation Id="5851" Type="MetaMap" StartNode="1418" EndNode="1425">
<Feature>
  <Name className="java.lang.String">IsHead</Name>
  <Value className="java.lang.Boolean">true</Value>
</Feature>
<Feature>
  <Name className="java.lang.String">PreferredName</Name>
  <Value className="java.lang.String">Initially</Value>
</Feature>
<Feature>
  <Name className="java.lang.String">ConceptId</Name>
  <Value className="java.lang.String">C0205265</Value>
</Feature>
<Feature>
  <Name className="java.lang.String">SemanticTypesString</Name>
  <Value className="java.lang.String">[tmco]</Value>
</Feature>
<Feature>
  <Name className="java.lang.String">SemanticTypes</Name>
  <Value className="java.util.ArrayList" itemClassName="java.lang.String">tmco</Value>
</Feature>
<Feature>
  <Name className="java.lang.String">IsOvermatch</Name>
  <Value className="java.lang.Boolean">false</Value>
</Feature>
<Feature>
  <Name className="java.lang.String">Type</Name>
  <Value className="java.lang.String">Mapping</Value>
</Feature>
<Feature>
  <Name className="java.lang.String">SourcesString</Name>
  <Value className="java.lang.String">[MTH, SNOMEDCT_US]</Value>
</Feature>
<Feature>
  <Name className="java.lang.String">Sources</Name>
  <Value className="java.lang.String">[MTH, SNOMEDCT_US]</Value>
</Feature>
<Feature>
  <Name className="java.lang.String">ConceptName</Name>
  <Value className="java.lang.String">Initial</Value>
</Feature>
<Feature>
  <Name className="java.lang.String">Score</Name>
  <Value className="java.lang.Integer">-1000</Value>
</Feature>
</Annotation>
<Annotation Id="5850" Type="MetaMap" StartNode="1397" EndNode="1401">
<Feature>
  <Name className="java.lang.String">IsHead</Name>
  <Value className="java.lang.Boolean">true</Value>
</Feature>
<Feature>
  <Name className="java.lang.String">PreferredName</Name>
  <Value className="java.lang.String">Smaller</Value>
</Feature>
<Feature>
  <Name className="java.lang.String">ConceptId</Name>
  <Value className="java.lang.String">C0547044</Value>
</Feature>
<Feature>
  <Name className="java.lang.String">SemanticTypesString</Name>
  <Value className="java.lang.String">[qlco]</Value>
</Feature>
<Feature>
  <Name className="java.lang.String">SemanticTypes</Name>
  <Value className="java.util.ArrayList" itemClassName="java.lang.String">qlco</Value>
</Feature>
<Feature>
  <Name className="java.lang.String">IsOvermatch</Name>
  <Value className="java.lang.Boolean">false</Value>
</Feature>
<Feature>
  <Name className="java.lang.String">Type</Name>
  <Value className="java.lang.String">Mapping</Value>
</Feature>
<Feature>
  <Name className="java.lang.String">SourcesString</Name>
  <Value className="java.lang.String">[MTH, NCI, SNOMEDCT_US]</Value>
</Feature>
<Feature>
  <Name className="java.lang.String">Sources</Name>
  <Value className="java.lang.String">[MTH, NCI, SNOMEDCT_US]</Value>
</Feature>
<Feature>
  <Name className="java.lang.String">ConceptName</Name>
  <Value className="java.lang.String">Less</Value>
</Feature>
<Feature>
  <Name className="java.lang.String">Score</Name>
  <Value className="java.lang.Integer">-1000</Value>
</Feature>
</Annotation>
<Annotation Id="5853" Type="MetaMap" StartNode="1418" EndNode="1425">
<Feature>
  <Name className="java.lang.String">IsHead</Name>
  <Value className="java.lang.Boolean">true</Value>
</Feature>
<Feature>
  <Name className="java.lang.String">PreferredName</Name>
  <Value className="java.lang.String">Initial (abbreviation)</Value>
</Feature>
<Feature>
  <Name className="java.lang.String">ConceptId</Name>
  <Value className="java.lang.String">C1555582</Value>
</Feature>
<Feature>
  <Name className="java.lang.String">SemanticTypesString</Name>
  <Value className="java.lang.String">[idcn]</Value>
</Feature>
<Feature>
  <Name className="java.lang.String">SemanticTypes</Name>
  <Value className="java.util.ArrayList" itemClassName="java.lang.String">idcn</Value>
</Feature>
<Feature>
  <Name className="java.lang.String">IsOvermatch</Name>
  <Value className="java.lang.Boolean">false</Value>
</Feature>
<Feature>
  <Name className="java.lang.String">Type</Name>
  <Value className="java.lang.String">Mapping</Value>
</Feature>
<Feature>
  <Name className="java.lang.String">SourcesString</Name>
  <Value className="java.lang.String">[MTH, NCI]</Value>
</Feature>
<Feature>
  <Name className="java.lang.String">Sources</Name>
  <Value className="java.lang.String">[MTH, NCI]</Value>
</Feature>
<Feature>
  <Name className="java.lang.String">ConceptName</Name>
  <Value className="java.lang.String">Initial</Value>
</Feature>
<Feature>
  <Name className="java.lang.String">Score</Name>
  <Value className="java.lang.Integer">-1000</Value>
</Feature>
</Annotation>
<Annotation Id="5852" Type="MetaMap" StartNode="1418" EndNode="1425">
<Feature>
  <Name className="java.lang.String">IsHead</Name>
  <Value className="java.lang.Boolean">true</Value>
</Feature>
<Feature>
  <Name className="java.lang.String">PreferredName</Name>
  <Value className="java.lang.String">Firstly</Value>
</Feature>
<Feature>
  <Name className="java.lang.String">ConceptId</Name>
  <Value className="java.lang.String">C1279901</Value>
</Feature>
<Feature>
  <Name className="java.lang.String">SemanticTypesString</Name>
  <Value className="java.lang.String">[qlco]</Value>
</Feature>
<Feature>
  <Name className="java.lang.String">SemanticTypes</Name>
  <Value className="java.util.ArrayList" itemClassName="java.lang.String">qlco</Value>
</Feature>
<Feature>
  <Name className="java.lang.String">IsOvermatch</Name>
  <Value className="java.lang.Boolean">false</Value>
</Feature>
<Feature>
  <Name className="java.lang.String">Type</Name>
  <Value className="java.lang.String">Mapping</Value>
</Feature>
<Feature>
  <Name className="java.lang.String">SourcesString</Name>
  <Value className="java.lang.String">[MTH, NCI, SNMI]</Value>
</Feature>
<Feature>
  <Name className="java.lang.String">Sources</Name>
  <Value className="java.lang.String">[MTH, NCI, SNMI]</Value>
</Feature>
<Feature>
  <Name className="java.lang.String">ConceptName</Name>
  <Value className="java.lang.String">Initial</Value>
</Feature>
<Feature>
  <Name className="java.lang.String">Score</Name>
  <Value className="java.lang.Integer">-1000</Value>
</Feature>
</Annotation>
<Annotation Id="5855" Type="MetaMap" StartNode="1447" EndNode="1456">
<Feature>
  <Name className="java.lang.String">IsHead</Name>
  <Value className="java.lang.Boolean">true</Value>
</Feature>
<Feature>
  <Name className="java.lang.String">PreferredName</Name>
  <Value className="java.lang.String">Increased</Value>
</Feature>
<Feature>
  <Name className="java.lang.String">ConceptId</Name>
  <Value className="java.lang.String">C0205217</Value>
</Feature>
<Feature>
  <Name className="java.lang.String">SemanticTypesString</Name>
  <Value className="java.lang.String">[qnco]</Value>
</Feature>
<Feature>
  <Name className="java.lang.String">SemanticTypes</Name>
  <Value className="java.util.ArrayList" itemClassName="java.lang.String">qnco</Value>
</Feature>
<Feature>
  <Name className="java.lang.String">IsOvermatch</Name>
  <Value className="java.lang.Boolean">false</Value>
</Feature>
<Feature>
  <Name className="java.lang.String">Type</Name>
  <Value className="java.lang.String">Mapping</Value>
</Feature>
<Feature>
  <Name className="java.lang.String">SourcesString</Name>
  <Value className="java.lang.String">[CHV, MTH, SNOMEDCT_US]</Value>
</Feature>
<Feature>
  <Name className="java.lang.String">Sources</Name>
  <Value className="java.lang.String">[CHV, MTH, SNOMEDCT_US]</Value>
</Feature>
<Feature>
  <Name className="java.lang.String">ConceptName</Name>
  <Value className="java.lang.String">Increased</Value>
</Feature>
<Feature>
  <Name className="java.lang.String">Score</Name>
  <Value className="java.lang.Integer">-1000</Value>
</Feature>
</Annotation>
<Annotation Id="5854" Type="MetaMap" StartNode="1418" EndNode="1425">
<Feature>
  <Name className="java.lang.String">IsHead</Name>
  <Value className="java.lang.Boolean">true</Value>
</Feature>
<Feature>
  <Name className="java.lang.String">PreferredName</Name>
  <Value className="java.lang.String">Initial Usage</Value>
</Feature>
<Feature>
  <Name className="java.lang.String">ConceptId</Name>
  <Value className="java.lang.String">C1705685</Value>
</Feature>
<Feature>
  <Name className="java.lang.String">SemanticTypesString</Name>
  <Value className="java.lang.String">[ftcn]</Value>
</Feature>
<Feature>
  <Name className="java.lang.String">SemanticTypes</Name>
  <Value className="java.util.ArrayList" itemClassName="java.lang.String">ftcn</Value>
</Feature>
<Feature>
  <Name className="java.lang.String">IsOvermatch</Name>
  <Value className="java.lang.Boolean">false</Value>
</Feature>
<Feature>
  <Name className="java.lang.String">Type</Name>
  <Value className="java.lang.String">Mapping</Value>
</Feature>
<Feature>
  <Name className="java.lang.String">SourcesString</Name>
  <Value className="java.lang.String">[MTH, NCI, NLMSubSyn]</Value>
</Feature>
<Feature>
  <Name className="java.lang.String">Sources</Name>
  <Value className="java.lang.String">[MTH, NCI, NLMSubSyn]</Value>
</Feature>
<Feature>
  <Name className="java.lang.String">ConceptName</Name>
  <Value className="java.lang.String">INITIAL</Value>
</Feature>
<Feature>
  <Name className="java.lang.String">Score</Name>
  <Value className="java.lang.Integer">-1000</Value>
</Feature>
</Annotation>
<Annotation Id="5858" Type="MetaMap" StartNode="1457" EndNode="1469">
<Feature>
  <Name className="java.lang.String">IsHead</Name>
  <Value className="java.lang.Boolean">true</Value>
</Feature>
<Feature>
  <Name className="java.lang.String">PreferredName</Name>
  <Value className="java.lang.String">Medical Surveillance</Value>
</Feature>
<Feature>
  <Name className="java.lang.String">ConceptId</Name>
  <Value className="java.lang.String">C0733511</Value>
</Feature>
<Feature>
  <Name className="java.lang.String">SemanticTypesString</Name>
  <Value className="java.lang.String">[hlca]</Value>
</Feature>
<Feature>
  <Name className="java.lang.String">SemanticTypes</Name>
  <Value className="java.util.ArrayList" itemClassName="java.lang.String">hlca</Value>
</Feature>
<Feature>
  <Name className="java.lang.String">IsOvermatch</Name>
  <Value className="java.lang.Boolean">false</Value>
</Feature>
<Feature>
  <Name className="java.lang.String">Type</Name>
  <Value className="java.lang.String">Mapping</Value>
</Feature>
<Feature>
  <Name className="java.lang.String">SourcesString</Name>
  <Value className="java.lang.String">[MTH, NCI, SNOMEDCT_US]</Value>
</Feature>
<Feature>
  <Name className="java.lang.String">Sources</Name>
  <Value className="java.lang.String">[MTH, NCI, SNOMEDCT_US]</Value>
</Feature>
<Feature>
  <Name className="java.lang.String">ConceptName</Name>
  <Value className="java.lang.String">Surveillance</Value>
</Feature>
<Feature>
  <Name className="java.lang.String">Score</Name>
  <Value className="java.lang.Integer">-1000</Value>
</Feature>
</Annotation>
<Annotation Id="5859" Type="MetaMap" StartNode="1477" EndNode="1485">
<Feature>
  <Name className="java.lang.String">IsHead</Name>
  <Value className="java.lang.Boolean">true</Value>
</Feature>
<Feature>
  <Name className="java.lang.String">PreferredName</Name>
  <Value className="java.lang.String">Munition</Value>
</Feature>
<Feature>
  <Name className="java.lang.String">ConceptId</Name>
  <Value className="java.lang.String">C0336683</Value>
</Feature>
<Feature>
  <Name className="java.lang.String">SemanticTypesString</Name>
  <Value className="java.lang.String">[mnob]</Value>
</Feature>
<Feature>
  <Name className="java.lang.String">SemanticTypes</Name>
  <Value className="java.util.ArrayList" itemClassName="java.lang.String">mnob</Value>
</Feature>
<Feature>
  <Name className="java.lang.String">IsOvermatch</Name>
  <Value className="java.lang.Boolean">false</Value>
</Feature>
<Feature>
  <Name className="java.lang.String">Type</Name>
  <Value className="java.lang.String">Mapping</Value>
</Feature>
<Feature>
  <Name className="java.lang.String">SourcesString</Name>
  <Value className="java.lang.String">[NCI, SNOMEDCT_US]</Value>
</Feature>
<Feature>
  <Name className="java.lang.String">Sources</Name>
  <Value className="java.lang.String">[NCI, SNOMEDCT_US]</Value>
</Feature>
<Feature>
  <Name className="java.lang.String">ConceptName</Name>
  <Value className="java.lang.String">Munition</Value>
</Feature>
<Feature>
  <Name className="java.lang.String">Score</Name>
  <Value className="java.lang.Integer">-1000</Value>
</Feature>
</Annotation>
<Annotation Id="5856" Type="MetaMap" StartNode="1447" EndNode="1456">
<Feature>
  <Name className="java.lang.String">IsHead</Name>
  <Value className="java.lang.Boolean">true</Value>
</Feature>
<Feature>
  <Name className="java.lang.String">PreferredName</Name>
  <Value className="java.lang.String">Increase</Value>
</Feature>
<Feature>
  <Name className="java.lang.String">ConceptId</Name>
  <Value className="java.lang.String">C0442805</Value>
</Feature>
<Feature>
  <Name className="java.lang.String">SemanticTypesString</Name>
  <Value className="java.lang.String">[ftcn]</Value>
</Feature>
<Feature>
  <Name className="java.lang.String">SemanticTypes</Name>
  <Value className="java.util.ArrayList" itemClassName="java.lang.String">ftcn</Value>
</Feature>
<Feature>
  <Name className="java.lang.String">IsOvermatch</Name>
  <Value className="java.lang.Boolean">false</Value>
</Feature>
<Feature>
  <Name className="java.lang.String">Type</Name>
  <Value className="java.lang.String">Mapping</Value>
</Feature>
<Feature>
  <Name className="java.lang.String">SourcesString</Name>
  <Value className="java.lang.String">[CHV, MTH, NCI]</Value>
</Feature>
<Feature>
  <Name className="java.lang.String">Sources</Name>
  <Value className="java.lang.String">[CHV, MTH, NCI]</Value>
</Feature>
<Feature>
  <Name className="java.lang.String">ConceptName</Name>
  <Value className="java.lang.String">Increased</Value>
</Feature>
<Feature>
  <Name className="java.lang.String">Score</Name>
  <Value className="java.lang.Integer">-1000</Value>
</Feature>
</Annotation>
<Annotation Id="5857" Type="MetaMap" StartNode="1457" EndNode="1469">
<Feature>
  <Name className="java.lang.String">IsHead</Name>
  <Value className="java.lang.Boolean">true</Value>
</Feature>
<Feature>
  <Name className="java.lang.String">PreferredName</Name>
  <Value className="java.lang.String">surveillance aspects</Value>
</Feature>
<Feature>
  <Name className="java.lang.String">ConceptId</Name>
  <Value className="java.lang.String">C0220920</Value>
</Feature>
<Feature>
  <Name className="java.lang.String">SemanticTypesString</Name>
  <Value className="java.lang.String">[ftcn]</Value>
</Feature>
<Feature>
  <Name className="java.lang.String">SemanticTypes</Name>
  <Value className="java.util.ArrayList" itemClassName="java.lang.String">ftcn</Value>
</Feature>
<Feature>
  <Name className="java.lang.String">IsOvermatch</Name>
  <Value className="java.lang.Boolean">false</Value>
</Feature>
<Feature>
  <Name className="java.lang.String">Type</Name>
  <Value className="java.lang.String">Mapping</Value>
</Feature>
<Feature>
  <Name className="java.lang.String">SourcesString</Name>
  <Value className="java.lang.String">[MSH, MTH]</Value>
</Feature>
<Feature>
  <Name className="java.lang.String">Sources</Name>
  <Value className="java.lang.String">[MSH, MTH]</Value>
</Feature>
<Feature>
  <Name className="java.lang.String">ConceptName</Name>
  <Value className="java.lang.String">surveillance</Value>
</Feature>
<Feature>
  <Name className="java.lang.String">Score</Name>
  <Value className="java.lang.Integer">-1000</Value>
</Feature>
</Annotation>
<Annotation Id="5862" Type="MetaMap" StartNode="1528" EndNode="1536">
<Feature>
  <Name className="java.lang.String">IsHead</Name>
  <Value className="java.lang.Boolean">true</Value>
</Feature>
<Feature>
  <Name className="java.lang.String">PreferredName</Name>
  <Value className="java.lang.String">Disposal</Value>
</Feature>
<Feature>
  <Name className="java.lang.String">ConceptId</Name>
  <Value className="java.lang.String">C1707797</Value>
</Feature>
<Feature>
  <Name className="java.lang.String">SemanticTypesString</Name>
  <Value className="java.lang.String">[acty]</Value>
</Feature>
<Feature>
  <Name className="java.lang.String">SemanticTypes</Name>
  <Value className="java.util.ArrayList" itemClassName="java.lang.String">acty</Value>
</Feature>
<Feature>
  <Name className="java.lang.String">IsOvermatch</Name>
  <Value className="java.lang.Boolean">false</Value>
</Feature>
<Feature>
  <Name className="java.lang.String">Type</Name>
  <Value className="java.lang.String">Mapping</Value>
</Feature>
<Feature>
  <Name className="java.lang.String">SourcesString</Name>
  <Value className="java.lang.String">[NCI, NLMSubSyn]</Value>
</Feature>
<Feature>
  <Name className="java.lang.String">Sources</Name>
  <Value className="java.lang.String">[NCI, NLMSubSyn]</Value>
</Feature>
<Feature>
  <Name className="java.lang.String">ConceptName</Name>
  <Value className="java.lang.String">Disposal</Value>
</Feature>
<Feature>
  <Name className="java.lang.String">Score</Name>
  <Value className="java.lang.Integer">-1000</Value>
</Feature>
</Annotation>
<Annotation Id="5863" Type="MetaMap" StartNode="1545" EndNode="1554">
<Feature>
  <Name className="java.lang.String">IsHead</Name>
  <Value className="java.lang.Boolean">true</Value>
</Feature>
<Feature>
  <Name className="java.lang.String">PreferredName</Name>
  <Value className="java.lang.String">Depletion</Value>
</Feature>
<Feature>
  <Name className="java.lang.String">ConceptId</Name>
  <Value className="java.lang.String">C0333668</Value>
</Feature>
<Feature>
  <Name className="java.lang.String">SemanticTypesString</Name>
  <Value className="java.lang.String">[ftcn]</Value>
</Feature>
<Feature>
  <Name className="java.lang.String">SemanticTypes</Name>
  <Value className="java.util.ArrayList" itemClassName="java.lang.String">ftcn</Value>
</Feature>
<Feature>
  <Name className="java.lang.String">IsOvermatch</Name>
  <Value className="java.lang.Boolean">false</Value>
</Feature>
<Feature>
  <Name className="java.lang.String">Type</Name>
  <Value className="java.lang.String">Mapping</Value>
</Feature>
<Feature>
  <Name className="java.lang.String">SourcesString</Name>
  <Value className="java.lang.String">[CHV, MTH, SNMI]</Value>
</Feature>
<Feature>
  <Name className="java.lang.String">Sources</Name>
  <Value className="java.lang.String">[CHV, MTH, SNMI]</Value>
</Feature>
<Feature>
  <Name className="java.lang.String">ConceptName</Name>
  <Value className="java.lang.String">Depletion</Value>
</Feature>
<Feature>
  <Name className="java.lang.String">Score</Name>
  <Value className="java.lang.Integer">-1000</Value>
</Feature>
</Annotation>
<Annotation Id="5860" Type="MetaMap" StartNode="1518" EndNode="1527">
<Feature>
  <Name className="java.lang.String">IsHead</Name>
  <Value className="java.lang.Boolean">true</Value>
</Feature>
<Feature>
  <Name className="java.lang.String">PreferredName</Name>
  <Value className="java.lang.String">Immediate</Value>
</Feature>
<Feature>
  <Name className="java.lang.String">ConceptId</Name>
  <Value className="java.lang.String">C0205253</Value>
</Feature>
<Feature>
  <Name className="java.lang.String">SemanticTypesString</Name>
  <Value className="java.lang.String">[tmco]</Value>
</Feature>
<Feature>
  <Name className="java.lang.String">SemanticTypes</Name>
  <Value className="java.util.ArrayList" itemClassName="java.lang.String">tmco</Value>
</Feature>
<Feature>
  <Name className="java.lang.String">IsOvermatch</Name>
  <Value className="java.lang.Boolean">false</Value>
</Feature>
<Feature>
  <Name className="java.lang.String">Type</Name>
  <Value className="java.lang.String">Mapping</Value>
</Feature>
<Feature>
  <Name className="java.lang.String">SourcesString</Name>
  <Value className="java.lang.String">[MTH]</Value>
</Feature>
<Feature>
  <Name className="java.lang.String">Sources</Name>
  <Value className="java.lang.String">[MTH]</Value>
</Feature>
<Feature>
  <Name className="java.lang.String">ConceptName</Name>
  <Value className="java.lang.String">Immediate</Value>
</Feature>
<Feature>
  <Name className="java.lang.String">Score</Name>
  <Value className="java.lang.Integer">-1000</Value>
</Feature>
</Annotation>
<Annotation Id="5861" Type="MetaMap" StartNode="1518" EndNode="1527">
<Feature>
  <Name className="java.lang.String">IsHead</Name>
  <Value className="java.lang.Boolean">true</Value>
</Feature>
<Feature>
  <Name className="java.lang.String">PreferredName</Name>
  <Value className="java.lang.String">Stat (do immediately)</Value>
</Feature>
<Feature>
  <Name className="java.lang.String">ConceptId</Name>
  <Value className="java.lang.String">C0205548</Value>
</Feature>
<Feature>
  <Name className="java.lang.String">SemanticTypesString</Name>
  <Value className="java.lang.String">[tmco]</Value>
</Feature>
<Feature>
  <Name className="java.lang.String">SemanticTypes</Name>
  <Value className="java.util.ArrayList" itemClassName="java.lang.String">tmco</Value>
</Feature>
<Feature>
  <Name className="java.lang.String">IsOvermatch</Name>
  <Value className="java.lang.Boolean">false</Value>
</Feature>
<Feature>
  <Name className="java.lang.String">Type</Name>
  <Value className="java.lang.String">Mapping</Value>
</Feature>
<Feature>
  <Name className="java.lang.String">SourcesString</Name>
  <Value className="java.lang.String">[HL7V2.5, NCI, SNOMEDCT_US]</Value>
</Feature>
<Feature>
  <Name className="java.lang.String">Sources</Name>
  <Value className="java.lang.String">[HL7V2.5, NCI, SNOMEDCT_US]</Value>
</Feature>
<Feature>
  <Name className="java.lang.String">ConceptName</Name>
  <Value className="java.lang.String">Immediate</Value>
</Feature>
<Feature>
  <Name className="java.lang.String">Score</Name>
  <Value className="java.lang.Integer">-1000</Value>
</Feature>
</Annotation>
<Annotation Id="5866" Type="MetaMap" StartNode="1577" EndNode="1581">
<Feature>
  <Name className="java.lang.String">IsHead</Name>
  <Value className="java.lang.Boolean">true</Value>
</Feature>
<Feature>
  <Name className="java.lang.String">PreferredName</Name>
  <Value className="java.lang.String">Leading</Value>
</Feature>
<Feature>
  <Name className="java.lang.String">ConceptId</Name>
  <Value className="java.lang.String">C1522538</Value>
</Feature>
<Feature>
  <Name className="java.lang.String">SemanticTypesString</Name>
  <Value className="java.lang.String">[ftcn]</Value>
</Feature>
<Feature>
  <Name className="java.lang.String">SemanticTypes</Name>
  <Value className="java.util.ArrayList" itemClassName="java.lang.String">ftcn</Value>
</Feature>
<Feature>
  <Name className="java.lang.String">IsOvermatch</Name>
  <Value className="java.lang.Boolean">false</Value>
</Feature>
<Feature>
  <Name className="java.lang.String">Type</Name>
  <Value className="java.lang.String">Mapping</Value>
</Feature>
<Feature>
  <Name className="java.lang.String">SourcesString</Name>
  <Value className="java.lang.String">[MTH, NCI]</Value>
</Feature>
<Feature>
  <Name className="java.lang.String">Sources</Name>
  <Value className="java.lang.String">[MTH, NCI]</Value>
</Feature>
<Feature>
  <Name className="java.lang.String">ConceptName</Name>
  <Value className="java.lang.String">Lead</Value>
</Feature>
<Feature>
  <Name className="java.lang.String">Score</Name>
  <Value className="java.lang.Integer">-1000</Value>
</Feature>
</Annotation>
<Annotation Id="5867" Type="MetaMap" StartNode="1577" EndNode="1581">
<Feature>
  <Name className="java.lang.String">IsHead</Name>
  <Value className="java.lang.Boolean">true</Value>
</Feature>
<Feature>
  <Name className="java.lang.String">PreferredName</Name>
  <Value className="java.lang.String">Dietary Lead</Value>
</Feature>
<Feature>
  <Name className="java.lang.String">ConceptId</Name>
  <Value className="java.lang.String">C2348269</Value>
</Feature>
<Feature>
  <Name className="java.lang.String">SemanticTypesString</Name>
  <Value className="java.lang.String">[elii]</Value>
</Feature>
<Feature>
  <Name className="java.lang.String">SemanticTypes</Name>
  <Value className="java.util.ArrayList" itemClassName="java.lang.String">elii</Value>
</Feature>
<Feature>
  <Name className="java.lang.String">IsOvermatch</Name>
  <Value className="java.lang.Boolean">false</Value>
</Feature>
<Feature>
  <Name className="java.lang.String">Type</Name>
  <Value className="java.lang.String">Mapping</Value>
</Feature>
<Feature>
  <Name className="java.lang.String">SourcesString</Name>
  <Value className="java.lang.String">[MTH, NCI]</Value>
</Feature>
<Feature>
  <Name className="java.lang.String">Sources</Name>
  <Value className="java.lang.String">[MTH, NCI]</Value>
</Feature>
<Feature>
  <Name className="java.lang.String">ConceptName</Name>
  <Value className="java.lang.String">Lead</Value>
</Feature>
<Feature>
  <Name className="java.lang.String">Score</Name>
  <Value className="java.lang.Integer">-1000</Value>
</Feature>
</Annotation>
<Annotation Id="5864" Type="MetaMap" StartNode="1577" EndNode="1581">
<Feature>
  <Name className="java.lang.String">IsHead</Name>
  <Value className="java.lang.Boolean">true</Value>
</Feature>
<Feature>
  <Name className="java.lang.String">PreferredName</Name>
  <Value className="java.lang.String">Lead</Value>
</Feature>
<Feature>
  <Name className="java.lang.String">ConceptId</Name>
  <Value className="java.lang.String">C0023175</Value>
</Feature>
<Feature>
  <Name className="java.lang.String">SemanticTypesString</Name>
  <Value className="java.lang.String">[elii, hops]</Value>
</Feature>
<Feature>
  <Name className="java.lang.String">SemanticTypes</Name>
  <Value className="java.util.ArrayList" itemClassName="java.lang.String">elii;hops</Value>
</Feature>
<Feature>
  <Name className="java.lang.String">IsOvermatch</Name>
  <Value className="java.lang.Boolean">false</Value>
</Feature>
<Feature>
  <Name className="java.lang.String">Type</Name>
  <Value className="java.lang.String">Mapping</Value>
</Feature>
<Feature>
  <Name className="java.lang.String">SourcesString</Name>
  <Value className="java.lang.String">[CSP, LNC, MTH, NCI, NLMSubSyn, SNOMEDCT_US]</Value>
</Feature>
<Feature>
  <Name className="java.lang.String">Sources</Name>
  <Value className="java.lang.String">[CSP, LNC, MTH, NCI, NLMSubSyn, SNOMEDCT_US]</Value>
</Feature>
<Feature>
  <Name className="java.lang.String">ConceptName</Name>
  <Value className="java.lang.String">???lead</Value>
</Feature>
<Feature>
  <Name className="java.lang.String">Score</Name>
  <Value className="java.lang.Integer">-1000</Value>
</Feature>
</Annotation>
<Annotation Id="5865" Type="MetaMap" StartNode="1577" EndNode="1581">
<Feature>
  <Name className="java.lang.String">IsHead</Name>
  <Value className="java.lang.Boolean">true</Value>
</Feature>
<Feature>
  <Name className="java.lang.String">PreferredName</Name>
  <Value className="java.lang.String">Plumbum metallicum, homeopathic preparation</Value>
</Feature>
<Feature>
  <Name className="java.lang.String">ConceptId</Name>
  <Value className="java.lang.String">C1442948</Value>
</Feature>
<Feature>
  <Name className="java.lang.String">SemanticTypesString</Name>
  <Value className="java.lang.String">[inch, phsu]</Value>
</Feature>
<Feature>
  <Name className="java.lang.String">SemanticTypes</Name>
  <Value className="java.util.ArrayList" itemClassName="java.lang.String">inch;phsu</Value>
</Feature>
<Feature>
  <Name className="java.lang.String">IsOvermatch</Name>
  <Value className="java.lang.Boolean">false</Value>
</Feature>
<Feature>
  <Name className="java.lang.String">Type</Name>
  <Value className="java.lang.String">Mapping</Value>
</Feature>
<Feature>
  <Name className="java.lang.String">SourcesString</Name>
  <Value className="java.lang.String">[CHV, MTH]</Value>
</Feature>
<Feature>
  <Name className="java.lang.String">Sources</Name>
  <Value className="java.lang.String">[CHV, MTH]</Value>
</Feature>
<Feature>
  <Name className="java.lang.String">ConceptName</Name>
  <Value className="java.lang.String">lead</Value>
</Feature>
<Feature>
  <Name className="java.lang.String">Score</Name>
  <Value className="java.lang.Integer">-1000</Value>
</Feature>
</Annotation>
<Annotation Id="5870" Type="MetaMap" StartNode="1645" EndNode="1652">
<Feature>
  <Name className="java.lang.String">IsHead</Name>
  <Value className="java.lang.Boolean">true</Value>
</Feature>
<Feature>
  <Name className="java.lang.String">PreferredName</Name>
  <Value className="java.lang.String">Similarity</Value>
</Feature>
<Feature>
  <Name className="java.lang.String">ConceptId</Name>
  <Value className="java.lang.String">C2348205</Value>
</Feature>
<Feature>
  <Name className="java.lang.String">SemanticTypesString</Name>
  <Value className="java.lang.String">[qlco]</Value>
</Feature>
<Feature>
  <Name className="java.lang.String">SemanticTypes</Name>
  <Value className="java.util.ArrayList" itemClassName="java.lang.String">qlco</Value>
</Feature>
<Feature>
  <Name className="java.lang.String">IsOvermatch</Name>
  <Value className="java.lang.Boolean">false</Value>
</Feature>
<Feature>
  <Name className="java.lang.String">Type</Name>
  <Value className="java.lang.String">Mapping</Value>
</Feature>
<Feature>
  <Name className="java.lang.String">SourcesString</Name>
  <Value className="java.lang.String">[NCI]</Value>
</Feature>
<Feature>
  <Name className="java.lang.String">Sources</Name>
  <Value className="java.lang.String">[NCI]</Value>
</Feature>
<Feature>
  <Name className="java.lang.String">ConceptName</Name>
  <Value className="java.lang.String">Similar</Value>
</Feature>
<Feature>
  <Name className="java.lang.String">Score</Name>
  <Value className="java.lang.Integer">-1000</Value>
</Feature>
</Annotation>
<Annotation Id="5871" Type="MetaMap" StartNode="1653" EndNode="1659">
<Feature>
  <Name className="java.lang.String">IsHead</Name>
  <Value className="java.lang.Boolean">true</Value>
</Feature>
<Feature>
  <Name className="java.lang.String">PreferredName</Name>
  <Value className="java.lang.String">Nature</Value>
</Feature>
<Feature>
  <Name className="java.lang.String">ConceptId</Name>
  <Value className="java.lang.String">C0349590</Value>
</Feature>
<Feature>
  <Name className="java.lang.String">SemanticTypesString</Name>
  <Value className="java.lang.String">[idcn]</Value>
</Feature>
<Feature>
  <Name className="java.lang.String">SemanticTypes</Name>
  <Value className="java.util.ArrayList" itemClassName="java.lang.String">idcn</Value>
</Feature>
<Feature>
  <Name className="java.lang.String">IsOvermatch</Name>
  <Value className="java.lang.Boolean">false</Value>
</Feature>
<Feature>
  <Name className="java.lang.String">Type</Name>
  <Value className="java.lang.String">Mapping</Value>
</Feature>
<Feature>
  <Name className="java.lang.String">SourcesString</Name>
  <Value className="java.lang.String">[MTH]</Value>
</Feature>
<Feature>
  <Name className="java.lang.String">Sources</Name>
  <Value className="java.lang.String">[MTH]</Value>
</Feature>
<Feature>
  <Name className="java.lang.String">ConceptName</Name>
  <Value className="java.lang.String">Nature</Value>
</Feature>
<Feature>
  <Name className="java.lang.String">Score</Name>
  <Value className="java.lang.Integer">-1000</Value>
</Feature>
</Annotation>
<Annotation Id="5868" Type="MetaMap" StartNode="1577" EndNode="1581">
<Feature>
  <Name className="java.lang.String">IsHead</Name>
  <Value className="java.lang.Boolean">true</Value>
</Feature>
<Feature>
  <Name className="java.lang.String">PreferredName</Name>
  <Value className="java.lang.String">Cardiac Lead Procedure</Value>
</Feature>
<Feature>
  <Name className="java.lang.String">ConceptId</Name>
  <Value className="java.lang.String">C3275067</Value>
</Feature>
<Feature>
  <Name className="java.lang.String">SemanticTypesString</Name>
  <Value className="java.lang.String">[topp]</Value>
</Feature>
<Feature>
  <Name className="java.lang.String">SemanticTypes</Name>
  <Value className="java.util.ArrayList" itemClassName="java.lang.String">topp</Value>
</Feature>
<Feature>
  <Name className="java.lang.String">IsOvermatch</Name>
  <Value className="java.lang.Boolean">false</Value>
</Feature>
<Feature>
  <Name className="java.lang.String">Type</Name>
  <Value className="java.lang.String">Mapping</Value>
</Feature>
<Feature>
  <Name className="java.lang.String">SourcesString</Name>
  <Value className="java.lang.String">[MTH, NCI, NLMSubSyn]</Value>
</Feature>
<Feature>
  <Name className="java.lang.String">Sources</Name>
  <Value className="java.lang.String">[MTH, NCI, NLMSubSyn]</Value>
</Feature>
<Feature>
  <Name className="java.lang.String">ConceptName</Name>
  <Value className="java.lang.String">LEAD</Value>
</Feature>
<Feature>
  <Name className="java.lang.String">Score</Name>
  <Value className="java.lang.Integer">-1000</Value>
</Feature>
</Annotation>
<Annotation Id="5869" Type="MetaMap" StartNode="1628" EndNode="1639">
<Feature>
  <Name className="java.lang.String">IsHead</Name>
  <Value className="java.lang.Boolean">true</Value>
</Feature>
<Feature>
  <Name className="java.lang.String">PreferredName</Name>
  <Value className="java.lang.String">Stabilizer - function</Value>
</Feature>
<Feature>
  <Name className="java.lang.String">ConceptId</Name>
  <Value className="java.lang.String">C0920880</Value>
</Feature>
<Feature>
  <Name className="java.lang.String">SemanticTypesString</Name>
  <Value className="java.lang.String">[ortf]</Value>
</Feature>
<Feature>
  <Name className="java.lang.String">SemanticTypes</Name>
  <Value className="java.util.ArrayList" itemClassName="java.lang.String">ortf</Value>
</Feature>
<Feature>
  <Name className="java.lang.String">IsOvermatch</Name>
  <Value className="java.lang.Boolean">false</Value>
</Feature>
<Feature>
  <Name className="java.lang.String">Type</Name>
  <Value className="java.lang.String">Mapping</Value>
</Feature>
<Feature>
  <Name className="java.lang.String">SourcesString</Name>
  <Value className="java.lang.String">[CHV, MTH, UWDA]</Value>
</Feature>
<Feature>
  <Name className="java.lang.String">Sources</Name>
  <Value className="java.lang.String">[CHV, MTH, UWDA]</Value>
</Feature>
<Feature>
  <Name className="java.lang.String">ConceptName</Name>
  <Value className="java.lang.String">stabilizers</Value>
</Feature>
<Feature>
  <Name className="java.lang.String">Score</Name>
  <Value className="java.lang.Integer">-1000</Value>
</Feature>
</Annotation>
<Annotation Id="5875" Type="MetaMap" StartNode="1758" EndNode="1768">
<Feature>
  <Name className="java.lang.String">IsHead</Name>
  <Value className="java.lang.Boolean">true</Value>
</Feature>
<Feature>
  <Name className="java.lang.String">PreferredName</Name>
  <Value className="java.lang.String">Reference Object</Value>
</Feature>
<Feature>
  <Name className="java.lang.String">ConceptId</Name>
  <Value className="java.lang.String">C1706462</Value>
</Feature>
<Feature>
  <Name className="java.lang.String">SemanticTypesString</Name>
  <Value className="java.lang.String">[cnce]</Value>
</Feature>
<Feature>
  <Name className="java.lang.String">SemanticTypes</Name>
  <Value className="java.util.ArrayList" itemClassName="java.lang.String">cnce</Value>
</Feature>
<Feature>
  <Name className="java.lang.String">IsOvermatch</Name>
  <Value className="java.lang.Boolean">false</Value>
</Feature>
<Feature>
  <Name className="java.lang.String">Type</Name>
  <Value className="java.lang.String">Mapping</Value>
</Feature>
<Feature>
  <Name className="java.lang.String">SourcesString</Name>
  <Value className="java.lang.String">[MTH, NCI]</Value>
</Feature>
<Feature>
  <Name className="java.lang.String">Sources</Name>
  <Value className="java.lang.String">[MTH, NCI]</Value>
</Feature>
<Feature>
  <Name className="java.lang.String">ConceptName</Name>
  <Value className="java.lang.String">Reference</Value>
</Feature>
<Feature>
  <Name className="java.lang.String">Score</Name>
  <Value className="java.lang.Integer">-966</Value>
</Feature>
</Annotation>
<Annotation Id="5874" Type="MetaMap" StartNode="1758" EndNode="1768">
<Feature>
  <Name className="java.lang.String">IsHead</Name>
  <Value className="java.lang.Boolean">true</Value>
</Feature>
<Feature>
  <Name className="java.lang.String">PreferredName</Name>
  <Value className="java.lang.String">Bibliographic Reference</Value>
</Feature>
<Feature>
  <Name className="java.lang.String">ConceptId</Name>
  <Value className="java.lang.String">C1514811</Value>
</Feature>
<Feature>
  <Name className="java.lang.String">SemanticTypesString</Name>
  <Value className="java.lang.String">[idcn]</Value>
</Feature>
<Feature>
  <Name className="java.lang.String">SemanticTypes</Name>
  <Value className="java.util.ArrayList" itemClassName="java.lang.String">idcn</Value>
</Feature>
<Feature>
  <Name className="java.lang.String">IsOvermatch</Name>
  <Value className="java.lang.Boolean">false</Value>
</Feature>
<Feature>
  <Name className="java.lang.String">Type</Name>
  <Value className="java.lang.String">Mapping</Value>
</Feature>
<Feature>
  <Name className="java.lang.String">SourcesString</Name>
  <Value className="java.lang.String">[MTH, NCI]</Value>
</Feature>
<Feature>
  <Name className="java.lang.String">Sources</Name>
  <Value className="java.lang.String">[MTH, NCI]</Value>
</Feature>
<Feature>
  <Name className="java.lang.String">ConceptName</Name>
  <Value className="java.lang.String">Reference</Value>
</Feature>
<Feature>
  <Name className="java.lang.String">Score</Name>
  <Value className="java.lang.Integer">-966</Value>
</Feature>
</Annotation>
<Annotation Id="5872" Type="MetaMap" StartNode="1653" EndNode="1659">
<Feature>
  <Name className="java.lang.String">IsHead</Name>
  <Value className="java.lang.Boolean">true</Value>
</Feature>
<Feature>
  <Name className="java.lang.String">PreferredName</Name>
  <Value className="java.lang.String">Natures</Value>
</Feature>
<Feature>
  <Name className="java.lang.String">ConceptId</Name>
  <Value className="java.lang.String">C1262865</Value>
</Feature>
<Feature>
  <Name className="java.lang.String">SemanticTypesString</Name>
  <Value className="java.lang.String">[ftcn]</Value>
</Feature>
<Feature>
  <Name className="java.lang.String">SemanticTypes</Name>
  <Value className="java.util.ArrayList" itemClassName="java.lang.String">ftcn</Value>
</Feature>
<Feature>
  <Name className="java.lang.String">IsOvermatch</Name>
  <Value className="java.lang.Boolean">false</Value>
</Feature>
<Feature>
  <Name className="java.lang.String">Type</Name>
  <Value className="java.lang.String">Mapping</Value>
</Feature>
<Feature>
  <Name className="java.lang.String">SourcesString</Name>
  <Value className="java.lang.String">[MTH, SNOMEDCT_US]</Value>
</Feature>
<Feature>
  <Name className="java.lang.String">Sources</Name>
  <Value className="java.lang.String">[MTH, SNOMEDCT_US]</Value>
</Feature>
<Feature>
  <Name className="java.lang.String">ConceptName</Name>
  <Value className="java.lang.String">Nature</Value>
</Feature>
<Feature>
  <Name className="java.lang.String">Score</Name>
  <Value className="java.lang.Integer">-1000</Value>
</Feature>
</Annotation>
<Annotation Id="5879" Type="MetaMap" StartNode="1784" EndNode="1791">
<Feature>
  <Name className="java.lang.String">IsHead</Name>
  <Value className="java.lang.Boolean">true</Value>
</Feature>
<Feature>
  <Name className="java.lang.String">PreferredName</Name>
  <Value className="java.lang.String">Generalized</Value>
</Feature>
<Feature>
  <Name className="java.lang.String">ConceptId</Name>
  <Value className="java.lang.String">C0205246</Value>
</Feature>
<Feature>
  <Name className="java.lang.String">SemanticTypesString</Name>
  <Value className="java.lang.String">[spco]</Value>
</Feature>
<Feature>
  <Name className="java.lang.String">SemanticTypes</Name>
  <Value className="java.util.ArrayList" itemClassName="java.lang.String">spco</Value>
</Feature>
<Feature>
  <Name className="java.lang.String">IsOvermatch</Name>
  <Value className="java.lang.Boolean">false</Value>
</Feature>
<Feature>
  <Name className="java.lang.String">Type</Name>
  <Value className="java.lang.String">Mapping</Value>
</Feature>
<Feature>
  <Name className="java.lang.String">SourcesString</Name>
  <Value className="java.lang.String">[HL7V3.0, MTH, SNOMEDCT_US]</Value>
</Feature>
<Feature>
  <Name className="java.lang.String">Sources</Name>
  <Value className="java.lang.String">[HL7V3.0, MTH, SNOMEDCT_US]</Value>
</Feature>
<Feature>
  <Name className="java.lang.String">ConceptName</Name>
  <Value className="java.lang.String">General</Value>
</Feature>
<Feature>
  <Name className="java.lang.String">Score</Name>
  <Value className="java.lang.Integer">-1000</Value>
</Feature>
</Annotation>
<Annotation Id="5878" Type="MetaMap" StartNode="1778" EndNode="1783">
<Feature>
  <Name className="java.lang.String">IsHead</Name>
  <Value className="java.lang.Boolean">true</Value>
</Feature>
<Feature>
  <Name className="java.lang.String">PreferredName</Name>
  <Value className="java.lang.String">Hyperlink</Value>
</Feature>
<Feature>
  <Name className="java.lang.String">ConceptId</Name>
  <Value className="java.lang.String">C1704666</Value>
</Feature>
<Feature>
  <Name className="java.lang.String">SemanticTypesString</Name>
  <Value className="java.lang.String">[inpr]</Value>
</Feature>
<Feature>
  <Name className="java.lang.String">SemanticTypes</Name>
  <Value className="java.util.ArrayList" itemClassName="java.lang.String">inpr</Value>
</Feature>
<Feature>
  <Name className="java.lang.String">IsOvermatch</Name>
  <Value className="java.lang.Boolean">false</Value>
</Feature>
<Feature>
  <Name className="java.lang.String">Type</Name>
  <Value className="java.lang.String">Mapping</Value>
</Feature>
<Feature>
  <Name className="java.lang.String">SourcesString</Name>
  <Value className="java.lang.String">[MTH, NCI]</Value>
</Feature>
<Feature>
  <Name className="java.lang.String">Sources</Name>
  <Value className="java.lang.String">[MTH, NCI]</Value>
</Feature>
<Feature>
  <Name className="java.lang.String">ConceptName</Name>
  <Value className="java.lang.String">Link</Value>
</Feature>
<Feature>
  <Name className="java.lang.String">Score</Name>
  <Value className="java.lang.Integer">-966</Value>
</Feature>
</Annotation>
<Annotation Id="5877" Type="MetaMap" StartNode="1778" EndNode="1783">
<Feature>
  <Name className="java.lang.String">IsHead</Name>
  <Value className="java.lang.Boolean">true</Value>
</Feature>
<Feature>
  <Name className="java.lang.String">PreferredName</Name>
  <Value className="java.lang.String">Links List</Value>
</Feature>
<Feature>
  <Name className="java.lang.String">ConceptId</Name>
  <Value className="java.lang.String">C1517892</Value>
</Feature>
<Feature>
  <Name className="java.lang.String">SemanticTypesString</Name>
  <Value className="java.lang.String">[inpr]</Value>
</Feature>
<Feature>
  <Name className="java.lang.String">SemanticTypes</Name>
  <Value className="java.util.ArrayList" itemClassName="java.lang.String">inpr</Value>
</Feature>
<Feature>
  <Name className="java.lang.String">IsOvermatch</Name>
  <Value className="java.lang.Boolean">false</Value>
</Feature>
<Feature>
  <Name className="java.lang.String">Type</Name>
  <Value className="java.lang.String">Mapping</Value>
</Feature>
<Feature>
  <Name className="java.lang.String">SourcesString</Name>
  <Value className="java.lang.String">[MTH, NCI]</Value>
</Feature>
<Feature>
  <Name className="java.lang.String">Sources</Name>
  <Value className="java.lang.String">[MTH, NCI]</Value>
</Feature>
<Feature>
  <Name className="java.lang.String">ConceptName</Name>
  <Value className="java.lang.String">Link</Value>
</Feature>
<Feature>
  <Name className="java.lang.String">Score</Name>
  <Value className="java.lang.Integer">-966</Value>
</Feature>
</Annotation>
<Annotation Id="5876" Type="MetaMap" StartNode="1769" EndNode="1777">
<Feature>
  <Name className="java.lang.String">IsHead</Name>
  <Value className="java.lang.Boolean">true</Value>
</Feature>
<Feature>
  <Name className="java.lang.String">PreferredName</Name>
  <Value className="java.lang.String">Extrinsic</Value>
</Feature>
<Feature>
  <Name className="java.lang.String">ConceptId</Name>
  <Value className="java.lang.String">C0205101</Value>
</Feature>
<Feature>
  <Name className="java.lang.String">SemanticTypesString</Name>
  <Value className="java.lang.String">[spco]</Value>
</Feature>
<Feature>
  <Name className="java.lang.String">SemanticTypes</Name>
  <Value className="java.util.ArrayList" itemClassName="java.lang.String">spco</Value>
</Feature>
<Feature>
  <Name className="java.lang.String">IsOvermatch</Name>
  <Value className="java.lang.Boolean">false</Value>
</Feature>
<Feature>
  <Name className="java.lang.String">Type</Name>
  <Value className="java.lang.String">Mapping</Value>
</Feature>
<Feature>
  <Name className="java.lang.String">SourcesString</Name>
  <Value className="java.lang.String">[MTH, NCI, SNOMEDCT_US]</Value>
</Feature>
<Feature>
  <Name className="java.lang.String">Sources</Name>
  <Value className="java.lang.String">[MTH, NCI, SNOMEDCT_US]</Value>
</Feature>
<Feature>
  <Name className="java.lang.String">ConceptName</Name>
  <Value className="java.lang.String">External</Value>
</Feature>
<Feature>
  <Name className="java.lang.String">Score</Name>
  <Value className="java.lang.Integer">-1000</Value>
</Feature>
</Annotation>
<Annotation Id="5883" Type="MetaMap" StartNode="1818" EndNode="1820">
<Feature>
  <Name className="java.lang.String">IsHead</Name>
  <Value className="java.lang.Boolean">true</Value>
</Feature>
<Feature>
  <Name className="java.lang.String">PreferredName</Name>
  <Value className="java.lang.String">Germany</Value>
</Feature>
<Feature>
  <Name className="java.lang.String">ConceptId</Name>
  <Value className="java.lang.String">C0017480</Value>
</Feature>
<Feature>
  <Name className="java.lang.String">SemanticTypesString</Name>
  <Value className="java.lang.String">[geoa]</Value>
</Feature>
<Feature>
  <Name className="java.lang.String">SemanticTypes</Name>
  <Value className="java.util.ArrayList" itemClassName="java.lang.String">geoa</Value>
</Feature>
<Feature>
  <Name className="java.lang.String">IsOvermatch</Name>
  <Value className="java.lang.Boolean">false</Value>
</Feature>
<Feature>
  <Name className="java.lang.String">Type</Name>
  <Value className="java.lang.String">Mapping</Value>
</Feature>
<Feature>
  <Name className="java.lang.String">SourcesString</Name>
  <Value className="java.lang.String">[MTH, NCI]</Value>
</Feature>
<Feature>
  <Name className="java.lang.String">Sources</Name>
  <Value className="java.lang.String">[MTH, NCI]</Value>
</Feature>
<Feature>
  <Name className="java.lang.String">ConceptName</Name>
  <Value className="java.lang.String">DE</Value>
</Feature>
<Feature>
  <Name className="java.lang.String">Score</Name>
  <Value className="java.lang.Integer">-1000</Value>
</Feature>
</Annotation>
<Annotation Id="5882" Type="MetaMap" StartNode="1818" EndNode="1820">
<Feature>
  <Name className="java.lang.String">IsHead</Name>
  <Value className="java.lang.Boolean">true</Value>
</Feature>
<Feature>
  <Name className="java.lang.String">PreferredName</Name>
  <Value className="java.lang.String">Delaware</Value>
</Feature>
<Feature>
  <Name className="java.lang.String">ConceptId</Name>
  <Value className="java.lang.String">C0011198</Value>
</Feature>
<Feature>
  <Name className="java.lang.String">SemanticTypesString</Name>
  <Value className="java.lang.String">[geoa]</Value>
</Feature>
<Feature>
  <Name className="java.lang.String">SemanticTypes</Name>
  <Value className="java.util.ArrayList" itemClassName="java.lang.String">geoa</Value>
</Feature>
<Feature>
  <Name className="java.lang.String">IsOvermatch</Name>
  <Value className="java.lang.Boolean">false</Value>
</Feature>
<Feature>
  <Name className="java.lang.String">Type</Name>
  <Value className="java.lang.String">Mapping</Value>
</Feature>
<Feature>
  <Name className="java.lang.String">SourcesString</Name>
  <Value className="java.lang.String">[MTH, NCI]</Value>
</Feature>
<Feature>
  <Name className="java.lang.String">Sources</Name>
  <Value className="java.lang.String">[MTH, NCI]</Value>
</Feature>
<Feature>
  <Name className="java.lang.String">ConceptName</Name>
  <Value className="java.lang.String">DE</Value>
</Feature>
<Feature>
  <Name className="java.lang.String">Score</Name>
  <Value className="java.lang.Integer">-1000</Value>
</Feature>
</Annotation>
<Annotation Id="5881" Type="MetaMap" StartNode="1792" EndNode="1803">
<Feature>
  <Name className="java.lang.String">IsHead</Name>
  <Value className="java.lang.Boolean">true</Value>
</Feature>
<Feature>
  <Name className="java.lang.String">PreferredName</Name>
  <Value className="java.lang.String">Information</Value>
</Feature>
<Feature>
  <Name className="java.lang.String">ConceptId</Name>
  <Value className="java.lang.String">C1533716</Value>
</Feature>
<Feature>
  <Name className="java.lang.String">SemanticTypesString</Name>
  <Value className="java.lang.String">[idcn]</Value>
</Feature>
<Feature>
  <Name className="java.lang.String">SemanticTypes</Name>
  <Value className="java.util.ArrayList" itemClassName="java.lang.String">idcn</Value>
</Feature>
<Feature>
  <Name className="java.lang.String">IsOvermatch</Name>
  <Value className="java.lang.Boolean">false</Value>
</Feature>
<Feature>
  <Name className="java.lang.String">Type</Name>
  <Value className="java.lang.String">Mapping</Value>
</Feature>
<Feature>
  <Name className="java.lang.String">SourcesString</Name>
  <Value className="java.lang.String">[CHV, MTH, NCI]</Value>
</Feature>
<Feature>
  <Name className="java.lang.String">Sources</Name>
  <Value className="java.lang.String">[CHV, MTH, NCI]</Value>
</Feature>
<Feature>
  <Name className="java.lang.String">ConceptName</Name>
  <Value className="java.lang.String">Information</Value>
</Feature>
<Feature>
  <Name className="java.lang.String">Score</Name>
  <Value className="java.lang.Integer">-1000</Value>
</Feature>
</Annotation>
<Annotation Id="5880" Type="MetaMap" StartNode="1784" EndNode="1791">
<Feature>
  <Name className="java.lang.String">IsHead</Name>
  <Value className="java.lang.Boolean">true</Value>
</Feature>
<Feature>
  <Name className="java.lang.String">PreferredName</Name>
  <Value className="java.lang.String">Act Code - General</Value>
</Feature>
<Feature>
  <Name className="java.lang.String">ConceptId</Name>
  <Value className="java.lang.String">C1553889</Value>
</Feature>
<Feature>
  <Name className="java.lang.String">SemanticTypesString</Name>
  <Value className="java.lang.String">[idcn]</Value>
</Feature>
<Feature>
  <Name className="java.lang.String">SemanticTypes</Name>
  <Value className="java.util.ArrayList" itemClassName="java.lang.String">idcn</Value>
</Feature>
<Feature>
  <Name className="java.lang.String">IsOvermatch</Name>
  <Value className="java.lang.Boolean">false</Value>
</Feature>
<Feature>
  <Name className="java.lang.String">Type</Name>
  <Value className="java.lang.String">Mapping</Value>
</Feature>
<Feature>
  <Name className="java.lang.String">SourcesString</Name>
  <Value className="java.lang.String">[HL7V3.0, MTH]</Value>
</Feature>
<Feature>
  <Name className="java.lang.String">Sources</Name>
  <Value className="java.lang.String">[HL7V3.0, MTH]</Value>
</Feature>
<Feature>
  <Name className="java.lang.String">ConceptName</Name>
  <Value className="java.lang.String">General</Value>
</Feature>
<Feature>
  <Name className="java.lang.String">Score</Name>
  <Value className="java.lang.Integer">-1000</Value>
</Feature>
</Annotation>
<Annotation Id="5887" Type="MetaMap" StartNode="1016" EndNode="1026">
<Feature>
  <Name className="java.lang.String">IsHead</Name>
  <Value className="java.lang.Boolean">true</Value>
</Feature>
<Feature>
  <Name className="java.lang.String">PreferredName</Name>
  <Value className="java.lang.String">Stabilizer Device Component</Value>
</Feature>
<Feature>
  <Name className="java.lang.String">ConceptId</Name>
  <Value className="java.lang.String">C1705532</Value>
</Feature>
<Feature>
  <Name className="java.lang.String">SemanticTypesString</Name>
  <Value className="java.lang.String">[medd]</Value>
</Feature>
<Feature>
  <Name className="java.lang.String">SemanticTypes</Name>
  <Value className="java.util.ArrayList" itemClassName="java.lang.String">medd</Value>
</Feature>
<Feature>
  <Name className="java.lang.String">IsOvermatch</Name>
  <Value className="java.lang.Boolean">false</Value>
</Feature>
<Feature>
  <Name className="java.lang.String">Type</Name>
  <Value className="java.lang.String">Mapping</Value>
</Feature>
<Feature>
  <Name className="java.lang.String">SourcesString</Name>
  <Value className="java.lang.String">[MTH, NCI]</Value>
</Feature>
<Feature>
  <Name className="java.lang.String">Sources</Name>
  <Value className="java.lang.String">[MTH, NCI]</Value>
</Feature>
<Feature>
  <Name className="java.lang.String">ConceptName</Name>
  <Value className="java.lang.String">Stabilizer</Value>
</Feature>
<Feature>
  <Name className="java.lang.String">Score</Name>
  <Value className="java.lang.Integer">-1000</Value>
</Feature>
</Annotation>
<Annotation Id="5886" Type="MetaMap" StartNode="1016" EndNode="1026">
<Feature>
  <Name className="java.lang.String">IsHead</Name>
  <Value className="java.lang.Boolean">true</Value>
</Feature>
<Feature>
  <Name className="java.lang.String">PreferredName</Name>
  <Value className="java.lang.String">stabilizer - ingredient</Value>
</Feature>
<Feature>
  <Name className="java.lang.String">ConceptId</Name>
  <Value className="java.lang.String">C1550603</Value>
</Feature>
<Feature>
  <Name className="java.lang.String">SemanticTypesString</Name>
  <Value className="java.lang.String">[sbst]</Value>
</Feature>
<Feature>
  <Name className="java.lang.String">SemanticTypes</Name>
  <Value className="java.util.ArrayList" itemClassName="java.lang.String">sbst</Value>
</Feature>
<Feature>
  <Name className="java.lang.String">IsOvermatch</Name>
  <Value className="java.lang.Boolean">false</Value>
</Feature>
<Feature>
  <Name className="java.lang.String">Type</Name>
  <Value className="java.lang.String">Mapping</Value>
</Feature>
<Feature>
  <Name className="java.lang.String">SourcesString</Name>
  <Value className="java.lang.String">[HL7V3.0, MTH]</Value>
</Feature>
<Feature>
  <Name className="java.lang.String">Sources</Name>
  <Value className="java.lang.String">[HL7V3.0, MTH]</Value>
</Feature>
<Feature>
  <Name className="java.lang.String">ConceptName</Name>
  <Value className="java.lang.String">stabilizer</Value>
</Feature>
<Feature>
  <Name className="java.lang.String">Score</Name>
  <Value className="java.lang.Integer">-1000</Value>
</Feature>
</Annotation>
<Annotation Id="5885" Type="MetaMap" StartNode="1016" EndNode="1026">
<Feature>
  <Name className="java.lang.String">IsHead</Name>
  <Value className="java.lang.Boolean">true</Value>
</Feature>
<Feature>
  <Name className="java.lang.String">PreferredName</Name>
  <Value className="java.lang.String">Stabilizer - function</Value>
</Feature>
<Feature>
  <Name className="java.lang.String">ConceptId</Name>
  <Value className="java.lang.String">C0920880</Value>
</Feature>
<Feature>
  <Name className="java.lang.String">SemanticTypesString</Name>
  <Value className="java.lang.String">[ortf]</Value>
</Feature>
<Feature>
  <Name className="java.lang.String">SemanticTypes</Name>
  <Value className="java.util.ArrayList" itemClassName="java.lang.String">ortf</Value>
</Feature>
<Feature>
  <Name className="java.lang.String">IsOvermatch</Name>
  <Value className="java.lang.Boolean">false</Value>
</Feature>
<Feature>
  <Name className="java.lang.String">Type</Name>
  <Value className="java.lang.String">Mapping</Value>
</Feature>
<Feature>
  <Name className="java.lang.String">SourcesString</Name>
  <Value className="java.lang.String">[CHV, MTH, UWDA]</Value>
</Feature>
<Feature>
  <Name className="java.lang.String">Sources</Name>
  <Value className="java.lang.String">[CHV, MTH, UWDA]</Value>
</Feature>
<Feature>
  <Name className="java.lang.String">ConceptName</Name>
  <Value className="java.lang.String">Stabilizer</Value>
</Feature>
<Feature>
  <Name className="java.lang.String">Score</Name>
  <Value className="java.lang.Integer">-1000</Value>
</Feature>
</Annotation>
<Annotation Id="5884" Type="MetaMap" StartNode="1818" EndNode="1820">
<Feature>
  <Name className="java.lang.String">IsHead</Name>
  <Value className="java.lang.Boolean">true</Value>
</Feature>
<Feature>
  <Name className="java.lang.String">PreferredName</Name>
  <Value className="java.lang.String">Device Events Domain</Value>
</Feature>
<Feature>
  <Name className="java.lang.String">ConceptId</Name>
  <Value className="java.lang.String">C3541240</Value>
</Feature>
<Feature>
  <Name className="java.lang.String">SemanticTypesString</Name>
  <Value className="java.lang.String">[idcn]</Value>
</Feature>
<Feature>
  <Name className="java.lang.String">SemanticTypes</Name>
  <Value className="java.util.ArrayList" itemClassName="java.lang.String">idcn</Value>
</Feature>
<Feature>
  <Name className="java.lang.String">IsOvermatch</Name>
  <Value className="java.lang.Boolean">false</Value>
</Feature>
<Feature>
  <Name className="java.lang.String">Type</Name>
  <Value className="java.lang.String">Mapping</Value>
</Feature>
<Feature>
  <Name className="java.lang.String">SourcesString</Name>
  <Value className="java.lang.String">[MTH, NCI, NLMSubSyn]</Value>
</Feature>
<Feature>
  <Name className="java.lang.String">Sources</Name>
  <Value className="java.lang.String">[MTH, NCI, NLMSubSyn]</Value>
</Feature>
<Feature>
  <Name className="java.lang.String">ConceptName</Name>
  <Value className="java.lang.String">DE</Value>
</Feature>
<Feature>
  <Name className="java.lang.String">Score</Name>
  <Value className="java.lang.Integer">-1000</Value>
</Feature>
</Annotation>
<Annotation Id="5764" Type="MetaMap" StartNode="448" EndNode="455">
<Feature>
  <Name className="java.lang.String">IsHead</Name>
  <Value className="java.lang.Boolean">true</Value>
</Feature>
<Feature>
  <Name className="java.lang.String">PreferredName</Name>
  <Value className="java.lang.String">Specimen Source Codes - Boil</Value>
</Feature>
<Feature>
  <Name className="java.lang.String">ConceptId</Name>
  <Value className="java.lang.String">C1546559</Value>
</Feature>
<Feature>
  <Name className="java.lang.String">SemanticTypesString</Name>
  <Value className="java.lang.String">[inpr]</Value>
</Feature>
<Feature>
  <Name className="java.lang.String">SemanticTypes</Name>
  <Value className="java.util.ArrayList" itemClassName="java.lang.String">inpr</Value>
</Feature>
<Feature>
  <Name className="java.lang.String">IsOvermatch</Name>
  <Value className="java.lang.Boolean">false</Value>
</Feature>
<Feature>
  <Name className="java.lang.String">Type</Name>
  <Value className="java.lang.String">Mapping</Value>
</Feature>
<Feature>
  <Name className="java.lang.String">SourcesString</Name>
  <Value className="java.lang.String">[HL7V2.5, MTH]</Value>
</Feature>
<Feature>
  <Name className="java.lang.String">Sources</Name>
  <Value className="java.lang.String">[HL7V2.5, MTH]</Value>
</Feature>
<Feature>
  <Name className="java.lang.String">ConceptName</Name>
  <Value className="java.lang.String">Boil</Value>
</Feature>
<Feature>
  <Name className="java.lang.String">Score</Name>
  <Value className="java.lang.Integer">-966</Value>
</Feature>
</Annotation>
<Annotation Id="5765" Type="MetaMap" StartNode="479" EndNode="484">
<Feature>
  <Name className="java.lang.String">IsHead</Name>
  <Value className="java.lang.Boolean">true</Value>
</Feature>
<Feature>
  <Name className="java.lang.String">PreferredName</Name>
  <Value className="java.lang.String">polar</Value>
</Feature>
<Feature>
  <Name className="java.lang.String">ConceptId</Name>
  <Value className="java.lang.String">C0813983</Value>
</Feature>
<Feature>
  <Name className="java.lang.String">SemanticTypesString</Name>
  <Value className="java.lang.String">[qnco]</Value>
</Feature>
<Feature>
  <Name className="java.lang.String">SemanticTypes</Name>
  <Value className="java.util.ArrayList" itemClassName="java.lang.String">qnco</Value>
</Feature>
<Feature>
  <Name className="java.lang.String">IsOvermatch</Name>
  <Value className="java.lang.Boolean">false</Value>
</Feature>
<Feature>
  <Name className="java.lang.String">Type</Name>
  <Value className="java.lang.String">Mapping</Value>
</Feature>
<Feature>
  <Name className="java.lang.String">SourcesString</Name>
  <Value className="java.lang.String">[AOD]</Value>
</Feature>
<Feature>
  <Name className="java.lang.String">Sources</Name>
  <Value className="java.lang.String">[AOD]</Value>
</Feature>
<Feature>
  <Name className="java.lang.String">ConceptName</Name>
  <Value className="java.lang.String">polar</Value>
</Feature>
<Feature>
  <Name className="java.lang.String">Score</Name>
  <Value className="java.lang.Integer">-1000</Value>
</Feature>
</Annotation>
<Annotation Id="5766" Type="MetaMap" StartNode="489" EndNode="500">
<Feature>
  <Name className="java.lang.String">IsHead</Name>
  <Value className="java.lang.Boolean">true</Value>
</Feature>
<Feature>
  <Name className="java.lang.String">PreferredName</Name>
  <Value className="java.lang.String">Hydrophobicity</Value>
</Feature>
<Feature>
  <Name className="java.lang.String">ConceptId</Name>
  <Value className="java.lang.String">C0598629</Value>
</Feature>
<Feature>
  <Name className="java.lang.String">SemanticTypesString</Name>
  <Value className="java.lang.String">[qlco]</Value>
</Feature>
<Feature>
  <Name className="java.lang.String">SemanticTypes</Name>
  <Value className="java.util.ArrayList" itemClassName="java.lang.String">qlco</Value>
</Feature>
<Feature>
  <Name className="java.lang.String">IsOvermatch</Name>
  <Value className="java.lang.Boolean">false</Value>
</Feature>
<Feature>
  <Name className="java.lang.String">Type</Name>
  <Value className="java.lang.String">Mapping</Value>
</Feature>
<Feature>
  <Name className="java.lang.String">SourcesString</Name>
  <Value className="java.lang.String">[MSH, NCI]</Value>
</Feature>
<Feature>
  <Name className="java.lang.String">Sources</Name>
  <Value className="java.lang.String">[MSH, NCI]</Value>
</Feature>
<Feature>
  <Name className="java.lang.String">ConceptName</Name>
  <Value className="java.lang.String">Hydrophobic</Value>
</Feature>
<Feature>
  <Name className="java.lang.String">Score</Name>
  <Value className="java.lang.Integer">-1000</Value>
</Feature>
</Annotation>
<Annotation Id="5767" Type="MetaMap" StartNode="528" EndNode="532">
<Feature>
  <Name className="java.lang.String">IsHead</Name>
  <Value className="java.lang.Boolean">true</Value>
</Feature>
<Feature>
  <Name className="java.lang.String">PreferredName</Name>
  <Value className="java.lang.String">Used by</Value>
</Feature>
<Feature>
  <Name className="java.lang.String">ConceptId</Name>
  <Value className="java.lang.String">C1273517</Value>
</Feature>
<Feature>
  <Name className="java.lang.String">SemanticTypesString</Name>
  <Value className="java.lang.String">[fndg]</Value>
</Feature>
<Feature>
  <Name className="java.lang.String">SemanticTypes</Name>
  <Value className="java.util.ArrayList" itemClassName="java.lang.String">fndg</Value>
</Feature>
<Feature>
  <Name className="java.lang.String">IsOvermatch</Name>
  <Value className="java.lang.Boolean">false</Value>
</Feature>
<Feature>
  <Name className="java.lang.String">Type</Name>
  <Value className="java.lang.String">Mapping</Value>
</Feature>
<Feature>
  <Name className="java.lang.String">SourcesString</Name>
  <Value className="java.lang.String">[CHV, SNOMEDCT_US]</Value>
</Feature>
<Feature>
  <Name className="java.lang.String">Sources</Name>
  <Value className="java.lang.String">[CHV, SNOMEDCT_US]</Value>
</Feature>
<Feature>
  <Name className="java.lang.String">ConceptName</Name>
  <Value className="java.lang.String">used</Value>
</Feature>
<Feature>
  <Name className="java.lang.String">Score</Name>
  <Value className="java.lang.Integer">-1000</Value>
</Feature>
</Annotation>
<Annotation Id="5760" Type="MetaMap" StartNode="418" EndNode="425">
<Feature>
  <Name className="java.lang.String">IsHead</Name>
  <Value className="java.lang.Boolean">true</Value>
</Feature>
<Feature>
  <Name className="java.lang.String">PreferredName</Name>
  <Value className="java.lang.String">Melting</Value>
</Feature>
<Feature>
  <Name className="java.lang.String">ConceptId</Name>
  <Value className="java.lang.String">C0599882</Value>
</Feature>
<Feature>
  <Name className="java.lang.String">SemanticTypesString</Name>
  <Value className="java.lang.String">[npop]</Value>
</Feature>
<Feature>
  <Name className="java.lang.String">SemanticTypes</Name>
  <Value className="java.util.ArrayList" itemClassName="java.lang.String">npop</Value>
</Feature>
<Feature>
  <Name className="java.lang.String">IsOvermatch</Name>
  <Value className="java.lang.Boolean">false</Value>
</Feature>
<Feature>
  <Name className="java.lang.String">Type</Name>
  <Value className="java.lang.String">Mapping</Value>
</Feature>
<Feature>
  <Name className="java.lang.String">SourcesString</Name>
  <Value className="java.lang.String">[CHV, MTH]</Value>
</Feature>
<Feature>
  <Name className="java.lang.String">Sources</Name>
  <Value className="java.lang.String">[CHV, MTH]</Value>
</Feature>
<Feature>
  <Name className="java.lang.String">ConceptName</Name>
  <Value className="java.lang.String">Melting</Value>
</Feature>
<Feature>
  <Name className="java.lang.String">Score</Name>
  <Value className="java.lang.Integer">-1000</Value>
</Feature>
</Annotation>
<Annotation Id="5761" Type="MetaMap" StartNode="426" EndNode="431">
<Feature>
  <Name className="java.lang.String">IsHead</Name>
  <Value className="java.lang.Boolean">true</Value>
</Feature>
<Feature>
  <Name className="java.lang.String">PreferredName</Name>
  <Value className="java.lang.String">point - UnitsOfMeasure</Value>
</Feature>
<Feature>
  <Name className="java.lang.String">ConceptId</Name>
  <Value className="java.lang.String">C1552961</Value>
</Feature>
<Feature>
  <Name className="java.lang.String">SemanticTypesString</Name>
  <Value className="java.lang.String">[qnco]</Value>
</Feature>
<Feature>
  <Name className="java.lang.String">SemanticTypes</Name>
  <Value className="java.util.ArrayList" itemClassName="java.lang.String">qnco</Value>
</Feature>
<Feature>
  <Name className="java.lang.String">IsOvermatch</Name>
  <Value className="java.lang.Boolean">false</Value>
</Feature>
<Feature>
  <Name className="java.lang.String">Type</Name>
  <Value className="java.lang.String">Mapping</Value>
</Feature>
<Feature>
  <Name className="java.lang.String">SourcesString</Name>
  <Value className="java.lang.String">[FMA, MTH]</Value>
</Feature>
<Feature>
  <Name className="java.lang.String">Sources</Name>
  <Value className="java.lang.String">[FMA, MTH]</Value>
</Feature>
<Feature>
  <Name className="java.lang.String">ConceptName</Name>
  <Value className="java.lang.String">Point</Value>
</Feature>
<Feature>
  <Name className="java.lang.String">Score</Name>
  <Value className="java.lang.Integer">-1000</Value>
</Feature>
</Annotation>
<Annotation Id="5762" Type="MetaMap" StartNode="426" EndNode="431">
<Feature>
  <Name className="java.lang.String">IsHead</Name>
  <Value className="java.lang.Boolean">true</Value>
</Feature>
<Feature>
  <Name className="java.lang.String">PreferredName</Name>
  <Value className="java.lang.String">Point Name</Value>
</Feature>
<Feature>
  <Name className="java.lang.String">ConceptId</Name>
  <Value className="java.lang.String">C2347617</Value>
</Feature>
<Feature>
  <Name className="java.lang.String">SemanticTypesString</Name>
  <Value className="java.lang.String">[qnco]</Value>
</Feature>
<Feature>
  <Name className="java.lang.String">SemanticTypes</Name>
  <Value className="java.util.ArrayList" itemClassName="java.lang.String">qnco</Value>
</Feature>
<Feature>
  <Name className="java.lang.String">IsOvermatch</Name>
  <Value className="java.lang.Boolean">false</Value>
</Feature>
<Feature>
  <Name className="java.lang.String">Type</Name>
  <Value className="java.lang.String">Mapping</Value>
</Feature>
<Feature>
  <Name className="java.lang.String">SourcesString</Name>
  <Value className="java.lang.String">[MTH, NCI]</Value>
</Feature>
<Feature>
  <Name className="java.lang.String">Sources</Name>
  <Value className="java.lang.String">[MTH, NCI]</Value>
</Feature>
<Feature>
  <Name className="java.lang.String">ConceptName</Name>
  <Value className="java.lang.String">point</Value>
</Feature>
<Feature>
  <Name className="java.lang.String">Score</Name>
  <Value className="java.lang.Integer">-1000</Value>
</Feature>
</Annotation>
<Annotation Id="5763" Type="MetaMap" StartNode="448" EndNode="455">
<Feature>
  <Name className="java.lang.String">IsHead</Name>
  <Value className="java.lang.Boolean">true</Value>
</Feature>
<Feature>
  <Name className="java.lang.String">PreferredName</Name>
  <Value className="java.lang.String">furuncle</Value>
</Feature>
<Feature>
  <Name className="java.lang.String">ConceptId</Name>
  <Value className="java.lang.String">C0242301</Value>
</Feature>
<Feature>
  <Name className="java.lang.String">SemanticTypesString</Name>
  <Value className="java.lang.String">[dsyn]</Value>
</Feature>
<Feature>
  <Name className="java.lang.String">SemanticTypes</Name>
  <Value className="java.util.ArrayList" itemClassName="java.lang.String">dsyn</Value>
</Feature>
<Feature>
  <Name className="java.lang.String">IsOvermatch</Name>
  <Value className="java.lang.Boolean">false</Value>
</Feature>
<Feature>
  <Name className="java.lang.String">Type</Name>
  <Value className="java.lang.String">Mapping</Value>
</Feature>
<Feature>
  <Name className="java.lang.String">SourcesString</Name>
  <Value className="java.lang.String">[ICD10CM, MSH, MTH, SNOMEDCT_US]</Value>
</Feature>
<Feature>
  <Name className="java.lang.String">Sources</Name>
  <Value className="java.lang.String">[ICD10CM, MSH, MTH, SNOMEDCT_US]</Value>
</Feature>
<Feature>
  <Name className="java.lang.String">ConceptName</Name>
  <Value className="java.lang.String">Boil</Value>
</Feature>
<Feature>
  <Name className="java.lang.String">Score</Name>
  <Value className="java.lang.Integer">-966</Value>
</Feature>
</Annotation>
<Annotation Id="5772" Type="MetaMap" StartNode="563" EndNode="570">
<Feature>
  <Name className="java.lang.String">IsHead</Name>
  <Value className="java.lang.Boolean">true</Value>
</Feature>
<Feature>
  <Name className="java.lang.String">PreferredName</Name>
  <Value className="java.lang.String">Rubber</Value>
</Feature>
<Feature>
  <Name className="java.lang.String">ConceptId</Name>
  <Value className="java.lang.String">C0035918</Value>
</Feature>
<Feature>
  <Name className="java.lang.String">SemanticTypesString</Name>
  <Value className="java.lang.String">[orch]</Value>
</Feature>
<Feature>
  <Name className="java.lang.String">SemanticTypes</Name>
  <Value className="java.util.ArrayList" itemClassName="java.lang.String">orch</Value>
</Feature>
<Feature>
  <Name className="java.lang.String">IsOvermatch</Name>
  <Value className="java.lang.Boolean">false</Value>
</Feature>
<Feature>
  <Name className="java.lang.String">Type</Name>
  <Value className="java.lang.String">Mapping</Value>
</Feature>
<Feature>
  <Name className="java.lang.String">SourcesString</Name>
  <Value className="java.lang.String">[CHV, MSH, MTH, NLMSubSyn, SNOMEDCT_US]</Value>
</Feature>
<Feature>
  <Name className="java.lang.String">Sources</Name>
  <Value className="java.lang.String">[CHV, MSH, MTH, NLMSubSyn, SNOMEDCT_US]</Value>
</Feature>
<Feature>
  <Name className="java.lang.String">ConceptName</Name>
  <Value className="java.lang.String">rubbers</Value>
</Feature>
<Feature>
  <Name className="java.lang.String">Score</Name>
  <Value className="java.lang.Integer">-1000</Value>
</Feature>
</Annotation>
<Annotation Id="5773" Type="MetaMap" StartNode="573" EndNode="583">
<Feature>
  <Name className="java.lang.String">IsHead</Name>
  <Value className="java.lang.Boolean">true</Value>
</Feature>
<Feature>
  <Name className="java.lang.String">PreferredName</Name>
  <Value className="java.lang.String">Explosive device</Value>
</Feature>
<Feature>
  <Name className="java.lang.String">ConceptId</Name>
  <Value className="java.lang.String">C0015330</Value>
</Feature>
<Feature>
  <Name className="java.lang.String">SemanticTypesString</Name>
  <Value className="java.lang.String">[mnob]</Value>
</Feature>
<Feature>
  <Name className="java.lang.String">SemanticTypes</Name>
  <Value className="java.util.ArrayList" itemClassName="java.lang.String">mnob</Value>
</Feature>
<Feature>
  <Name className="java.lang.String">IsOvermatch</Name>
  <Value className="java.lang.Boolean">false</Value>
</Feature>
<Feature>
  <Name className="java.lang.String">Type</Name>
  <Value className="java.lang.String">Mapping</Value>
</Feature>
<Feature>
  <Name className="java.lang.String">SourcesString</Name>
  <Value className="java.lang.String">[CHV, MTH, SNMI, SNOMEDCT_US]</Value>
</Feature>
<Feature>
  <Name className="java.lang.String">Sources</Name>
  <Value className="java.lang.String">[CHV, MTH, SNMI, SNOMEDCT_US]</Value>
</Feature>
<Feature>
  <Name className="java.lang.String">ConceptName</Name>
  <Value className="java.lang.String">explosives</Value>
</Feature>
<Feature>
  <Name className="java.lang.String">Score</Name>
  <Value className="java.lang.Integer">-1000</Value>
</Feature>
</Annotation>
<Annotation Id="5774" Type="MetaMap" StartNode="573" EndNode="583">
<Feature>
  <Name className="java.lang.String">IsHead</Name>
  <Value className="java.lang.Boolean">true</Value>
</Feature>
<Feature>
  <Name className="java.lang.String">PreferredName</Name>
  <Value className="java.lang.String">Explosive Agents</Value>
</Feature>
<Feature>
  <Name className="java.lang.String">ConceptId</Name>
  <Value className="java.lang.String">C1721090</Value>
</Feature>
<Feature>
  <Name className="java.lang.String">SemanticTypesString</Name>
  <Value className="java.lang.String">[chvf]</Value>
</Feature>
<Feature>
  <Name className="java.lang.String">SemanticTypes</Name>
  <Value className="java.util.ArrayList" itemClassName="java.lang.String">chvf</Value>
</Feature>
<Feature>
  <Name className="java.lang.String">IsOvermatch</Name>
  <Value className="java.lang.Boolean">false</Value>
</Feature>
<Feature>
  <Name className="java.lang.String">Type</Name>
  <Value className="java.lang.String">Mapping</Value>
</Feature>
<Feature>
  <Name className="java.lang.String">SourcesString</Name>
  <Value className="java.lang.String">[MSH, MTH]</Value>
</Feature>
<Feature>
  <Name className="java.lang.String">Sources</Name>
  <Value className="java.lang.String">[MSH, MTH]</Value>
</Feature>
<Feature>
  <Name className="java.lang.String">ConceptName</Name>
  <Value className="java.lang.String">Explosives</Value>
</Feature>
<Feature>
  <Name className="java.lang.String">Score</Name>
  <Value className="java.lang.Integer">-1000</Value>
</Feature>
</Annotation>
<Annotation Id="5775" Type="MetaMap" StartNode="586" EndNode="597">
<Feature>
  <Name className="java.lang.String">IsHead</Name>
  <Value className="java.lang.Boolean">true</Value>
</Feature>
<Feature>
  <Name className="java.lang.String">PreferredName</Name>
  <Value className="java.lang.String">propellant</Value>
</Feature>
<Feature>
  <Name className="java.lang.String">ConceptId</Name>
  <Value className="java.lang.String">C0599677</Value>
</Feature>
<Feature>
  <Name className="java.lang.String">SemanticTypesString</Name>
  <Value className="java.lang.String">[chvf]</Value>
</Feature>
<Feature>
  <Name className="java.lang.String">SemanticTypes</Name>
  <Value className="java.util.ArrayList" itemClassName="java.lang.String">chvf</Value>
</Feature>
<Feature>
  <Name className="java.lang.String">IsOvermatch</Name>
  <Value className="java.lang.Boolean">false</Value>
</Feature>
<Feature>
  <Name className="java.lang.String">Type</Name>
  <Value className="java.lang.String">Mapping</Value>
</Feature>
<Feature>
  <Name className="java.lang.String">SourcesString</Name>
  <Value className="java.lang.String">[CHV, CSP]</Value>
</Feature>
<Feature>
  <Name className="java.lang.String">Sources</Name>
  <Value className="java.lang.String">[CHV, CSP]</Value>
</Feature>
<Feature>
  <Name className="java.lang.String">ConceptName</Name>
  <Value className="java.lang.String">propellants</Value>
</Feature>
<Feature>
  <Name className="java.lang.String">Score</Name>
  <Value className="java.lang.Integer">-1000</Value>
</Feature>
</Annotation>
<Annotation Id="5768" Type="MetaMap" StartNode="538" EndNode="548">
<Feature>
  <Name className="java.lang.String">IsHead</Name>
  <Value className="java.lang.Boolean">true</Value>
</Feature>
<Feature>
  <Name className="java.lang.String">PreferredName</Name>
  <Value className="java.lang.String">Stabilizer - function</Value>
</Feature>
<Feature>
  <Name className="java.lang.String">ConceptId</Name>
  <Value className="java.lang.String">C0920880</Value>
</Feature>
<Feature>
  <Name className="java.lang.String">SemanticTypesString</Name>
  <Value className="java.lang.String">[ortf]</Value>
</Feature>
<Feature>
  <Name className="java.lang.String">SemanticTypes</Name>
  <Value className="java.util.ArrayList" itemClassName="java.lang.String">ortf</Value>
</Feature>
<Feature>
  <Name className="java.lang.String">IsOvermatch</Name>
  <Value className="java.lang.Boolean">false</Value>
</Feature>
<Feature>
  <Name className="java.lang.String">Type</Name>
  <Value className="java.lang.String">Mapping</Value>
</Feature>
<Feature>
  <Name className="java.lang.String">SourcesString</Name>
  <Value className="java.lang.String">[CHV, MTH, UWDA]</Value>
</Feature>
<Feature>
  <Name className="java.lang.String">Sources</Name>
  <Value className="java.lang.String">[CHV, MTH, UWDA]</Value>
</Feature>
<Feature>
  <Name className="java.lang.String">ConceptName</Name>
  <Value className="java.lang.String">Stabilizer</Value>
</Feature>
<Feature>
  <Name className="java.lang.String">Score</Name>
  <Value className="java.lang.Integer">-1000</Value>
</Feature>
</Annotation>
<Annotation Id="5769" Type="MetaMap" StartNode="538" EndNode="548">
<Feature>
  <Name className="java.lang.String">IsHead</Name>
  <Value className="java.lang.Boolean">true</Value>
</Feature>
<Feature>
  <Name className="java.lang.String">PreferredName</Name>
  <Value className="java.lang.String">stabilizer - ingredient</Value>
</Feature>
<Feature>
  <Name className="java.lang.String">ConceptId</Name>
  <Value className="java.lang.String">C1550603</Value>
</Feature>
<Feature>
  <Name className="java.lang.String">SemanticTypesString</Name>
  <Value className="java.lang.String">[sbst]</Value>
</Feature>
<Feature>
  <Name className="java.lang.String">SemanticTypes</Name>
  <Value className="java.util.ArrayList" itemClassName="java.lang.String">sbst</Value>
</Feature>
<Feature>
  <Name className="java.lang.String">IsOvermatch</Name>
  <Value className="java.lang.Boolean">false</Value>
</Feature>
<Feature>
  <Name className="java.lang.String">Type</Name>
  <Value className="java.lang.String">Mapping</Value>
</Feature>
<Feature>
  <Name className="java.lang.String">SourcesString</Name>
  <Value className="java.lang.String">[HL7V3.0, MTH]</Value>
</Feature>
<Feature>
  <Name className="java.lang.String">Sources</Name>
  <Value className="java.lang.String">[HL7V3.0, MTH]</Value>
</Feature>
<Feature>
  <Name className="java.lang.String">ConceptName</Name>
  <Value className="java.lang.String">stabilizer</Value>
</Feature>
<Feature>
  <Name className="java.lang.String">Score</Name>
  <Value className="java.lang.Integer">-1000</Value>
</Feature>
</Annotation>
<Annotation Id="5770" Type="MetaMap" StartNode="538" EndNode="548">
<Feature>
  <Name className="java.lang.String">IsHead</Name>
  <Value className="java.lang.Boolean">true</Value>
</Feature>
<Feature>
  <Name className="java.lang.String">PreferredName</Name>
  <Value className="java.lang.String">Stabilizer Device Component</Value>
</Feature>
<Feature>
  <Name className="java.lang.String">ConceptId</Name>
  <Value className="java.lang.String">C1705532</Value>
</Feature>
<Feature>
  <Name className="java.lang.String">SemanticTypesString</Name>
  <Value className="java.lang.String">[medd]</Value>
</Feature>
<Feature>
  <Name className="java.lang.String">SemanticTypes</Name>
  <Value className="java.util.ArrayList" itemClassName="java.lang.String">medd</Value>
</Feature>
<Feature>
  <Name className="java.lang.String">IsOvermatch</Name>
  <Value className="java.lang.Boolean">false</Value>
</Feature>
<Feature>
  <Name className="java.lang.String">Type</Name>
  <Value className="java.lang.String">Mapping</Value>
</Feature>
<Feature>
  <Name className="java.lang.String">SourcesString</Name>
  <Value className="java.lang.String">[MTH, NCI]</Value>
</Feature>
<Feature>
  <Name className="java.lang.String">Sources</Name>
  <Value className="java.lang.String">[MTH, NCI]</Value>
</Feature>
<Feature>
  <Name className="java.lang.String">ConceptName</Name>
  <Value className="java.lang.String">Stabilizer</Value>
</Feature>
<Feature>
  <Name className="java.lang.String">Score</Name>
  <Value className="java.lang.Integer">-1000</Value>
</Feature>
</Annotation>
<Annotation Id="5771" Type="MetaMap" StartNode="553" EndNode="562">
<Feature>
  <Name className="java.lang.String">IsHead</Name>
  <Value className="java.lang.Boolean">true</Value>
</Feature>
<Feature>
  <Name className="java.lang.String">PreferredName</Name>
  <Value className="java.lang.String">Synthesis</Value>
</Feature>
<Feature>
  <Name className="java.lang.String">ConceptId</Name>
  <Value className="java.lang.String">C1883254</Value>
</Feature>
<Feature>
  <Name className="java.lang.String">SemanticTypesString</Name>
  <Value className="java.lang.String">[acty]</Value>
</Feature>
<Feature>
  <Name className="java.lang.String">SemanticTypes</Name>
  <Value className="java.util.ArrayList" itemClassName="java.lang.String">acty</Value>
</Feature>
<Feature>
  <Name className="java.lang.String">IsOvermatch</Name>
  <Value className="java.lang.Boolean">false</Value>
</Feature>
<Feature>
  <Name className="java.lang.String">Type</Name>
  <Value className="java.lang.String">Mapping</Value>
</Feature>
<Feature>
  <Name className="java.lang.String">SourcesString</Name>
  <Value className="java.lang.String">[MTH, NCI]</Value>
</Feature>
<Feature>
  <Name className="java.lang.String">Sources</Name>
  <Value className="java.lang.String">[MTH, NCI]</Value>
</Feature>
<Feature>
  <Name className="java.lang.String">ConceptName</Name>
  <Value className="java.lang.String">synthetic</Value>
</Feature>
<Feature>
  <Name className="java.lang.String">Score</Name>
  <Value className="java.lang.Integer">-1000</Value>
</Feature>
</Annotation>
<Annotation Id="5780" Type="MetaMap" StartNode="653" EndNode="657">
<Feature>
  <Name className="java.lang.String">IsHead</Name>
  <Value className="java.lang.Boolean">true</Value>
</Feature>
<Feature>
  <Name className="java.lang.String">PreferredName</Name>
  <Value className="java.lang.String">army</Value>
</Feature>
<Feature>
  <Name className="java.lang.String">ConceptId</Name>
  <Value className="java.lang.String">C0680778</Value>
</Feature>
<Feature>
  <Name className="java.lang.String">SemanticTypesString</Name>
  <Value className="java.lang.String">[orgt]</Value>
</Feature>
<Feature>
  <Name className="java.lang.String">SemanticTypes</Name>
  <Value className="java.util.ArrayList" itemClassName="java.lang.String">orgt</Value>
</Feature>
<Feature>
  <Name className="java.lang.String">IsOvermatch</Name>
  <Value className="java.lang.Boolean">false</Value>
</Feature>
<Feature>
  <Name className="java.lang.String">Type</Name>
  <Value className="java.lang.String">Mapping</Value>
</Feature>
<Feature>
  <Name className="java.lang.String">SourcesString</Name>
  <Value className="java.lang.String">[AOD, LCH]</Value>
</Feature>
<Feature>
  <Name className="java.lang.String">Sources</Name>
  <Value className="java.lang.String">[AOD, LCH]</Value>
</Feature>
<Feature>
  <Name className="java.lang.String">ConceptName</Name>
  <Value className="java.lang.String">army</Value>
</Feature>
<Feature>
  <Name className="java.lang.String">Score</Name>
  <Value className="java.lang.Integer">-1000</Value>
</Feature>
</Annotation>
<Annotation Id="5777" Type="MetaMap" StartNode="612" EndNode="616">
<Feature>
  <Name className="java.lang.String">IsHead</Name>
  <Value className="java.lang.Boolean">true</Value>
</Feature>
<Feature>
  <Name className="java.lang.String">PreferredName</Name>
  <Value className="java.lang.String">Fuel</Value>
</Feature>
<Feature>
  <Name className="java.lang.String">ConceptId</Name>
  <Value className="java.lang.String">C0556991</Value>
</Feature>
<Feature>
  <Name className="java.lang.String">SemanticTypesString</Name>
  <Value className="java.lang.String">[mnob]</Value>
</Feature>
<Feature>
  <Name className="java.lang.String">SemanticTypes</Name>
  <Value className="java.util.ArrayList" itemClassName="java.lang.String">mnob</Value>
</Feature>
<Feature>
  <Name className="java.lang.String">IsOvermatch</Name>
  <Value className="java.lang.Boolean">false</Value>
</Feature>
<Feature>
  <Name className="java.lang.String">Type</Name>
  <Value className="java.lang.String">Mapping</Value>
</Feature>
<Feature>
  <Name className="java.lang.String">SourcesString</Name>
  <Value className="java.lang.String">[CHV, SNOMEDCT_US]</Value>
</Feature>
<Feature>
  <Name className="java.lang.String">Sources</Name>
  <Value className="java.lang.String">[CHV, SNOMEDCT_US]</Value>
</Feature>
<Feature>
  <Name className="java.lang.String">ConceptName</Name>
  <Value className="java.lang.String">Fuel</Value>
</Feature>
<Feature>
  <Name className="java.lang.String">Score</Name>
  <Value className="java.lang.Integer">-1000</Value>
</Feature>
</Annotation>
<Annotation Id="5779" Type="MetaMap" StartNode="632" EndNode="639">
<Feature>
  <Name className="java.lang.String">IsHead</Name>
  <Value className="java.lang.Boolean">true</Value>
</Feature>
<Feature>
  <Name className="java.lang.String">PreferredName</Name>
  <Value className="java.lang.String">Powder dose form</Value>
</Feature>
<Feature>
  <Name className="java.lang.String">ConceptId</Name>
  <Value className="java.lang.String">C0032861</Value>
</Feature>
<Feature>
  <Name className="java.lang.String">SemanticTypesString</Name>
  <Value className="java.lang.String">[bodm]</Value>
</Feature>
<Feature>
  <Name className="java.lang.String">SemanticTypes</Name>
  <Value className="java.util.ArrayList" itemClassName="java.lang.String">bodm</Value>
</Feature>
<Feature>
  <Name className="java.lang.String">IsOvermatch</Name>
  <Value className="java.lang.Boolean">false</Value>
</Feature>
<Feature>
  <Name className="java.lang.String">Type</Name>
  <Value className="java.lang.String">Mapping</Value>
</Feature>
<Feature>
  <Name className="java.lang.String">SourcesString</Name>
  <Value className="java.lang.String">[CHV, HL7V3.0, MSH, MTH, NCI, NLMSubSyn, RXNORM, SNOMEDCT_US]</Value>
</Feature>
<Feature>
  <Name className="java.lang.String">Sources</Name>
  <Value className="java.lang.String">[CHV, HL7V3.0, MSH, MTH, NCI, NLMSubSyn, RXNORM, SNOMEDCT_US]</Value>
</Feature>
<Feature>
  <Name className="java.lang.String">ConceptName</Name>
  <Value className="java.lang.String">Powders</Value>
</Feature>
<Feature>
  <Name className="java.lang.String">Score</Name>
  <Value className="java.lang.Integer">-1000</Value>
</Feature>
</Annotation>
<Annotation Id="5778" Type="MetaMap" StartNode="622" EndNode="631">
<Feature>
  <Name className="java.lang.String">IsHead</Name>
  <Value className="java.lang.Boolean">true</Value>
</Feature>
<Feature>
  <Name className="java.lang.String">PreferredName</Name>
  <Value className="java.lang.String">Smokeless</Value>
</Feature>
<Feature>
  <Name className="java.lang.String">ConceptId</Name>
  <Value className="java.lang.String">C1450035</Value>
</Feature>
<Feature>
  <Name className="java.lang.String">SemanticTypesString</Name>
  <Value className="java.lang.String">[orch, phsu]</Value>
</Feature>
<Feature>
  <Name className="java.lang.String">SemanticTypes</Name>
  <Value className="java.util.ArrayList" itemClassName="java.lang.String">orch;phsu</Value>
</Feature>
<Feature>
  <Name className="java.lang.String">IsOvermatch</Name>
  <Value className="java.lang.Boolean">false</Value>
</Feature>
<Feature>
  <Name className="java.lang.String">Type</Name>
  <Value className="java.lang.String">Mapping</Value>
</Feature>
<Feature>
  <Name className="java.lang.String">SourcesString</Name>
  <Value className="java.lang.String">[MSH, MTH]</Value>
</Feature>
<Feature>
  <Name className="java.lang.String">Sources</Name>
  <Value className="java.lang.String">[MSH, MTH]</Value>
</Feature>
<Feature>
  <Name className="java.lang.String">ConceptName</Name>
  <Value className="java.lang.String">Smokeless</Value>
</Feature>
<Feature>
  <Name className="java.lang.String">Score</Name>
  <Value className="java.lang.Integer">-1000</Value>
</Feature>
</Annotation>
<Annotation Id="5789" Type="MetaMap" StartNode="744" EndNode="748">
<Feature>
  <Name className="java.lang.String">IsHead</Name>
  <Value className="java.lang.Boolean">true</Value>
</Feature>
<Feature>
  <Name className="java.lang.String">PreferredName</Name>
  <Value className="java.lang.String">Acids</Value>
</Feature>
<Feature>
  <Name className="java.lang.String">ConceptId</Name>
  <Value className="java.lang.String">C0001128</Value>
</Feature>
<Feature>
  <Name className="java.lang.String">SemanticTypesString</Name>
  <Value className="java.lang.String">[chem]</Value>
</Feature>
<Feature>
  <Name className="java.lang.String">SemanticTypes</Name>
  <Value className="java.util.ArrayList" itemClassName="java.lang.String">chem</Value>
</Feature>
<Feature>
  <Name className="java.lang.String">IsOvermatch</Name>
  <Value className="java.lang.Boolean">false</Value>
</Feature>
<Feature>
  <Name className="java.lang.String">Type</Name>
  <Value className="java.lang.String">Mapping</Value>
</Feature>
<Feature>
  <Name className="java.lang.String">SourcesString</Name>
  <Value className="java.lang.String">[CHV, MTH, NCI, SNOMEDCT_US]</Value>
</Feature>
<Feature>
  <Name className="java.lang.String">Sources</Name>
  <Value className="java.lang.String">[CHV, MTH, NCI, SNOMEDCT_US]</Value>
</Feature>
<Feature>
  <Name className="java.lang.String">ConceptName</Name>
  <Value className="java.lang.String">Acid</Value>
</Feature>
<Feature>
  <Name className="java.lang.String">Score</Name>
  <Value className="java.lang.Integer">-1000</Value>
</Feature>
</Annotation>
<Annotation Id="5788" Type="MetaMap" StartNode="727" EndNode="736">
<Feature>
  <Name className="java.lang.String">IsHead</Name>
  <Value className="java.lang.Boolean">true</Value>
</Feature>
<Feature>
  <Name className="java.lang.String">PreferredName</Name>
  <Value className="java.lang.String">Involvement with</Value>
</Feature>
<Feature>
  <Name className="java.lang.String">ConceptId</Name>
  <Value className="java.lang.String">C1314939</Value>
</Feature>
<Feature>
  <Name className="java.lang.String">SemanticTypesString</Name>
  <Value className="java.lang.String">[ftcn]</Value>
</Feature>
<Feature>
  <Name className="java.lang.String">SemanticTypes</Name>
  <Value className="java.util.ArrayList" itemClassName="java.lang.String">ftcn</Value>
</Feature>
<Feature>
  <Name className="java.lang.String">IsOvermatch</Name>
  <Value className="java.lang.Boolean">false</Value>
</Feature>
<Feature>
  <Name className="java.lang.String">Type</Name>
  <Value className="java.lang.String">Mapping</Value>
</Feature>
<Feature>
  <Name className="java.lang.String">SourcesString</Name>
  <Value className="java.lang.String">[SNMI, SNOMEDCT_US]</Value>
</Feature>
<Feature>
  <Name className="java.lang.String">Sources</Name>
  <Value className="java.lang.String">[SNMI, SNOMEDCT_US]</Value>
</Feature>
<Feature>
  <Name className="java.lang.String">ConceptName</Name>
  <Value className="java.lang.String">Involving</Value>
</Feature>
<Feature>
  <Name className="java.lang.String">Score</Name>
  <Value className="java.lang.Integer">-1000</Value>
</Feature>
</Annotation>
<Annotation Id="5791" Type="MetaMap" StartNode="749" EndNode="755">
<Feature>
  <Name className="java.lang.String">IsHead</Name>
  <Value className="java.lang.Boolean">true</Value>
</Feature>
<Feature>
  <Name className="java.lang.String">PreferredName</Name>
  <Value className="java.lang.String">Esters</Value>
</Feature>
<Feature>
  <Name className="java.lang.String">ConceptId</Name>
  <Value className="java.lang.String">C0014898</Value>
</Feature>
<Feature>
  <Name className="java.lang.String">SemanticTypesString</Name>
  <Value className="java.lang.String">[orch]</Value>
</Feature>
<Feature>
  <Name className="java.lang.String">SemanticTypes</Name>
  <Value className="java.util.ArrayList" itemClassName="java.lang.String">orch</Value>
</Feature>
<Feature>
  <Name className="java.lang.String">IsOvermatch</Name>
  <Value className="java.lang.Boolean">false</Value>
</Feature>
<Feature>
  <Name className="java.lang.String">Type</Name>
  <Value className="java.lang.String">Mapping</Value>
</Feature>
<Feature>
  <Name className="java.lang.String">SourcesString</Name>
  <Value className="java.lang.String">[MSH, NCI, SNOMEDCT_US]</Value>
</Feature>
<Feature>
  <Name className="java.lang.String">Sources</Name>
  <Value className="java.lang.String">[MSH, NCI, SNOMEDCT_US]</Value>
</Feature>
<Feature>
  <Name className="java.lang.String">ConceptName</Name>
  <Value className="java.lang.String">Esters</Value>
</Feature>
<Feature>
  <Name className="java.lang.String">Score</Name>
  <Value className="java.lang.Integer">-1000</Value>
</Feature>
</Annotation>
<Annotation Id="5790" Type="MetaMap" StartNode="744" EndNode="748">
<Feature>
  <Name className="java.lang.String">IsHead</Name>
  <Value className="java.lang.Boolean">true</Value>
</Feature>
<Feature>
  <Name className="java.lang.String">PreferredName</Name>
  <Value className="java.lang.String">Lysergic acid diethylamide measurement</Value>
</Feature>
<Feature>
  <Name className="java.lang.String">ConceptId</Name>
  <Value className="java.lang.String">C0202406</Value>
</Feature>
<Feature>
  <Name className="java.lang.String">SemanticTypesString</Name>
  <Value className="java.lang.String">[lbpr]</Value>
</Feature>
<Feature>
  <Name className="java.lang.String">SemanticTypes</Name>
  <Value className="java.util.ArrayList" itemClassName="java.lang.String">lbpr</Value>
</Feature>
<Feature>
  <Name className="java.lang.String">IsOvermatch</Name>
  <Value className="java.lang.Boolean">false</Value>
</Feature>
<Feature>
  <Name className="java.lang.String">Type</Name>
  <Value className="java.lang.String">Mapping</Value>
</Feature>
<Feature>
  <Name className="java.lang.String">SourcesString</Name>
  <Value className="java.lang.String">[MTH, NCI, SNMI, SNOMEDCT_US]</Value>
</Feature>
<Feature>
  <Name className="java.lang.String">Sources</Name>
  <Value className="java.lang.String">[MTH, NCI, SNMI, SNOMEDCT_US]</Value>
</Feature>
<Feature>
  <Name className="java.lang.String">ConceptName</Name>
  <Value className="java.lang.String">Acid</Value>
</Feature>
<Feature>
  <Name className="java.lang.String">Score</Name>
  <Value className="java.lang.Integer">-1000</Value>
</Feature>
</Annotation>
<Annotation Id="5787" Type="MetaMap" StartNode="714" EndNode="726">
<Feature>
  <Name className="java.lang.String">IsHead</Name>
  <Value className="java.lang.Boolean">true</Value>
</Feature>
<Feature>
  <Name className="java.lang.String">PreferredName</Name>
  <Value className="java.lang.String">Application procedure</Value>
</Feature>
<Feature>
  <Name className="java.lang.String">ConceptId</Name>
  <Value className="java.lang.String">C0185125</Value>
</Feature>
<Feature>
  <Name className="java.lang.String">SemanticTypesString</Name>
  <Value className="java.lang.String">[hlca]</Value>
</Feature>
<Feature>
  <Name className="java.lang.String">SemanticTypes</Name>
  <Value className="java.util.ArrayList" itemClassName="java.lang.String">hlca</Value>
</Feature>
<Feature>
  <Name className="java.lang.String">IsOvermatch</Name>
  <Value className="java.lang.Boolean">false</Value>
</Feature>
<Feature>
  <Name className="java.lang.String">Type</Name>
  <Value className="java.lang.String">Mapping</Value>
</Feature>
<Feature>
  <Name className="java.lang.String">SourcesString</Name>
  <Value className="java.lang.String">[CHV, MTH, NCI, SNOMEDCT_US]</Value>
</Feature>
<Feature>
  <Name className="java.lang.String">Sources</Name>
  <Value className="java.lang.String">[CHV, MTH, NCI, SNOMEDCT_US]</Value>
</Feature>
<Feature>
  <Name className="java.lang.String">ConceptName</Name>
  <Value className="java.lang.String">applications</Value>
</Feature>
<Feature>
  <Name className="java.lang.String">Score</Name>
  <Value className="java.lang.Integer">-1000</Value>
</Feature>
</Annotation>
<Annotation Id="5798" Type="MetaMap" StartNode="825" EndNode="834">
<Feature>
  <Name className="java.lang.String">IsHead</Name>
  <Value className="java.lang.Boolean">true</Value>
</Feature>
<Feature>
  <Name className="java.lang.String">PreferredName</Name>
  <Value className="java.lang.String">Synthesis</Value>
</Feature>
<Feature>
  <Name className="java.lang.String">ConceptId</Name>
  <Value className="java.lang.String">C1883254</Value>
</Feature>
<Feature>
  <Name className="java.lang.String">SemanticTypesString</Name>
  <Value className="java.lang.String">[acty]</Value>
</Feature>
<Feature>
  <Name className="java.lang.String">SemanticTypes</Name>
  <Value className="java.util.ArrayList" itemClassName="java.lang.String">acty</Value>
</Feature>
<Feature>
  <Name className="java.lang.String">IsOvermatch</Name>
  <Value className="java.lang.Boolean">false</Value>
</Feature>
<Feature>
  <Name className="java.lang.String">Type</Name>
  <Value className="java.lang.String">Mapping</Value>
</Feature>
<Feature>
  <Name className="java.lang.String">SourcesString</Name>
  <Value className="java.lang.String">[MTH, NCI]</Value>
</Feature>
<Feature>
  <Name className="java.lang.String">Sources</Name>
  <Value className="java.lang.String">[MTH, NCI]</Value>
</Feature>
<Feature>
  <Name className="java.lang.String">ConceptName</Name>
  <Value className="java.lang.String">Synthesis</Value>
</Feature>
<Feature>
  <Name className="java.lang.String">Score</Name>
  <Value className="java.lang.Integer">-1000</Value>
</Feature>
</Annotation>
<Annotation Id="5799" Type="MetaMap" StartNode="842" EndNode="850">
<Feature>
  <Name className="java.lang.String">IsHead</Name>
  <Value className="java.lang.Boolean">true</Value>
</Feature>
<Feature>
  <Name className="java.lang.String">PreferredName</Name>
  <Value className="java.lang.String">civilian</Value>
</Feature>
<Feature>
  <Name className="java.lang.String">ConceptId</Name>
  <Value className="java.lang.String">C0680413</Value>
</Feature>
<Feature>
  <Name className="java.lang.String">SemanticTypesString</Name>
  <Value className="java.lang.String">[popg]</Value>
</Feature>
<Feature>
  <Name className="java.lang.String">SemanticTypes</Name>
  <Value className="java.util.ArrayList" itemClassName="java.lang.String">popg</Value>
</Feature>
<Feature>
  <Name className="java.lang.String">IsOvermatch</Name>
  <Value className="java.lang.Boolean">false</Value>
</Feature>
<Feature>
  <Name className="java.lang.String">Type</Name>
  <Value className="java.lang.String">Mapping</Value>
</Feature>
<Feature>
  <Name className="java.lang.String">SourcesString</Name>
  <Value className="java.lang.String">[AOD, CHV]</Value>
</Feature>
<Feature>
  <Name className="java.lang.String">Sources</Name>
  <Value className="java.lang.String">[AOD, CHV]</Value>
</Feature>
<Feature>
  <Name className="java.lang.String">ConceptName</Name>
  <Value className="java.lang.String">civilian</Value>
</Feature>
<Feature>
  <Name className="java.lang.String">Score</Name>
  <Value className="java.lang.Integer">-1000</Value>
</Feature>
</Annotation>
<Annotation Id="5796" Type="MetaMap" StartNode="800" EndNode="812">
<Feature>
  <Name className="java.lang.String">IsHead</Name>
  <Value className="java.lang.Boolean">true</Value>
</Feature>
<Feature>
  <Name className="java.lang.String">PreferredName</Name>
  <Value className="java.lang.String">Antimicrobial Intermediate Susceptibility Result</Value>
</Feature>
<Feature>
  <Name className="java.lang.String">ConceptId</Name>
  <Value className="java.lang.String">C2827755</Value>
</Feature>
<Feature>
  <Name className="java.lang.String">SemanticTypesString</Name>
  <Value className="java.lang.String">[lbtr]</Value>
</Feature>
<Feature>
  <Name className="java.lang.String">SemanticTypes</Name>
  <Value className="java.util.ArrayList" itemClassName="java.lang.String">lbtr</Value>
</Feature>
<Feature>
  <Name className="java.lang.String">IsOvermatch</Name>
  <Value className="java.lang.Boolean">false</Value>
</Feature>
<Feature>
  <Name className="java.lang.String">Type</Name>
  <Value className="java.lang.String">Mapping</Value>
</Feature>
<Feature>
  <Name className="java.lang.String">SourcesString</Name>
  <Value className="java.lang.String">[MTH, NCI]</Value>
</Feature>
<Feature>
  <Name className="java.lang.String">Sources</Name>
  <Value className="java.lang.String">[MTH, NCI]</Value>
</Feature>
<Feature>
  <Name className="java.lang.String">ConceptName</Name>
  <Value className="java.lang.String">INTERMEDIATE</Value>
</Feature>
<Feature>
  <Name className="java.lang.String">Score</Name>
  <Value className="java.lang.Integer">-1000</Value>
</Feature>
</Annotation>
<Annotation Id="5797" Type="MetaMap" StartNode="825" EndNode="834">
<Feature>
  <Name className="java.lang.String">IsHead</Name>
  <Value className="java.lang.Boolean">true</Value>
</Feature>
<Feature>
  <Name className="java.lang.String">PreferredName</Name>
  <Value className="java.lang.String">Anabolism</Value>
</Feature>
<Feature>
  <Name className="java.lang.String">ConceptId</Name>
  <Value className="java.lang.String">C0220781</Value>
</Feature>
<Feature>
  <Name className="java.lang.String">SemanticTypesString</Name>
  <Value className="java.lang.String">[biof]</Value>
</Feature>
<Feature>
  <Name className="java.lang.String">SemanticTypes</Name>
  <Value className="java.util.ArrayList" itemClassName="java.lang.String">biof</Value>
</Feature>
<Feature>
  <Name className="java.lang.String">IsOvermatch</Name>
  <Value className="java.lang.Boolean">false</Value>
</Feature>
<Feature>
  <Name className="java.lang.String">Type</Name>
  <Value className="java.lang.String">Mapping</Value>
</Feature>
<Feature>
  <Name className="java.lang.String">SourcesString</Name>
  <Value className="java.lang.String">[GO, MTH, NCI, SNOMEDCT_US]</Value>
</Feature>
<Feature>
  <Name className="java.lang.String">Sources</Name>
  <Value className="java.lang.String">[GO, MTH, NCI, SNOMEDCT_US]</Value>
</Feature>
<Feature>
  <Name className="java.lang.String">ConceptName</Name>
  <Value className="java.lang.String">synthesis</Value>
</Feature>
<Feature>
  <Name className="java.lang.String">Score</Name>
  <Value className="java.lang.Integer">-1000</Value>
</Feature>
</Annotation>
<Annotation Id="5794" Type="MetaMap" StartNode="800" EndNode="812">
<Feature>
  <Name className="java.lang.String">IsHead</Name>
  <Value className="java.lang.Boolean">true</Value>
</Feature>
<Feature>
  <Name className="java.lang.String">PreferredName</Name>
  <Value className="java.lang.String">Intermediate</Value>
</Feature>
<Feature>
  <Name className="java.lang.String">ConceptId</Name>
  <Value className="java.lang.String">C0205103</Value>
</Feature>
<Feature>
  <Name className="java.lang.String">SemanticTypesString</Name>
  <Value className="java.lang.String">[spco]</Value>
</Feature>
<Feature>
  <Name className="java.lang.String">SemanticTypes</Name>
  <Value className="java.util.ArrayList" itemClassName="java.lang.String">spco</Value>
</Feature>
<Feature>
  <Name className="java.lang.String">IsOvermatch</Name>
  <Value className="java.lang.Boolean">false</Value>
</Feature>
<Feature>
  <Name className="java.lang.String">Type</Name>
  <Value className="java.lang.String">Mapping</Value>
</Feature>
<Feature>
  <Name className="java.lang.String">SourcesString</Name>
  <Value className="java.lang.String">[MTH, SNOMEDCT_US]</Value>
</Feature>
<Feature>
  <Name className="java.lang.String">Sources</Name>
  <Value className="java.lang.String">[MTH, SNOMEDCT_US]</Value>
</Feature>
<Feature>
  <Name className="java.lang.String">ConceptName</Name>
  <Value className="java.lang.String">Intermediate</Value>
</Feature>
<Feature>
  <Name className="java.lang.String">Score</Name>
  <Value className="java.lang.Integer">-1000</Value>
</Feature>
</Annotation>
<Annotation Id="5795" Type="MetaMap" StartNode="800" EndNode="812">
<Feature>
  <Name className="java.lang.String">IsHead</Name>
  <Value className="java.lang.Boolean">true</Value>
</Feature>
<Feature>
  <Name className="java.lang.String">PreferredName</Name>
  <Value className="java.lang.String">Observation Interpretation - intermediate</Value>
</Feature>
<Feature>
  <Name className="java.lang.String">ConceptId</Name>
  <Value className="java.lang.String">C1550465</Value>
</Feature>
<Feature>
  <Name className="java.lang.String">SemanticTypesString</Name>
  <Value className="java.lang.String">[idcn]</Value>
</Feature>
<Feature>
  <Name className="java.lang.String">SemanticTypes</Name>
  <Value className="java.util.ArrayList" itemClassName="java.lang.String">idcn</Value>
</Feature>
<Feature>
  <Name className="java.lang.String">IsOvermatch</Name>
  <Value className="java.lang.Boolean">false</Value>
</Feature>
<Feature>
  <Name className="java.lang.String">Type</Name>
  <Value className="java.lang.String">Mapping</Value>
</Feature>
<Feature>
  <Name className="java.lang.String">SourcesString</Name>
  <Value className="java.lang.String">[HL7V3.0, MTH]</Value>
</Feature>
<Feature>
  <Name className="java.lang.String">Sources</Name>
  <Value className="java.lang.String">[HL7V3.0, MTH]</Value>
</Feature>
<Feature>
  <Name className="java.lang.String">ConceptName</Name>
  <Value className="java.lang.String">intermediate</Value>
</Feature>
<Feature>
  <Name className="java.lang.String">Score</Name>
  <Value className="java.lang.Integer">-1000</Value>
</Feature>
</Annotation>
<Annotation Id="5792" Type="MetaMap" StartNode="758" EndNode="766">
<Feature>
  <Name className="java.lang.String">IsHead</Name>
  <Value className="java.lang.Boolean">true</Value>
</Feature>
<Feature>
  <Name className="java.lang.String">PreferredName</Name>
  <Value className="java.lang.String">Plastics</Value>
</Feature>
<Feature>
  <Name className="java.lang.String">ConceptId</Name>
  <Value className="java.lang.String">C0032167</Value>
</Feature>
<Feature>
  <Name className="java.lang.String">SemanticTypesString</Name>
  <Value className="java.lang.String">[sbst]</Value>
</Feature>
<Feature>
  <Name className="java.lang.String">SemanticTypes</Name>
  <Value className="java.util.ArrayList" itemClassName="java.lang.String">sbst</Value>
</Feature>
<Feature>
  <Name className="java.lang.String">IsOvermatch</Name>
  <Value className="java.lang.Boolean">false</Value>
</Feature>
<Feature>
  <Name className="java.lang.String">Type</Name>
  <Value className="java.lang.String">Mapping</Value>
</Feature>
<Feature>
  <Name className="java.lang.String">SourcesString</Name>
  <Value className="java.lang.String">[MSH, SNOMEDCT_US]</Value>
</Feature>
<Feature>
  <Name className="java.lang.String">Sources</Name>
  <Value className="java.lang.String">[MSH, SNOMEDCT_US]</Value>
</Feature>
<Feature>
  <Name className="java.lang.String">ConceptName</Name>
  <Value className="java.lang.String">Plastics</Value>
</Feature>
<Feature>
  <Name className="java.lang.String">Score</Name>
  <Value className="java.lang.Integer">-1000</Value>
</Feature>
</Annotation>
<Annotation Id="5793" Type="MetaMap" StartNode="773" EndNode="783">
<Feature>
  <Name className="java.lang.String">IsHead</Name>
  <Value className="java.lang.Boolean">true</Value>
</Feature>
<Feature>
  <Name className="java.lang.String">PreferredName</Name>
  <Value className="java.lang.String">Lubricants</Value>
</Feature>
<Feature>
  <Name className="java.lang.String">ConceptId</Name>
  <Value className="java.lang.String">C0282222</Value>
</Feature>
<Feature>
  <Name className="java.lang.String">SemanticTypesString</Name>
  <Value className="java.lang.String">[sbst]</Value>
</Feature>
<Feature>
  <Name className="java.lang.String">SemanticTypes</Name>
  <Value className="java.util.ArrayList" itemClassName="java.lang.String">sbst</Value>
</Feature>
<Feature>
  <Name className="java.lang.String">IsOvermatch</Name>
  <Value className="java.lang.Boolean">false</Value>
</Feature>
<Feature>
  <Name className="java.lang.String">Type</Name>
  <Value className="java.lang.String">Mapping</Value>
</Feature>
<Feature>
  <Name className="java.lang.String">SourcesString</Name>
  <Value className="java.lang.String">[MSH, MTH, SNOMEDCT_US]</Value>
</Feature>
<Feature>
  <Name className="java.lang.String">Sources</Name>
  <Value className="java.lang.String">[MSH, MTH, SNOMEDCT_US]</Value>
</Feature>
<Feature>
  <Name className="java.lang.String">ConceptName</Name>
  <Value className="java.lang.String">Lubricants</Value>
</Feature>
<Feature>
  <Name className="java.lang.String">Score</Name>
  <Value className="java.lang.Integer">-1000</Value>
</Feature>
</Annotation>
<Annotation Id="5806" Type="MetaMap" StartNode="900" EndNode="907">
<Feature>
  <Name className="java.lang.String">IsHead</Name>
  <Value className="java.lang.Boolean">true</Value>
</Feature>
<Feature>
  <Name className="java.lang.String">PreferredName</Name>
  <Value className="java.lang.String">Control function</Value>
</Feature>
<Feature>
  <Name className="java.lang.String">ConceptId</Name>
  <Value className="java.lang.String">C2587213</Value>
</Feature>
<Feature>
  <Name className="java.lang.String">SemanticTypesString</Name>
  <Value className="java.lang.String">[ftcn]</Value>
</Feature>
<Feature>
  <Name className="java.lang.String">SemanticTypes</Name>
  <Value className="java.util.ArrayList" itemClassName="java.lang.String">ftcn</Value>
</Feature>
<Feature>
  <Name className="java.lang.String">IsOvermatch</Name>
  <Value className="java.lang.Boolean">false</Value>
</Feature>
<Feature>
  <Name className="java.lang.String">Type</Name>
  <Value className="java.lang.String">Mapping</Value>
</Feature>
<Feature>
  <Name className="java.lang.String">SourcesString</Name>
  <Value className="java.lang.String">[MTH, NCI, NLMSubSyn, SNOMEDCT_US]</Value>
</Feature>
<Feature>
  <Name className="java.lang.String">Sources</Name>
  <Value className="java.lang.String">[MTH, NCI, NLMSubSyn, SNOMEDCT_US]</Value>
</Feature>
<Feature>
  <Name className="java.lang.String">ConceptName</Name>
  <Value className="java.lang.String">Control</Value>
</Feature>
<Feature>
  <Name className="java.lang.String">Score</Name>
  <Value className="java.lang.Integer">-1000</Value>
</Feature>
</Annotation>
<Annotation Id="5807" Type="MetaMap" StartNode="900" EndNode="907">
<Feature>
  <Name className="java.lang.String">IsHead</Name>
  <Value className="java.lang.Boolean">true</Value>
</Feature>
<Feature>
  <Name className="java.lang.String">PreferredName</Name>
  <Value className="java.lang.String">True Control Status</Value>
</Feature>
<Feature>
  <Name className="java.lang.String">ConceptId</Name>
  <Value className="java.lang.String">C3274648</Value>
</Feature>
<Feature>
  <Name className="java.lang.String">SemanticTypesString</Name>
  <Value className="java.lang.String">[qlco]</Value>
</Feature>
<Feature>
  <Name className="java.lang.String">SemanticTypes</Name>
  <Value className="java.util.ArrayList" itemClassName="java.lang.String">qlco</Value>
</Feature>
<Feature>
  <Name className="java.lang.String">IsOvermatch</Name>
  <Value className="java.lang.Boolean">false</Value>
</Feature>
<Feature>
  <Name className="java.lang.String">Type</Name>
  <Value className="java.lang.String">Mapping</Value>
</Feature>
<Feature>
  <Name className="java.lang.String">SourcesString</Name>
  <Value className="java.lang.String">[MTH, NCI]</Value>
</Feature>
<Feature>
  <Name className="java.lang.String">Sources</Name>
  <Value className="java.lang.String">[MTH, NCI]</Value>
</Feature>
<Feature>
  <Name className="java.lang.String">ConceptName</Name>
  <Value className="java.lang.String">Control</Value>
</Feature>
<Feature>
  <Name className="java.lang.String">Score</Name>
  <Value className="java.lang.Integer">-1000</Value>
</Feature>
</Annotation>
<Annotation Id="5804" Type="MetaMap" StartNode="900" EndNode="907">
<Feature>
  <Name className="java.lang.String">IsHead</Name>
  <Value className="java.lang.Boolean">true</Value>
</Feature>
<Feature>
  <Name className="java.lang.String">PreferredName</Name>
  <Value className="java.lang.String">control substance</Value>
</Feature>
<Feature>
  <Name className="java.lang.String">ConceptId</Name>
  <Value className="java.lang.String">C1550141</Value>
</Feature>
<Feature>
  <Name className="java.lang.String">SemanticTypesString</Name>
  <Value className="java.lang.String">[sbst]</Value>
</Feature>
<Feature>
  <Name className="java.lang.String">SemanticTypes</Name>
  <Value className="java.util.ArrayList" itemClassName="java.lang.String">sbst</Value>
</Feature>
<Feature>
  <Name className="java.lang.String">IsOvermatch</Name>
  <Value className="java.lang.Boolean">false</Value>
</Feature>
<Feature>
  <Name className="java.lang.String">Type</Name>
  <Value className="java.lang.String">Mapping</Value>
</Feature>
<Feature>
  <Name className="java.lang.String">SourcesString</Name>
  <Value className="java.lang.String">[HL7V2.5, MTH]</Value>
</Feature>
<Feature>
  <Name className="java.lang.String">Sources</Name>
  <Value className="java.lang.String">[HL7V2.5, MTH]</Value>
</Feature>
<Feature>
  <Name className="java.lang.String">ConceptName</Name>
  <Value className="java.lang.String">Control</Value>
</Feature>
<Feature>
  <Name className="java.lang.String">Score</Name>
  <Value className="java.lang.Integer">-1000</Value>
</Feature>
</Annotation>
<Annotation Id="5805" Type="MetaMap" StartNode="900" EndNode="907">
<Feature>
  <Name className="java.lang.String">IsHead</Name>
  <Value className="java.lang.Boolean">true</Value>
</Feature>
<Feature>
  <Name className="java.lang.String">PreferredName</Name>
  <Value className="java.lang.String">Scientific Control</Value>
</Feature>
<Feature>
  <Name className="java.lang.String">ConceptId</Name>
  <Value className="java.lang.String">C1882979</Value>
</Feature>
<Feature>
  <Name className="java.lang.String">SemanticTypesString</Name>
  <Value className="java.lang.String">[cnce]</Value>
</Feature>
<Feature>
  <Name className="java.lang.String">SemanticTypes</Name>
  <Value className="java.util.ArrayList" itemClassName="java.lang.String">cnce</Value>
</Feature>
<Feature>
  <Name className="java.lang.String">IsOvermatch</Name>
  <Value className="java.lang.Boolean">false</Value>
</Feature>
<Feature>
  <Name className="java.lang.String">Type</Name>
  <Value className="java.lang.String">Mapping</Value>
</Feature>
<Feature>
  <Name className="java.lang.String">SourcesString</Name>
  <Value className="java.lang.String">[MTH, NCI]</Value>
</Feature>
<Feature>
  <Name className="java.lang.String">Sources</Name>
  <Value className="java.lang.String">[MTH, NCI]</Value>
</Feature>
<Feature>
  <Name className="java.lang.String">ConceptName</Name>
  <Value className="java.lang.String">Control</Value>
</Feature>
<Feature>
  <Name className="java.lang.String">Score</Name>
  <Value className="java.lang.Integer">-1000</Value>
</Feature>
</Annotation>
<Annotation Id="5803" Type="MetaMap" StartNode="900" EndNode="907">
<Feature>
  <Name className="java.lang.String">IsHead</Name>
  <Value className="java.lang.Boolean">true</Value>
</Feature>
<Feature>
  <Name className="java.lang.String">PreferredName</Name>
  <Value className="java.lang.String">control aspects</Value>
</Feature>
<Feature>
  <Name className="java.lang.String">ConceptId</Name>
  <Value className="java.lang.String">C0243148</Value>
</Feature>
<Feature>
  <Name className="java.lang.String">SemanticTypesString</Name>
  <Value className="java.lang.String">[qlco]</Value>
</Feature>
<Feature>
  <Name className="java.lang.String">SemanticTypes</Name>
  <Value className="java.util.ArrayList" itemClassName="java.lang.String">qlco</Value>
</Feature>
<Feature>
  <Name className="java.lang.String">IsOvermatch</Name>
  <Value className="java.lang.Boolean">false</Value>
</Feature>
<Feature>
  <Name className="java.lang.String">Type</Name>
  <Value className="java.lang.String">Mapping</Value>
</Feature>
<Feature>
  <Name className="java.lang.String">SourcesString</Name>
  <Value className="java.lang.String">[MSH, MTH]</Value>
</Feature>
<Feature>
  <Name className="java.lang.String">Sources</Name>
  <Value className="java.lang.String">[MSH, MTH]</Value>
</Feature>
<Feature>
  <Name className="java.lang.String">ConceptName</Name>
  <Value className="java.lang.String">control</Value>
</Feature>
<Feature>
  <Name className="java.lang.String">Score</Name>
  <Value className="java.lang.Integer">-1000</Value>
</Feature>
</Annotation>
<Annotation Id="5800" Type="MetaMap" StartNode="851" EndNode="858">
<Feature>
  <Name className="java.lang.String">IsHead</Name>
  <Value className="java.lang.Boolean">true</Value>
</Feature>
<Feature>
  <Name className="java.lang.String">PreferredName</Name>
  <Value className="java.lang.String">Solvents</Value>
</Feature>
<Feature>
  <Name className="java.lang.String">ConceptId</Name>
  <Value className="java.lang.String">C0037638</Value>
</Feature>
<Feature>
  <Name className="java.lang.String">SemanticTypesString</Name>
  <Value className="java.lang.String">[irda]</Value>
</Feature>
<Feature>
  <Name className="java.lang.String">SemanticTypes</Name>
  <Value className="java.util.ArrayList" itemClassName="java.lang.String">irda</Value>
</Feature>
<Feature>
  <Name className="java.lang.String">IsOvermatch</Name>
  <Value className="java.lang.Boolean">false</Value>
</Feature>
<Feature>
  <Name className="java.lang.String">Type</Name>
  <Value className="java.lang.String">Mapping</Value>
</Feature>
<Feature>
  <Name className="java.lang.String">SourcesString</Name>
  <Value className="java.lang.String">[MTH, SNOMEDCT_US]</Value>
</Feature>
<Feature>
  <Name className="java.lang.String">Sources</Name>
  <Value className="java.lang.String">[MTH, SNOMEDCT_US]</Value>
</Feature>
<Feature>
  <Name className="java.lang.String">ConceptName</Name>
  <Value className="java.lang.String">Solvent</Value>
</Feature>
<Feature>
  <Name className="java.lang.String">Score</Name>
  <Value className="java.lang.Integer">-1000</Value>
</Feature>
</Annotation>
<Annotation Id="5801" Type="MetaMap" StartNode="859" EndNode="862">
<Feature>
  <Name className="java.lang.String">IsHead</Name>
  <Value className="java.lang.Boolean">true</Value>
</Feature>
<Feature>
  <Name className="java.lang.String">PreferredName</Name>
  <Value className="java.lang.String">Dyes</Value>
</Feature>
<Feature>
  <Name className="java.lang.String">ConceptId</Name>
  <Value className="java.lang.String">C0013343</Value>
</Feature>
<Feature>
  <Name className="java.lang.String">SemanticTypesString</Name>
  <Value className="java.lang.String">[irda]</Value>
</Feature>
<Feature>
  <Name className="java.lang.String">SemanticTypes</Name>
  <Value className="java.util.ArrayList" itemClassName="java.lang.String">irda</Value>
</Feature>
<Feature>
  <Name className="java.lang.String">IsOvermatch</Name>
  <Value className="java.lang.Boolean">false</Value>
</Feature>
<Feature>
  <Name className="java.lang.String">Type</Name>
  <Value className="java.lang.String">Mapping</Value>
</Feature>
<Feature>
  <Name className="java.lang.String">SourcesString</Name>
  <Value className="java.lang.String">[CHV, MTH, SNOMEDCT_US]</Value>
</Feature>
<Feature>
  <Name className="java.lang.String">Sources</Name>
  <Value className="java.lang.String">[CHV, MTH, SNOMEDCT_US]</Value>
</Feature>
<Feature>
  <Name className="java.lang.String">ConceptName</Name>
  <Value className="java.lang.String">Dye</Value>
</Feature>
<Feature>
  <Name className="java.lang.String">Score</Name>
  <Value className="java.lang.Integer">-1000</Value>
</Feature>
</Annotation>
<Annotation Id="5815" Type="MetaMap" StartNode="981" EndNode="990">
<Feature>
  <Name className="java.lang.String">IsHead</Name>
  <Value className="java.lang.Boolean">true</Value>
</Feature>
<Feature>
  <Name className="java.lang.String">PreferredName</Name>
  <Value className="java.lang.String">propylene</Value>
</Feature>
<Feature>
  <Name className="java.lang.String">ConceptId</Name>
  <Value className="java.lang.String">C0072221</Value>
</Feature>
<Feature>
  <Name className="java.lang.String">SemanticTypesString</Name>
  <Value className="java.lang.String">[irda, orch]</Value>
</Feature>
<Feature>
  <Name className="java.lang.String">SemanticTypes</Name>
  <Value className="java.util.ArrayList" itemClassName="java.lang.String">irda;orch</Value>
</Feature>
<Feature>
  <Name className="java.lang.String">IsOvermatch</Name>
  <Value className="java.lang.Boolean">false</Value>
</Feature>
<Feature>
  <Name className="java.lang.String">Type</Name>
  <Value className="java.lang.String">Mapping</Value>
</Feature>
<Feature>
  <Name className="java.lang.String">SourcesString</Name>
  <Value className="java.lang.String">[MSH, SNOMEDCT_US]</Value>
</Feature>
<Feature>
  <Name className="java.lang.String">Sources</Name>
  <Value className="java.lang.String">[MSH, SNOMEDCT_US]</Value>
</Feature>
<Feature>
  <Name className="java.lang.String">ConceptName</Name>
  <Value className="java.lang.String">propylene</Value>
</Feature>
<Feature>
  <Name className="java.lang.String">Score</Name>
  <Value className="java.lang.Integer">-1000</Value>
</Feature>
</Annotation>
<Annotation Id="5814" Type="MetaMap" StartNode="973" EndNode="977">
<Feature>
  <Name className="java.lang.String">IsHead</Name>
  <Value className="java.lang.Boolean">true</Value>
</Feature>
<Feature>
  <Name className="java.lang.String">PreferredName</Name>
  <Value className="java.lang.String">Rate</Value>
</Feature>
<Feature>
  <Name className="java.lang.String">ConceptId</Name>
  <Value className="java.lang.String">C1521828</Value>
</Feature>
<Feature>
  <Name className="java.lang.String">SemanticTypesString</Name>
  <Value className="java.lang.String">[qnco]</Value>
</Feature>
<Feature>
  <Name className="java.lang.String">SemanticTypes</Name>
  <Value className="java.util.ArrayList" itemClassName="java.lang.String">qnco</Value>
</Feature>
<Feature>
  <Name className="java.lang.String">IsOvermatch</Name>
  <Value className="java.lang.Boolean">false</Value>
</Feature>
<Feature>
  <Name className="java.lang.String">Type</Name>
  <Value className="java.lang.String">Mapping</Value>
</Feature>
<Feature>
  <Name className="java.lang.String">SourcesString</Name>
  <Value className="java.lang.String">[MTH]</Value>
</Feature>
<Feature>
  <Name className="java.lang.String">Sources</Name>
  <Value className="java.lang.String">[MTH]</Value>
</Feature>
<Feature>
  <Name className="java.lang.String">ConceptName</Name>
  <Value className="java.lang.String">Rate</Value>
</Feature>
<Feature>
  <Name className="java.lang.String">Score</Name>
  <Value className="java.lang.Integer">-1000</Value>
</Feature>
</Annotation>
<Annotation Id="5813" Type="MetaMap" StartNode="973" EndNode="977">
<Feature>
  <Name className="java.lang.String">IsHead</Name>
  <Value className="java.lang.Boolean">true</Value>
</Feature>
<Feature>
  <Name className="java.lang.String">PreferredName</Name>
  <Value className="java.lang.String">Rating (action)</Value>
</Feature>
<Feature>
  <Name className="java.lang.String">ConceptId</Name>
  <Value className="java.lang.String">C0871208</Value>
</Feature>
<Feature>
  <Name className="java.lang.String">SemanticTypesString</Name>
  <Value className="java.lang.String">[acty]</Value>
</Feature>
<Feature>
  <Name className="java.lang.String">SemanticTypes</Name>
  <Value className="java.util.ArrayList" itemClassName="java.lang.String">acty</Value>
</Feature>
<Feature>
  <Name className="java.lang.String">IsOvermatch</Name>
  <Value className="java.lang.Boolean">false</Value>
</Feature>
<Feature>
  <Name className="java.lang.String">Type</Name>
  <Value className="java.lang.String">Mapping</Value>
</Feature>
<Feature>
  <Name className="java.lang.String">SourcesString</Name>
  <Value className="java.lang.String">[MTH, NCI]</Value>
</Feature>
<Feature>
  <Name className="java.lang.String">Sources</Name>
  <Value className="java.lang.String">[MTH, NCI]</Value>
</Feature>
<Feature>
  <Name className="java.lang.String">ConceptName</Name>
  <Value className="java.lang.String">Rate</Value>
</Feature>
<Feature>
  <Name className="java.lang.String">Score</Name>
  <Value className="java.lang.Integer">-1000</Value>
</Feature>
</Annotation>
<Annotation Id="5812" Type="MetaMap" StartNode="940" EndNode="944">
<Feature>
  <Name className="java.lang.String">IsHead</Name>
  <Value className="java.lang.Boolean">true</Value>
</Feature>
<Feature>
  <Name className="java.lang.String">PreferredName</Name>
  <Value className="java.lang.String">Usage</Value>
</Feature>
<Feature>
  <Name className="java.lang.String">ConceptId</Name>
  <Value className="java.lang.String">C0457083</Value>
</Feature>
<Feature>
  <Name className="java.lang.String">SemanticTypesString</Name>
  <Value className="java.lang.String">[ftcn]</Value>
</Feature>
<Feature>
  <Name className="java.lang.String">SemanticTypes</Name>
  <Value className="java.util.ArrayList" itemClassName="java.lang.String">ftcn</Value>
</Feature>
<Feature>
  <Name className="java.lang.String">IsOvermatch</Name>
  <Value className="java.lang.Boolean">false</Value>
</Feature>
<Feature>
  <Name className="java.lang.String">Type</Name>
  <Value className="java.lang.String">Mapping</Value>
</Feature>
<Feature>
  <Name className="java.lang.String">SourcesString</Name>
  <Value className="java.lang.String">[CHV, HL7V3.0, MTH, NCI]</Value>
</Feature>
<Feature>
  <Name className="java.lang.String">Sources</Name>
  <Value className="java.lang.String">[CHV, HL7V3.0, MTH, NCI]</Value>
</Feature>
<Feature>
  <Name className="java.lang.String">ConceptName</Name>
  <Value className="java.lang.String">uses</Value>
</Feature>
<Feature>
  <Name className="java.lang.String">Score</Name>
  <Value className="java.lang.Integer">-1000</Value>
</Feature>
</Annotation>
<Annotation Id="5811" Type="MetaMap" StartNode="934" EndNode="939">
<Feature>
  <Name className="java.lang.String">IsHead</Name>
  <Value className="java.lang.Boolean">true</Value>
</Feature>
<Feature>
  <Name className="java.lang.String">PreferredName</Name>
  <Value className="java.lang.String">Major</Value>
</Feature>
<Feature>
  <Name className="java.lang.String">ConceptId</Name>
  <Value className="java.lang.String">C0205164</Value>
</Feature>
<Feature>
  <Name className="java.lang.String">SemanticTypesString</Name>
  <Value className="java.lang.String">[qlco]</Value>
</Feature>
<Feature>
  <Name className="java.lang.String">SemanticTypes</Name>
  <Value className="java.util.ArrayList" itemClassName="java.lang.String">qlco</Value>
</Feature>
<Feature>
  <Name className="java.lang.String">IsOvermatch</Name>
  <Value className="java.lang.Boolean">false</Value>
</Feature>
<Feature>
  <Name className="java.lang.String">Type</Name>
  <Value className="java.lang.String">Mapping</Value>
</Feature>
<Feature>
  <Name className="java.lang.String">SourcesString</Name>
  <Value className="java.lang.String">[SNOMEDCT_US]</Value>
</Feature>
<Feature>
  <Name className="java.lang.String">Sources</Name>
  <Value className="java.lang.String">[SNOMEDCT_US]</Value>
</Feature>
<Feature>
  <Name className="java.lang.String">ConceptName</Name>
  <Value className="java.lang.String">Major</Value>
</Feature>
<Feature>
  <Name className="java.lang.String">Score</Name>
  <Value className="java.lang.Integer">-1000</Value>
</Feature>
</Annotation>
<Annotation Id="5810" Type="MetaMap" StartNode="923" EndNode="926">
<Feature>
  <Name className="java.lang.String">IsHead</Name>
  <Value className="java.lang.Boolean">true</Value>
</Feature>
<Feature>
  <Name className="java.lang.String">PreferredName</Name>
  <Value className="java.lang.String">One</Value>
</Feature>
<Feature>
  <Name className="java.lang.String">ConceptId</Name>
  <Value className="java.lang.String">C0205447</Value>
</Feature>
<Feature>
  <Name className="java.lang.String">SemanticTypesString</Name>
  <Value className="java.lang.String">[qnco]</Value>
</Feature>
<Feature>
  <Name className="java.lang.String">SemanticTypes</Name>
  <Value className="java.util.ArrayList" itemClassName="java.lang.String">qnco</Value>
</Feature>
<Feature>
  <Name className="java.lang.String">IsOvermatch</Name>
  <Value className="java.lang.Boolean">false</Value>
</Feature>
<Feature>
  <Name className="java.lang.String">Type</Name>
  <Value className="java.lang.String">Mapping</Value>
</Feature>
<Feature>
  <Name className="java.lang.String">SourcesString</Name>
  <Value className="java.lang.String">[MTH, SNOMEDCT_US]</Value>
</Feature>
<Feature>
  <Name className="java.lang.String">Sources</Name>
  <Value className="java.lang.String">[MTH, SNOMEDCT_US]</Value>
</Feature>
<Feature>
  <Name className="java.lang.String">ConceptName</Name>
  <Value className="java.lang.String">One</Value>
</Feature>
<Feature>
  <Name className="java.lang.String">Score</Name>
  <Value className="java.lang.Integer">-1000</Value>
</Feature>
</Annotation>
<Annotation Id="5809" Type="MetaMap" StartNode="912" EndNode="921">
<Feature>
  <Name className="java.lang.String">IsHead</Name>
  <Value className="java.lang.Boolean">true</Value>
</Feature>
<Feature>
  <Name className="java.lang.String">PreferredName</Name>
  <Value className="java.lang.String">Explosion</Value>
</Feature>
<Feature>
  <Name className="java.lang.String">ConceptId</Name>
  <Value className="java.lang.String">C0015329</Value>
</Feature>
<Feature>
  <Name className="java.lang.String">SemanticTypesString</Name>
  <Value className="java.lang.String">[phpr]</Value>
</Feature>
<Feature>
  <Name className="java.lang.String">SemanticTypes</Name>
  <Value className="java.util.ArrayList" itemClassName="java.lang.String">phpr</Value>
</Feature>
<Feature>
  <Name className="java.lang.String">IsOvermatch</Name>
  <Value className="java.lang.Boolean">false</Value>
</Feature>
<Feature>
  <Name className="java.lang.String">Type</Name>
  <Value className="java.lang.String">Mapping</Value>
</Feature>
<Feature>
  <Name className="java.lang.String">SourcesString</Name>
  <Value className="java.lang.String">[MSH, MTH]</Value>
</Feature>
<Feature>
  <Name className="java.lang.String">Sources</Name>
  <Value className="java.lang.String">[MSH, MTH]</Value>
</Feature>
<Feature>
  <Name className="java.lang.String">ConceptName</Name>
  <Value className="java.lang.String">Explosion</Value>
</Feature>
<Feature>
  <Name className="java.lang.String">Score</Name>
  <Value className="java.lang.Integer">-1000</Value>
</Feature>
</Annotation>
<Annotation Id="5808" Type="MetaMap" StartNode="912" EndNode="921">
<Feature>
  <Name className="java.lang.String">IsHead</Name>
  <Value className="java.lang.Boolean">true</Value>
</Feature>
<Feature>
  <Name className="java.lang.String">PreferredName</Name>
  <Value className="java.lang.String">Blast Injuries</Value>
</Feature>
<Feature>
  <Name className="java.lang.String">ConceptId</Name>
  <Value className="java.lang.String">C0005700</Value>
</Feature>
<Feature>
  <Name className="java.lang.String">SemanticTypesString</Name>
  <Value className="java.lang.String">[inpo]</Value>
</Feature>
<Feature>
  <Name className="java.lang.String">SemanticTypes</Name>
  <Value className="java.util.ArrayList" itemClassName="java.lang.String">inpo</Value>
</Feature>
<Feature>
  <Name className="java.lang.String">IsOvermatch</Name>
  <Value className="java.lang.Boolean">false</Value>
</Feature>
<Feature>
  <Name className="java.lang.String">Type</Name>
  <Value className="java.lang.String">Mapping</Value>
</Feature>
<Feature>
  <Name className="java.lang.String">SourcesString</Name>
  <Value className="java.lang.String">[AOD, MTH, NLMSubSyn, SNOMEDCT_US]</Value>
</Feature>
<Feature>
  <Name className="java.lang.String">Sources</Name>
  <Value className="java.lang.String">[AOD, MTH, NLMSubSyn, SNOMEDCT_US]</Value>
</Feature>
<Feature>
  <Name className="java.lang.String">ConceptName</Name>
  <Value className="java.lang.String">explosion</Value>
</Feature>
<Feature>
  <Name className="java.lang.String">Score</Name>
  <Value className="java.lang.Integer">-1000</Value>
</Feature>
</Annotation>
<Annotation Id="5823" Type="MetaMap" StartNode="1083" EndNode="1091">
<Feature>
  <Name className="java.lang.String">IsHead</Name>
  <Value className="java.lang.Boolean">true</Value>
</Feature>
<Feature>
  <Name className="java.lang.String">PreferredName</Name>
  <Value className="java.lang.String">Nitrogen</Value>
</Feature>
<Feature>
  <Name className="java.lang.String">ConceptId</Name>
  <Value className="java.lang.String">C0028158</Value>
</Feature>
<Feature>
  <Name className="java.lang.String">SemanticTypesString</Name>
  <Value className="java.lang.String">[elii]</Value>
</Feature>
<Feature>
  <Name className="java.lang.String">SemanticTypes</Name>
  <Value className="java.util.ArrayList" itemClassName="java.lang.String">elii</Value>
</Feature>
<Feature>
  <Name className="java.lang.String">IsOvermatch</Name>
  <Value className="java.lang.Boolean">false</Value>
</Feature>
<Feature>
  <Name className="java.lang.String">Type</Name>
  <Value className="java.lang.String">Mapping</Value>
</Feature>
<Feature>
  <Name className="java.lang.String">SourcesString</Name>
  <Value className="java.lang.String">[CSP, MTH, NLMSubSyn, SNOMEDCT_US]</Value>
</Feature>
<Feature>
  <Name className="java.lang.String">Sources</Name>
  <Value className="java.lang.String">[CSP, MTH, NLMSubSyn, SNOMEDCT_US]</Value>
</Feature>
<Feature>
  <Name className="java.lang.String">ConceptName</Name>
  <Value className="java.lang.String">Nitrogen</Value>
</Feature>
<Feature>
  <Name className="java.lang.String">Score</Name>
  <Value className="java.lang.Integer">-1000</Value>
</Feature>
</Annotation>
<Annotation Id="5822" Type="MetaMap" StartNode="1070" EndNode="1078">
<Feature>
  <Name className="java.lang.String">IsHead</Name>
  <Value className="java.lang.Boolean">true</Value>
</Feature>
<Feature>
  <Name className="java.lang.String">PreferredName</Name>
  <Value className="java.lang.String">Nitrate</Value>
</Feature>
<Feature>
  <Name className="java.lang.String">ConceptId</Name>
  <Value className="java.lang.String">C0699857</Value>
</Feature>
<Feature>
  <Name className="java.lang.String">SemanticTypesString</Name>
  <Value className="java.lang.String">[inch]</Value>
</Feature>
<Feature>
  <Name className="java.lang.String">SemanticTypes</Name>
  <Value className="java.util.ArrayList" itemClassName="java.lang.String">inch</Value>
</Feature>
<Feature>
  <Name className="java.lang.String">IsOvermatch</Name>
  <Value className="java.lang.Boolean">false</Value>
</Feature>
<Feature>
  <Name className="java.lang.String">Type</Name>
  <Value className="java.lang.String">Mapping</Value>
</Feature>
<Feature>
  <Name className="java.lang.String">SourcesString</Name>
  <Value className="java.lang.String">[MTH]</Value>
</Feature>
<Feature>
  <Name className="java.lang.String">Sources</Name>
  <Value className="java.lang.String">[MTH]</Value>
</Feature>
<Feature>
  <Name className="java.lang.String">ConceptName</Name>
  <Value className="java.lang.String">Nitrate</Value>
</Feature>
<Feature>
  <Name className="java.lang.String">Score</Name>
  <Value className="java.lang.Integer">-1000</Value>
</Feature>
</Annotation>
<Annotation Id="5821" Type="MetaMap" StartNode="1070" EndNode="1078">
<Feature>
  <Name className="java.lang.String">IsHead</Name>
  <Value className="java.lang.Boolean">true</Value>
</Feature>
<Feature>
  <Name className="java.lang.String">PreferredName</Name>
  <Value className="java.lang.String">Nitrates</Value>
</Feature>
<Feature>
  <Name className="java.lang.String">ConceptId</Name>
  <Value className="java.lang.String">C0028125</Value>
</Feature>
<Feature>
  <Name className="java.lang.String">SemanticTypesString</Name>
  <Value className="java.lang.String">[chvs]</Value>
</Feature>
<Feature>
  <Name className="java.lang.String">SemanticTypes</Name>
  <Value className="java.util.ArrayList" itemClassName="java.lang.String">chvs</Value>
</Feature>
<Feature>
  <Name className="java.lang.String">IsOvermatch</Name>
  <Value className="java.lang.Boolean">false</Value>
</Feature>
<Feature>
  <Name className="java.lang.String">Type</Name>
  <Value className="java.lang.String">Mapping</Value>
</Feature>
<Feature>
  <Name className="java.lang.String">SourcesString</Name>
  <Value className="java.lang.String">[CHV, MTH, SNM, SNOMEDCT_US]</Value>
</Feature>
<Feature>
  <Name className="java.lang.String">Sources</Name>
  <Value className="java.lang.String">[CHV, MTH, SNM, SNOMEDCT_US]</Value>
</Feature>
<Feature>
  <Name className="java.lang.String">ConceptName</Name>
  <Value className="java.lang.String">Nitrate</Value>
</Feature>
<Feature>
  <Name className="java.lang.String">Score</Name>
  <Value className="java.lang.Integer">-1000</Value>
</Feature>
</Annotation>
<Annotation Id="5820" Type="MetaMap" StartNode="1063" EndNode="1069">
<Feature>
  <Name className="java.lang.String">IsHead</Name>
  <Value className="java.lang.Boolean">true</Value>
</Feature>
<Feature>
  <Name className="java.lang.String">PreferredName</Name>
  <Value className="java.lang.String">Acids</Value>
</Feature>
<Feature>
  <Name className="java.lang.String">ConceptId</Name>
  <Value className="java.lang.String">C0001128</Value>
</Feature>
<Feature>
  <Name className="java.lang.String">SemanticTypesString</Name>
  <Value className="java.lang.String">[chem]</Value>
</Feature>
<Feature>
  <Name className="java.lang.String">SemanticTypes</Name>
  <Value className="java.util.ArrayList" itemClassName="java.lang.String">chem</Value>
</Feature>
<Feature>
  <Name className="java.lang.String">IsOvermatch</Name>
  <Value className="java.lang.Boolean">false</Value>
</Feature>
<Feature>
  <Name className="java.lang.String">Type</Name>
  <Value className="java.lang.String">Mapping</Value>
</Feature>
<Feature>
  <Name className="java.lang.String">SourcesString</Name>
  <Value className="java.lang.String">[CHV, MTH, NCI, SNOMEDCT_US]</Value>
</Feature>
<Feature>
  <Name className="java.lang.String">Sources</Name>
  <Value className="java.lang.String">[CHV, MTH, NCI, SNOMEDCT_US]</Value>
</Feature>
<Feature>
  <Name className="java.lang.String">ConceptName</Name>
  <Value className="java.lang.String">Acidic</Value>
</Feature>
<Feature>
  <Name className="java.lang.String">Score</Name>
  <Value className="java.lang.Integer">-1000</Value>
</Feature>
</Annotation>
<Annotation Id="5819" Type="MetaMap" StartNode="1038" EndNode="1042">
<Feature>
  <Name className="java.lang.String">IsHead</Name>
  <Value className="java.lang.Boolean">true</Value>
</Feature>
<Feature>
  <Name className="java.lang.String">PreferredName</Name>
  <Value className="java.lang.String">Generic Role</Value>
</Feature>
<Feature>
  <Name className="java.lang.String">ConceptId</Name>
  <Value className="java.lang.String">C1705810</Value>
</Feature>
<Feature>
  <Name className="java.lang.String">SemanticTypesString</Name>
  <Value className="java.lang.String">[cnce]</Value>
</Feature>
<Feature>
  <Name className="java.lang.String">SemanticTypes</Name>
  <Value className="java.util.ArrayList" itemClassName="java.lang.String">cnce</Value>
</Feature>
<Feature>
  <Name className="java.lang.String">IsOvermatch</Name>
  <Value className="java.lang.Boolean">false</Value>
</Feature>
<Feature>
  <Name className="java.lang.String">Type</Name>
  <Value className="java.lang.String">Mapping</Value>
</Feature>
<Feature>
  <Name className="java.lang.String">SourcesString</Name>
  <Value className="java.lang.String">[MTH, NCI]</Value>
</Feature>
<Feature>
  <Name className="java.lang.String">Sources</Name>
  <Value className="java.lang.String">[MTH, NCI]</Value>
</Feature>
<Feature>
  <Name className="java.lang.String">ConceptName</Name>
  <Value className="java.lang.String">Role</Value>
</Feature>
<Feature>
  <Name className="java.lang.String">Score</Name>
  <Value className="java.lang.Integer">-1000</Value>
</Feature>
</Annotation>
<Annotation Id="5818" Type="MetaMap" StartNode="1038" EndNode="1042">
<Feature>
  <Name className="java.lang.String">IsHead</Name>
  <Value className="java.lang.Boolean">true</Value>
</Feature>
<Feature>
  <Name className="java.lang.String">PreferredName</Name>
  <Value className="java.lang.String">Social Role</Value>
</Feature>
<Feature>
  <Name className="java.lang.String">ConceptId</Name>
  <Value className="java.lang.String">C0035820</Value>
</Feature>
<Feature>
  <Name className="java.lang.String">SemanticTypesString</Name>
  <Value className="java.lang.String">[socb]</Value>
</Feature>
<Feature>
  <Name className="java.lang.String">SemanticTypes</Name>
  <Value className="java.util.ArrayList" itemClassName="java.lang.String">socb</Value>
</Feature>
<Feature>
  <Name className="java.lang.String">IsOvermatch</Name>
  <Value className="java.lang.Boolean">false</Value>
</Feature>
<Feature>
  <Name className="java.lang.String">Type</Name>
  <Value className="java.lang.String">Mapping</Value>
</Feature>
<Feature>
  <Name className="java.lang.String">SourcesString</Name>
  <Value className="java.lang.String">[MSH, MTH]</Value>
</Feature>
<Feature>
  <Name className="java.lang.String">Sources</Name>
  <Value className="java.lang.String">[MSH, MTH]</Value>
</Feature>
<Feature>
  <Name className="java.lang.String">ConceptName</Name>
  <Value className="java.lang.String">Role</Value>
</Feature>
<Feature>
  <Name className="java.lang.String">Score</Name>
  <Value className="java.lang.Integer">-1000</Value>
</Feature>
</Annotation>
<Annotation Id="5817" Type="MetaMap" StartNode="991" EndNode="997">
<Feature>
  <Name className="java.lang.String">IsHead</Name>
  <Value className="java.lang.Boolean">true</Value>
</Feature>
<Feature>
  <Name className="java.lang.String">PreferredName</Name>
  <Value className="java.lang.String">Glycols</Value>
</Feature>
<Feature>
  <Name className="java.lang.String">ConceptId</Name>
  <Value className="java.lang.String">C0017951</Value>
</Feature>
<Feature>
  <Name className="java.lang.String">SemanticTypesString</Name>
  <Value className="java.lang.String">[orch]</Value>
</Feature>
<Feature>
  <Name className="java.lang.String">SemanticTypes</Name>
  <Value className="java.util.ArrayList" itemClassName="java.lang.String">orch</Value>
</Feature>
<Feature>
  <Name className="java.lang.String">IsOvermatch</Name>
  <Value className="java.lang.Boolean">false</Value>
</Feature>
<Feature>
  <Name className="java.lang.String">Type</Name>
  <Value className="java.lang.String">Mapping</Value>
</Feature>
<Feature>
  <Name className="java.lang.String">SourcesString</Name>
  <Value className="java.lang.String">[MTH, SNOMEDCT_US]</Value>
</Feature>
<Feature>
  <Name className="java.lang.String">Sources</Name>
  <Value className="java.lang.String">[MTH, SNOMEDCT_US]</Value>
</Feature>
<Feature>
  <Name className="java.lang.String">ConceptName</Name>
  <Value className="java.lang.String">Glycol</Value>
</Feature>
<Feature>
  <Name className="java.lang.String">Score</Name>
  <Value className="java.lang.Integer">-1000</Value>
</Feature>
</Annotation>
<Annotation Id="5816" Type="MetaMap" StartNode="991" EndNode="997">
<Feature>
  <Name className="java.lang.String">IsHead</Name>
  <Value className="java.lang.Boolean">true</Value>
</Feature>
<Feature>
  <Name className="java.lang.String">PreferredName</Name>
  <Value className="java.lang.String">Glycol</Value>
</Feature>
<Feature>
  <Name className="java.lang.String">ConceptId</Name>
  <Value className="java.lang.String">C0017945</Value>
</Feature>
<Feature>
  <Name className="java.lang.String">SemanticTypesString</Name>
  <Value className="java.lang.String">[orch]</Value>
</Feature>
<Feature>
  <Name className="java.lang.String">SemanticTypes</Name>
  <Value className="java.util.ArrayList" itemClassName="java.lang.String">orch</Value>
</Feature>
<Feature>
  <Name className="java.lang.String">IsOvermatch</Name>
  <Value className="java.lang.Boolean">false</Value>
</Feature>
<Feature>
  <Name className="java.lang.String">Type</Name>
  <Value className="java.lang.String">Mapping</Value>
</Feature>
<Feature>
  <Name className="java.lang.String">SourcesString</Name>
  <Value className="java.lang.String">[CSP, MTH]</Value>
</Feature>
<Feature>
  <Name className="java.lang.String">Sources</Name>
  <Value className="java.lang.String">[CSP, MTH]</Value>
</Feature>
<Feature>
  <Name className="java.lang.String">ConceptName</Name>
  <Value className="java.lang.String">Glycol</Value>
</Feature>
<Feature>
  <Name className="java.lang.String">Score</Name>
  <Value className="java.lang.Integer">-1000</Value>
</Feature>
</Annotation>
</AnnotationSet>

<!-- Named annotation set -->

<AnnotationSet Name="Key">
</AnnotationSet>

<!-- Named annotation set -->

<AnnotationSet Name="&quot;Key&quot;">
</AnnotationSet>

<!-- Named annotation set -->

<AnnotationSet Name="Original markups">
<Annotation Id="0" Type="html" StartNode="0" EndNode="1841">
</Annotation>
<Annotation Id="1" Type="head" StartNode="0" EndNode="0">
<Feature>
  <Name className="java.lang.String">isEmptyAndSpan</Name>
  <Value className="java.lang.String">true</Value>
</Feature>
</Annotation>
<Annotation Id="2" Type="body" StartNode="0" EndNode="1841">
</Annotation>
<Annotation Id="3" Type="p" StartNode="0" EndNode="502">
</Annotation>
<Annotation Id="4" Type="b" StartNode="0" EndNode="20">
</Annotation>
<Annotation Id="5" Type="b" StartNode="35" EndNode="39">
</Annotation>
<Annotation Id="6" Type="b" StartNode="42" EndNode="48">
</Annotation>
<Annotation Id="7" Type="b" StartNode="51" EndNode="58">
</Annotation>
<Annotation Id="8" Type="b" StartNode="61" EndNode="78">
</Annotation>
<Annotation Id="9" Type="b" StartNode="81" EndNode="91">
</Annotation>
<Annotation Id="10" Type="b" StartNode="94" EndNode="102">
</Annotation>
<Annotation Id="11" Type="b" StartNode="105" EndNode="130">
</Annotation>
<Annotation Id="12" Type="b" StartNode="133" EndNode="156">
</Annotation>
<Annotation Id="13" Type="b" StartNode="162" EndNode="187">
</Annotation>
<Annotation Id="14" Type="i" StartNode="172" EndNode="173">
</Annotation>
<Annotation Id="15" Type="a" StartNode="196" EndNode="212">
<Feature>
  <Name className="java.lang.String">title</Name>
  <Value className="java.lang.String">organic chemical</Value>
</Feature>
<Feature>
  <Name className="java.lang.String">href</Name>
  <Value className="java.lang.String">Organic_chemical</Value>
</Feature>
</Annotation>
<Annotation Id="17" Type="a" StartNode="226" EndNode="240">
<Feature>
  <Name className="java.lang.String">title</Name>
  <Value className="java.lang.String">aromatic amine</Value>
</Feature>
<Feature>
  <Name className="java.lang.String">href</Name>
  <Value className="java.lang.String">Aromatic_amine</Value>
</Feature>
</Annotation>
<Annotation Id="16" Type="a" StartNode="217" EndNode="225">
<Feature>
  <Name className="java.lang.String">title</Name>
  <Value className="java.lang.String">nitration</Value>
</Feature>
<Feature>
  <Name className="java.lang.String">href</Name>
  <Value className="java.lang.String">Nitration</Value>
</Feature>
</Annotation>
<Annotation Id="19" Type="sub" StartNode="299" EndNode="301">
</Annotation>
<Annotation Id="18" Type="a" StartNode="257" EndNode="270">
<Feature>
  <Name className="java.lang.String">title</Name>
  <Value className="java.lang.String">diphenylamine</Value>
</Feature>
<Feature>
  <Name className="java.lang.String">href</Name>
  <Value className="java.lang.String">Diphenylamine</Value>
</Feature>
</Annotation>
<Annotation Id="21" Type="sub" StartNode="309" EndNode="310">
</Annotation>
<Annotation Id="20" Type="sub" StartNode="304" EndNode="306">
</Annotation>
<Annotation Id="23" Type="sub" StartNode="322" EndNode="323">
</Annotation>
<Annotation Id="22" Type="sub" StartNode="313" EndNode="314">
</Annotation>
<Annotation Id="25" Type="sub" StartNode="332" EndNode="333">
</Annotation>
<Annotation Id="24" Type="sub" StartNode="326" EndNode="327">
</Annotation>
<Annotation Id="27" Type="sub" StartNode="341" EndNode="342">
</Annotation>
<Annotation Id="26" Type="sub" StartNode="336" EndNode="337">
</Annotation>
<Annotation Id="29" Type="p" StartNode="504" EndNode="864">
</Annotation>
<Annotation Id="28" Type="a" StartNode="489" EndNode="500">
<Feature>
  <Name className="java.lang.String">title</Name>
  <Value className="java.lang.String">hydrophobic</Value>
</Feature>
<Feature>
  <Name className="java.lang.String">href</Name>
  <Value className="java.lang.String">Hydrophobic</Value>
</Feature>
</Annotation>
<Annotation Id="31" Type="a" StartNode="553" EndNode="570">
<Feature>
  <Name className="java.lang.String">title</Name>
  <Value className="java.lang.String">synthetic rubber</Value>
</Feature>
<Feature>
  <Name className="java.lang.String">href</Name>
  <Value className="java.lang.String">Synthetic_rubber</Value>
</Feature>
</Annotation>
<Annotation Id="30" Type="a" StartNode="538" EndNode="548">
<Feature>
  <Name className="java.lang.String">title</Name>
  <Value className="java.lang.String">Stabilizer (chemistry)</Value>
</Feature>
<Feature>
  <Name className="java.lang.String">href</Name>
  <Value className="java.lang.String">Stabilizer_(chemistry)</Value>
</Feature>
</Annotation>
<Annotation Id="34" Type="a" StartNode="607" EndNode="619">
<Feature>
  <Name className="java.lang.String">title</Name>
  <Value className="java.lang.String">Otto fuel II</Value>
</Feature>
<Feature>
  <Name className="java.lang.String">href</Name>
  <Value className="java.lang.String">Otto_fuel_II</Value>
</Feature>
</Annotation>
<Annotation Id="35" Type="a" StartNode="622" EndNode="639">
<Feature>
  <Name className="java.lang.String">title</Name>
  <Value className="java.lang.String">smokeless powder</Value>
</Feature>
<Feature>
  <Name className="java.lang.String">href</Name>
  <Value className="java.lang.String">Smokeless_powder</Value>
</Feature>
</Annotation>
<Annotation Id="32" Type="a" StartNode="573" EndNode="583">
<Feature>
  <Name className="java.lang.String">title</Name>
  <Value className="java.lang.String">explosive</Value>
</Feature>
<Feature>
  <Name className="java.lang.String">href</Name>
  <Value className="java.lang.String">Explosive</Value>
</Feature>
</Annotation>
<Annotation Id="33" Type="a" StartNode="586" EndNode="597">
<Feature>
  <Name className="java.lang.String">title</Name>
  <Value className="java.lang.String">propellant</Value>
</Feature>
<Feature>
  <Name className="java.lang.String">href</Name>
  <Value className="java.lang.String">Propellant</Value>
</Feature>
</Annotation>
<Annotation Id="38" Type="a" StartNode="773" EndNode="783">
<Feature>
  <Name className="java.lang.String">title</Name>
  <Value className="java.lang.String">lubricant</Value>
</Feature>
<Feature>
  <Name className="java.lang.String">href</Name>
  <Value className="java.lang.String">Lubricant</Value>
</Feature>
</Annotation>
<Annotation Id="39" Type="a" StartNode="851" EndNode="862">
<Feature>
  <Name className="java.lang.String">title</Name>
  <Value className="java.lang.String">solvent dye</Value>
</Feature>
<Feature>
  <Name className="java.lang.String">href</Name>
  <Value className="java.lang.String">Solvent_dye</Value>
</Feature>
</Annotation>
<Annotation Id="36" Type="a" StartNode="685" EndNode="698">
<Feature>
  <Name className="java.lang.String">title</Name>
  <Value className="java.lang.String">solid rocket</Value>
</Feature>
<Feature>
  <Name className="java.lang.String">href</Name>
  <Value className="java.lang.String">Solid_rocket</Value>
</Feature>
</Annotation>
<Annotation Id="37" Type="a" StartNode="758" EndNode="766">
<Feature>
  <Name className="java.lang.String">title</Name>
  <Value className="java.lang.String">plastic</Value>
</Feature>
<Feature>
  <Name className="java.lang.String">href</Name>
  <Value className="java.lang.String">Plastic</Value>
</Feature>
</Annotation>
<Annotation Id="42" Type="p" StartNode="1011" EndNode="1620">
</Annotation>
<Annotation Id="43" Type="a" StartNode="1178" EndNode="1190">
<Feature>
  <Name className="java.lang.String">title</Name>
  <Value className="java.lang.String">autocatalysis</Value>
</Feature>
<Feature>
  <Name className="java.lang.String">href</Name>
  <Value className="java.lang.String">Autocatalysis</Value>
</Feature>
</Annotation>
<Annotation Id="40" Type="p" StartNode="866" EndNode="1009">
</Annotation>
<Annotation Id="41" Type="a" StartNode="981" EndNode="1007">
<Feature>
  <Name className="java.lang.String">title</Name>
  <Value className="java.lang.String">propylene glycol dinitrate</Value>
</Feature>
<Feature>
  <Name className="java.lang.String">href</Name>
  <Value className="java.lang.String">Propylene_glycol_dinitrate</Value>
</Feature>
</Annotation>
<Annotation Id="46" Type="p" StartNode="1622" EndNode="1757">
</Annotation>
<Annotation Id="47" Type="a" StartNode="1664" EndNode="1684">
<Feature>
  <Name className="java.lang.String">title</Name>
  <Value className="java.lang.String">4-nitrodiphenylamine</Value>
</Feature>
<Feature>
  <Name className="java.lang.String">href</Name>
  <Value className="java.lang.String">4-nitrodiphenylamine</Value>
</Feature>
</Annotation>
<Annotation Id="44" Type="sup" StartNode="1617" EndNode="1620">
<Feature>
  <Name className="java.lang.String">id</Name>
  <Value className="java.lang.String">_ref-1</Value>
</Feature>
<Feature>
  <Name className="java.lang.String">class</Name>
  <Value className="java.lang.String">reference</Value>
</Feature>
</Annotation>
<Annotation Id="45" Type="a" StartNode="1617" EndNode="1620">
<Feature>
  <Name className="java.lang.String">title</Name>
  <Value className="java.lang.String"></Value>
</Feature>
<Feature>
  <Name className="java.lang.String">href</Name>
  <Value className="java.lang.String">#_note-1</Value>
</Feature>
</Annotation>
<Annotation Id="51" Type="h2" StartNode="1758" EndNode="1768">
</Annotation>
<Annotation Id="50" Type="a" StartNode="1742" EndNode="1755">
<Feature>
  <Name className="java.lang.String">title</Name>
  <Value className="java.lang.String">diphenylamine</Value>
</Feature>
<Feature>
  <Name className="java.lang.String">href</Name>
  <Value className="java.lang.String">Diphenylamine</Value>
</Feature>
</Annotation>
<Annotation Id="49" Type="a" StartNode="1712" EndNode="1735">
<Feature>
  <Name className="java.lang.String">title</Name>
  <Value className="java.lang.String">N-methyl-p-nitroaniline</Value>
</Feature>
<Feature>
  <Name className="java.lang.String">href</Name>
  <Value className="java.lang.String">N-methyl-p-nitroaniline</Value>
</Feature>
</Annotation>
<Annotation Id="48" Type="a" StartNode="1687" EndNode="1709">
<Feature>
  <Name className="java.lang.String">title</Name>
  <Value className="java.lang.String">N-nitrosodiphenylamine</Value>
</Feature>
<Feature>
  <Name className="java.lang.String">href</Name>
  <Value className="java.lang.String">N-nitrosodiphenylamine</Value>
</Feature>
</Annotation>
<Annotation Id="55" Type="ul" StartNode="1784" EndNode="1804">
</Annotation>
<Annotation Id="54" Type="span" StartNode="1769" EndNode="1783">
<Feature>
  <Name className="java.lang.String">id</Name>
  <Value className="java.lang.String">External_links</Value>
</Feature>
<Feature>
  <Name className="java.lang.String">class</Name>
  <Value className="java.lang.String">mw-headline</Value>
</Feature>
</Annotation>
<Annotation Id="53" Type="h2" StartNode="1769" EndNode="1783">
</Annotation>
<Annotation Id="52" Type="span" StartNode="1758" EndNode="1768">
<Feature>
  <Name className="java.lang.String">id</Name>
  <Value className="java.lang.String">References</Value>
</Feature>
<Feature>
  <Name className="java.lang.String">class</Name>
  <Value className="java.lang.String">mw-headline</Value>
</Feature>
</Annotation>
<Annotation Id="59" Type="p" StartNode="1818" EndNode="1840">
</Annotation>
<Annotation Id="58" Type="p" StartNode="1805" EndNode="1816">
</Annotation>
<Annotation Id="57" Type="a" StartNode="1784" EndNode="1803">
<Feature>
  <Name className="java.lang.String">class</Name>
  <Value className="java.lang.String">externallink</Value>
</Feature>
<Feature>
  <Name className="java.lang.String">title</Name>
  <Value className="java.lang.String">http://www.chemicalland21.com/specialtychem/finechem/2-NITRODIPHENYLAMINE.htm</Value>
</Feature>
<Feature>
  <Name className="java.lang.String">rel</Name>
  <Value className="java.lang.String">nofollow</Value>
</Feature>
<Feature>
  <Name className="java.lang.String">href</Name>
  <Value className="java.lang.String">http://www.chemicalland21.com/specialtychem/finechem/2-NITRODIPHENYLAMINE.htm</Value>
</Feature>
</Annotation>
<Annotation Id="56" Type="li" StartNode="1784" EndNode="1803">
</Annotation>
<Annotation Id="60" Type="a" StartNode="1818" EndNode="1840">
<Feature>
  <Name className="java.lang.String">href</Name>
  <Value className="java.lang.String">http://de.wikipedia.org/wiki/2-Nitrodiphenylamin</Value>
</Feature>
</Annotation>
</AnnotationSet>

<!-- Named annotation set -->

<AnnotationSet Name="null">
</AnnotationSet>

</GateDocument>
